[0.020s] Invoking command in '/home/tux/ros2_ws/build/speed_control': CMAKE_PREFIX_PATH=${CMAKE_PREFIX_PATH}:/opt/ros/humble /usr/bin/cmake --build /home/tux/ros2_ws/build/speed_control -- -j12 -l12
[0.106s] [  3%] Built target speed_control__cpp
[0.114s] [ 12%] Built target speed_control__rosidl_generator_c
[0.122s] [ 12%] Built target ament_cmake_python_copy_speed_control
[0.141s] [ 22%] Built target speed_control__rosidl_typesupport_introspection_cpp
[0.142s] [ 32%] Built target speed_control__rosidl_typesupport_cpp
[0.147s] [ 41%] Built target speed_control__rosidl_typesupport_fastrtps_cpp
[0.158s] [ 51%] Built target speed_control__rosidl_typesupport_introspection_c
[0.160s] [ 61%] Built target speed_control__rosidl_typesupport_fastrtps_c
[0.163s] [ 70%] Built target speed_control__rosidl_typesupport_c
[0.186s] [ 70%] Built target speed_control
[0.206s] [ 74%] Built target speed_control__py
[0.230s] [ 80%] Built target speed_control__rosidl_generator_py
[0.262s] [ 87%] Built target speed_control__rosidl_typesupport_c__pyext
[0.262s] [ 93%] Built target speed_control__rosidl_typesupport_introspection_c__pyext
[0.274s] [100%] Built target speed_control__rosidl_typesupport_fastrtps_c__pyext
[0.478s] running egg_info
[0.479s] writing speed_control.egg-info/PKG-INFO
[0.479s] writing dependency_links to speed_control.egg-info/dependency_links.txt
[0.479s] writing top-level names to speed_control.egg-info/top_level.txt
[0.481s] reading manifest file 'speed_control.egg-info/SOURCES.txt'
[0.482s] writing manifest file 'speed_control.egg-info/SOURCES.txt'
[0.511s] [100%] Built target ament_cmake_python_build_speed_control_egg
[0.526s] Invoked command in '/home/tux/ros2_ws/build/speed_control' returned '0': CMAKE_PREFIX_PATH=${CMAKE_PREFIX_PATH}:/opt/ros/humble /usr/bin/cmake --build /home/tux/ros2_ws/build/speed_control -- -j12 -l12
