[0.323s] DEBUG:colcon:Command line arguments: ['/usr/bin/colcon', 'build']
[0.324s] DEBUG:colcon:Parsed command line arguments: Namespace(log_base=None, log_level=None, verb_name='build', build_base='build', install_base='install', merge_install=False, symlink_install=False, test_result_base=None, continue_on_error=False, executor='parallel', parallel_workers=12, event_handlers=None, ignore_user_meta=False, metas=['./colcon.meta'], base_paths=['.'], packages_ignore=None, packages_ignore_regex=None, paths=None, packages_up_to=None, packages_up_to_regex=None, packages_above=None, packages_above_and_dependencies=None, packages_above_depth=None, packages_select_by_dep=None, packages_skip_by_dep=None, packages_skip_up_to=None, packages_select_build_failed=False, packages_skip_build_finished=False, packages_select_test_failures=False, packages_skip_test_passed=False, packages_select=None, packages_skip=None, packages_select_regex=None, packages_skip_regex=None, packages_start=None, packages_end=None, allow_overriding=[], cmake_args=None, cmake_target=None, cmake_target_skip_unavailable=False, cmake_clean_cache=False, cmake_clean_first=False, cmake_force_configure=False, ament_cmake_args=None, catkin_cmake_args=None, catkin_skip_building_tests=False, verb_parser=<colcon_defaults.argument_parser.defaults.DefaultArgumentsDecorator object at 0x712534f2c0d0>, verb_extension=<colcon_core.verb.build.BuildVerb object at 0x712535054c70>, main=<bound method BuildVerb.main of <colcon_core.verb.build.BuildVerb object at 0x712535054c70>>)
[0.583s] Level 1:colcon.colcon_core.package_discovery:discover_packages(colcon_meta) check parameters
[0.583s] Level 1:colcon.colcon_core.package_discovery:discover_packages(recursive) check parameters
[0.583s] Level 1:colcon.colcon_core.package_discovery:discover_packages(ignore) check parameters
[0.583s] Level 1:colcon.colcon_core.package_discovery:discover_packages(path) check parameters
[0.583s] Level 1:colcon.colcon_core.package_discovery:discover_packages(colcon_meta) discover
[0.583s] Level 1:colcon.colcon_core.package_discovery:discover_packages(recursive) discover
[0.583s] INFO:colcon.colcon_core.package_discovery:Crawling recursively for packages in '/home/tux/ros2_ws'
[0.583s] Level 1:colcon.colcon_core.package_identification:_identify(.) by extensions ['ignore', 'ignore_ament_install']
[0.583s] Level 1:colcon.colcon_core.package_identification:_identify(.) by extension 'ignore'
[0.583s] Level 1:colcon.colcon_core.package_identification:_identify(.) by extension 'ignore_ament_install'
[0.583s] Level 1:colcon.colcon_core.package_identification:_identify(.) by extensions ['colcon_pkg']
[0.583s] Level 1:colcon.colcon_core.package_identification:_identify(.) by extension 'colcon_pkg'
[0.583s] Level 1:colcon.colcon_core.package_identification:_identify(.) by extensions ['colcon_meta']
[0.583s] Level 1:colcon.colcon_core.package_identification:_identify(.) by extension 'colcon_meta'
[0.583s] Level 1:colcon.colcon_core.package_identification:_identify(.) by extensions ['ros']
[0.583s] Level 1:colcon.colcon_core.package_identification:_identify(.) by extension 'ros'
[0.598s] Level 1:colcon.colcon_core.package_identification:_identify(.) by extensions ['cmake', 'python']
[0.598s] Level 1:colcon.colcon_core.package_identification:_identify(.) by extension 'cmake'
[0.598s] Level 1:colcon.colcon_core.package_identification:_identify(.) by extension 'python'
[0.598s] Level 1:colcon.colcon_core.package_identification:_identify(.) by extensions ['python_setup_py']
[0.598s] Level 1:colcon.colcon_core.package_identification:_identify(.) by extension 'python_setup_py'
[0.598s] Level 1:colcon.colcon_core.package_identification:_identify(build) by extensions ['ignore', 'ignore_ament_install']
[0.599s] Level 1:colcon.colcon_core.package_identification:_identify(build) by extension 'ignore'
[0.599s] Level 1:colcon.colcon_core.package_identification:_identify(build) ignored
[0.599s] Level 1:colcon.colcon_core.package_identification:_identify(install) by extensions ['ignore', 'ignore_ament_install']
[0.599s] Level 1:colcon.colcon_core.package_identification:_identify(install) by extension 'ignore'
[0.599s] Level 1:colcon.colcon_core.package_identification:_identify(install) ignored
[0.599s] Level 1:colcon.colcon_core.package_identification:_identify(log) by extensions ['ignore', 'ignore_ament_install']
[0.599s] Level 1:colcon.colcon_core.package_identification:_identify(log) by extension 'ignore'
[0.599s] Level 1:colcon.colcon_core.package_identification:_identify(log) ignored
[0.599s] Level 1:colcon.colcon_core.package_identification:_identify(src) by extensions ['ignore', 'ignore_ament_install']
[0.599s] Level 1:colcon.colcon_core.package_identification:_identify(src) by extension 'ignore'
[0.599s] Level 1:colcon.colcon_core.package_identification:_identify(src) by extension 'ignore_ament_install'
[0.599s] Level 1:colcon.colcon_core.package_identification:_identify(src) by extensions ['colcon_pkg']
[0.600s] Level 1:colcon.colcon_core.package_identification:_identify(src) by extension 'colcon_pkg'
[0.600s] Level 1:colcon.colcon_core.package_identification:_identify(src) by extensions ['colcon_meta']
[0.600s] Level 1:colcon.colcon_core.package_identification:_identify(src) by extension 'colcon_meta'
[0.600s] Level 1:colcon.colcon_core.package_identification:_identify(src) by extensions ['ros']
[0.600s] Level 1:colcon.colcon_core.package_identification:_identify(src) by extension 'ros'
[0.600s] Level 1:colcon.colcon_core.package_identification:_identify(src) by extensions ['cmake', 'python']
[0.600s] Level 1:colcon.colcon_core.package_identification:_identify(src) by extension 'cmake'
[0.600s] Level 1:colcon.colcon_core.package_identification:_identify(src) by extension 'python'
[0.600s] Level 1:colcon.colcon_core.package_identification:_identify(src) by extensions ['python_setup_py']
[0.600s] Level 1:colcon.colcon_core.package_identification:_identify(src) by extension 'python_setup_py'
[0.600s] Level 1:colcon.colcon_core.package_identification:_identify(src/self_interfaces) by extensions ['ignore', 'ignore_ament_install']
[0.600s] Level 1:colcon.colcon_core.package_identification:_identify(src/self_interfaces) by extension 'ignore'
[0.600s] Level 1:colcon.colcon_core.package_identification:_identify(src/self_interfaces) by extension 'ignore_ament_install'
[0.600s] Level 1:colcon.colcon_core.package_identification:_identify(src/self_interfaces) by extensions ['colcon_pkg']
[0.600s] Level 1:colcon.colcon_core.package_identification:_identify(src/self_interfaces) by extension 'colcon_pkg'
[0.600s] Level 1:colcon.colcon_core.package_identification:_identify(src/self_interfaces) by extensions ['colcon_meta']
[0.600s] Level 1:colcon.colcon_core.package_identification:_identify(src/self_interfaces) by extension 'colcon_meta'
[0.600s] Level 1:colcon.colcon_core.package_identification:_identify(src/self_interfaces) by extensions ['ros']
[0.601s] Level 1:colcon.colcon_core.package_identification:_identify(src/self_interfaces) by extension 'ros'
[0.604s] DEBUG:colcon.colcon_core.package_identification:Package 'src/self_interfaces' with type 'ros.ament_cmake' and name 'self_interfaces'
[0.604s] Level 1:colcon.colcon_core.package_identification:_identify(src/speed_control) by extensions ['ignore', 'ignore_ament_install']
[0.604s] Level 1:colcon.colcon_core.package_identification:_identify(src/speed_control) by extension 'ignore'
[0.604s] Level 1:colcon.colcon_core.package_identification:_identify(src/speed_control) by extension 'ignore_ament_install'
[0.604s] Level 1:colcon.colcon_core.package_identification:_identify(src/speed_control) by extensions ['colcon_pkg']
[0.604s] Level 1:colcon.colcon_core.package_identification:_identify(src/speed_control) by extension 'colcon_pkg'
[0.604s] Level 1:colcon.colcon_core.package_identification:_identify(src/speed_control) by extensions ['colcon_meta']
[0.604s] Level 1:colcon.colcon_core.package_identification:_identify(src/speed_control) by extension 'colcon_meta'
[0.604s] Level 1:colcon.colcon_core.package_identification:_identify(src/speed_control) by extensions ['ros']
[0.604s] Level 1:colcon.colcon_core.package_identification:_identify(src/speed_control) by extension 'ros'
[0.605s] DEBUG:colcon.colcon_core.package_identification:Package 'src/speed_control' with type 'ros.ament_cmake' and name 'speed_control'
[0.605s] Level 1:colcon.colcon_core.package_identification:_identify(src/speed_pub) by extensions ['ignore', 'ignore_ament_install']
[0.605s] Level 1:colcon.colcon_core.package_identification:_identify(src/speed_pub) by extension 'ignore'
[0.605s] Level 1:colcon.colcon_core.package_identification:_identify(src/speed_pub) by extension 'ignore_ament_install'
[0.606s] Level 1:colcon.colcon_core.package_identification:_identify(src/speed_pub) by extensions ['colcon_pkg']
[0.606s] Level 1:colcon.colcon_core.package_identification:_identify(src/speed_pub) by extension 'colcon_pkg'
[0.606s] Level 1:colcon.colcon_core.package_identification:_identify(src/speed_pub) by extensions ['colcon_meta']
[0.606s] Level 1:colcon.colcon_core.package_identification:_identify(src/speed_pub) by extension 'colcon_meta'
[0.606s] Level 1:colcon.colcon_core.package_identification:_identify(src/speed_pub) by extensions ['ros']
[0.606s] Level 1:colcon.colcon_core.package_identification:_identify(src/speed_pub) by extension 'ros'
[0.607s] DEBUG:colcon.colcon_core.package_identification:Package 'src/speed_pub' with type 'ros.ament_cmake' and name 'speed_pub'
[0.607s] Level 1:colcon.colcon_core.package_discovery:discover_packages(recursive) using defaults
[0.607s] Level 1:colcon.colcon_core.package_discovery:discover_packages(ignore) discover
[0.607s] Level 1:colcon.colcon_core.package_discovery:discover_packages(ignore) using defaults
[0.607s] Level 1:colcon.colcon_core.package_discovery:discover_packages(path) discover
[0.607s] Level 1:colcon.colcon_core.package_discovery:discover_packages(path) using defaults
[0.634s] Level 1:colcon.colcon_core.package_discovery:discover_packages(prefix_path) check parameters
[0.634s] Level 1:colcon.colcon_core.package_discovery:discover_packages(prefix_path) discover
[0.637s] DEBUG:colcon.colcon_installed_package_information.package_discovery:Found 3 installed packages in /home/tux/ros2_ws/install
[0.638s] DEBUG:colcon.colcon_installed_package_information.package_discovery:Found 270 installed packages in /opt/ros/humble
[0.640s] Level 1:colcon.colcon_core.package_discovery:discover_packages(prefix_path) using defaults
[0.698s] Level 5:colcon.colcon_core.verb:set package 'self_interfaces' build argument 'cmake_args' from command line to 'None'
[0.698s] Level 5:colcon.colcon_core.verb:set package 'self_interfaces' build argument 'cmake_target' from command line to 'None'
[0.699s] Level 5:colcon.colcon_core.verb:set package 'self_interfaces' build argument 'cmake_target_skip_unavailable' from command line to 'False'
[0.699s] Level 5:colcon.colcon_core.verb:set package 'self_interfaces' build argument 'cmake_clean_cache' from command line to 'False'
[0.699s] Level 5:colcon.colcon_core.verb:set package 'self_interfaces' build argument 'cmake_clean_first' from command line to 'False'
[0.699s] Level 5:colcon.colcon_core.verb:set package 'self_interfaces' build argument 'cmake_force_configure' from command line to 'False'
[0.699s] Level 5:colcon.colcon_core.verb:set package 'self_interfaces' build argument 'ament_cmake_args' from command line to 'None'
[0.699s] Level 5:colcon.colcon_core.verb:set package 'self_interfaces' build argument 'catkin_cmake_args' from command line to 'None'
[0.699s] Level 5:colcon.colcon_core.verb:set package 'self_interfaces' build argument 'catkin_skip_building_tests' from command line to 'False'
[0.699s] DEBUG:colcon.colcon_core.verb:Building package 'self_interfaces' with the following arguments: {'ament_cmake_args': None, 'build_base': '/home/tux/ros2_ws/build/self_interfaces', 'catkin_cmake_args': None, 'catkin_skip_building_tests': False, 'cmake_args': None, 'cmake_clean_cache': False, 'cmake_clean_first': False, 'cmake_force_configure': False, 'cmake_target': None, 'cmake_target_skip_unavailable': False, 'install_base': '/home/tux/ros2_ws/install/self_interfaces', 'merge_install': False, 'path': '/home/tux/ros2_ws/src/self_interfaces', 'symlink_install': False, 'test_result_base': None}
[0.699s] Level 5:colcon.colcon_core.verb:set package 'speed_control' build argument 'cmake_args' from command line to 'None'
[0.699s] Level 5:colcon.colcon_core.verb:set package 'speed_control' build argument 'cmake_target' from command line to 'None'
[0.699s] Level 5:colcon.colcon_core.verb:set package 'speed_control' build argument 'cmake_target_skip_unavailable' from command line to 'False'
[0.699s] Level 5:colcon.colcon_core.verb:set package 'speed_control' build argument 'cmake_clean_cache' from command line to 'False'
[0.699s] Level 5:colcon.colcon_core.verb:set package 'speed_control' build argument 'cmake_clean_first' from command line to 'False'
[0.699s] Level 5:colcon.colcon_core.verb:set package 'speed_control' build argument 'cmake_force_configure' from command line to 'False'
[0.699s] Level 5:colcon.colcon_core.verb:set package 'speed_control' build argument 'ament_cmake_args' from command line to 'None'
[0.699s] Level 5:colcon.colcon_core.verb:set package 'speed_control' build argument 'catkin_cmake_args' from command line to 'None'
[0.699s] Level 5:colcon.colcon_core.verb:set package 'speed_control' build argument 'catkin_skip_building_tests' from command line to 'False'
[0.699s] DEBUG:colcon.colcon_core.verb:Building package 'speed_control' with the following arguments: {'ament_cmake_args': None, 'build_base': '/home/tux/ros2_ws/build/speed_control', 'catkin_cmake_args': None, 'catkin_skip_building_tests': False, 'cmake_args': None, 'cmake_clean_cache': False, 'cmake_clean_first': False, 'cmake_force_configure': False, 'cmake_target': None, 'cmake_target_skip_unavailable': False, 'install_base': '/home/tux/ros2_ws/install/speed_control', 'merge_install': False, 'path': '/home/tux/ros2_ws/src/speed_control', 'symlink_install': False, 'test_result_base': None}
[0.700s] Level 5:colcon.colcon_core.verb:set package 'speed_pub' build argument 'cmake_args' from command line to 'None'
[0.700s] Level 5:colcon.colcon_core.verb:set package 'speed_pub' build argument 'cmake_target' from command line to 'None'
[0.700s] Level 5:colcon.colcon_core.verb:set package 'speed_pub' build argument 'cmake_target_skip_unavailable' from command line to 'False'
[0.700s] Level 5:colcon.colcon_core.verb:set package 'speed_pub' build argument 'cmake_clean_cache' from command line to 'False'
[0.700s] Level 5:colcon.colcon_core.verb:set package 'speed_pub' build argument 'cmake_clean_first' from command line to 'False'
[0.700s] Level 5:colcon.colcon_core.verb:set package 'speed_pub' build argument 'cmake_force_configure' from command line to 'False'
[0.700s] Level 5:colcon.colcon_core.verb:set package 'speed_pub' build argument 'ament_cmake_args' from command line to 'None'
[0.700s] Level 5:colcon.colcon_core.verb:set package 'speed_pub' build argument 'catkin_cmake_args' from command line to 'None'
[0.700s] Level 5:colcon.colcon_core.verb:set package 'speed_pub' build argument 'catkin_skip_building_tests' from command line to 'False'
[0.700s] DEBUG:colcon.colcon_core.verb:Building package 'speed_pub' with the following arguments: {'ament_cmake_args': None, 'build_base': '/home/tux/ros2_ws/build/speed_pub', 'catkin_cmake_args': None, 'catkin_skip_building_tests': False, 'cmake_args': None, 'cmake_clean_cache': False, 'cmake_clean_first': False, 'cmake_force_configure': False, 'cmake_target': None, 'cmake_target_skip_unavailable': False, 'install_base': '/home/tux/ros2_ws/install/speed_pub', 'merge_install': False, 'path': '/home/tux/ros2_ws/src/speed_pub', 'symlink_install': False, 'test_result_base': None}
[0.700s] INFO:colcon.colcon_core.executor:Executing jobs using 'parallel' executor
[0.701s] DEBUG:colcon.colcon_parallel_executor.executor.parallel:run_until_complete
[0.701s] INFO:colcon.colcon_ros.task.ament_cmake.build:Building ROS package in '/home/tux/ros2_ws/src/speed_control' with build type 'ament_cmake'
[0.701s] INFO:colcon.colcon_cmake.task.cmake.build:Building CMake package in '/home/tux/ros2_ws/src/speed_control'
[0.705s] INFO:colcon.colcon_core.plugin_system:Skipping extension 'colcon_core.shell.bat': Not used on non-Windows systems
[0.705s] INFO:colcon.colcon_core.shell:Skip shell extension 'powershell' for command environment: Not usable outside of PowerShell
[0.705s] DEBUG:colcon.colcon_core.shell:Skip shell extension 'dsv' for command environment
[0.709s] INFO:colcon.colcon_ros.task.ament_cmake.build:Building ROS package in '/home/tux/ros2_ws/src/self_interfaces' with build type 'ament_cmake'
[0.709s] INFO:colcon.colcon_cmake.task.cmake.build:Building CMake package in '/home/tux/ros2_ws/src/self_interfaces'
[0.709s] INFO:colcon.colcon_core.shell:Skip shell extension 'powershell' for command environment: Not usable outside of PowerShell
[0.709s] DEBUG:colcon.colcon_core.shell:Skip shell extension 'dsv' for command environment
[0.718s] DEBUG:colcon.colcon_core.event_handler.log_command:Invoking command in '/home/tux/ros2_ws/build/speed_control': CMAKE_PREFIX_PATH=${CMAKE_PREFIX_PATH}:/opt/ros/humble /usr/bin/cmake --build /home/tux/ros2_ws/build/speed_control -- -j12 -l12
[0.724s] DEBUG:colcon.colcon_core.event_handler.log_command:Invoking command in '/home/tux/ros2_ws/build/self_interfaces': CMAKE_PREFIX_PATH=${CMAKE_PREFIX_PATH}:/opt/ros/humble /usr/bin/cmake --build /home/tux/ros2_ws/build/self_interfaces -- -j12 -l12
[1.399s] DEBUG:colcon.colcon_core.event_handler.log_command:Invoked command in '/home/tux/ros2_ws/build/self_interfaces' returned '0': CMAKE_PREFIX_PATH=${CMAKE_PREFIX_PATH}:/opt/ros/humble /usr/bin/cmake --build /home/tux/ros2_ws/build/self_interfaces -- -j12 -l12
[1.508s] DEBUG:colcon.colcon_core.event_handler.log_command:Invoking command in '/home/tux/ros2_ws/build/self_interfaces': CMAKE_PREFIX_PATH=${CMAKE_PREFIX_PATH}:/opt/ros/humble /usr/bin/cmake --install /home/tux/ros2_ws/build/self_interfaces
[1.509s] DEBUG:colcon.colcon_core.event_handler.log_command:Invoked command in '/home/tux/ros2_ws/build/speed_control' returned '0': CMAKE_PREFIX_PATH=${CMAKE_PREFIX_PATH}:/opt/ros/humble /usr/bin/cmake --build /home/tux/ros2_ws/build/speed_control -- -j12 -l12
[1.610s] Level 1:colcon.colcon_core.environment:create_environment_scripts_only(self_interfaces)
[1.611s] DEBUG:colcon.colcon_core.event_handler.log_command:Invoked command in '/home/tux/ros2_ws/build/self_interfaces' returned '0': CMAKE_PREFIX_PATH=${CMAKE_PREFIX_PATH}:/opt/ros/humble /usr/bin/cmake --install /home/tux/ros2_ws/build/self_interfaces
[1.619s] Level 1:colcon.colcon_core.environment:checking '/home/tux/ros2_ws/install/self_interfaces' for CMake module files
[1.620s] Level 1:colcon.colcon_core.environment:checking '/home/tux/ros2_ws/install/self_interfaces' for CMake config files
[1.621s] Level 1:colcon.colcon_core.shell:create_environment_hook('self_interfaces', 'cmake_prefix_path')
[1.621s] INFO:colcon.colcon_core.shell:Creating environment hook '/home/tux/ros2_ws/install/self_interfaces/share/self_interfaces/hook/cmake_prefix_path.ps1'
[1.622s] INFO:colcon.colcon_core.shell:Creating environment descriptor '/home/tux/ros2_ws/install/self_interfaces/share/self_interfaces/hook/cmake_prefix_path.dsv'
[1.622s] INFO:colcon.colcon_core.shell:Creating environment hook '/home/tux/ros2_ws/install/self_interfaces/share/self_interfaces/hook/cmake_prefix_path.sh'
[1.623s] Level 1:colcon.colcon_core.environment:checking '/home/tux/ros2_ws/install/self_interfaces/lib'
[1.624s] Level 1:colcon.colcon_core.shell:create_environment_hook('self_interfaces', 'ld_library_path_lib')
[1.624s] INFO:colcon.colcon_core.shell:Creating environment hook '/home/tux/ros2_ws/install/self_interfaces/share/self_interfaces/hook/ld_library_path_lib.ps1'
[1.624s] INFO:colcon.colcon_core.shell:Creating environment descriptor '/home/tux/ros2_ws/install/self_interfaces/share/self_interfaces/hook/ld_library_path_lib.dsv'
[1.625s] INFO:colcon.colcon_core.shell:Creating environment hook '/home/tux/ros2_ws/install/self_interfaces/share/self_interfaces/hook/ld_library_path_lib.sh'
[1.625s] Level 1:colcon.colcon_core.environment:checking '/home/tux/ros2_ws/install/self_interfaces/bin'
[1.625s] Level 1:colcon.colcon_core.environment:checking '/home/tux/ros2_ws/install/self_interfaces/lib/pkgconfig/self_interfaces.pc'
[1.625s] Level 1:colcon.colcon_core.environment:checking '/home/tux/ros2_ws/install/self_interfaces/lib/python3.10/site-packages'
[1.626s] Level 1:colcon.colcon_core.environment:checking '/home/tux/ros2_ws/install/self_interfaces/bin'
[1.626s] INFO:colcon.colcon_core.shell:Creating package script '/home/tux/ros2_ws/install/self_interfaces/share/self_interfaces/package.ps1'
[1.627s] INFO:colcon.colcon_core.shell:Creating package descriptor '/home/tux/ros2_ws/install/self_interfaces/share/self_interfaces/package.dsv'
[1.628s] INFO:colcon.colcon_core.shell:Creating package script '/home/tux/ros2_ws/install/self_interfaces/share/self_interfaces/package.sh'
[1.631s] INFO:colcon.colcon_core.shell:Creating package script '/home/tux/ros2_ws/install/self_interfaces/share/self_interfaces/package.bash'
[1.633s] INFO:colcon.colcon_core.shell:Creating package script '/home/tux/ros2_ws/install/self_interfaces/share/self_interfaces/package.zsh'
[1.635s] Level 1:colcon.colcon_core.environment:create_file_with_runtime_dependencies(/home/tux/ros2_ws/install/self_interfaces/share/colcon-core/packages/self_interfaces)
[1.641s] DEBUG:colcon.colcon_core.event_handler.log_command:Invoking command in '/home/tux/ros2_ws/build/speed_control': CMAKE_PREFIX_PATH=${CMAKE_PREFIX_PATH}:/opt/ros/humble /usr/bin/cmake --install /home/tux/ros2_ws/build/speed_control
[1.727s] Level 1:colcon.colcon_core.environment:create_environment_scripts_only(self_interfaces)
[1.728s] Level 1:colcon.colcon_core.environment:checking '/home/tux/ros2_ws/install/self_interfaces' for CMake module files
[1.730s] Level 1:colcon.colcon_core.environment:checking '/home/tux/ros2_ws/install/self_interfaces' for CMake config files
[1.731s] Level 1:colcon.colcon_core.shell:create_environment_hook('self_interfaces', 'cmake_prefix_path')
[1.732s] INFO:colcon.colcon_core.shell:Creating environment hook '/home/tux/ros2_ws/install/self_interfaces/share/self_interfaces/hook/cmake_prefix_path.ps1'
[1.733s] INFO:colcon.colcon_core.shell:Creating environment descriptor '/home/tux/ros2_ws/install/self_interfaces/share/self_interfaces/hook/cmake_prefix_path.dsv'
[1.733s] INFO:colcon.colcon_core.shell:Creating environment hook '/home/tux/ros2_ws/install/self_interfaces/share/self_interfaces/hook/cmake_prefix_path.sh'
[1.734s] Level 1:colcon.colcon_core.environment:checking '/home/tux/ros2_ws/install/self_interfaces/lib'
[1.734s] Level 1:colcon.colcon_core.shell:create_environment_hook('self_interfaces', 'ld_library_path_lib')
[1.735s] INFO:colcon.colcon_core.shell:Creating environment hook '/home/tux/ros2_ws/install/self_interfaces/share/self_interfaces/hook/ld_library_path_lib.ps1'
[1.735s] INFO:colcon.colcon_core.shell:Creating environment descriptor '/home/tux/ros2_ws/install/self_interfaces/share/self_interfaces/hook/ld_library_path_lib.dsv'
[1.736s] INFO:colcon.colcon_core.shell:Creating environment hook '/home/tux/ros2_ws/install/self_interfaces/share/self_interfaces/hook/ld_library_path_lib.sh'
[1.737s] Level 1:colcon.colcon_core.environment:checking '/home/tux/ros2_ws/install/self_interfaces/bin'
[1.737s] Level 1:colcon.colcon_core.environment:checking '/home/tux/ros2_ws/install/self_interfaces/lib/pkgconfig/self_interfaces.pc'
[1.737s] Level 1:colcon.colcon_core.environment:checking '/home/tux/ros2_ws/install/self_interfaces/lib/python3.10/site-packages'
[1.738s] Level 1:colcon.colcon_core.environment:checking '/home/tux/ros2_ws/install/self_interfaces/bin'
[1.738s] INFO:colcon.colcon_core.shell:Creating package script '/home/tux/ros2_ws/install/self_interfaces/share/self_interfaces/package.ps1'
[1.740s] INFO:colcon.colcon_core.shell:Creating package descriptor '/home/tux/ros2_ws/install/self_interfaces/share/self_interfaces/package.dsv'
[1.741s] INFO:colcon.colcon_core.shell:Creating package script '/home/tux/ros2_ws/install/self_interfaces/share/self_interfaces/package.sh'
[1.742s] INFO:colcon.colcon_core.shell:Creating package script '/home/tux/ros2_ws/install/self_interfaces/share/self_interfaces/package.bash'
[1.743s] INFO:colcon.colcon_core.shell:Creating package script '/home/tux/ros2_ws/install/self_interfaces/share/self_interfaces/package.zsh'
[1.744s] Level 1:colcon.colcon_core.environment:create_file_with_runtime_dependencies(/home/tux/ros2_ws/install/self_interfaces/share/colcon-core/packages/self_interfaces)
[1.745s] Level 1:colcon.colcon_core.environment:create_environment_scripts_only(speed_control)
[1.745s] Level 1:colcon.colcon_core.environment:checking '/home/tux/ros2_ws/install/speed_control' for CMake module files
[1.746s] DEBUG:colcon.colcon_core.event_handler.log_command:Invoked command in '/home/tux/ros2_ws/build/speed_control' returned '0': CMAKE_PREFIX_PATH=${CMAKE_PREFIX_PATH}:/opt/ros/humble /usr/bin/cmake --install /home/tux/ros2_ws/build/speed_control
[1.747s] Level 1:colcon.colcon_core.environment:checking '/home/tux/ros2_ws/install/speed_control' for CMake config files
[1.748s] Level 1:colcon.colcon_core.shell:create_environment_hook('speed_control', 'cmake_prefix_path')
[1.749s] INFO:colcon.colcon_core.shell:Creating environment hook '/home/tux/ros2_ws/install/speed_control/share/speed_control/hook/cmake_prefix_path.ps1'
[1.750s] INFO:colcon.colcon_core.shell:Creating environment descriptor '/home/tux/ros2_ws/install/speed_control/share/speed_control/hook/cmake_prefix_path.dsv'
[1.750s] INFO:colcon.colcon_core.shell:Creating environment hook '/home/tux/ros2_ws/install/speed_control/share/speed_control/hook/cmake_prefix_path.sh'
[1.752s] Level 1:colcon.colcon_core.environment:checking '/home/tux/ros2_ws/install/speed_control/lib'
[1.752s] Level 1:colcon.colcon_core.shell:create_environment_hook('speed_control', 'ld_library_path_lib')
[1.753s] INFO:colcon.colcon_core.shell:Creating environment hook '/home/tux/ros2_ws/install/speed_control/share/speed_control/hook/ld_library_path_lib.ps1'
[1.753s] INFO:colcon.colcon_core.shell:Creating environment descriptor '/home/tux/ros2_ws/install/speed_control/share/speed_control/hook/ld_library_path_lib.dsv'
[1.754s] INFO:colcon.colcon_core.shell:Creating environment hook '/home/tux/ros2_ws/install/speed_control/share/speed_control/hook/ld_library_path_lib.sh'
[1.754s] Level 1:colcon.colcon_core.environment:checking '/home/tux/ros2_ws/install/speed_control/bin'
[1.755s] Level 1:colcon.colcon_core.environment:checking '/home/tux/ros2_ws/install/speed_control/lib/pkgconfig/speed_control.pc'
[1.755s] Level 1:colcon.colcon_core.environment:checking '/home/tux/ros2_ws/install/speed_control/lib/python3.10/site-packages'
[1.755s] Level 1:colcon.colcon_core.environment:checking '/home/tux/ros2_ws/install/speed_control/bin'
[1.756s] INFO:colcon.colcon_core.shell:Creating package script '/home/tux/ros2_ws/install/speed_control/share/speed_control/package.ps1'
[1.757s] INFO:colcon.colcon_core.shell:Creating package descriptor '/home/tux/ros2_ws/install/speed_control/share/speed_control/package.dsv'
[1.758s] INFO:colcon.colcon_core.shell:Creating package script '/home/tux/ros2_ws/install/speed_control/share/speed_control/package.sh'
[1.758s] INFO:colcon.colcon_core.shell:Creating package script '/home/tux/ros2_ws/install/speed_control/share/speed_control/package.bash'
[1.759s] INFO:colcon.colcon_core.shell:Creating package script '/home/tux/ros2_ws/install/speed_control/share/speed_control/package.zsh'
[1.759s] Level 1:colcon.colcon_core.environment:create_file_with_runtime_dependencies(/home/tux/ros2_ws/install/speed_control/share/colcon-core/packages/speed_control)
[1.848s] Level 1:colcon.colcon_core.environment:create_environment_scripts_only(speed_control)
[1.848s] Level 1:colcon.colcon_core.environment:checking '/home/tux/ros2_ws/install/speed_control' for CMake module files
[1.849s] Level 1:colcon.colcon_core.environment:checking '/home/tux/ros2_ws/install/speed_control' for CMake config files
[1.850s] Level 1:colcon.colcon_core.shell:create_environment_hook('speed_control', 'cmake_prefix_path')
[1.850s] INFO:colcon.colcon_core.shell:Creating environment hook '/home/tux/ros2_ws/install/speed_control/share/speed_control/hook/cmake_prefix_path.ps1'
[1.851s] INFO:colcon.colcon_core.shell:Creating environment descriptor '/home/tux/ros2_ws/install/speed_control/share/speed_control/hook/cmake_prefix_path.dsv'
[1.851s] INFO:colcon.colcon_core.shell:Creating environment hook '/home/tux/ros2_ws/install/speed_control/share/speed_control/hook/cmake_prefix_path.sh'
[1.852s] Level 1:colcon.colcon_core.environment:checking '/home/tux/ros2_ws/install/speed_control/lib'
[1.852s] Level 1:colcon.colcon_core.shell:create_environment_hook('speed_control', 'ld_library_path_lib')
[1.852s] INFO:colcon.colcon_core.shell:Creating environment hook '/home/tux/ros2_ws/install/speed_control/share/speed_control/hook/ld_library_path_lib.ps1'
[1.853s] INFO:colcon.colcon_core.shell:Creating environment descriptor '/home/tux/ros2_ws/install/speed_control/share/speed_control/hook/ld_library_path_lib.dsv'
[1.855s] INFO:colcon.colcon_core.shell:Creating environment hook '/home/tux/ros2_ws/install/speed_control/share/speed_control/hook/ld_library_path_lib.sh'
[1.856s] Level 1:colcon.colcon_core.environment:checking '/home/tux/ros2_ws/install/speed_control/bin'
[1.856s] Level 1:colcon.colcon_core.environment:checking '/home/tux/ros2_ws/install/speed_control/lib/pkgconfig/speed_control.pc'
[1.857s] Level 1:colcon.colcon_core.environment:checking '/home/tux/ros2_ws/install/speed_control/lib/python3.10/site-packages'
[1.857s] Level 1:colcon.colcon_core.environment:checking '/home/tux/ros2_ws/install/speed_control/bin'
[1.858s] INFO:colcon.colcon_core.shell:Creating package script '/home/tux/ros2_ws/install/speed_control/share/speed_control/package.ps1'
[1.859s] INFO:colcon.colcon_core.shell:Creating package descriptor '/home/tux/ros2_ws/install/speed_control/share/speed_control/package.dsv'
[1.859s] INFO:colcon.colcon_core.shell:Creating package script '/home/tux/ros2_ws/install/speed_control/share/speed_control/package.sh'
[1.860s] INFO:colcon.colcon_core.shell:Creating package script '/home/tux/ros2_ws/install/speed_control/share/speed_control/package.bash'
[1.861s] INFO:colcon.colcon_core.shell:Creating package script '/home/tux/ros2_ws/install/speed_control/share/speed_control/package.zsh'
[1.861s] Level 1:colcon.colcon_core.environment:create_file_with_runtime_dependencies(/home/tux/ros2_ws/install/speed_control/share/colcon-core/packages/speed_control)
[1.862s] INFO:colcon.colcon_ros.task.ament_cmake.build:Building ROS package in '/home/tux/ros2_ws/src/speed_pub' with build type 'ament_cmake'
[1.862s] INFO:colcon.colcon_cmake.task.cmake.build:Building CMake package in '/home/tux/ros2_ws/src/speed_pub'
[1.862s] INFO:colcon.colcon_core.shell:Skip shell extension 'powershell' for command environment: Not usable outside of PowerShell
[1.863s] DEBUG:colcon.colcon_core.shell:Skip shell extension 'dsv' for command environment
[1.881s] DEBUG:colcon.colcon_core.event_handler.log_command:Invoking command in '/home/tux/ros2_ws/build/speed_pub': CMAKE_PREFIX_PATH=/home/tux/ros2_ws/install/speed_control:/home/tux/ros2_ws/install/speed_pub:/home/tux/ros2_ws/install/self_interfaces:/opt/ros/humble /usr/bin/cmake --build /home/tux/ros2_ws/build/speed_pub -- -j12 -l12
[8.655s] DEBUG:colcon.colcon_core.event_handler.log_command:Invoked command in '/home/tux/ros2_ws/build/speed_pub' returned '0': CMAKE_PREFIX_PATH=/home/tux/ros2_ws/install/speed_control:/home/tux/ros2_ws/install/speed_pub:/home/tux/ros2_ws/install/self_interfaces:/opt/ros/humble /usr/bin/cmake --build /home/tux/ros2_ws/build/speed_pub -- -j12 -l12
[8.724s] DEBUG:colcon.colcon_core.event_handler.log_command:Invoking command in '/home/tux/ros2_ws/build/speed_pub': CMAKE_PREFIX_PATH=/home/tux/ros2_ws/install/speed_control:/home/tux/ros2_ws/install/speed_pub:/home/tux/ros2_ws/install/self_interfaces:/opt/ros/humble /usr/bin/cmake --install /home/tux/ros2_ws/build/speed_pub
[8.743s] Level 1:colcon.colcon_core.environment:create_environment_scripts_only(speed_pub)
[8.743s] Level 1:colcon.colcon_core.environment:checking '/home/tux/ros2_ws/install/speed_pub' for CMake module files
[8.745s] DEBUG:colcon.colcon_core.event_handler.log_command:Invoked command in '/home/tux/ros2_ws/build/speed_pub' returned '0': CMAKE_PREFIX_PATH=/home/tux/ros2_ws/install/speed_control:/home/tux/ros2_ws/install/speed_pub:/home/tux/ros2_ws/install/self_interfaces:/opt/ros/humble /usr/bin/cmake --install /home/tux/ros2_ws/build/speed_pub
[8.746s] Level 1:colcon.colcon_core.environment:checking '/home/tux/ros2_ws/install/speed_pub' for CMake config files
[8.746s] Level 1:colcon.colcon_core.shell:create_environment_hook('speed_pub', 'cmake_prefix_path')
[8.747s] INFO:colcon.colcon_core.shell:Creating environment hook '/home/tux/ros2_ws/install/speed_pub/share/speed_pub/hook/cmake_prefix_path.ps1'
[8.748s] INFO:colcon.colcon_core.shell:Creating environment descriptor '/home/tux/ros2_ws/install/speed_pub/share/speed_pub/hook/cmake_prefix_path.dsv'
[8.748s] INFO:colcon.colcon_core.shell:Creating environment hook '/home/tux/ros2_ws/install/speed_pub/share/speed_pub/hook/cmake_prefix_path.sh'
[8.749s] Level 1:colcon.colcon_core.environment:checking '/home/tux/ros2_ws/install/speed_pub/lib'
[8.750s] Level 1:colcon.colcon_core.environment:checking '/home/tux/ros2_ws/install/speed_pub/bin'
[8.750s] Level 1:colcon.colcon_core.environment:checking '/home/tux/ros2_ws/install/speed_pub/lib/pkgconfig/speed_pub.pc'
[8.751s] Level 1:colcon.colcon_core.environment:checking '/home/tux/ros2_ws/install/speed_pub/lib/python3.10/site-packages'
[8.751s] Level 1:colcon.colcon_core.environment:checking '/home/tux/ros2_ws/install/speed_pub/bin'
[8.752s] INFO:colcon.colcon_core.shell:Creating package script '/home/tux/ros2_ws/install/speed_pub/share/speed_pub/package.ps1'
[8.753s] INFO:colcon.colcon_core.shell:Creating package descriptor '/home/tux/ros2_ws/install/speed_pub/share/speed_pub/package.dsv'
[8.754s] INFO:colcon.colcon_core.shell:Creating package script '/home/tux/ros2_ws/install/speed_pub/share/speed_pub/package.sh'
[8.755s] INFO:colcon.colcon_core.shell:Creating package script '/home/tux/ros2_ws/install/speed_pub/share/speed_pub/package.bash'
[8.755s] INFO:colcon.colcon_core.shell:Creating package script '/home/tux/ros2_ws/install/speed_pub/share/speed_pub/package.zsh'
[8.756s] Level 1:colcon.colcon_core.environment:create_file_with_runtime_dependencies(/home/tux/ros2_ws/install/speed_pub/share/colcon-core/packages/speed_pub)
[8.802s] Level 1:colcon.colcon_core.environment:create_environment_scripts_only(speed_pub)
[8.803s] Level 1:colcon.colcon_core.environment:checking '/home/tux/ros2_ws/install/speed_pub' for CMake module files
[8.805s] Level 1:colcon.colcon_core.environment:checking '/home/tux/ros2_ws/install/speed_pub' for CMake config files
[8.806s] Level 1:colcon.colcon_core.shell:create_environment_hook('speed_pub', 'cmake_prefix_path')
[8.807s] INFO:colcon.colcon_core.shell:Creating environment hook '/home/tux/ros2_ws/install/speed_pub/share/speed_pub/hook/cmake_prefix_path.ps1'
[8.808s] INFO:colcon.colcon_core.shell:Creating environment descriptor '/home/tux/ros2_ws/install/speed_pub/share/speed_pub/hook/cmake_prefix_path.dsv'
[8.809s] INFO:colcon.colcon_core.shell:Creating environment hook '/home/tux/ros2_ws/install/speed_pub/share/speed_pub/hook/cmake_prefix_path.sh'
[8.810s] Level 1:colcon.colcon_core.environment:checking '/home/tux/ros2_ws/install/speed_pub/lib'
[8.810s] Level 1:colcon.colcon_core.environment:checking '/home/tux/ros2_ws/install/speed_pub/bin'
[8.810s] Level 1:colcon.colcon_core.environment:checking '/home/tux/ros2_ws/install/speed_pub/lib/pkgconfig/speed_pub.pc'
[8.810s] Level 1:colcon.colcon_core.environment:checking '/home/tux/ros2_ws/install/speed_pub/lib/python3.10/site-packages'
[8.811s] Level 1:colcon.colcon_core.environment:checking '/home/tux/ros2_ws/install/speed_pub/bin'
[8.811s] INFO:colcon.colcon_core.shell:Creating package script '/home/tux/ros2_ws/install/speed_pub/share/speed_pub/package.ps1'
[8.812s] INFO:colcon.colcon_core.shell:Creating package descriptor '/home/tux/ros2_ws/install/speed_pub/share/speed_pub/package.dsv'
[8.814s] INFO:colcon.colcon_core.shell:Creating package script '/home/tux/ros2_ws/install/speed_pub/share/speed_pub/package.sh'
[8.815s] INFO:colcon.colcon_core.shell:Creating package script '/home/tux/ros2_ws/install/speed_pub/share/speed_pub/package.bash'
[8.815s] INFO:colcon.colcon_core.shell:Creating package script '/home/tux/ros2_ws/install/speed_pub/share/speed_pub/package.zsh'
[8.816s] Level 1:colcon.colcon_core.environment:create_file_with_runtime_dependencies(/home/tux/ros2_ws/install/speed_pub/share/colcon-core/packages/speed_pub)
[8.816s] DEBUG:colcon.colcon_parallel_executor.executor.parallel:closing loop
[8.816s] DEBUG:colcon.colcon_parallel_executor.executor.parallel:loop closed
[8.817s] DEBUG:colcon.colcon_parallel_executor.executor.parallel:run_until_complete finished with '0'
[8.817s] DEBUG:colcon.colcon_core.event_reactor:joining thread
[8.827s] INFO:colcon.colcon_core.plugin_system:Skipping extension 'colcon_notification.desktop_notification.terminal_notifier': Not used on non-Darwin systems
[8.827s] INFO:colcon.colcon_core.plugin_system:Skipping extension 'colcon_notification.desktop_notification.win32': Not used on non-Windows systems
[8.827s] INFO:colcon.colcon_notification.desktop_notification:Sending desktop notification using 'notify2'
[8.848s] DEBUG:colcon.colcon_core.event_reactor:joined thread
[8.849s] INFO:colcon.colcon_core.shell:Creating prefix script '/home/tux/ros2_ws/install/local_setup.ps1'
[8.852s] INFO:colcon.colcon_core.shell:Creating prefix util module '/home/tux/ros2_ws/install/_local_setup_util_ps1.py'
[8.856s] INFO:colcon.colcon_core.shell:Creating prefix chain script '/home/tux/ros2_ws/install/setup.ps1'
[8.860s] INFO:colcon.colcon_core.shell:Creating prefix script '/home/tux/ros2_ws/install/local_setup.sh'
[8.863s] INFO:colcon.colcon_core.shell:Creating prefix util module '/home/tux/ros2_ws/install/_local_setup_util_sh.py'
[8.865s] INFO:colcon.colcon_core.shell:Creating prefix chain script '/home/tux/ros2_ws/install/setup.sh'
[8.869s] INFO:colcon.colcon_core.shell:Creating prefix script '/home/tux/ros2_ws/install/local_setup.bash'
[8.871s] INFO:colcon.colcon_core.shell:Creating prefix chain script '/home/tux/ros2_ws/install/setup.bash'
[8.875s] INFO:colcon.colcon_core.shell:Creating prefix script '/home/tux/ros2_ws/install/local_setup.zsh'
[8.878s] INFO:colcon.colcon_core.shell:Creating prefix chain script '/home/tux/ros2_ws/install/setup.zsh'
