[0.017s] Invoking command in '/home/tux/ros2_ws/build/speed_pub': CMAKE_PREFIX_PATH=/home/tux/ros2_ws/install/self_interfaces:/home/tux/ros2_ws/install/speed_pub:/opt/ros/humble /usr/bin/cmake /home/tux/ros2_ws/src/speed_pub -DCMAKE_INSTALL_PREFIX=/home/tux/ros2_ws/install/speed_pub
[0.073s] -- The C compiler identification is GNU 11.4.0
[0.125s] -- The CXX compiler identification is GNU 11.4.0
[0.133s] -- Detecting C compiler ABI info
[0.194s] -- Detecting C compiler ABI info - done
[0.201s] -- Check for working C compiler: /usr/bin/cc - skipped
[0.202s] -- Detecting C compile features
[0.202s] -- Detecting C compile features - done
[0.205s] -- Detecting CXX compiler ABI info
[0.274s] -- Detecting CXX compiler ABI info - done
[0.281s] -- Check for working CXX compiler: /usr/bin/c++ - skipped
[0.281s] -- Detecting CXX compile features
[0.282s] -- Detecting CXX compile features - done
[0.284s] -- Found ament_cmake: 1.3.9 (/opt/ros/humble/share/ament_cmake/cmake)
[0.422s] -- Found Python3: /usr/bin/python3 (found version "3.10.12") found components: Interpreter 
[0.501s] [31mCMake Error at CMakeLists.txt:10 (find_package):
[0.501s]   By not providing "Findspeed_control.cmake" in CMAKE_MODULE_PATH this
[0.501s]   project has asked CMake to find a package configuration file provided by
[0.501s]   "speed_control", but CMake did not find one.
[0.501s] 
[0.502s]   Could not find a package configuration file provided by "speed_control"
[0.502s]   with any of the following names:
[0.502s] 
[0.502s]     speed_controlConfig.cmake
[0.502s]     speed_control-config.cmake
[0.502s] 
[0.502s]   Add the installation prefix of "speed_control" to CMAKE_PREFIX_PATH or set
[0.502s]   "speed_control_DIR" to a directory containing one of the above files.  If
[0.502s]   "speed_control" provides a separate development package or SDK, be sure it
[0.502s]   has been installed.
[0.502s] 
[0.502s] [0m
[0.503s] -- Configuring incomplete, errors occurred!
[0.503s] See also "/home/tux/ros2_ws/build/speed_pub/CMakeFiles/CMakeOutput.log".
[0.506s] Invoked command in '/home/tux/ros2_ws/build/speed_pub' returned '1': CMAKE_PREFIX_PATH=/home/tux/ros2_ws/install/self_interfaces:/home/tux/ros2_ws/install/speed_pub:/opt/ros/humble /usr/bin/cmake /home/tux/ros2_ws/src/speed_pub -DCMAKE_INSTALL_PREFIX=/home/tux/ros2_ws/install/speed_pub
