[0.012s] Invoking command in '/home/tux/ros2_ws/build/self_interfaces': CMAKE_PREFIX_PATH=${CMAKE_PREFIX_PATH}:/opt/ros/humble /usr/bin/cmake /home/tux/ros2_ws/src/self_interfaces -DCMAKE_INSTALL_PREFIX=/home/tux/ros2_ws/install/self_interfaces
[0.074s] -- The C compiler identification is GNU 11.4.0
[0.125s] -- The CXX compiler identification is GNU 11.4.0
[0.133s] -- Detecting C compiler ABI info
[0.191s] -- Detecting C compiler ABI info - done
[0.200s] -- Check for working C compiler: /usr/bin/cc - skipped
[0.201s] -- Detecting C compile features
[0.201s] -- Detecting C compile features - done
[0.203s] -- Detecting CXX compiler ABI info
[0.277s] -- Detecting CXX compiler ABI info - done
[0.284s] -- Check for working CXX compiler: /usr/bin/c++ - skipped
[0.284s] -- Detecting CXX compile features
[0.284s] -- Detecting CXX compile features - done
[0.286s] -- Found ament_cmake: 1.3.9 (/opt/ros/humble/share/ament_cmake/cmake)
[0.422s] -- Found Python3: /usr/bin/python3 (found version "3.10.12") found components: Interpreter 
[0.495s] -- Found ament_lint_auto: 0.12.11 (/opt/ros/humble/share/ament_lint_auto/cmake)
[0.568s] -- Found rosidl_default_generators: 1.2.0 (/opt/ros/humble/share/rosidl_default_generators/cmake)
[0.570s] -- Using all available rosidl_typesupport_c: rosidl_typesupport_fastrtps_c;rosidl_typesupport_introspection_c
[0.574s] -- Found rosidl_adapter: 3.1.5 (/opt/ros/humble/share/rosidl_adapter/cmake)
[0.608s] -- Using all available rosidl_typesupport_cpp: rosidl_typesupport_fastrtps_cpp;rosidl_typesupport_introspection_cpp
[0.794s] -- Found ament_cmake_ros: 0.10.0 (/opt/ros/humble/share/ament_cmake_ros/cmake)
[0.952s] -- Using all available rosidl_typesupport_c: rosidl_typesupport_fastrtps_c;rosidl_typesupport_introspection_c
[1.155s] -- Using all available rosidl_typesupport_cpp: rosidl_typesupport_fastrtps_cpp;rosidl_typesupport_introspection_cpp
[1.174s] -- Found PythonInterp: /usr/bin/python3 (found suitable version "3.10.12", minimum required is "3.6") 
[1.175s] -- Found python_cmake_module: 0.10.0 (/opt/ros/humble/share/python_cmake_module/cmake)
[1.196s] -- Found PythonLibs: /usr/lib/x86_64-linux-gnu/libpython3.10.so (found suitable version "3.10.12", minimum required is "3.5") 
[1.196s] -- Using PYTHON_EXECUTABLE: /usr/bin/python3
[1.196s] -- Using PYTHON_INCLUDE_DIRS: /usr/include/python3.10
[1.196s] -- Using PYTHON_LIBRARIES: /usr/lib/x86_64-linux-gnu/libpython3.10.so
[1.215s] -- Found PythonExtra: .so  
[1.248s] -- Added test 'lint_cmake' to check CMake code style
[1.249s] -- Added test 'xmllint' to check XML markup files
[1.253s] -- Configuring done
[1.278s] -- Generating done
[1.280s] -- Build files have been written to: /home/tux/ros2_ws/build/self_interfaces
[1.287s] Invoked command in '/home/tux/ros2_ws/build/self_interfaces' returned '0': CMAKE_PREFIX_PATH=${CMAKE_PREFIX_PATH}:/opt/ros/humble /usr/bin/cmake /home/tux/ros2_ws/src/self_interfaces -DCMAKE_INSTALL_PREFIX=/home/tux/ros2_ws/install/self_interfaces
[1.288s] Invoking command in '/home/tux/ros2_ws/build/self_interfaces': CMAKE_PREFIX_PATH=${CMAKE_PREFIX_PATH}:/opt/ros/humble /usr/bin/cmake --build /home/tux/ros2_ws/build/self_interfaces -- -j12 -l12
[1.327s] [  3%] [34m[1mGenerating C code for ROS interfaces[0m
[1.335s] [  6%] [34m[1mGenerating C++ code for ROS interfaces[0m
[1.344s] [  6%] Built target ament_cmake_python_copy_self_interfaces
[1.610s] [  9%] [32mBuilding C object CMakeFiles/self_interfaces__rosidl_generator_c.dir/rosidl_generator_c/self_interfaces/msg/detail/speed_control__functions.c.o[0m
[1.622s] running egg_info
[1.623s] creating self_interfaces.egg-info
[1.624s] writing self_interfaces.egg-info/PKG-INFO
[1.624s] writing dependency_links to self_interfaces.egg-info/dependency_links.txt
[1.624s] writing top-level names to self_interfaces.egg-info/top_level.txt
[1.624s] writing manifest file 'self_interfaces.egg-info/SOURCES.txt'
[1.627s] reading manifest file 'self_interfaces.egg-info/SOURCES.txt'
[1.627s] writing manifest file 'self_interfaces.egg-info/SOURCES.txt'
[1.663s] [  9%] Built target self_interfaces__cpp
[1.663s] [ 12%] [32m[1mLinking C shared library libself_interfaces__rosidl_generator_c.so[0m
[1.664s] [ 12%] Built target ament_cmake_python_build_self_interfaces_egg
[1.675s] [ 16%] [34m[1mGenerating C++ type support for eProsima Fast-RTPS[0m
[1.676s] [ 22%] [34m[1mGenerating C++ introspection for ROS interfaces[0m
[1.676s] [ 22%] [34m[1mGenerating C++ type support dispatch for ROS interfaces[0m
[1.706s] [ 22%] Built target self_interfaces__rosidl_generator_c
[1.728s] [ 25%] [34m[1mGenerating C type support dispatch for ROS interfaces[0m
[1.732s] [ 29%] [34m[1mGenerating C introspection for ROS interfaces[0m
[1.732s] [ 32%] [34m[1mGenerating C type support for eProsima Fast-RTPS[0m
[2.098s] [ 35%] [32mBuilding CXX object CMakeFiles/self_interfaces__rosidl_typesupport_introspection_cpp.dir/rosidl_typesupport_introspection_cpp/self_interfaces/msg/detail/speed_control__type_support.cpp.o[0m
[2.120s] [ 38%] [32mBuilding CXX object CMakeFiles/self_interfaces__rosidl_typesupport_cpp.dir/rosidl_typesupport_cpp/self_interfaces/msg/speed_control__type_support.cpp.o[0m
[2.147s] [ 41%] [32mBuilding CXX object CMakeFiles/self_interfaces__rosidl_typesupport_c.dir/rosidl_typesupport_c/self_interfaces/msg/speed_control__type_support.cpp.o[0m
[2.158s] [ 45%] [32mBuilding CXX object CMakeFiles/self_interfaces__rosidl_typesupport_fastrtps_cpp.dir/rosidl_typesupport_fastrtps_cpp/self_interfaces/msg/detail/dds_fastrtps/speed_control__type_support.cpp.o[0m
[2.196s] [ 48%] [32mBuilding C object CMakeFiles/self_interfaces__rosidl_typesupport_introspection_c.dir/rosidl_typesupport_introspection_c/self_interfaces/msg/detail/speed_control__type_support.c.o[0m
[2.212s] [ 51%] [32mBuilding CXX object CMakeFiles/self_interfaces__rosidl_typesupport_fastrtps_c.dir/rosidl_typesupport_fastrtps_c/self_interfaces/msg/detail/speed_control__type_support_c.cpp.o[0m
[2.218s] [ 54%] [32m[1mLinking CXX shared library libself_interfaces__rosidl_typesupport_c.so[0m
[2.256s] [ 58%] [32m[1mLinking C shared library libself_interfaces__rosidl_typesupport_introspection_c.so[0m
[2.312s] [ 58%] Built target self_interfaces__rosidl_typesupport_c
[2.330s] [ 58%] Built target self_interfaces__rosidl_typesupport_introspection_c
[2.573s] [ 61%] [32m[1mLinking CXX shared library libself_interfaces__rosidl_typesupport_cpp.so[0m
[2.637s] [ 61%] Built target self_interfaces__rosidl_typesupport_cpp
[2.643s] [ 64%] [32m[1mLinking CXX shared library libself_interfaces__rosidl_typesupport_introspection_cpp.so[0m
[2.667s] [ 67%] [32m[1mLinking CXX shared library libself_interfaces__rosidl_typesupport_fastrtps_c.so[0m
[2.685s] [ 67%] Built target self_interfaces__rosidl_typesupport_introspection_cpp
[2.760s] [ 67%] Built target self_interfaces__rosidl_typesupport_fastrtps_c
[2.769s] [ 70%] [32m[1mLinking CXX shared library libself_interfaces__rosidl_typesupport_fastrtps_cpp.so[0m
[2.868s] [ 70%] Built target self_interfaces__rosidl_typesupport_fastrtps_cpp
[2.887s] [ 70%] Built target self_interfaces
[2.905s] [ 74%] [34m[1mGenerating Python code for ROS interfaces[0m
[3.164s] [ 74%] Built target self_interfaces__py
[3.183s] [ 77%] [32mBuilding C object CMakeFiles/self_interfaces__rosidl_generator_py.dir/rosidl_generator_py/self_interfaces/msg/_speed_control_s.c.o[0m
[3.276s] [ 80%] [32m[1mLinking C shared library rosidl_generator_py/self_interfaces/libself_interfaces__rosidl_generator_py.so[0m
[3.310s] [ 80%] Built target self_interfaces__rosidl_generator_py
[3.333s] [ 90%] [32mBuilding C object CMakeFiles/self_interfaces__rosidl_typesupport_fastrtps_c__pyext.dir/rosidl_generator_py/self_interfaces/_self_interfaces_s.ep.rosidl_typesupport_fastrtps_c.c.o[0m
[3.333s] [ 90%] [32mBuilding C object CMakeFiles/self_interfaces__rosidl_typesupport_introspection_c__pyext.dir/rosidl_generator_py/self_interfaces/_self_interfaces_s.ep.rosidl_typesupport_introspection_c.c.o[0m
[3.333s] [ 90%] [32mBuilding C object CMakeFiles/self_interfaces__rosidl_typesupport_c__pyext.dir/rosidl_generator_py/self_interfaces/_self_interfaces_s.ep.rosidl_typesupport_c.c.o[0m
[3.426s] [ 93%] [32m[1mLinking C shared library rosidl_generator_py/self_interfaces/self_interfaces_s__rosidl_typesupport_introspection_c.cpython-310-x86_64-linux-gnu.so[0m
[3.433s] [ 96%] [32m[1mLinking C shared library rosidl_generator_py/self_interfaces/self_interfaces_s__rosidl_typesupport_c.cpython-310-x86_64-linux-gnu.so[0m
[3.434s] [100%] [32m[1mLinking C shared library rosidl_generator_py/self_interfaces/self_interfaces_s__rosidl_typesupport_fastrtps_c.cpython-310-x86_64-linux-gnu.so[0m
[3.462s] [100%] Built target self_interfaces__rosidl_typesupport_introspection_c__pyext
[3.466s] [100%] Built target self_interfaces__rosidl_typesupport_c__pyext
[3.467s] [100%] Built target self_interfaces__rosidl_typesupport_fastrtps_c__pyext
[3.478s] Invoked command in '/home/tux/ros2_ws/build/self_interfaces' returned '0': CMAKE_PREFIX_PATH=${CMAKE_PREFIX_PATH}:/opt/ros/humble /usr/bin/cmake --build /home/tux/ros2_ws/build/self_interfaces -- -j12 -l12
[3.552s] Invoking command in '/home/tux/ros2_ws/build/self_interfaces': CMAKE_PREFIX_PATH=${CMAKE_PREFIX_PATH}:/opt/ros/humble /usr/bin/cmake --install /home/tux/ros2_ws/build/self_interfaces
[3.559s] -- Install configuration: ""
[3.560s] -- Installing: /home/tux/ros2_ws/install/self_interfaces/share/ament_index/resource_index/rosidl_interfaces/self_interfaces
[3.560s] -- Installing: /home/tux/ros2_ws/install/self_interfaces/include/self_interfaces/self_interfaces
[3.560s] -- Installing: /home/tux/ros2_ws/install/self_interfaces/include/self_interfaces/self_interfaces/msg
[3.560s] -- Installing: /home/tux/ros2_ws/install/self_interfaces/include/self_interfaces/self_interfaces/msg/speed_control.h
[3.560s] -- Installing: /home/tux/ros2_ws/install/self_interfaces/include/self_interfaces/self_interfaces/msg/detail
[3.561s] -- Installing: /home/tux/ros2_ws/install/self_interfaces/include/self_interfaces/self_interfaces/msg/detail/speed_control__type_support.h
[3.561s] -- Installing: /home/tux/ros2_ws/install/self_interfaces/include/self_interfaces/self_interfaces/msg/detail/speed_control__struct.h
[3.561s] -- Installing: /home/tux/ros2_ws/install/self_interfaces/include/self_interfaces/self_interfaces/msg/detail/speed_control__functions.c
[3.561s] -- Installing: /home/tux/ros2_ws/install/self_interfaces/include/self_interfaces/self_interfaces/msg/detail/speed_control__functions.h
[3.561s] -- Installing: /home/tux/ros2_ws/install/self_interfaces/include/self_interfaces/self_interfaces/msg/rosidl_generator_c__visibility_control.h
[3.561s] -- Installing: /home/tux/ros2_ws/install/self_interfaces/share/self_interfaces/environment/library_path.sh
[3.562s] -- Installing: /home/tux/ros2_ws/install/self_interfaces/share/self_interfaces/environment/library_path.dsv
[3.562s] -- Installing: /home/tux/ros2_ws/install/self_interfaces/lib/libself_interfaces__rosidl_generator_c.so
[3.562s] -- Set runtime path of "/home/tux/ros2_ws/install/self_interfaces/lib/libself_interfaces__rosidl_generator_c.so" to ""
[3.562s] -- Up-to-date: /home/tux/ros2_ws/install/self_interfaces/include/self_interfaces/self_interfaces
[3.563s] -- Up-to-date: /home/tux/ros2_ws/install/self_interfaces/include/self_interfaces/self_interfaces/msg
[3.563s] -- Installing: /home/tux/ros2_ws/install/self_interfaces/include/self_interfaces/self_interfaces/msg/rosidl_typesupport_fastrtps_c__visibility_control.h
[3.563s] -- Up-to-date: /home/tux/ros2_ws/install/self_interfaces/include/self_interfaces/self_interfaces/msg/detail
[3.563s] -- Installing: /home/tux/ros2_ws/install/self_interfaces/include/self_interfaces/self_interfaces/msg/detail/speed_control__rosidl_typesupport_fastrtps_c.h
[3.563s] -- Installing: /home/tux/ros2_ws/install/self_interfaces/lib/libself_interfaces__rosidl_typesupport_fastrtps_c.so
[3.564s] -- Set runtime path of "/home/tux/ros2_ws/install/self_interfaces/lib/libself_interfaces__rosidl_typesupport_fastrtps_c.so" to ""
[3.564s] -- Up-to-date: /home/tux/ros2_ws/install/self_interfaces/include/self_interfaces/self_interfaces
[3.564s] -- Up-to-date: /home/tux/ros2_ws/install/self_interfaces/include/self_interfaces/self_interfaces/msg
[3.564s] -- Up-to-date: /home/tux/ros2_ws/install/self_interfaces/include/self_interfaces/self_interfaces/msg/detail
[3.564s] -- Installing: /home/tux/ros2_ws/install/self_interfaces/include/self_interfaces/self_interfaces/msg/detail/speed_control__type_support.c
[3.564s] -- Installing: /home/tux/ros2_ws/install/self_interfaces/include/self_interfaces/self_interfaces/msg/detail/speed_control__rosidl_typesupport_introspection_c.h
[3.564s] -- Installing: /home/tux/ros2_ws/install/self_interfaces/include/self_interfaces/self_interfaces/msg/rosidl_typesupport_introspection_c__visibility_control.h
[3.564s] -- Installing: /home/tux/ros2_ws/install/self_interfaces/lib/libself_interfaces__rosidl_typesupport_introspection_c.so
[3.565s] -- Set runtime path of "/home/tux/ros2_ws/install/self_interfaces/lib/libself_interfaces__rosidl_typesupport_introspection_c.so" to ""
[3.565s] -- Installing: /home/tux/ros2_ws/install/self_interfaces/lib/libself_interfaces__rosidl_typesupport_c.so
[3.565s] -- Set runtime path of "/home/tux/ros2_ws/install/self_interfaces/lib/libself_interfaces__rosidl_typesupport_c.so" to ""
[3.565s] -- Up-to-date: /home/tux/ros2_ws/install/self_interfaces/include/self_interfaces/self_interfaces
[3.566s] -- Up-to-date: /home/tux/ros2_ws/install/self_interfaces/include/self_interfaces/self_interfaces/msg
[3.566s] -- Installing: /home/tux/ros2_ws/install/self_interfaces/include/self_interfaces/self_interfaces/msg/speed_control.hpp
[3.566s] -- Up-to-date: /home/tux/ros2_ws/install/self_interfaces/include/self_interfaces/self_interfaces/msg/detail
[3.566s] -- Installing: /home/tux/ros2_ws/install/self_interfaces/include/self_interfaces/self_interfaces/msg/detail/speed_control__struct.hpp
[3.566s] -- Installing: /home/tux/ros2_ws/install/self_interfaces/include/self_interfaces/self_interfaces/msg/detail/speed_control__traits.hpp
[3.567s] -- Installing: /home/tux/ros2_ws/install/self_interfaces/include/self_interfaces/self_interfaces/msg/detail/speed_control__builder.hpp
[3.567s] -- Up-to-date: /home/tux/ros2_ws/install/self_interfaces/include/self_interfaces/self_interfaces
[3.567s] -- Up-to-date: /home/tux/ros2_ws/install/self_interfaces/include/self_interfaces/self_interfaces/msg
[3.568s] -- Installing: /home/tux/ros2_ws/install/self_interfaces/include/self_interfaces/self_interfaces/msg/rosidl_typesupport_fastrtps_cpp__visibility_control.h
[3.568s] -- Up-to-date: /home/tux/ros2_ws/install/self_interfaces/include/self_interfaces/self_interfaces/msg/detail
[3.568s] -- Installing: /home/tux/ros2_ws/install/self_interfaces/include/self_interfaces/self_interfaces/msg/detail/dds_fastrtps
[3.569s] -- Installing: /home/tux/ros2_ws/install/self_interfaces/include/self_interfaces/self_interfaces/msg/detail/speed_control__rosidl_typesupport_fastrtps_cpp.hpp
[3.569s] -- Installing: /home/tux/ros2_ws/install/self_interfaces/lib/libself_interfaces__rosidl_typesupport_fastrtps_cpp.so
[3.569s] -- Set runtime path of "/home/tux/ros2_ws/install/self_interfaces/lib/libself_interfaces__rosidl_typesupport_fastrtps_cpp.so" to ""
[3.569s] -- Up-to-date: /home/tux/ros2_ws/install/self_interfaces/include/self_interfaces/self_interfaces
[3.569s] -- Up-to-date: /home/tux/ros2_ws/install/self_interfaces/include/self_interfaces/self_interfaces/msg
[3.569s] -- Up-to-date: /home/tux/ros2_ws/install/self_interfaces/include/self_interfaces/self_interfaces/msg/detail
[3.569s] -- Installing: /home/tux/ros2_ws/install/self_interfaces/include/self_interfaces/self_interfaces/msg/detail/speed_control__rosidl_typesupport_introspection_cpp.hpp
[3.569s] -- Installing: /home/tux/ros2_ws/install/self_interfaces/include/self_interfaces/self_interfaces/msg/detail/speed_control__type_support.cpp
[3.569s] -- Installing: /home/tux/ros2_ws/install/self_interfaces/lib/libself_interfaces__rosidl_typesupport_introspection_cpp.so
[3.569s] -- Set runtime path of "/home/tux/ros2_ws/install/self_interfaces/lib/libself_interfaces__rosidl_typesupport_introspection_cpp.so" to ""
[3.569s] -- Installing: /home/tux/ros2_ws/install/self_interfaces/lib/libself_interfaces__rosidl_typesupport_cpp.so
[3.570s] -- Set runtime path of "/home/tux/ros2_ws/install/self_interfaces/lib/libself_interfaces__rosidl_typesupport_cpp.so" to ""
[3.570s] -- Installing: /home/tux/ros2_ws/install/self_interfaces/share/self_interfaces/environment/pythonpath.sh
[3.570s] -- Installing: /home/tux/ros2_ws/install/self_interfaces/share/self_interfaces/environment/pythonpath.dsv
[3.570s] -- Installing: /home/tux/ros2_ws/install/self_interfaces/local/lib/python3.10/dist-packages/self_interfaces-0.0.0-py3.10.egg-info
[3.570s] -- Installing: /home/tux/ros2_ws/install/self_interfaces/local/lib/python3.10/dist-packages/self_interfaces-0.0.0-py3.10.egg-info/SOURCES.txt
[3.570s] -- Installing: /home/tux/ros2_ws/install/self_interfaces/local/lib/python3.10/dist-packages/self_interfaces-0.0.0-py3.10.egg-info/top_level.txt
[3.570s] -- Installing: /home/tux/ros2_ws/install/self_interfaces/local/lib/python3.10/dist-packages/self_interfaces-0.0.0-py3.10.egg-info/PKG-INFO
[3.570s] -- Installing: /home/tux/ros2_ws/install/self_interfaces/local/lib/python3.10/dist-packages/self_interfaces-0.0.0-py3.10.egg-info/dependency_links.txt
[3.570s] -- Installing: /home/tux/ros2_ws/install/self_interfaces/local/lib/python3.10/dist-packages/self_interfaces
[3.570s] -- Installing: /home/tux/ros2_ws/install/self_interfaces/local/lib/python3.10/dist-packages/self_interfaces/_self_interfaces_s.ep.rosidl_typesupport_fastrtps_c.c
[3.570s] -- Installing: /home/tux/ros2_ws/install/self_interfaces/local/lib/python3.10/dist-packages/self_interfaces/__init__.py
[3.571s] -- Installing: /home/tux/ros2_ws/install/self_interfaces/local/lib/python3.10/dist-packages/self_interfaces/_self_interfaces_s.ep.rosidl_typesupport_introspection_c.c
[3.571s] -- Installing: /home/tux/ros2_ws/install/self_interfaces/local/lib/python3.10/dist-packages/self_interfaces/msg
[3.571s] -- Installing: /home/tux/ros2_ws/install/self_interfaces/local/lib/python3.10/dist-packages/self_interfaces/msg/__init__.py
[3.571s] -- Installing: /home/tux/ros2_ws/install/self_interfaces/local/lib/python3.10/dist-packages/self_interfaces/msg/_speed_control.py
[3.572s] -- Installing: /home/tux/ros2_ws/install/self_interfaces/local/lib/python3.10/dist-packages/self_interfaces/msg/_speed_control_s.c
[3.572s] -- Installing: /home/tux/ros2_ws/install/self_interfaces/local/lib/python3.10/dist-packages/self_interfaces/_self_interfaces_s.ep.rosidl_typesupport_c.c
[3.572s] -- Installing: /home/tux/ros2_ws/install/self_interfaces/local/lib/python3.10/dist-packages/self_interfaces/self_interfaces_s__rosidl_typesupport_c.cpython-310-x86_64-linux-gnu.so
[3.572s] -- Installing: /home/tux/ros2_ws/install/self_interfaces/local/lib/python3.10/dist-packages/self_interfaces/self_interfaces_s__rosidl_typesupport_fastrtps_c.cpython-310-x86_64-linux-gnu.so
[3.572s] -- Installing: /home/tux/ros2_ws/install/self_interfaces/local/lib/python3.10/dist-packages/self_interfaces/libself_interfaces__rosidl_generator_py.so
[3.572s] -- Installing: /home/tux/ros2_ws/install/self_interfaces/local/lib/python3.10/dist-packages/self_interfaces/self_interfaces_s__rosidl_typesupport_introspection_c.cpython-310-x86_64-linux-gnu.so
[3.605s] Listing '/home/tux/ros2_ws/install/self_interfaces/local/lib/python3.10/dist-packages/self_interfaces'...
[3.605s] Compiling '/home/tux/ros2_ws/install/self_interfaces/local/lib/python3.10/dist-packages/self_interfaces/__init__.py'...
[3.605s] Listing '/home/tux/ros2_ws/install/self_interfaces/local/lib/python3.10/dist-packages/self_interfaces/msg'...
[3.605s] Compiling '/home/tux/ros2_ws/install/self_interfaces/local/lib/python3.10/dist-packages/self_interfaces/msg/__init__.py'...
[3.606s] Compiling '/home/tux/ros2_ws/install/self_interfaces/local/lib/python3.10/dist-packages/self_interfaces/msg/_speed_control.py'...
[3.609s] -- Installing: /home/tux/ros2_ws/install/self_interfaces/local/lib/python3.10/dist-packages/self_interfaces/self_interfaces_s__rosidl_typesupport_fastrtps_c.cpython-310-x86_64-linux-gnu.so
[3.610s] -- Set runtime path of "/home/tux/ros2_ws/install/self_interfaces/local/lib/python3.10/dist-packages/self_interfaces/self_interfaces_s__rosidl_typesupport_fastrtps_c.cpython-310-x86_64-linux-gnu.so" to ""
[3.610s] -- Installing: /home/tux/ros2_ws/install/self_interfaces/local/lib/python3.10/dist-packages/self_interfaces/self_interfaces_s__rosidl_typesupport_introspection_c.cpython-310-x86_64-linux-gnu.so
[3.612s] -- Set runtime path of "/home/tux/ros2_ws/install/self_interfaces/local/lib/python3.10/dist-packages/self_interfaces/self_interfaces_s__rosidl_typesupport_introspection_c.cpython-310-x86_64-linux-gnu.so" to ""
[3.613s] -- Installing: /home/tux/ros2_ws/install/self_interfaces/local/lib/python3.10/dist-packages/self_interfaces/self_interfaces_s__rosidl_typesupport_c.cpython-310-x86_64-linux-gnu.so
[3.613s] -- Set runtime path of "/home/tux/ros2_ws/install/self_interfaces/local/lib/python3.10/dist-packages/self_interfaces/self_interfaces_s__rosidl_typesupport_c.cpython-310-x86_64-linux-gnu.so" to ""
[3.613s] -- Installing: /home/tux/ros2_ws/install/self_interfaces/lib/libself_interfaces__rosidl_generator_py.so
[3.613s] -- Set runtime path of "/home/tux/ros2_ws/install/self_interfaces/lib/libself_interfaces__rosidl_generator_py.so" to ""
[3.613s] -- Installing: /home/tux/ros2_ws/install/self_interfaces/share/self_interfaces/msg/SpeedControl.idl
[3.613s] -- Installing: /home/tux/ros2_ws/install/self_interfaces/share/self_interfaces/msg/SpeedControl.msg
[3.614s] -- Installing: /home/tux/ros2_ws/install/self_interfaces/share/ament_index/resource_index/package_run_dependencies/self_interfaces
[3.614s] -- Installing: /home/tux/ros2_ws/install/self_interfaces/share/ament_index/resource_index/parent_prefix_path/self_interfaces
[3.614s] -- Installing: /home/tux/ros2_ws/install/self_interfaces/share/self_interfaces/environment/ament_prefix_path.sh
[3.614s] -- Installing: /home/tux/ros2_ws/install/self_interfaces/share/self_interfaces/environment/ament_prefix_path.dsv
[3.614s] -- Installing: /home/tux/ros2_ws/install/self_interfaces/share/self_interfaces/environment/path.sh
[3.614s] -- Installing: /home/tux/ros2_ws/install/self_interfaces/share/self_interfaces/environment/path.dsv
[3.614s] -- Installing: /home/tux/ros2_ws/install/self_interfaces/share/self_interfaces/local_setup.bash
[3.615s] -- Installing: /home/tux/ros2_ws/install/self_interfaces/share/self_interfaces/local_setup.sh
[3.615s] -- Installing: /home/tux/ros2_ws/install/self_interfaces/share/self_interfaces/local_setup.zsh
[3.615s] -- Installing: /home/tux/ros2_ws/install/self_interfaces/share/self_interfaces/local_setup.dsv
[3.615s] -- Installing: /home/tux/ros2_ws/install/self_interfaces/share/self_interfaces/package.dsv
[3.615s] -- Installing: /home/tux/ros2_ws/install/self_interfaces/share/ament_index/resource_index/packages/self_interfaces
[3.615s] -- Installing: /home/tux/ros2_ws/install/self_interfaces/share/self_interfaces/cmake/export_self_interfaces__rosidl_generator_cExport.cmake
[3.616s] -- Installing: /home/tux/ros2_ws/install/self_interfaces/share/self_interfaces/cmake/export_self_interfaces__rosidl_generator_cExport-noconfig.cmake
[3.616s] -- Installing: /home/tux/ros2_ws/install/self_interfaces/share/self_interfaces/cmake/export_self_interfaces__rosidl_typesupport_fastrtps_cExport.cmake
[3.616s] -- Installing: /home/tux/ros2_ws/install/self_interfaces/share/self_interfaces/cmake/export_self_interfaces__rosidl_typesupport_fastrtps_cExport-noconfig.cmake
[3.616s] -- Installing: /home/tux/ros2_ws/install/self_interfaces/share/self_interfaces/cmake/self_interfaces__rosidl_typesupport_introspection_cExport.cmake
[3.616s] -- Installing: /home/tux/ros2_ws/install/self_interfaces/share/self_interfaces/cmake/self_interfaces__rosidl_typesupport_introspection_cExport-noconfig.cmake
[3.616s] -- Installing: /home/tux/ros2_ws/install/self_interfaces/share/self_interfaces/cmake/self_interfaces__rosidl_typesupport_cExport.cmake
[3.617s] -- Installing: /home/tux/ros2_ws/install/self_interfaces/share/self_interfaces/cmake/self_interfaces__rosidl_typesupport_cExport-noconfig.cmake
[3.617s] -- Installing: /home/tux/ros2_ws/install/self_interfaces/share/self_interfaces/cmake/export_self_interfaces__rosidl_generator_cppExport.cmake
[3.617s] -- Installing: /home/tux/ros2_ws/install/self_interfaces/share/self_interfaces/cmake/export_self_interfaces__rosidl_typesupport_fastrtps_cppExport.cmake
[3.617s] -- Installing: /home/tux/ros2_ws/install/self_interfaces/share/self_interfaces/cmake/export_self_interfaces__rosidl_typesupport_fastrtps_cppExport-noconfig.cmake
[3.617s] -- Installing: /home/tux/ros2_ws/install/self_interfaces/share/self_interfaces/cmake/self_interfaces__rosidl_typesupport_introspection_cppExport.cmake
[3.618s] -- Installing: /home/tux/ros2_ws/install/self_interfaces/share/self_interfaces/cmake/self_interfaces__rosidl_typesupport_introspection_cppExport-noconfig.cmake
[3.618s] -- Installing: /home/tux/ros2_ws/install/self_interfaces/share/self_interfaces/cmake/self_interfaces__rosidl_typesupport_cppExport.cmake
[3.618s] -- Installing: /home/tux/ros2_ws/install/self_interfaces/share/self_interfaces/cmake/self_interfaces__rosidl_typesupport_cppExport-noconfig.cmake
[3.618s] -- Installing: /home/tux/ros2_ws/install/self_interfaces/share/self_interfaces/cmake/export_self_interfaces__rosidl_generator_pyExport.cmake
[3.618s] -- Installing: /home/tux/ros2_ws/install/self_interfaces/share/self_interfaces/cmake/export_self_interfaces__rosidl_generator_pyExport-noconfig.cmake
[3.619s] -- Installing: /home/tux/ros2_ws/install/self_interfaces/share/self_interfaces/cmake/rosidl_cmake-extras.cmake
[3.619s] -- Installing: /home/tux/ros2_ws/install/self_interfaces/share/self_interfaces/cmake/ament_cmake_export_include_directories-extras.cmake
[3.619s] -- Installing: /home/tux/ros2_ws/install/self_interfaces/share/self_interfaces/cmake/ament_cmake_export_libraries-extras.cmake
[3.619s] -- Installing: /home/tux/ros2_ws/install/self_interfaces/share/self_interfaces/cmake/ament_cmake_export_targets-extras.cmake
[3.619s] -- Installing: /home/tux/ros2_ws/install/self_interfaces/share/self_interfaces/cmake/rosidl_cmake_export_typesupport_targets-extras.cmake
[3.620s] -- Installing: /home/tux/ros2_ws/install/self_interfaces/share/self_interfaces/cmake/ament_cmake_export_dependencies-extras.cmake
[3.620s] -- Installing: /home/tux/ros2_ws/install/self_interfaces/share/self_interfaces/cmake/rosidl_cmake_export_typesupport_libraries-extras.cmake
[3.620s] -- Installing: /home/tux/ros2_ws/install/self_interfaces/share/self_interfaces/cmake/self_interfacesConfig.cmake
[3.620s] -- Installing: /home/tux/ros2_ws/install/self_interfaces/share/self_interfaces/cmake/self_interfacesConfig-version.cmake
[3.620s] -- Installing: /home/tux/ros2_ws/install/self_interfaces/share/self_interfaces/package.xml
[3.626s] Invoked command in '/home/tux/ros2_ws/build/self_interfaces' returned '0': CMAKE_PREFIX_PATH=${CMAKE_PREFIX_PATH}:/opt/ros/humble /usr/bin/cmake --install /home/tux/ros2_ws/build/self_interfaces
