[0.190s] DEBUG:colcon:Command line arguments: ['/usr/bin/colcon', 'build']
[0.190s] DEBUG:colcon:Parsed command line arguments: Namespace(log_base=None, log_level=None, verb_name='build', build_base='build', install_base='install', merge_install=False, symlink_install=False, test_result_base=None, continue_on_error=False, executor='parallel', parallel_workers=12, event_handlers=None, ignore_user_meta=False, metas=['./colcon.meta'], base_paths=['.'], packages_ignore=None, packages_ignore_regex=None, paths=None, packages_up_to=None, packages_up_to_regex=None, packages_above=None, packages_above_and_dependencies=None, packages_above_depth=None, packages_select_by_dep=None, packages_skip_by_dep=None, packages_skip_up_to=None, packages_select_build_failed=False, packages_skip_build_finished=False, packages_select_test_failures=False, packages_skip_test_passed=False, packages_select=None, packages_skip=None, packages_select_regex=None, packages_skip_regex=None, packages_start=None, packages_end=None, allow_overriding=[], cmake_args=None, cmake_target=None, cmake_target_skip_unavailable=False, cmake_clean_cache=False, cmake_clean_first=False, cmake_force_configure=False, ament_cmake_args=None, catkin_cmake_args=None, catkin_skip_building_tests=False, verb_parser=<colcon_defaults.argument_parser.defaults.DefaultArgumentsDecorator object at 0x725d105b40d0>, verb_extension=<colcon_core.verb.build.BuildVerb object at 0x725d106b8c70>, main=<bound method BuildVerb.main of <colcon_core.verb.build.BuildVerb object at 0x725d106b8c70>>)
[0.457s] Level 1:colcon.colcon_core.package_discovery:discover_packages(colcon_meta) check parameters
[0.457s] Level 1:colcon.colcon_core.package_discovery:discover_packages(recursive) check parameters
[0.457s] Level 1:colcon.colcon_core.package_discovery:discover_packages(ignore) check parameters
[0.457s] Level 1:colcon.colcon_core.package_discovery:discover_packages(path) check parameters
[0.457s] Level 1:colcon.colcon_core.package_discovery:discover_packages(colcon_meta) discover
[0.457s] Level 1:colcon.colcon_core.package_discovery:discover_packages(recursive) discover
[0.457s] INFO:colcon.colcon_core.package_discovery:Crawling recursively for packages in '/home/tux/ros2_ws'
[0.458s] Level 1:colcon.colcon_core.package_identification:_identify(.) by extensions ['ignore', 'ignore_ament_install']
[0.458s] Level 1:colcon.colcon_core.package_identification:_identify(.) by extension 'ignore'
[0.458s] Level 1:colcon.colcon_core.package_identification:_identify(.) by extension 'ignore_ament_install'
[0.458s] Level 1:colcon.colcon_core.package_identification:_identify(.) by extensions ['colcon_pkg']
[0.458s] Level 1:colcon.colcon_core.package_identification:_identify(.) by extension 'colcon_pkg'
[0.458s] Level 1:colcon.colcon_core.package_identification:_identify(.) by extensions ['colcon_meta']
[0.458s] Level 1:colcon.colcon_core.package_identification:_identify(.) by extension 'colcon_meta'
[0.458s] Level 1:colcon.colcon_core.package_identification:_identify(.) by extensions ['ros']
[0.458s] Level 1:colcon.colcon_core.package_identification:_identify(.) by extension 'ros'
[0.478s] Level 1:colcon.colcon_core.package_identification:_identify(.) by extensions ['cmake', 'python']
[0.478s] Level 1:colcon.colcon_core.package_identification:_identify(.) by extension 'cmake'
[0.478s] Level 1:colcon.colcon_core.package_identification:_identify(.) by extension 'python'
[0.478s] Level 1:colcon.colcon_core.package_identification:_identify(.) by extensions ['python_setup_py']
[0.478s] Level 1:colcon.colcon_core.package_identification:_identify(.) by extension 'python_setup_py'
[0.478s] Level 1:colcon.colcon_core.package_identification:_identify(build) by extensions ['ignore', 'ignore_ament_install']
[0.478s] Level 1:colcon.colcon_core.package_identification:_identify(build) by extension 'ignore'
[0.478s] Level 1:colcon.colcon_core.package_identification:_identify(build) ignored
[0.479s] Level 1:colcon.colcon_core.package_identification:_identify(install) by extensions ['ignore', 'ignore_ament_install']
[0.479s] Level 1:colcon.colcon_core.package_identification:_identify(install) by extension 'ignore'
[0.479s] Level 1:colcon.colcon_core.package_identification:_identify(install) ignored
[0.479s] Level 1:colcon.colcon_core.package_identification:_identify(log) by extensions ['ignore', 'ignore_ament_install']
[0.479s] Level 1:colcon.colcon_core.package_identification:_identify(log) by extension 'ignore'
[0.479s] Level 1:colcon.colcon_core.package_identification:_identify(log) ignored
[0.479s] Level 1:colcon.colcon_core.package_identification:_identify(src) by extensions ['ignore', 'ignore_ament_install']
[0.479s] Level 1:colcon.colcon_core.package_identification:_identify(src) by extension 'ignore'
[0.480s] Level 1:colcon.colcon_core.package_identification:_identify(src) by extension 'ignore_ament_install'
[0.480s] Level 1:colcon.colcon_core.package_identification:_identify(src) by extensions ['colcon_pkg']
[0.480s] Level 1:colcon.colcon_core.package_identification:_identify(src) by extension 'colcon_pkg'
[0.480s] Level 1:colcon.colcon_core.package_identification:_identify(src) by extensions ['colcon_meta']
[0.480s] Level 1:colcon.colcon_core.package_identification:_identify(src) by extension 'colcon_meta'
[0.480s] Level 1:colcon.colcon_core.package_identification:_identify(src) by extensions ['ros']
[0.480s] Level 1:colcon.colcon_core.package_identification:_identify(src) by extension 'ros'
[0.480s] Level 1:colcon.colcon_core.package_identification:_identify(src) by extensions ['cmake', 'python']
[0.480s] Level 1:colcon.colcon_core.package_identification:_identify(src) by extension 'cmake'
[0.480s] Level 1:colcon.colcon_core.package_identification:_identify(src) by extension 'python'
[0.480s] Level 1:colcon.colcon_core.package_identification:_identify(src) by extensions ['python_setup_py']
[0.480s] Level 1:colcon.colcon_core.package_identification:_identify(src) by extension 'python_setup_py'
[0.481s] Level 1:colcon.colcon_core.package_identification:_identify(src/self_interfaces) by extensions ['ignore', 'ignore_ament_install']
[0.481s] Level 1:colcon.colcon_core.package_identification:_identify(src/self_interfaces) by extension 'ignore'
[0.481s] Level 1:colcon.colcon_core.package_identification:_identify(src/self_interfaces) by extension 'ignore_ament_install'
[0.481s] Level 1:colcon.colcon_core.package_identification:_identify(src/self_interfaces) by extensions ['colcon_pkg']
[0.481s] Level 1:colcon.colcon_core.package_identification:_identify(src/self_interfaces) by extension 'colcon_pkg'
[0.481s] Level 1:colcon.colcon_core.package_identification:_identify(src/self_interfaces) by extensions ['colcon_meta']
[0.481s] Level 1:colcon.colcon_core.package_identification:_identify(src/self_interfaces) by extension 'colcon_meta'
[0.481s] Level 1:colcon.colcon_core.package_identification:_identify(src/self_interfaces) by extensions ['ros']
[0.481s] Level 1:colcon.colcon_core.package_identification:_identify(src/self_interfaces) by extension 'ros'
[0.485s] DEBUG:colcon.colcon_core.package_identification:Package 'src/self_interfaces' with type 'ros.ament_cmake' and name 'self_interfaces'
[0.486s] Level 1:colcon.colcon_core.package_identification:_identify(src/speed_control) by extensions ['ignore', 'ignore_ament_install']
[0.486s] Level 1:colcon.colcon_core.package_identification:_identify(src/speed_control) by extension 'ignore'
[0.486s] Level 1:colcon.colcon_core.package_identification:_identify(src/speed_control) by extension 'ignore_ament_install'
[0.486s] Level 1:colcon.colcon_core.package_identification:_identify(src/speed_control) by extensions ['colcon_pkg']
[0.486s] Level 1:colcon.colcon_core.package_identification:_identify(src/speed_control) by extension 'colcon_pkg'
[0.486s] Level 1:colcon.colcon_core.package_identification:_identify(src/speed_control) by extensions ['colcon_meta']
[0.486s] Level 1:colcon.colcon_core.package_identification:_identify(src/speed_control) by extension 'colcon_meta'
[0.486s] Level 1:colcon.colcon_core.package_identification:_identify(src/speed_control) by extensions ['ros']
[0.486s] Level 1:colcon.colcon_core.package_identification:_identify(src/speed_control) by extension 'ros'
[0.488s] DEBUG:colcon.colcon_core.package_identification:Package 'src/speed_control' with type 'ros.ament_cmake' and name 'speed_control'
[0.488s] Level 1:colcon.colcon_core.package_identification:_identify(src/speed_pub) by extensions ['ignore', 'ignore_ament_install']
[0.488s] Level 1:colcon.colcon_core.package_identification:_identify(src/speed_pub) by extension 'ignore'
[0.488s] Level 1:colcon.colcon_core.package_identification:_identify(src/speed_pub) by extension 'ignore_ament_install'
[0.488s] Level 1:colcon.colcon_core.package_identification:_identify(src/speed_pub) by extensions ['colcon_pkg']
[0.488s] Level 1:colcon.colcon_core.package_identification:_identify(src/speed_pub) by extension 'colcon_pkg'
[0.488s] Level 1:colcon.colcon_core.package_identification:_identify(src/speed_pub) by extensions ['colcon_meta']
[0.488s] Level 1:colcon.colcon_core.package_identification:_identify(src/speed_pub) by extension 'colcon_meta'
[0.488s] Level 1:colcon.colcon_core.package_identification:_identify(src/speed_pub) by extensions ['ros']
[0.488s] Level 1:colcon.colcon_core.package_identification:_identify(src/speed_pub) by extension 'ros'
[0.489s] DEBUG:colcon.colcon_core.package_identification:Package 'src/speed_pub' with type 'ros.ament_cmake' and name 'speed_pub'
[0.489s] Level 1:colcon.colcon_core.package_discovery:discover_packages(recursive) using defaults
[0.490s] Level 1:colcon.colcon_core.package_discovery:discover_packages(ignore) discover
[0.490s] Level 1:colcon.colcon_core.package_discovery:discover_packages(ignore) using defaults
[0.490s] Level 1:colcon.colcon_core.package_discovery:discover_packages(path) discover
[0.490s] Level 1:colcon.colcon_core.package_discovery:discover_packages(path) using defaults
[0.527s] Level 1:colcon.colcon_core.package_discovery:discover_packages(prefix_path) check parameters
[0.527s] Level 1:colcon.colcon_core.package_discovery:discover_packages(prefix_path) discover
[0.532s] DEBUG:colcon.colcon_installed_package_information.package_discovery:Found 3 installed packages in /home/tux/ros2_ws/install
[0.535s] DEBUG:colcon.colcon_installed_package_information.package_discovery:Found 270 installed packages in /opt/ros/humble
[0.538s] Level 1:colcon.colcon_core.package_discovery:discover_packages(prefix_path) using defaults
[0.658s] Level 5:colcon.colcon_core.verb:set package 'self_interfaces' build argument 'cmake_args' from command line to 'None'
[0.658s] Level 5:colcon.colcon_core.verb:set package 'self_interfaces' build argument 'cmake_target' from command line to 'None'
[0.658s] Level 5:colcon.colcon_core.verb:set package 'self_interfaces' build argument 'cmake_target_skip_unavailable' from command line to 'False'
[0.658s] Level 5:colcon.colcon_core.verb:set package 'self_interfaces' build argument 'cmake_clean_cache' from command line to 'False'
[0.658s] Level 5:colcon.colcon_core.verb:set package 'self_interfaces' build argument 'cmake_clean_first' from command line to 'False'
[0.658s] Level 5:colcon.colcon_core.verb:set package 'self_interfaces' build argument 'cmake_force_configure' from command line to 'False'
[0.658s] Level 5:colcon.colcon_core.verb:set package 'self_interfaces' build argument 'ament_cmake_args' from command line to 'None'
[0.658s] Level 5:colcon.colcon_core.verb:set package 'self_interfaces' build argument 'catkin_cmake_args' from command line to 'None'
[0.658s] Level 5:colcon.colcon_core.verb:set package 'self_interfaces' build argument 'catkin_skip_building_tests' from command line to 'False'
[0.659s] DEBUG:colcon.colcon_core.verb:Building package 'self_interfaces' with the following arguments: {'ament_cmake_args': None, 'build_base': '/home/tux/ros2_ws/build/self_interfaces', 'catkin_cmake_args': None, 'catkin_skip_building_tests': False, 'cmake_args': None, 'cmake_clean_cache': False, 'cmake_clean_first': False, 'cmake_force_configure': False, 'cmake_target': None, 'cmake_target_skip_unavailable': False, 'install_base': '/home/tux/ros2_ws/install/self_interfaces', 'merge_install': False, 'path': '/home/tux/ros2_ws/src/self_interfaces', 'symlink_install': False, 'test_result_base': None}
[0.659s] Level 5:colcon.colcon_core.verb:set package 'speed_control' build argument 'cmake_args' from command line to 'None'
[0.659s] Level 5:colcon.colcon_core.verb:set package 'speed_control' build argument 'cmake_target' from command line to 'None'
[0.659s] Level 5:colcon.colcon_core.verb:set package 'speed_control' build argument 'cmake_target_skip_unavailable' from command line to 'False'
[0.659s] Level 5:colcon.colcon_core.verb:set package 'speed_control' build argument 'cmake_clean_cache' from command line to 'False'
[0.659s] Level 5:colcon.colcon_core.verb:set package 'speed_control' build argument 'cmake_clean_first' from command line to 'False'
[0.659s] Level 5:colcon.colcon_core.verb:set package 'speed_control' build argument 'cmake_force_configure' from command line to 'False'
[0.660s] Level 5:colcon.colcon_core.verb:set package 'speed_control' build argument 'ament_cmake_args' from command line to 'None'
[0.660s] Level 5:colcon.colcon_core.verb:set package 'speed_control' build argument 'catkin_cmake_args' from command line to 'None'
[0.660s] Level 5:colcon.colcon_core.verb:set package 'speed_control' build argument 'catkin_skip_building_tests' from command line to 'False'
[0.660s] DEBUG:colcon.colcon_core.verb:Building package 'speed_control' with the following arguments: {'ament_cmake_args': None, 'build_base': '/home/tux/ros2_ws/build/speed_control', 'catkin_cmake_args': None, 'catkin_skip_building_tests': False, 'cmake_args': None, 'cmake_clean_cache': False, 'cmake_clean_first': False, 'cmake_force_configure': False, 'cmake_target': None, 'cmake_target_skip_unavailable': False, 'install_base': '/home/tux/ros2_ws/install/speed_control', 'merge_install': False, 'path': '/home/tux/ros2_ws/src/speed_control', 'symlink_install': False, 'test_result_base': None}
[0.660s] Level 5:colcon.colcon_core.verb:set package 'speed_pub' build argument 'cmake_args' from command line to 'None'
[0.660s] Level 5:colcon.colcon_core.verb:set package 'speed_pub' build argument 'cmake_target' from command line to 'None'
[0.660s] Level 5:colcon.colcon_core.verb:set package 'speed_pub' build argument 'cmake_target_skip_unavailable' from command line to 'False'
[0.660s] Level 5:colcon.colcon_core.verb:set package 'speed_pub' build argument 'cmake_clean_cache' from command line to 'False'
[0.661s] Level 5:colcon.colcon_core.verb:set package 'speed_pub' build argument 'cmake_clean_first' from command line to 'False'
[0.661s] Level 5:colcon.colcon_core.verb:set package 'speed_pub' build argument 'cmake_force_configure' from command line to 'False'
[0.661s] Level 5:colcon.colcon_core.verb:set package 'speed_pub' build argument 'ament_cmake_args' from command line to 'None'
[0.661s] Level 5:colcon.colcon_core.verb:set package 'speed_pub' build argument 'catkin_cmake_args' from command line to 'None'
[0.661s] Level 5:colcon.colcon_core.verb:set package 'speed_pub' build argument 'catkin_skip_building_tests' from command line to 'False'
[0.661s] DEBUG:colcon.colcon_core.verb:Building package 'speed_pub' with the following arguments: {'ament_cmake_args': None, 'build_base': '/home/tux/ros2_ws/build/speed_pub', 'catkin_cmake_args': None, 'catkin_skip_building_tests': False, 'cmake_args': None, 'cmake_clean_cache': False, 'cmake_clean_first': False, 'cmake_force_configure': False, 'cmake_target': None, 'cmake_target_skip_unavailable': False, 'install_base': '/home/tux/ros2_ws/install/speed_pub', 'merge_install': False, 'path': '/home/tux/ros2_ws/src/speed_pub', 'symlink_install': False, 'test_result_base': None}
[0.661s] INFO:colcon.colcon_core.executor:Executing jobs using 'parallel' executor
[0.662s] DEBUG:colcon.colcon_parallel_executor.executor.parallel:run_until_complete
[0.663s] INFO:colcon.colcon_ros.task.ament_cmake.build:Building ROS package in '/home/tux/ros2_ws/src/speed_control' with build type 'ament_cmake'
[0.663s] INFO:colcon.colcon_cmake.task.cmake.build:Building CMake package in '/home/tux/ros2_ws/src/speed_control'
[0.667s] INFO:colcon.colcon_core.plugin_system:Skipping extension 'colcon_core.shell.bat': Not used on non-Windows systems
[0.668s] INFO:colcon.colcon_core.shell:Skip shell extension 'powershell' for command environment: Not usable outside of PowerShell
[0.668s] DEBUG:colcon.colcon_core.shell:Skip shell extension 'dsv' for command environment
[0.673s] INFO:colcon.colcon_ros.task.ament_cmake.build:Building ROS package in '/home/tux/ros2_ws/src/self_interfaces' with build type 'ament_cmake'
[0.674s] INFO:colcon.colcon_cmake.task.cmake.build:Building CMake package in '/home/tux/ros2_ws/src/self_interfaces'
[0.674s] INFO:colcon.colcon_core.shell:Skip shell extension 'powershell' for command environment: Not usable outside of PowerShell
[0.674s] DEBUG:colcon.colcon_core.shell:Skip shell extension 'dsv' for command environment
[0.685s] DEBUG:colcon.colcon_core.event_handler.log_command:Invoking command in '/home/tux/ros2_ws/build/speed_control': CMAKE_PREFIX_PATH=${CMAKE_PREFIX_PATH}:/opt/ros/humble /usr/bin/cmake --build /home/tux/ros2_ws/build/speed_control -- -j12 -l12
[0.694s] DEBUG:colcon.colcon_core.event_handler.log_command:Invoking command in '/home/tux/ros2_ws/build/self_interfaces': CMAKE_PREFIX_PATH=${CMAKE_PREFIX_PATH}:/opt/ros/humble /usr/bin/cmake --build /home/tux/ros2_ws/build/self_interfaces -- -j12 -l12
[1.350s] DEBUG:colcon.colcon_core.event_handler.log_command:Invoked command in '/home/tux/ros2_ws/build/speed_control' returned '0': CMAKE_PREFIX_PATH=${CMAKE_PREFIX_PATH}:/opt/ros/humble /usr/bin/cmake --build /home/tux/ros2_ws/build/speed_control -- -j12 -l12
[1.351s] DEBUG:colcon.colcon_core.event_handler.log_command:Invoked command in '/home/tux/ros2_ws/build/self_interfaces' returned '0': CMAKE_PREFIX_PATH=${CMAKE_PREFIX_PATH}:/opt/ros/humble /usr/bin/cmake --build /home/tux/ros2_ws/build/self_interfaces -- -j12 -l12
[1.428s] DEBUG:colcon.colcon_core.event_handler.log_command:Invoking command in '/home/tux/ros2_ws/build/self_interfaces': CMAKE_PREFIX_PATH=${CMAKE_PREFIX_PATH}:/opt/ros/humble /usr/bin/cmake --install /home/tux/ros2_ws/build/self_interfaces
[1.430s] DEBUG:colcon.colcon_core.event_handler.log_command:Invoking command in '/home/tux/ros2_ws/build/speed_control': CMAKE_PREFIX_PATH=${CMAKE_PREFIX_PATH}:/opt/ros/humble /usr/bin/cmake --install /home/tux/ros2_ws/build/speed_control
[1.498s] Level 1:colcon.colcon_core.environment:create_environment_scripts_only(speed_control)
[1.498s] DEBUG:colcon.colcon_core.event_handler.log_command:Invoked command in '/home/tux/ros2_ws/build/speed_control' returned '0': CMAKE_PREFIX_PATH=${CMAKE_PREFIX_PATH}:/opt/ros/humble /usr/bin/cmake --install /home/tux/ros2_ws/build/speed_control
[1.503s] Level 1:colcon.colcon_core.environment:checking '/home/tux/ros2_ws/install/speed_control' for CMake module files
[1.504s] Level 1:colcon.colcon_core.environment:checking '/home/tux/ros2_ws/install/speed_control' for CMake config files
[1.505s] Level 1:colcon.colcon_core.shell:create_environment_hook('speed_control', 'cmake_prefix_path')
[1.506s] INFO:colcon.colcon_core.shell:Creating environment hook '/home/tux/ros2_ws/install/speed_control/share/speed_control/hook/cmake_prefix_path.ps1'
[1.507s] INFO:colcon.colcon_core.shell:Creating environment descriptor '/home/tux/ros2_ws/install/speed_control/share/speed_control/hook/cmake_prefix_path.dsv'
[1.509s] INFO:colcon.colcon_core.shell:Creating environment hook '/home/tux/ros2_ws/install/speed_control/share/speed_control/hook/cmake_prefix_path.sh'
[1.511s] Level 1:colcon.colcon_core.environment:checking '/home/tux/ros2_ws/install/speed_control/lib'
[1.512s] Level 1:colcon.colcon_core.shell:create_environment_hook('speed_control', 'ld_library_path_lib')
[1.512s] INFO:colcon.colcon_core.shell:Creating environment hook '/home/tux/ros2_ws/install/speed_control/share/speed_control/hook/ld_library_path_lib.ps1'
[1.514s] INFO:colcon.colcon_core.shell:Creating environment descriptor '/home/tux/ros2_ws/install/speed_control/share/speed_control/hook/ld_library_path_lib.dsv'
[1.515s] INFO:colcon.colcon_core.shell:Creating environment hook '/home/tux/ros2_ws/install/speed_control/share/speed_control/hook/ld_library_path_lib.sh'
[1.516s] Level 1:colcon.colcon_core.environment:checking '/home/tux/ros2_ws/install/speed_control/bin'
[1.516s] Level 1:colcon.colcon_core.environment:checking '/home/tux/ros2_ws/install/speed_control/lib/pkgconfig/speed_control.pc'
[1.516s] Level 1:colcon.colcon_core.environment:checking '/home/tux/ros2_ws/install/speed_control/lib/python3.10/site-packages'
[1.517s] Level 1:colcon.colcon_core.environment:checking '/home/tux/ros2_ws/install/speed_control/bin'
[1.517s] INFO:colcon.colcon_core.shell:Creating package script '/home/tux/ros2_ws/install/speed_control/share/speed_control/package.ps1'
[1.520s] INFO:colcon.colcon_core.shell:Creating package descriptor '/home/tux/ros2_ws/install/speed_control/share/speed_control/package.dsv'
[1.521s] INFO:colcon.colcon_core.shell:Creating package script '/home/tux/ros2_ws/install/speed_control/share/speed_control/package.sh'
[1.523s] INFO:colcon.colcon_core.shell:Creating package script '/home/tux/ros2_ws/install/speed_control/share/speed_control/package.bash'
[1.525s] INFO:colcon.colcon_core.shell:Creating package script '/home/tux/ros2_ws/install/speed_control/share/speed_control/package.zsh'
[1.527s] Level 1:colcon.colcon_core.environment:create_file_with_runtime_dependencies(/home/tux/ros2_ws/install/speed_control/share/colcon-core/packages/speed_control)
[1.529s] Level 1:colcon.colcon_core.environment:create_environment_scripts_only(self_interfaces)
[1.529s] DEBUG:colcon.colcon_core.event_handler.log_command:Invoked command in '/home/tux/ros2_ws/build/self_interfaces' returned '0': CMAKE_PREFIX_PATH=${CMAKE_PREFIX_PATH}:/opt/ros/humble /usr/bin/cmake --install /home/tux/ros2_ws/build/self_interfaces
[1.529s] Level 1:colcon.colcon_core.environment:checking '/home/tux/ros2_ws/install/self_interfaces' for CMake module files
[1.530s] Level 1:colcon.colcon_core.environment:checking '/home/tux/ros2_ws/install/self_interfaces' for CMake config files
[1.531s] Level 1:colcon.colcon_core.shell:create_environment_hook('self_interfaces', 'cmake_prefix_path')
[1.531s] INFO:colcon.colcon_core.shell:Creating environment hook '/home/tux/ros2_ws/install/self_interfaces/share/self_interfaces/hook/cmake_prefix_path.ps1'
[1.531s] INFO:colcon.colcon_core.shell:Creating environment descriptor '/home/tux/ros2_ws/install/self_interfaces/share/self_interfaces/hook/cmake_prefix_path.dsv'
[1.532s] INFO:colcon.colcon_core.shell:Creating environment hook '/home/tux/ros2_ws/install/self_interfaces/share/self_interfaces/hook/cmake_prefix_path.sh'
[1.532s] Level 1:colcon.colcon_core.environment:checking '/home/tux/ros2_ws/install/self_interfaces/lib'
[1.532s] Level 1:colcon.colcon_core.shell:create_environment_hook('self_interfaces', 'ld_library_path_lib')
[1.532s] INFO:colcon.colcon_core.shell:Creating environment hook '/home/tux/ros2_ws/install/self_interfaces/share/self_interfaces/hook/ld_library_path_lib.ps1'
[1.533s] INFO:colcon.colcon_core.shell:Creating environment descriptor '/home/tux/ros2_ws/install/self_interfaces/share/self_interfaces/hook/ld_library_path_lib.dsv'
[1.533s] INFO:colcon.colcon_core.shell:Creating environment hook '/home/tux/ros2_ws/install/self_interfaces/share/self_interfaces/hook/ld_library_path_lib.sh'
[1.533s] Level 1:colcon.colcon_core.environment:checking '/home/tux/ros2_ws/install/self_interfaces/bin'
[1.533s] Level 1:colcon.colcon_core.environment:checking '/home/tux/ros2_ws/install/self_interfaces/lib/pkgconfig/self_interfaces.pc'
[1.534s] Level 1:colcon.colcon_core.environment:checking '/home/tux/ros2_ws/install/self_interfaces/lib/python3.10/site-packages'
[1.534s] Level 1:colcon.colcon_core.environment:checking '/home/tux/ros2_ws/install/self_interfaces/bin'
[1.534s] INFO:colcon.colcon_core.shell:Creating package script '/home/tux/ros2_ws/install/self_interfaces/share/self_interfaces/package.ps1'
[1.535s] INFO:colcon.colcon_core.shell:Creating package descriptor '/home/tux/ros2_ws/install/self_interfaces/share/self_interfaces/package.dsv'
[1.535s] INFO:colcon.colcon_core.shell:Creating package script '/home/tux/ros2_ws/install/self_interfaces/share/self_interfaces/package.sh'
[1.536s] INFO:colcon.colcon_core.shell:Creating package script '/home/tux/ros2_ws/install/self_interfaces/share/self_interfaces/package.bash'
[1.536s] INFO:colcon.colcon_core.shell:Creating package script '/home/tux/ros2_ws/install/self_interfaces/share/self_interfaces/package.zsh'
[1.536s] Level 1:colcon.colcon_core.environment:create_file_with_runtime_dependencies(/home/tux/ros2_ws/install/self_interfaces/share/colcon-core/packages/self_interfaces)
[1.595s] Level 1:colcon.colcon_core.environment:create_environment_scripts_only(speed_control)
[1.595s] Level 1:colcon.colcon_core.environment:checking '/home/tux/ros2_ws/install/speed_control' for CMake module files
[1.596s] Level 1:colcon.colcon_core.environment:checking '/home/tux/ros2_ws/install/speed_control' for CMake config files
[1.596s] Level 1:colcon.colcon_core.shell:create_environment_hook('speed_control', 'cmake_prefix_path')
[1.596s] INFO:colcon.colcon_core.shell:Creating environment hook '/home/tux/ros2_ws/install/speed_control/share/speed_control/hook/cmake_prefix_path.ps1'
[1.597s] INFO:colcon.colcon_core.shell:Creating environment descriptor '/home/tux/ros2_ws/install/speed_control/share/speed_control/hook/cmake_prefix_path.dsv'
[1.597s] INFO:colcon.colcon_core.shell:Creating environment hook '/home/tux/ros2_ws/install/speed_control/share/speed_control/hook/cmake_prefix_path.sh'
[1.598s] Level 1:colcon.colcon_core.environment:checking '/home/tux/ros2_ws/install/speed_control/lib'
[1.598s] Level 1:colcon.colcon_core.shell:create_environment_hook('speed_control', 'ld_library_path_lib')
[1.598s] INFO:colcon.colcon_core.shell:Creating environment hook '/home/tux/ros2_ws/install/speed_control/share/speed_control/hook/ld_library_path_lib.ps1'
[1.598s] INFO:colcon.colcon_core.shell:Creating environment descriptor '/home/tux/ros2_ws/install/speed_control/share/speed_control/hook/ld_library_path_lib.dsv'
[1.598s] INFO:colcon.colcon_core.shell:Creating environment hook '/home/tux/ros2_ws/install/speed_control/share/speed_control/hook/ld_library_path_lib.sh'
[1.599s] Level 1:colcon.colcon_core.environment:checking '/home/tux/ros2_ws/install/speed_control/bin'
[1.599s] Level 1:colcon.colcon_core.environment:checking '/home/tux/ros2_ws/install/speed_control/lib/pkgconfig/speed_control.pc'
[1.599s] Level 1:colcon.colcon_core.environment:checking '/home/tux/ros2_ws/install/speed_control/lib/python3.10/site-packages'
[1.599s] Level 1:colcon.colcon_core.environment:checking '/home/tux/ros2_ws/install/speed_control/bin'
[1.600s] INFO:colcon.colcon_core.shell:Creating package script '/home/tux/ros2_ws/install/speed_control/share/speed_control/package.ps1'
[1.600s] INFO:colcon.colcon_core.shell:Creating package descriptor '/home/tux/ros2_ws/install/speed_control/share/speed_control/package.dsv'
[1.601s] INFO:colcon.colcon_core.shell:Creating package script '/home/tux/ros2_ws/install/speed_control/share/speed_control/package.sh'
[1.602s] INFO:colcon.colcon_core.shell:Creating package script '/home/tux/ros2_ws/install/speed_control/share/speed_control/package.bash'
[1.602s] INFO:colcon.colcon_core.shell:Creating package script '/home/tux/ros2_ws/install/speed_control/share/speed_control/package.zsh'
[1.602s] Level 1:colcon.colcon_core.environment:create_file_with_runtime_dependencies(/home/tux/ros2_ws/install/speed_control/share/colcon-core/packages/speed_control)
[1.603s] INFO:colcon.colcon_ros.task.ament_cmake.build:Building ROS package in '/home/tux/ros2_ws/src/speed_pub' with build type 'ament_cmake'
[1.604s] INFO:colcon.colcon_cmake.task.cmake.build:Building CMake package in '/home/tux/ros2_ws/src/speed_pub'
[1.605s] INFO:colcon.colcon_core.shell:Skip shell extension 'powershell' for command environment: Not usable outside of PowerShell
[1.605s] DEBUG:colcon.colcon_core.shell:Skip shell extension 'dsv' for command environment
[1.614s] Level 1:colcon.colcon_core.environment:create_environment_scripts_only(self_interfaces)
[1.614s] Level 1:colcon.colcon_core.environment:checking '/home/tux/ros2_ws/install/self_interfaces' for CMake module files
[1.615s] Level 1:colcon.colcon_core.environment:checking '/home/tux/ros2_ws/install/self_interfaces' for CMake config files
[1.616s] Level 1:colcon.colcon_core.shell:create_environment_hook('self_interfaces', 'cmake_prefix_path')
[1.617s] INFO:colcon.colcon_core.shell:Creating environment hook '/home/tux/ros2_ws/install/self_interfaces/share/self_interfaces/hook/cmake_prefix_path.ps1'
[1.617s] INFO:colcon.colcon_core.shell:Creating environment descriptor '/home/tux/ros2_ws/install/self_interfaces/share/self_interfaces/hook/cmake_prefix_path.dsv'
[1.617s] INFO:colcon.colcon_core.shell:Creating environment hook '/home/tux/ros2_ws/install/self_interfaces/share/self_interfaces/hook/cmake_prefix_path.sh'
[1.618s] Level 1:colcon.colcon_core.environment:checking '/home/tux/ros2_ws/install/self_interfaces/lib'
[1.618s] Level 1:colcon.colcon_core.shell:create_environment_hook('self_interfaces', 'ld_library_path_lib')
[1.619s] INFO:colcon.colcon_core.shell:Creating environment hook '/home/tux/ros2_ws/install/self_interfaces/share/self_interfaces/hook/ld_library_path_lib.ps1'
[1.619s] INFO:colcon.colcon_core.shell:Creating environment descriptor '/home/tux/ros2_ws/install/self_interfaces/share/self_interfaces/hook/ld_library_path_lib.dsv'
[1.620s] INFO:colcon.colcon_core.shell:Creating environment hook '/home/tux/ros2_ws/install/self_interfaces/share/self_interfaces/hook/ld_library_path_lib.sh'
[1.620s] Level 1:colcon.colcon_core.environment:checking '/home/tux/ros2_ws/install/self_interfaces/bin'
[1.621s] Level 1:colcon.colcon_core.environment:checking '/home/tux/ros2_ws/install/self_interfaces/lib/pkgconfig/self_interfaces.pc'
[1.621s] Level 1:colcon.colcon_core.environment:checking '/home/tux/ros2_ws/install/self_interfaces/lib/python3.10/site-packages'
[1.622s] Level 1:colcon.colcon_core.environment:checking '/home/tux/ros2_ws/install/self_interfaces/bin'
[1.623s] INFO:colcon.colcon_core.shell:Creating package script '/home/tux/ros2_ws/install/self_interfaces/share/self_interfaces/package.ps1'
[1.624s] INFO:colcon.colcon_core.shell:Creating package descriptor '/home/tux/ros2_ws/install/self_interfaces/share/self_interfaces/package.dsv'
[1.625s] INFO:colcon.colcon_core.shell:Creating package script '/home/tux/ros2_ws/install/self_interfaces/share/self_interfaces/package.sh'
[1.626s] INFO:colcon.colcon_core.shell:Creating package script '/home/tux/ros2_ws/install/self_interfaces/share/self_interfaces/package.bash'
[1.626s] INFO:colcon.colcon_core.shell:Creating package script '/home/tux/ros2_ws/install/self_interfaces/share/self_interfaces/package.zsh'
[1.627s] Level 1:colcon.colcon_core.environment:create_file_with_runtime_dependencies(/home/tux/ros2_ws/install/self_interfaces/share/colcon-core/packages/self_interfaces)
[1.634s] DEBUG:colcon.colcon_core.event_handler.log_command:Invoking command in '/home/tux/ros2_ws/build/speed_pub': CMAKE_PREFIX_PATH=/home/tux/ros2_ws/install/speed_control:/home/tux/ros2_ws/install/speed_pub:/home/tux/ros2_ws/install/self_interfaces:/opt/ros/humble /usr/bin/cmake --build /home/tux/ros2_ws/build/speed_pub -- -j12 -l12
[6.280s] DEBUG:colcon.colcon_core.event_handler.log_command:Invoked command in '/home/tux/ros2_ws/build/speed_pub' returned '0': CMAKE_PREFIX_PATH=/home/tux/ros2_ws/install/speed_control:/home/tux/ros2_ws/install/speed_pub:/home/tux/ros2_ws/install/self_interfaces:/opt/ros/humble /usr/bin/cmake --build /home/tux/ros2_ws/build/speed_pub -- -j12 -l12
[6.305s] DEBUG:colcon.colcon_core.event_handler.log_command:Invoking command in '/home/tux/ros2_ws/build/speed_pub': CMAKE_PREFIX_PATH=/home/tux/ros2_ws/install/speed_control:/home/tux/ros2_ws/install/speed_pub:/home/tux/ros2_ws/install/self_interfaces:/opt/ros/humble /usr/bin/cmake --install /home/tux/ros2_ws/build/speed_pub
[6.318s] Level 1:colcon.colcon_core.environment:create_environment_scripts_only(speed_pub)
[6.319s] Level 1:colcon.colcon_core.environment:checking '/home/tux/ros2_ws/install/speed_pub' for CMake module files
[6.319s] DEBUG:colcon.colcon_core.event_handler.log_command:Invoked command in '/home/tux/ros2_ws/build/speed_pub' returned '0': CMAKE_PREFIX_PATH=/home/tux/ros2_ws/install/speed_control:/home/tux/ros2_ws/install/speed_pub:/home/tux/ros2_ws/install/self_interfaces:/opt/ros/humble /usr/bin/cmake --install /home/tux/ros2_ws/build/speed_pub
[6.319s] Level 1:colcon.colcon_core.environment:checking '/home/tux/ros2_ws/install/speed_pub' for CMake config files
[6.320s] Level 1:colcon.colcon_core.shell:create_environment_hook('speed_pub', 'cmake_prefix_path')
[6.320s] INFO:colcon.colcon_core.shell:Creating environment hook '/home/tux/ros2_ws/install/speed_pub/share/speed_pub/hook/cmake_prefix_path.ps1'
[6.320s] INFO:colcon.colcon_core.shell:Creating environment descriptor '/home/tux/ros2_ws/install/speed_pub/share/speed_pub/hook/cmake_prefix_path.dsv'
[6.321s] INFO:colcon.colcon_core.shell:Creating environment hook '/home/tux/ros2_ws/install/speed_pub/share/speed_pub/hook/cmake_prefix_path.sh'
[6.321s] Level 1:colcon.colcon_core.environment:checking '/home/tux/ros2_ws/install/speed_pub/lib'
[6.321s] Level 1:colcon.colcon_core.environment:checking '/home/tux/ros2_ws/install/speed_pub/bin'
[6.321s] Level 1:colcon.colcon_core.environment:checking '/home/tux/ros2_ws/install/speed_pub/lib/pkgconfig/speed_pub.pc'
[6.321s] Level 1:colcon.colcon_core.environment:checking '/home/tux/ros2_ws/install/speed_pub/lib/python3.10/site-packages'
[6.321s] Level 1:colcon.colcon_core.environment:checking '/home/tux/ros2_ws/install/speed_pub/bin'
[6.322s] INFO:colcon.colcon_core.shell:Creating package script '/home/tux/ros2_ws/install/speed_pub/share/speed_pub/package.ps1'
[6.322s] INFO:colcon.colcon_core.shell:Creating package descriptor '/home/tux/ros2_ws/install/speed_pub/share/speed_pub/package.dsv'
[6.322s] INFO:colcon.colcon_core.shell:Creating package script '/home/tux/ros2_ws/install/speed_pub/share/speed_pub/package.sh'
[6.322s] INFO:colcon.colcon_core.shell:Creating package script '/home/tux/ros2_ws/install/speed_pub/share/speed_pub/package.bash'
[6.323s] INFO:colcon.colcon_core.shell:Creating package script '/home/tux/ros2_ws/install/speed_pub/share/speed_pub/package.zsh'
[6.323s] Level 1:colcon.colcon_core.environment:create_file_with_runtime_dependencies(/home/tux/ros2_ws/install/speed_pub/share/colcon-core/packages/speed_pub)
[6.349s] Level 1:colcon.colcon_core.environment:create_environment_scripts_only(speed_pub)
[6.350s] Level 1:colcon.colcon_core.environment:checking '/home/tux/ros2_ws/install/speed_pub' for CMake module files
[6.350s] Level 1:colcon.colcon_core.environment:checking '/home/tux/ros2_ws/install/speed_pub' for CMake config files
[6.350s] Level 1:colcon.colcon_core.shell:create_environment_hook('speed_pub', 'cmake_prefix_path')
[6.351s] INFO:colcon.colcon_core.shell:Creating environment hook '/home/tux/ros2_ws/install/speed_pub/share/speed_pub/hook/cmake_prefix_path.ps1'
[6.351s] INFO:colcon.colcon_core.shell:Creating environment descriptor '/home/tux/ros2_ws/install/speed_pub/share/speed_pub/hook/cmake_prefix_path.dsv'
[6.351s] INFO:colcon.colcon_core.shell:Creating environment hook '/home/tux/ros2_ws/install/speed_pub/share/speed_pub/hook/cmake_prefix_path.sh'
[6.352s] Level 1:colcon.colcon_core.environment:checking '/home/tux/ros2_ws/install/speed_pub/lib'
[6.352s] Level 1:colcon.colcon_core.environment:checking '/home/tux/ros2_ws/install/speed_pub/bin'
[6.352s] Level 1:colcon.colcon_core.environment:checking '/home/tux/ros2_ws/install/speed_pub/lib/pkgconfig/speed_pub.pc'
[6.352s] Level 1:colcon.colcon_core.environment:checking '/home/tux/ros2_ws/install/speed_pub/lib/python3.10/site-packages'
[6.352s] Level 1:colcon.colcon_core.environment:checking '/home/tux/ros2_ws/install/speed_pub/bin'
[6.352s] INFO:colcon.colcon_core.shell:Creating package script '/home/tux/ros2_ws/install/speed_pub/share/speed_pub/package.ps1'
[6.353s] INFO:colcon.colcon_core.shell:Creating package descriptor '/home/tux/ros2_ws/install/speed_pub/share/speed_pub/package.dsv'
[6.353s] INFO:colcon.colcon_core.shell:Creating package script '/home/tux/ros2_ws/install/speed_pub/share/speed_pub/package.sh'
[6.354s] INFO:colcon.colcon_core.shell:Creating package script '/home/tux/ros2_ws/install/speed_pub/share/speed_pub/package.bash'
[6.354s] INFO:colcon.colcon_core.shell:Creating package script '/home/tux/ros2_ws/install/speed_pub/share/speed_pub/package.zsh'
[6.354s] Level 1:colcon.colcon_core.environment:create_file_with_runtime_dependencies(/home/tux/ros2_ws/install/speed_pub/share/colcon-core/packages/speed_pub)
[6.354s] DEBUG:colcon.colcon_parallel_executor.executor.parallel:closing loop
[6.355s] DEBUG:colcon.colcon_parallel_executor.executor.parallel:loop closed
[6.355s] DEBUG:colcon.colcon_parallel_executor.executor.parallel:run_until_complete finished with '0'
[6.355s] DEBUG:colcon.colcon_core.event_reactor:joining thread
[6.364s] INFO:colcon.colcon_core.plugin_system:Skipping extension 'colcon_notification.desktop_notification.terminal_notifier': Not used on non-Darwin systems
[6.364s] INFO:colcon.colcon_core.plugin_system:Skipping extension 'colcon_notification.desktop_notification.win32': Not used on non-Windows systems
[6.364s] INFO:colcon.colcon_notification.desktop_notification:Sending desktop notification using 'notify2'
[6.422s] DEBUG:colcon.colcon_core.event_reactor:joined thread
[6.422s] INFO:colcon.colcon_core.shell:Creating prefix script '/home/tux/ros2_ws/install/local_setup.ps1'
[6.423s] INFO:colcon.colcon_core.shell:Creating prefix util module '/home/tux/ros2_ws/install/_local_setup_util_ps1.py'
[6.424s] INFO:colcon.colcon_core.shell:Creating prefix chain script '/home/tux/ros2_ws/install/setup.ps1'
[6.425s] INFO:colcon.colcon_core.shell:Creating prefix script '/home/tux/ros2_ws/install/local_setup.sh'
[6.426s] INFO:colcon.colcon_core.shell:Creating prefix util module '/home/tux/ros2_ws/install/_local_setup_util_sh.py'
[6.426s] INFO:colcon.colcon_core.shell:Creating prefix chain script '/home/tux/ros2_ws/install/setup.sh'
[6.427s] INFO:colcon.colcon_core.shell:Creating prefix script '/home/tux/ros2_ws/install/local_setup.bash'
[6.428s] INFO:colcon.colcon_core.shell:Creating prefix chain script '/home/tux/ros2_ws/install/setup.bash'
[6.429s] INFO:colcon.colcon_core.shell:Creating prefix script '/home/tux/ros2_ws/install/local_setup.zsh'
[6.429s] INFO:colcon.colcon_core.shell:Creating prefix chain script '/home/tux/ros2_ws/install/setup.zsh'
