[  9%] Built target self_interfaces__cpp
[ 12%] Built target self_interfaces__rosidl_generator_c
[ 12%] Built target ament_cmake_python_copy_self_interfaces
[ 22%] Built target self_interfaces__rosidl_typesupport_fastrtps_c
[ 32%] Built target self_interfaces__rosidl_typesupport_introspection_c
[ 45%] Built target self_interfaces__rosidl_typesupport_introspection_cpp
[ 51%] Built target self_interfaces__rosidl_typesupport_fastrtps_cpp
[ 61%] Built target self_interfaces__rosidl_typesupport_cpp
[ 70%] Built target self_interfaces__rosidl_typesupport_c
[ 70%] Built target self_interfaces
[ 74%] Built target self_interfaces__py
[ 80%] Built target self_interfaces__rosidl_generator_py
[100%] Built target self_interfaces__rosidl_typesupport_c__pyext
[100%] Built target self_interfaces__rosidl_typesupport_fastrtps_c__pyext
[100%] Built target self_interfaces__rosidl_typesupport_introspection_c__pyext
running egg_info
writing self_interfaces.egg-info/PKG-INFO
writing dependency_links to self_interfaces.egg-info/dependency_links.txt
writing top-level names to self_interfaces.egg-info/top_level.txt
reading manifest file 'self_interfaces.egg-info/SOURCES.txt'
writing manifest file 'self_interfaces.egg-info/SOURCES.txt'
[100%] Built target ament_cmake_python_build_self_interfaces_egg
