[0.016s] Invoking command in '/home/tux/ros2_ws/build/self_interfaces': CMAKE_PREFIX_PATH=/opt/ros/humble /usr/bin/cmake --build /home/tux/ros2_ws/build/self_interfaces -- -j12 -l12
[0.069s] [  9%] Built target self_interfaces__cpp
[0.070s] [ 12%] Built target self_interfaces__rosidl_generator_c
[0.087s] [ 12%] Built target ament_cmake_python_copy_self_interfaces
[0.101s] [ 22%] Built target self_interfaces__rosidl_typesupport_fastrtps_c
[0.116s] [ 32%] Built target self_interfaces__rosidl_typesupport_introspection_c
[0.116s] [ 45%] Built target self_interfaces__rosidl_typesupport_introspection_cpp
[0.117s] [ 51%] Built target self_interfaces__rosidl_typesupport_fastrtps_cpp
[0.117s] [ 61%] Built target self_interfaces__rosidl_typesupport_cpp
[0.117s] [ 70%] Built target self_interfaces__rosidl_typesupport_c
[0.140s] [ 70%] Built target self_interfaces
[0.159s] [ 74%] Built target self_interfaces__py
[0.182s] [ 80%] Built target self_interfaces__rosidl_generator_py
[0.213s] [100%] Built target self_interfaces__rosidl_typesupport_c__pyext
[0.213s] [100%] Built target self_interfaces__rosidl_typesupport_fastrtps_c__pyext
[0.213s] [100%] Built target self_interfaces__rosidl_typesupport_introspection_c__pyext
[0.430s] running egg_info
[0.431s] writing self_interfaces.egg-info/PKG-INFO
[0.432s] writing dependency_links to self_interfaces.egg-info/dependency_links.txt
[0.432s] writing top-level names to self_interfaces.egg-info/top_level.txt
[0.435s] reading manifest file 'self_interfaces.egg-info/SOURCES.txt'
[0.436s] writing manifest file 'self_interfaces.egg-info/SOURCES.txt'
[0.459s] [100%] Built target ament_cmake_python_build_self_interfaces_egg
