[0.014s] Invoking command in '/home/tux/ros2_ws/build/speed_control': CMAKE_PREFIX_PATH=${CMAKE_PREFIX_PATH}:/opt/ros/humble /usr/bin/cmake --build /home/tux/ros2_ws/build/speed_control -- -j12 -l12
[0.076s] [  9%] Built target speed_control__cpp
[0.076s] [ 12%] Built target speed_control__rosidl_generator_c
[0.095s] [ 12%] Built target ament_cmake_python_copy_speed_control
[0.124s] [ 32%] Built target speed_control__rosidl_typesupport_fastrtps_c
[0.124s] [ 32%] Built target speed_control__rosidl_typesupport_cpp
[0.125s] [ 61%] Built target speed_control__rosidl_typesupport_c
[0.126s] [ 61%] Built target speed_control__rosidl_typesupport_introspection_c
[0.126s] [ 70%] Built target speed_control__rosidl_typesupport_introspection_cpp
[0.126s] [ 48%] Built target speed_control__rosidl_typesupport_fastrtps_cpp
[0.159s] [ 70%] Built target speed_control
[0.186s] [ 74%] Built target speed_control__py
[0.220s] [ 80%] Built target speed_control__rosidl_generator_py
[0.259s] [ 87%] Built target speed_control__rosidl_typesupport_fastrtps_c__pyext
[0.260s] [100%] Built target speed_control__rosidl_typesupport_introspection_c__pyext
[0.260s] [100%] Built target speed_control__rosidl_typesupport_c__pyext
[0.459s] running egg_info
[0.460s] writing speed_control.egg-info/PKG-INFO
[0.460s] writing dependency_links to speed_control.egg-info/dependency_links.txt
[0.461s] writing top-level names to speed_control.egg-info/top_level.txt
[0.463s] reading manifest file 'speed_control.egg-info/SOURCES.txt'
[0.464s] writing manifest file 'speed_control.egg-info/SOURCES.txt'
[0.501s] [100%] Built target ament_cmake_python_build_speed_control_egg
[0.514s] Invoked command in '/home/tux/ros2_ws/build/speed_control' returned '0': CMAKE_PREFIX_PATH=${CMAKE_PREFIX_PATH}:/opt/ros/humble /usr/bin/cmake --build /home/tux/ros2_ws/build/speed_control -- -j12 -l12
[0.600s] Invoking command in '/home/tux/ros2_ws/build/speed_control': CMAKE_PREFIX_PATH=${CMAKE_PREFIX_PATH}:/opt/ros/humble /usr/bin/cmake --install /home/tux/ros2_ws/build/speed_control
[0.610s] -- Install configuration: ""
[0.611s] -- Up-to-date: /home/tux/ros2_ws/install/speed_control/share/ament_index/resource_index/rosidl_interfaces/speed_control
[0.611s] -- Up-to-date: /home/tux/ros2_ws/install/speed_control/include/speed_control/speed_control
[0.611s] -- Up-to-date: /home/tux/ros2_ws/install/speed_control/include/speed_control/speed_control/msg
[0.611s] -- Up-to-date: /home/tux/ros2_ws/install/speed_control/include/speed_control/speed_control/msg/speed_control.h
[0.611s] -- Up-to-date: /home/tux/ros2_ws/install/speed_control/include/speed_control/speed_control/msg/detail
[0.611s] -- Up-to-date: /home/tux/ros2_ws/install/speed_control/include/speed_control/speed_control/msg/detail/speed_control__type_support.h
[0.612s] -- Up-to-date: /home/tux/ros2_ws/install/speed_control/include/speed_control/speed_control/msg/detail/speed_control__struct.h
[0.612s] -- Up-to-date: /home/tux/ros2_ws/install/speed_control/include/speed_control/speed_control/msg/detail/speed_control__functions.c
[0.613s] -- Up-to-date: /home/tux/ros2_ws/install/speed_control/include/speed_control/speed_control/msg/detail/speed_control__functions.h
[0.614s] -- Up-to-date: /home/tux/ros2_ws/install/speed_control/include/speed_control/speed_control/msg/rosidl_generator_c__visibility_control.h
[0.615s] -- Up-to-date: /home/tux/ros2_ws/install/speed_control/share/speed_control/environment/library_path.sh
[0.615s] -- Up-to-date: /home/tux/ros2_ws/install/speed_control/share/speed_control/environment/library_path.dsv
[0.615s] -- Up-to-date: /home/tux/ros2_ws/install/speed_control/lib/libspeed_control__rosidl_generator_c.so
[0.615s] -- Up-to-date: /home/tux/ros2_ws/install/speed_control/include/speed_control/speed_control
[0.615s] -- Up-to-date: /home/tux/ros2_ws/install/speed_control/include/speed_control/speed_control/msg
[0.615s] -- Up-to-date: /home/tux/ros2_ws/install/speed_control/include/speed_control/speed_control/msg/rosidl_typesupport_fastrtps_c__visibility_control.h
[0.615s] -- Up-to-date: /home/tux/ros2_ws/install/speed_control/include/speed_control/speed_control/msg/detail
[0.616s] -- Up-to-date: /home/tux/ros2_ws/install/speed_control/include/speed_control/speed_control/msg/detail/speed_control__rosidl_typesupport_fastrtps_c.h
[0.616s] -- Up-to-date: /home/tux/ros2_ws/install/speed_control/lib/libspeed_control__rosidl_typesupport_fastrtps_c.so
[0.616s] -- Up-to-date: /home/tux/ros2_ws/install/speed_control/include/speed_control/speed_control
[0.616s] -- Up-to-date: /home/tux/ros2_ws/install/speed_control/include/speed_control/speed_control/msg
[0.616s] -- Up-to-date: /home/tux/ros2_ws/install/speed_control/include/speed_control/speed_control/msg/detail
[0.616s] -- Up-to-date: /home/tux/ros2_ws/install/speed_control/include/speed_control/speed_control/msg/detail/speed_control__type_support.c
[0.617s] -- Up-to-date: /home/tux/ros2_ws/install/speed_control/include/speed_control/speed_control/msg/detail/speed_control__rosidl_typesupport_introspection_c.h
[0.617s] -- Up-to-date: /home/tux/ros2_ws/install/speed_control/include/speed_control/speed_control/msg/rosidl_typesupport_introspection_c__visibility_control.h
[0.617s] -- Up-to-date: /home/tux/ros2_ws/install/speed_control/lib/libspeed_control__rosidl_typesupport_introspection_c.so
[0.618s] -- Up-to-date: /home/tux/ros2_ws/install/speed_control/lib/libspeed_control__rosidl_typesupport_c.so
[0.618s] -- Up-to-date: /home/tux/ros2_ws/install/speed_control/include/speed_control/speed_control
[0.618s] -- Up-to-date: /home/tux/ros2_ws/install/speed_control/include/speed_control/speed_control/msg
[0.618s] -- Up-to-date: /home/tux/ros2_ws/install/speed_control/include/speed_control/speed_control/msg/speed_control.hpp
[0.618s] -- Up-to-date: /home/tux/ros2_ws/install/speed_control/include/speed_control/speed_control/msg/detail
[0.618s] -- Up-to-date: /home/tux/ros2_ws/install/speed_control/include/speed_control/speed_control/msg/detail/speed_control__struct.hpp
[0.618s] -- Up-to-date: /home/tux/ros2_ws/install/speed_control/include/speed_control/speed_control/msg/detail/speed_control__traits.hpp
[0.618s] -- Up-to-date: /home/tux/ros2_ws/install/speed_control/include/speed_control/speed_control/msg/detail/speed_control__builder.hpp
[0.618s] -- Up-to-date: /home/tux/ros2_ws/install/speed_control/include/speed_control/speed_control
[0.618s] -- Up-to-date: /home/tux/ros2_ws/install/speed_control/include/speed_control/speed_control/msg
[0.619s] -- Up-to-date: /home/tux/ros2_ws/install/speed_control/include/speed_control/speed_control/msg/rosidl_typesupport_fastrtps_cpp__visibility_control.h
[0.619s] -- Up-to-date: /home/tux/ros2_ws/install/speed_control/include/speed_control/speed_control/msg/detail
[0.619s] -- Up-to-date: /home/tux/ros2_ws/install/speed_control/include/speed_control/speed_control/msg/detail/dds_fastrtps
[0.619s] -- Up-to-date: /home/tux/ros2_ws/install/speed_control/include/speed_control/speed_control/msg/detail/speed_control__rosidl_typesupport_fastrtps_cpp.hpp
[0.619s] -- Up-to-date: /home/tux/ros2_ws/install/speed_control/lib/libspeed_control__rosidl_typesupport_fastrtps_cpp.so
[0.619s] -- Up-to-date: /home/tux/ros2_ws/install/speed_control/include/speed_control/speed_control
[0.619s] -- Up-to-date: /home/tux/ros2_ws/install/speed_control/include/speed_control/speed_control/msg
[0.619s] -- Up-to-date: /home/tux/ros2_ws/install/speed_control/include/speed_control/speed_control/msg/detail
[0.619s] -- Up-to-date: /home/tux/ros2_ws/install/speed_control/include/speed_control/speed_control/msg/detail/speed_control__rosidl_typesupport_introspection_cpp.hpp
[0.619s] -- Up-to-date: /home/tux/ros2_ws/install/speed_control/include/speed_control/speed_control/msg/detail/speed_control__type_support.cpp
[0.619s] -- Up-to-date: /home/tux/ros2_ws/install/speed_control/lib/libspeed_control__rosidl_typesupport_introspection_cpp.so
[0.619s] -- Up-to-date: /home/tux/ros2_ws/install/speed_control/lib/libspeed_control__rosidl_typesupport_cpp.so
[0.619s] -- Up-to-date: /home/tux/ros2_ws/install/speed_control/share/speed_control/environment/pythonpath.sh
[0.619s] -- Up-to-date: /home/tux/ros2_ws/install/speed_control/share/speed_control/environment/pythonpath.dsv
[0.619s] -- Up-to-date: /home/tux/ros2_ws/install/speed_control/local/lib/python3.10/dist-packages/speed_control-0.0.0-py3.10.egg-info
[0.619s] -- Installing: /home/tux/ros2_ws/install/speed_control/local/lib/python3.10/dist-packages/speed_control-0.0.0-py3.10.egg-info/SOURCES.txt
[0.619s] -- Installing: /home/tux/ros2_ws/install/speed_control/local/lib/python3.10/dist-packages/speed_control-0.0.0-py3.10.egg-info/top_level.txt
[0.619s] -- Installing: /home/tux/ros2_ws/install/speed_control/local/lib/python3.10/dist-packages/speed_control-0.0.0-py3.10.egg-info/PKG-INFO
[0.620s] -- Installing: /home/tux/ros2_ws/install/speed_control/local/lib/python3.10/dist-packages/speed_control-0.0.0-py3.10.egg-info/dependency_links.txt
[0.620s] -- Up-to-date: /home/tux/ros2_ws/install/speed_control/local/lib/python3.10/dist-packages/speed_control
[0.620s] -- Up-to-date: /home/tux/ros2_ws/install/speed_control/local/lib/python3.10/dist-packages/speed_control/speed_control_s__rosidl_typesupport_fastrtps_c.cpython-310-x86_64-linux-gnu.so
[0.620s] -- Up-to-date: /home/tux/ros2_ws/install/speed_control/local/lib/python3.10/dist-packages/speed_control/__init__.py
[0.620s] -- Up-to-date: /home/tux/ros2_ws/install/speed_control/local/lib/python3.10/dist-packages/speed_control/msg
[0.620s] -- Up-to-date: /home/tux/ros2_ws/install/speed_control/local/lib/python3.10/dist-packages/speed_control/msg/__init__.py
[0.620s] -- Up-to-date: /home/tux/ros2_ws/install/speed_control/local/lib/python3.10/dist-packages/speed_control/msg/_speed_control.py
[0.620s] -- Up-to-date: /home/tux/ros2_ws/install/speed_control/local/lib/python3.10/dist-packages/speed_control/msg/_speed_control_s.c
[0.620s] -- Up-to-date: /home/tux/ros2_ws/install/speed_control/local/lib/python3.10/dist-packages/speed_control/_speed_control_s.ep.rosidl_typesupport_introspection_c.c
[0.620s] -- Up-to-date: /home/tux/ros2_ws/install/speed_control/local/lib/python3.10/dist-packages/speed_control/speed_control_s__rosidl_typesupport_introspection_c.cpython-310-x86_64-linux-gnu.so
[0.621s] -- Up-to-date: /home/tux/ros2_ws/install/speed_control/local/lib/python3.10/dist-packages/speed_control/_speed_control_s.ep.rosidl_typesupport_c.c
[0.621s] -- Up-to-date: /home/tux/ros2_ws/install/speed_control/local/lib/python3.10/dist-packages/speed_control/libspeed_control__rosidl_generator_py.so
[0.621s] -- Up-to-date: /home/tux/ros2_ws/install/speed_control/local/lib/python3.10/dist-packages/speed_control/_speed_control_s.ep.rosidl_typesupport_fastrtps_c.c
[0.621s] -- Up-to-date: /home/tux/ros2_ws/install/speed_control/local/lib/python3.10/dist-packages/speed_control/speed_control_s__rosidl_typesupport_c.cpython-310-x86_64-linux-gnu.so
[0.660s] Listing '/home/tux/ros2_ws/install/speed_control/local/lib/python3.10/dist-packages/speed_control'...
[0.660s] Listing '/home/tux/ros2_ws/install/speed_control/local/lib/python3.10/dist-packages/speed_control/msg'...
[0.668s] -- Up-to-date: /home/tux/ros2_ws/install/speed_control/local/lib/python3.10/dist-packages/speed_control/speed_control_s__rosidl_typesupport_fastrtps_c.cpython-310-x86_64-linux-gnu.so
[0.669s] -- Up-to-date: /home/tux/ros2_ws/install/speed_control/local/lib/python3.10/dist-packages/speed_control/speed_control_s__rosidl_typesupport_introspection_c.cpython-310-x86_64-linux-gnu.so
[0.669s] -- Up-to-date: /home/tux/ros2_ws/install/speed_control/local/lib/python3.10/dist-packages/speed_control/speed_control_s__rosidl_typesupport_c.cpython-310-x86_64-linux-gnu.so
[0.670s] -- Up-to-date: /home/tux/ros2_ws/install/speed_control/lib/libspeed_control__rosidl_generator_py.so
[0.670s] -- Up-to-date: /home/tux/ros2_ws/install/speed_control/share/speed_control/msg/SpeedControl.idl
[0.671s] -- Up-to-date: /home/tux/ros2_ws/install/speed_control/share/speed_control/msg/SpeedControl.msg
[0.671s] -- Up-to-date: /home/tux/ros2_ws/install/speed_control/share/ament_index/resource_index/package_run_dependencies/speed_control
[0.671s] -- Up-to-date: /home/tux/ros2_ws/install/speed_control/share/ament_index/resource_index/parent_prefix_path/speed_control
[0.671s] -- Up-to-date: /home/tux/ros2_ws/install/speed_control/share/speed_control/environment/ament_prefix_path.sh
[0.671s] -- Up-to-date: /home/tux/ros2_ws/install/speed_control/share/speed_control/environment/ament_prefix_path.dsv
[0.672s] -- Up-to-date: /home/tux/ros2_ws/install/speed_control/share/speed_control/environment/path.sh
[0.672s] -- Up-to-date: /home/tux/ros2_ws/install/speed_control/share/speed_control/environment/path.dsv
[0.672s] -- Up-to-date: /home/tux/ros2_ws/install/speed_control/share/speed_control/local_setup.bash
[0.672s] -- Up-to-date: /home/tux/ros2_ws/install/speed_control/share/speed_control/local_setup.sh
[0.672s] -- Up-to-date: /home/tux/ros2_ws/install/speed_control/share/speed_control/local_setup.zsh
[0.672s] -- Up-to-date: /home/tux/ros2_ws/install/speed_control/share/speed_control/local_setup.dsv
[0.673s] -- Installing: /home/tux/ros2_ws/install/speed_control/share/speed_control/package.dsv
[0.673s] -- Up-to-date: /home/tux/ros2_ws/install/speed_control/share/ament_index/resource_index/packages/speed_control
[0.673s] -- Up-to-date: /home/tux/ros2_ws/install/speed_control/share/speed_control/cmake/export_speed_control__rosidl_generator_cExport.cmake
[0.674s] -- Up-to-date: /home/tux/ros2_ws/install/speed_control/share/speed_control/cmake/export_speed_control__rosidl_generator_cExport-noconfig.cmake
[0.674s] -- Up-to-date: /home/tux/ros2_ws/install/speed_control/share/speed_control/cmake/export_speed_control__rosidl_typesupport_fastrtps_cExport.cmake
[0.674s] -- Up-to-date: /home/tux/ros2_ws/install/speed_control/share/speed_control/cmake/export_speed_control__rosidl_typesupport_fastrtps_cExport-noconfig.cmake
[0.674s] -- Up-to-date: /home/tux/ros2_ws/install/speed_control/share/speed_control/cmake/speed_control__rosidl_typesupport_introspection_cExport.cmake
[0.674s] -- Up-to-date: /home/tux/ros2_ws/install/speed_control/share/speed_control/cmake/speed_control__rosidl_typesupport_introspection_cExport-noconfig.cmake
[0.675s] -- Up-to-date: /home/tux/ros2_ws/install/speed_control/share/speed_control/cmake/speed_control__rosidl_typesupport_cExport.cmake
[0.675s] -- Up-to-date: /home/tux/ros2_ws/install/speed_control/share/speed_control/cmake/speed_control__rosidl_typesupport_cExport-noconfig.cmake
[0.675s] -- Up-to-date: /home/tux/ros2_ws/install/speed_control/share/speed_control/cmake/export_speed_control__rosidl_generator_cppExport.cmake
[0.675s] -- Up-to-date: /home/tux/ros2_ws/install/speed_control/share/speed_control/cmake/export_speed_control__rosidl_typesupport_fastrtps_cppExport.cmake
[0.675s] -- Up-to-date: /home/tux/ros2_ws/install/speed_control/share/speed_control/cmake/export_speed_control__rosidl_typesupport_fastrtps_cppExport-noconfig.cmake
[0.675s] -- Up-to-date: /home/tux/ros2_ws/install/speed_control/share/speed_control/cmake/speed_control__rosidl_typesupport_introspection_cppExport.cmake
[0.676s] -- Up-to-date: /home/tux/ros2_ws/install/speed_control/share/speed_control/cmake/speed_control__rosidl_typesupport_introspection_cppExport-noconfig.cmake
[0.676s] -- Up-to-date: /home/tux/ros2_ws/install/speed_control/share/speed_control/cmake/speed_control__rosidl_typesupport_cppExport.cmake
[0.676s] -- Up-to-date: /home/tux/ros2_ws/install/speed_control/share/speed_control/cmake/speed_control__rosidl_typesupport_cppExport-noconfig.cmake
[0.676s] -- Up-to-date: /home/tux/ros2_ws/install/speed_control/share/speed_control/cmake/export_speed_control__rosidl_generator_pyExport.cmake
[0.676s] -- Up-to-date: /home/tux/ros2_ws/install/speed_control/share/speed_control/cmake/export_speed_control__rosidl_generator_pyExport-noconfig.cmake
[0.676s] -- Up-to-date: /home/tux/ros2_ws/install/speed_control/share/speed_control/cmake/rosidl_cmake-extras.cmake
[0.676s] -- Up-to-date: /home/tux/ros2_ws/install/speed_control/share/speed_control/cmake/ament_cmake_export_include_directories-extras.cmake
[0.676s] -- Up-to-date: /home/tux/ros2_ws/install/speed_control/share/speed_control/cmake/ament_cmake_export_libraries-extras.cmake
[0.676s] -- Up-to-date: /home/tux/ros2_ws/install/speed_control/share/speed_control/cmake/ament_cmake_export_targets-extras.cmake
[0.676s] -- Up-to-date: /home/tux/ros2_ws/install/speed_control/share/speed_control/cmake/rosidl_cmake_export_typesupport_targets-extras.cmake
[0.677s] -- Up-to-date: /home/tux/ros2_ws/install/speed_control/share/speed_control/cmake/ament_cmake_export_dependencies-extras.cmake
[0.677s] -- Up-to-date: /home/tux/ros2_ws/install/speed_control/share/speed_control/cmake/rosidl_cmake_export_typesupport_libraries-extras.cmake
[0.677s] -- Up-to-date: /home/tux/ros2_ws/install/speed_control/share/speed_control/cmake/speed_controlConfig.cmake
[0.677s] -- Up-to-date: /home/tux/ros2_ws/install/speed_control/share/speed_control/cmake/speed_controlConfig-version.cmake
[0.677s] -- Up-to-date: /home/tux/ros2_ws/install/speed_control/share/speed_control/package.xml
[0.680s] Invoked command in '/home/tux/ros2_ws/build/speed_control' returned '0': CMAKE_PREFIX_PATH=${CMAKE_PREFIX_PATH}:/opt/ros/humble /usr/bin/cmake --install /home/tux/ros2_ws/build/speed_control
