[0.013s] Invoking command in '/home/tux/ros2_ws/build/speed_pub': CMAKE_PREFIX_PATH=/home/tux/ros2_ws/install/self_interfaces:/home/tux/ros2_ws/install/speed_pub:/opt/ros/humble /usr/bin/cmake --build /home/tux/ros2_ws/build/speed_pub -- -j12 -l12
[0.039s] -- Found ament_cmake: 1.3.9 (/opt/ros/humble/share/ament_cmake/cmake)
[0.206s] [31mCMake Error at CMakeLists.txt:10 (find_package):
[0.206s]   By not providing "Findspeed_control.cmake" in CMAKE_MODULE_PATH this
[0.206s]   project has asked CMake to find a package configuration file provided by
[0.206s]   "speed_control", but CMake did not find one.
[0.206s] 
[0.206s]   Could not find a package configuration file provided by "speed_control"
[0.206s]   with any of the following names:
[0.206s] 
[0.206s]     speed_controlConfig.cmake
[0.206s]     speed_control-config.cmake
[0.206s] 
[0.206s]   Add the installation prefix of "speed_control" to CMAKE_PREFIX_PATH or set
[0.206s]   "speed_control_DIR" to a directory containing one of the above files.  If
[0.206s]   "speed_control" provides a separate development package or SDK, be sure it
[0.207s]   has been installed.
[0.207s] 
[0.207s] [0m
[0.207s] -- Configuring incomplete, errors occurred!
[0.207s] See also "/home/tux/ros2_ws/build/speed_pub/CMakeFiles/CMakeOutput.log".
[0.208s] gmake: *** [Makefile:267：cmake_check_build_system] 错误 1
[0.210s] Invoked command in '/home/tux/ros2_ws/build/speed_pub' returned '2': CMAKE_PREFIX_PATH=/home/tux/ros2_ws/install/self_interfaces:/home/tux/ros2_ws/install/speed_pub:/opt/ros/humble /usr/bin/cmake --build /home/tux/ros2_ws/build/speed_pub -- -j12 -l12
