[0.010s] Invoking command in '/home/tux/ros2_ws/build/speed_pub': AMENT_PREFIX_PATH=/home/tux/ros2_ws/install/self_interfaces:${AMENT_PREFIX_PATH} CMAKE_PREFIX_PATH=/home/tux/ros2_ws/install/self_interfaces:/opt/ros/humble LD_LIBRARY_PATH=/home/tux/ros2_ws/install/self_interfaces/lib:${LD_LIBRARY_PATH} PYTHONPATH=/home/tux/ros2_ws/install/self_interfaces/local/lib/python3.10/dist-packages:${PYTHONPATH} /usr/bin/cmake --build /home/tux/ros2_ws/build/speed_pub -- -j12 -l12
[0.051s] [35m[1mConsolidate compiler generated dependencies of target speed_publisher[0m
[0.062s] [ 50%] [32mBuilding CXX object CMakeFiles/speed_publisher.dir/src/speed_publisher.cpp.o[0m
[2.441s] [100%] [32m[1mLinking CXX executable speed_publisher[0m
[2.540s] [100%] Built target speed_publisher
[2.550s] Invoked command in '/home/tux/ros2_ws/build/speed_pub' returned '0': AMENT_PREFIX_PATH=/home/tux/ros2_ws/install/self_interfaces:${AMENT_PREFIX_PATH} CMAKE_PREFIX_PATH=/home/tux/ros2_ws/install/self_interfaces:/opt/ros/humble LD_LIBRARY_PATH=/home/tux/ros2_ws/install/self_interfaces/lib:${LD_LIBRARY_PATH} PYTHONPATH=/home/tux/ros2_ws/install/self_interfaces/local/lib/python3.10/dist-packages:${PYTHONPATH} /usr/bin/cmake --build /home/tux/ros2_ws/build/speed_pub -- -j12 -l12
[2.572s] Invoking command in '/home/tux/ros2_ws/build/speed_pub': AMENT_PREFIX_PATH=/home/tux/ros2_ws/install/self_interfaces:${AMENT_PREFIX_PATH} CMAKE_PREFIX_PATH=/home/tux/ros2_ws/install/self_interfaces:/opt/ros/humble LD_LIBRARY_PATH=/home/tux/ros2_ws/install/self_interfaces/lib:${LD_LIBRARY_PATH} PYTHONPATH=/home/tux/ros2_ws/install/self_interfaces/local/lib/python3.10/dist-packages:${PYTHONPATH} /usr/bin/cmake --install /home/tux/ros2_ws/build/speed_pub
[2.578s] -- Install configuration: ""
[2.578s] -- Installing: /home/tux/ros2_ws/install/speed_pub/lib/speed_pub/speed_publisher
[2.579s] -- Set runtime path of "/home/tux/ros2_ws/install/speed_pub/lib/speed_pub/speed_publisher" to ""
[2.579s] -- Installing: /home/tux/ros2_ws/install/speed_pub/share/ament_index/resource_index/package_run_dependencies/speed_pub
[2.579s] -- Installing: /home/tux/ros2_ws/install/speed_pub/share/ament_index/resource_index/parent_prefix_path/speed_pub
[2.579s] -- Up-to-date: /home/tux/ros2_ws/install/speed_pub/share/speed_pub/environment/ament_prefix_path.sh
[2.579s] -- Installing: /home/tux/ros2_ws/install/speed_pub/share/speed_pub/environment/ament_prefix_path.dsv
[2.580s] -- Up-to-date: /home/tux/ros2_ws/install/speed_pub/share/speed_pub/environment/path.sh
[2.580s] -- Installing: /home/tux/ros2_ws/install/speed_pub/share/speed_pub/environment/path.dsv
[2.580s] -- Up-to-date: /home/tux/ros2_ws/install/speed_pub/share/speed_pub/local_setup.bash
[2.580s] -- Up-to-date: /home/tux/ros2_ws/install/speed_pub/share/speed_pub/local_setup.sh
[2.580s] -- Up-to-date: /home/tux/ros2_ws/install/speed_pub/share/speed_pub/local_setup.zsh
[2.580s] -- Installing: /home/tux/ros2_ws/install/speed_pub/share/speed_pub/local_setup.dsv
[2.580s] -- Up-to-date: /home/tux/ros2_ws/install/speed_pub/share/speed_pub/package.dsv
[2.580s] -- Up-to-date: /home/tux/ros2_ws/install/speed_pub/share/ament_index/resource_index/packages/speed_pub
[2.580s] -- Up-to-date: /home/tux/ros2_ws/install/speed_pub/share/speed_pub/cmake/speed_pubConfig.cmake
[2.580s] -- Up-to-date: /home/tux/ros2_ws/install/speed_pub/share/speed_pub/cmake/speed_pubConfig-version.cmake
[2.581s] -- Installing: /home/tux/ros2_ws/install/speed_pub/share/speed_pub/package.xml
[2.582s] Invoked command in '/home/tux/ros2_ws/build/speed_pub' returned '0': AMENT_PREFIX_PATH=/home/tux/ros2_ws/install/self_interfaces:${AMENT_PREFIX_PATH} CMAKE_PREFIX_PATH=/home/tux/ros2_ws/install/self_interfaces:/opt/ros/humble LD_LIBRARY_PATH=/home/tux/ros2_ws/install/self_interfaces/lib:${LD_LIBRARY_PATH} PYTHONPATH=/home/tux/ros2_ws/install/self_interfaces/local/lib/python3.10/dist-packages:${PYTHONPATH} /usr/bin/cmake --install /home/tux/ros2_ws/build/speed_pub
