[  3%] Built target speed_control__cpp
[ 12%] Built target speed_control__rosidl_generator_c
[ 12%] Built target ament_cmake_python_copy_speed_control
[ 22%] Built target speed_control__rosidl_typesupport_introspection_cpp
[ 35%] Built target speed_control__rosidl_typesupport_cpp
[ 41%] Built target speed_control__rosidl_typesupport_fastrtps_cpp
[ 51%] Built target speed_control__rosidl_typesupport_fastrtps_c
[ 61%] Built target speed_control__rosidl_typesupport_introspection_c
[ 70%] Built target speed_control__rosidl_typesupport_c
[ 70%] Built target speed_control
[ 74%] Built target speed_control__py
[ 80%] Built target speed_control__rosidl_generator_py
[ 90%] Built target speed_control__rosidl_typesupport_introspection_c__pyext
[ 93%] Built target speed_control__rosidl_typesupport_c__pyext
[100%] Built target speed_control__rosidl_typesupport_fastrtps_c__pyext
running egg_info
writing speed_control.egg-info/PKG-INFO
writing dependency_links to speed_control.egg-info/dependency_links.txt
writing top-level names to speed_control.egg-info/top_level.txt
reading manifest file 'speed_control.egg-info/SOURCES.txt'
writing manifest file 'speed_control.egg-info/SOURCES.txt'
[100%] Built target ament_cmake_python_build_speed_control_egg
-- Install configuration: ""
-- Up-to-date: /home/tux/ros2_ws/install/speed_control/share/ament_index/resource_index/rosidl_interfaces/speed_control
-- Up-to-date: /home/tux/ros2_ws/install/speed_control/include/speed_control/speed_control
-- Up-to-date: /home/tux/ros2_ws/install/speed_control/include/speed_control/speed_control/msg
-- Up-to-date: /home/tux/ros2_ws/install/speed_control/include/speed_control/speed_control/msg/speed_control.h
-- Up-to-date: /home/tux/ros2_ws/install/speed_control/include/speed_control/speed_control/msg/detail
-- Up-to-date: /home/tux/ros2_ws/install/speed_control/include/speed_control/speed_control/msg/detail/speed_control__type_support.h
-- Up-to-date: /home/tux/ros2_ws/install/speed_control/include/speed_control/speed_control/msg/detail/speed_control__struct.h
-- Up-to-date: /home/tux/ros2_ws/install/speed_control/include/speed_control/speed_control/msg/detail/speed_control__functions.c
-- Up-to-date: /home/tux/ros2_ws/install/speed_control/include/speed_control/speed_control/msg/detail/speed_control__functions.h
-- Up-to-date: /home/tux/ros2_ws/install/speed_control/include/speed_control/speed_control/msg/rosidl_generator_c__visibility_control.h
-- Up-to-date: /home/tux/ros2_ws/install/speed_control/share/speed_control/environment/library_path.sh
-- Up-to-date: /home/tux/ros2_ws/install/speed_control/share/speed_control/environment/library_path.dsv
-- Up-to-date: /home/tux/ros2_ws/install/speed_control/lib/libspeed_control__rosidl_generator_c.so
-- Up-to-date: /home/tux/ros2_ws/install/speed_control/include/speed_control/speed_control
-- Up-to-date: /home/tux/ros2_ws/install/speed_control/include/speed_control/speed_control/msg
-- Up-to-date: /home/tux/ros2_ws/install/speed_control/include/speed_control/speed_control/msg/rosidl_typesupport_fastrtps_c__visibility_control.h
-- Up-to-date: /home/tux/ros2_ws/install/speed_control/include/speed_control/speed_control/msg/detail
-- Up-to-date: /home/tux/ros2_ws/install/speed_control/include/speed_control/speed_control/msg/detail/speed_control__rosidl_typesupport_fastrtps_c.h
-- Up-to-date: /home/tux/ros2_ws/install/speed_control/lib/libspeed_control__rosidl_typesupport_fastrtps_c.so
-- Up-to-date: /home/tux/ros2_ws/install/speed_control/include/speed_control/speed_control
-- Up-to-date: /home/tux/ros2_ws/install/speed_control/include/speed_control/speed_control/msg
-- Up-to-date: /home/tux/ros2_ws/install/speed_control/include/speed_control/speed_control/msg/detail
-- Up-to-date: /home/tux/ros2_ws/install/speed_control/include/speed_control/speed_control/msg/detail/speed_control__type_support.c
-- Up-to-date: /home/tux/ros2_ws/install/speed_control/include/speed_control/speed_control/msg/detail/speed_control__rosidl_typesupport_introspection_c.h
-- Up-to-date: /home/tux/ros2_ws/install/speed_control/include/speed_control/speed_control/msg/rosidl_typesupport_introspection_c__visibility_control.h
-- Up-to-date: /home/tux/ros2_ws/install/speed_control/lib/libspeed_control__rosidl_typesupport_introspection_c.so
-- Up-to-date: /home/tux/ros2_ws/install/speed_control/lib/libspeed_control__rosidl_typesupport_c.so
-- Up-to-date: /home/tux/ros2_ws/install/speed_control/include/speed_control/speed_control
-- Up-to-date: /home/tux/ros2_ws/install/speed_control/include/speed_control/speed_control/msg
-- Up-to-date: /home/tux/ros2_ws/install/speed_control/include/speed_control/speed_control/msg/speed_control.hpp
-- Up-to-date: /home/tux/ros2_ws/install/speed_control/include/speed_control/speed_control/msg/detail
-- Up-to-date: /home/tux/ros2_ws/install/speed_control/include/speed_control/speed_control/msg/detail/speed_control__struct.hpp
-- Up-to-date: /home/tux/ros2_ws/install/speed_control/include/speed_control/speed_control/msg/detail/speed_control__traits.hpp
-- Up-to-date: /home/tux/ros2_ws/install/speed_control/include/speed_control/speed_control/msg/detail/speed_control__builder.hpp
-- Up-to-date: /home/tux/ros2_ws/install/speed_control/include/speed_control/speed_control
-- Up-to-date: /home/tux/ros2_ws/install/speed_control/include/speed_control/speed_control/msg
-- Up-to-date: /home/tux/ros2_ws/install/speed_control/include/speed_control/speed_control/msg/rosidl_typesupport_fastrtps_cpp__visibility_control.h
-- Up-to-date: /home/tux/ros2_ws/install/speed_control/include/speed_control/speed_control/msg/detail
-- Up-to-date: /home/tux/ros2_ws/install/speed_control/include/speed_control/speed_control/msg/detail/dds_fastrtps
-- Up-to-date: /home/tux/ros2_ws/install/speed_control/include/speed_control/speed_control/msg/detail/speed_control__rosidl_typesupport_fastrtps_cpp.hpp
-- Up-to-date: /home/tux/ros2_ws/install/speed_control/lib/libspeed_control__rosidl_typesupport_fastrtps_cpp.so
-- Up-to-date: /home/tux/ros2_ws/install/speed_control/include/speed_control/speed_control
-- Up-to-date: /home/tux/ros2_ws/install/speed_control/include/speed_control/speed_control/msg
-- Up-to-date: /home/tux/ros2_ws/install/speed_control/include/speed_control/speed_control/msg/detail
-- Up-to-date: /home/tux/ros2_ws/install/speed_control/include/speed_control/speed_control/msg/detail/speed_control__rosidl_typesupport_introspection_cpp.hpp
-- Up-to-date: /home/tux/ros2_ws/install/speed_control/include/speed_control/speed_control/msg/detail/speed_control__type_support.cpp
-- Up-to-date: /home/tux/ros2_ws/install/speed_control/lib/libspeed_control__rosidl_typesupport_introspection_cpp.so
-- Up-to-date: /home/tux/ros2_ws/install/speed_control/lib/libspeed_control__rosidl_typesupport_cpp.so
-- Up-to-date: /home/tux/ros2_ws/install/speed_control/share/speed_control/environment/pythonpath.sh
-- Up-to-date: /home/tux/ros2_ws/install/speed_control/share/speed_control/environment/pythonpath.dsv
-- Up-to-date: /home/tux/ros2_ws/install/speed_control/local/lib/python3.10/dist-packages/speed_control-0.0.0-py3.10.egg-info
-- Installing: /home/tux/ros2_ws/install/speed_control/local/lib/python3.10/dist-packages/speed_control-0.0.0-py3.10.egg-info/SOURCES.txt
-- Installing: /home/tux/ros2_ws/install/speed_control/local/lib/python3.10/dist-packages/speed_control-0.0.0-py3.10.egg-info/top_level.txt
-- Installing: /home/tux/ros2_ws/install/speed_control/local/lib/python3.10/dist-packages/speed_control-0.0.0-py3.10.egg-info/PKG-INFO
-- Installing: /home/tux/ros2_ws/install/speed_control/local/lib/python3.10/dist-packages/speed_control-0.0.0-py3.10.egg-info/dependency_links.txt
-- Up-to-date: /home/tux/ros2_ws/install/speed_control/local/lib/python3.10/dist-packages/speed_control
-- Up-to-date: /home/tux/ros2_ws/install/speed_control/local/lib/python3.10/dist-packages/speed_control/speed_control_s__rosidl_typesupport_fastrtps_c.cpython-310-x86_64-linux-gnu.so
-- Up-to-date: /home/tux/ros2_ws/install/speed_control/local/lib/python3.10/dist-packages/speed_control/__init__.py
-- Up-to-date: /home/tux/ros2_ws/install/speed_control/local/lib/python3.10/dist-packages/speed_control/msg
-- Up-to-date: /home/tux/ros2_ws/install/speed_control/local/lib/python3.10/dist-packages/speed_control/msg/__init__.py
-- Up-to-date: /home/tux/ros2_ws/install/speed_control/local/lib/python3.10/dist-packages/speed_control/msg/_speed_control.py
-- Up-to-date: /home/tux/ros2_ws/install/speed_control/local/lib/python3.10/dist-packages/speed_control/msg/_speed_control_s.c
-- Up-to-date: /home/tux/ros2_ws/install/speed_control/local/lib/python3.10/dist-packages/speed_control/_speed_control_s.ep.rosidl_typesupport_introspection_c.c
-- Up-to-date: /home/tux/ros2_ws/install/speed_control/local/lib/python3.10/dist-packages/speed_control/speed_control_s__rosidl_typesupport_introspection_c.cpython-310-x86_64-linux-gnu.so
-- Up-to-date: /home/tux/ros2_ws/install/speed_control/local/lib/python3.10/dist-packages/speed_control/_speed_control_s.ep.rosidl_typesupport_c.c
-- Up-to-date: /home/tux/ros2_ws/install/speed_control/local/lib/python3.10/dist-packages/speed_control/libspeed_control__rosidl_generator_py.so
-- Up-to-date: /home/tux/ros2_ws/install/speed_control/local/lib/python3.10/dist-packages/speed_control/_speed_control_s.ep.rosidl_typesupport_fastrtps_c.c
-- Up-to-date: /home/tux/ros2_ws/install/speed_control/local/lib/python3.10/dist-packages/speed_control/speed_control_s__rosidl_typesupport_c.cpython-310-x86_64-linux-gnu.so
Listing '/home/tux/ros2_ws/install/speed_control/local/lib/python3.10/dist-packages/speed_control'...
Listing '/home/tux/ros2_ws/install/speed_control/local/lib/python3.10/dist-packages/speed_control/msg'...
-- Up-to-date: /home/tux/ros2_ws/install/speed_control/local/lib/python3.10/dist-packages/speed_control/speed_control_s__rosidl_typesupport_fastrtps_c.cpython-310-x86_64-linux-gnu.so
-- Up-to-date: /home/tux/ros2_ws/install/speed_control/local/lib/python3.10/dist-packages/speed_control/speed_control_s__rosidl_typesupport_introspection_c.cpython-310-x86_64-linux-gnu.so
-- Up-to-date: /home/tux/ros2_ws/install/speed_control/local/lib/python3.10/dist-packages/speed_control/speed_control_s__rosidl_typesupport_c.cpython-310-x86_64-linux-gnu.so
-- Up-to-date: /home/tux/ros2_ws/install/speed_control/lib/libspeed_control__rosidl_generator_py.so
-- Up-to-date: /home/tux/ros2_ws/install/speed_control/share/speed_control/msg/SpeedControl.idl
-- Up-to-date: /home/tux/ros2_ws/install/speed_control/share/speed_control/msg/SpeedControl.msg
-- Up-to-date: /home/tux/ros2_ws/install/speed_control/share/ament_index/resource_index/package_run_dependencies/speed_control
-- Up-to-date: /home/tux/ros2_ws/install/speed_control/share/ament_index/resource_index/parent_prefix_path/speed_control
-- Up-to-date: /home/tux/ros2_ws/install/speed_control/share/speed_control/environment/ament_prefix_path.sh
-- Up-to-date: /home/tux/ros2_ws/install/speed_control/share/speed_control/environment/ament_prefix_path.dsv
-- Up-to-date: /home/tux/ros2_ws/install/speed_control/share/speed_control/environment/path.sh
-- Up-to-date: /home/tux/ros2_ws/install/speed_control/share/speed_control/environment/path.dsv
-- Up-to-date: /home/tux/ros2_ws/install/speed_control/share/speed_control/local_setup.bash
-- Up-to-date: /home/tux/ros2_ws/install/speed_control/share/speed_control/local_setup.sh
-- Up-to-date: /home/tux/ros2_ws/install/speed_control/share/speed_control/local_setup.zsh
-- Up-to-date: /home/tux/ros2_ws/install/speed_control/share/speed_control/local_setup.dsv
-- Installing: /home/tux/ros2_ws/install/speed_control/share/speed_control/package.dsv
-- Up-to-date: /home/tux/ros2_ws/install/speed_control/share/ament_index/resource_index/packages/speed_control
-- Up-to-date: /home/tux/ros2_ws/install/speed_control/share/speed_control/cmake/export_speed_control__rosidl_generator_cExport.cmake
-- Up-to-date: /home/tux/ros2_ws/install/speed_control/share/speed_control/cmake/export_speed_control__rosidl_generator_cExport-noconfig.cmake
-- Up-to-date: /home/tux/ros2_ws/install/speed_control/share/speed_control/cmake/export_speed_control__rosidl_typesupport_fastrtps_cExport.cmake
-- Up-to-date: /home/tux/ros2_ws/install/speed_control/share/speed_control/cmake/export_speed_control__rosidl_typesupport_fastrtps_cExport-noconfig.cmake
-- Up-to-date: /home/tux/ros2_ws/install/speed_control/share/speed_control/cmake/speed_control__rosidl_typesupport_introspection_cExport.cmake
-- Up-to-date: /home/tux/ros2_ws/install/speed_control/share/speed_control/cmake/speed_control__rosidl_typesupport_introspection_cExport-noconfig.cmake
-- Up-to-date: /home/tux/ros2_ws/install/speed_control/share/speed_control/cmake/speed_control__rosidl_typesupport_cExport.cmake
-- Up-to-date: /home/tux/ros2_ws/install/speed_control/share/speed_control/cmake/speed_control__rosidl_typesupport_cExport-noconfig.cmake
-- Up-to-date: /home/tux/ros2_ws/install/speed_control/share/speed_control/cmake/export_speed_control__rosidl_generator_cppExport.cmake
-- Up-to-date: /home/tux/ros2_ws/install/speed_control/share/speed_control/cmake/export_speed_control__rosidl_typesupport_fastrtps_cppExport.cmake
-- Up-to-date: /home/tux/ros2_ws/install/speed_control/share/speed_control/cmake/export_speed_control__rosidl_typesupport_fastrtps_cppExport-noconfig.cmake
-- Up-to-date: /home/tux/ros2_ws/install/speed_control/share/speed_control/cmake/speed_control__rosidl_typesupport_introspection_cppExport.cmake
-- Up-to-date: /home/tux/ros2_ws/install/speed_control/share/speed_control/cmake/speed_control__rosidl_typesupport_introspection_cppExport-noconfig.cmake
-- Up-to-date: /home/tux/ros2_ws/install/speed_control/share/speed_control/cmake/speed_control__rosidl_typesupport_cppExport.cmake
-- Up-to-date: /home/tux/ros2_ws/install/speed_control/share/speed_control/cmake/speed_control__rosidl_typesupport_cppExport-noconfig.cmake
-- Up-to-date: /home/tux/ros2_ws/install/speed_control/share/speed_control/cmake/export_speed_control__rosidl_generator_pyExport.cmake
-- Up-to-date: /home/tux/ros2_ws/install/speed_control/share/speed_control/cmake/export_speed_control__rosidl_generator_pyExport-noconfig.cmake
-- Up-to-date: /home/tux/ros2_ws/install/speed_control/share/speed_control/cmake/rosidl_cmake-extras.cmake
-- Up-to-date: /home/tux/ros2_ws/install/speed_control/share/speed_control/cmake/ament_cmake_export_include_directories-extras.cmake
-- Up-to-date: /home/tux/ros2_ws/install/speed_control/share/speed_control/cmake/ament_cmake_export_libraries-extras.cmake
-- Up-to-date: /home/tux/ros2_ws/install/speed_control/share/speed_control/cmake/ament_cmake_export_targets-extras.cmake
-- Up-to-date: /home/tux/ros2_ws/install/speed_control/share/speed_control/cmake/rosidl_cmake_export_typesupport_targets-extras.cmake
-- Up-to-date: /home/tux/ros2_ws/install/speed_control/share/speed_control/cmake/ament_cmake_export_dependencies-extras.cmake
-- Up-to-date: /home/tux/ros2_ws/install/speed_control/share/speed_control/cmake/rosidl_cmake_export_typesupport_libraries-extras.cmake
-- Up-to-date: /home/tux/ros2_ws/install/speed_control/share/speed_control/cmake/speed_controlConfig.cmake
-- Up-to-date: /home/tux/ros2_ws/install/speed_control/share/speed_control/cmake/speed_controlConfig-version.cmake
-- Up-to-date: /home/tux/ros2_ws/install/speed_control/share/speed_control/package.xml
