[0.102s] DEBUG:colcon:Command line arguments: ['/usr/bin/colcon', 'build']
[0.102s] DEBUG:colcon:Parsed command line arguments: Namespace(log_base=None, log_level=None, verb_name='build', build_base='build', install_base='install', merge_install=False, symlink_install=False, test_result_base=None, continue_on_error=False, executor='parallel', parallel_workers=12, event_handlers=None, ignore_user_meta=False, metas=['./colcon.meta'], base_paths=['.'], packages_ignore=None, packages_ignore_regex=None, paths=None, packages_up_to=None, packages_up_to_regex=None, packages_above=None, packages_above_and_dependencies=None, packages_above_depth=None, packages_select_by_dep=None, packages_skip_by_dep=None, packages_skip_up_to=None, packages_select_build_failed=False, packages_skip_build_finished=False, packages_select_test_failures=False, packages_skip_test_passed=False, packages_select=None, packages_skip=None, packages_select_regex=None, packages_skip_regex=None, packages_start=None, packages_end=None, allow_overriding=[], cmake_args=None, cmake_target=None, cmake_target_skip_unavailable=False, cmake_clean_cache=False, cmake_clean_first=False, cmake_force_configure=False, ament_cmake_args=None, catkin_cmake_args=None, catkin_skip_building_tests=False, verb_parser=<colcon_defaults.argument_parser.defaults.DefaultArgumentsDecorator object at 0x78f7a1bb40d0>, verb_extension=<colcon_core.verb.build.BuildVerb object at 0x78f7a1cb8c70>, main=<bound method BuildVerb.main of <colcon_core.verb.build.BuildVerb object at 0x78f7a1cb8c70>>)
[0.255s] Level 1:colcon.colcon_core.package_discovery:discover_packages(colcon_meta) check parameters
[0.255s] Level 1:colcon.colcon_core.package_discovery:discover_packages(recursive) check parameters
[0.256s] Level 1:colcon.colcon_core.package_discovery:discover_packages(ignore) check parameters
[0.256s] Level 1:colcon.colcon_core.package_discovery:discover_packages(path) check parameters
[0.256s] Level 1:colcon.colcon_core.package_discovery:discover_packages(colcon_meta) discover
[0.256s] Level 1:colcon.colcon_core.package_discovery:discover_packages(recursive) discover
[0.256s] INFO:colcon.colcon_core.package_discovery:Crawling recursively for packages in '/home/tux/ros2_ws'
[0.256s] Level 1:colcon.colcon_core.package_identification:_identify(.) by extensions ['ignore', 'ignore_ament_install']
[0.256s] Level 1:colcon.colcon_core.package_identification:_identify(.) by extension 'ignore'
[0.256s] Level 1:colcon.colcon_core.package_identification:_identify(.) by extension 'ignore_ament_install'
[0.256s] Level 1:colcon.colcon_core.package_identification:_identify(.) by extensions ['colcon_pkg']
[0.256s] Level 1:colcon.colcon_core.package_identification:_identify(.) by extension 'colcon_pkg'
[0.256s] Level 1:colcon.colcon_core.package_identification:_identify(.) by extensions ['colcon_meta']
[0.256s] Level 1:colcon.colcon_core.package_identification:_identify(.) by extension 'colcon_meta'
[0.256s] Level 1:colcon.colcon_core.package_identification:_identify(.) by extensions ['ros']
[0.256s] Level 1:colcon.colcon_core.package_identification:_identify(.) by extension 'ros'
[0.266s] Level 1:colcon.colcon_core.package_identification:_identify(.) by extensions ['cmake', 'python']
[0.266s] Level 1:colcon.colcon_core.package_identification:_identify(.) by extension 'cmake'
[0.266s] Level 1:colcon.colcon_core.package_identification:_identify(.) by extension 'python'
[0.266s] Level 1:colcon.colcon_core.package_identification:_identify(.) by extensions ['python_setup_py']
[0.266s] Level 1:colcon.colcon_core.package_identification:_identify(.) by extension 'python_setup_py'
[0.266s] Level 1:colcon.colcon_core.package_identification:_identify(build) by extensions ['ignore', 'ignore_ament_install']
[0.266s] Level 1:colcon.colcon_core.package_identification:_identify(build) by extension 'ignore'
[0.266s] Level 1:colcon.colcon_core.package_identification:_identify(build) ignored
[0.266s] Level 1:colcon.colcon_core.package_identification:_identify(install) by extensions ['ignore', 'ignore_ament_install']
[0.266s] Level 1:colcon.colcon_core.package_identification:_identify(install) by extension 'ignore'
[0.266s] Level 1:colcon.colcon_core.package_identification:_identify(install) ignored
[0.266s] Level 1:colcon.colcon_core.package_identification:_identify(log) by extensions ['ignore', 'ignore_ament_install']
[0.266s] Level 1:colcon.colcon_core.package_identification:_identify(log) by extension 'ignore'
[0.267s] Level 1:colcon.colcon_core.package_identification:_identify(log) ignored
[0.267s] Level 1:colcon.colcon_core.package_identification:_identify(src) by extensions ['ignore', 'ignore_ament_install']
[0.267s] Level 1:colcon.colcon_core.package_identification:_identify(src) by extension 'ignore'
[0.267s] Level 1:colcon.colcon_core.package_identification:_identify(src) by extension 'ignore_ament_install'
[0.267s] Level 1:colcon.colcon_core.package_identification:_identify(src) by extensions ['colcon_pkg']
[0.267s] Level 1:colcon.colcon_core.package_identification:_identify(src) by extension 'colcon_pkg'
[0.267s] Level 1:colcon.colcon_core.package_identification:_identify(src) by extensions ['colcon_meta']
[0.267s] Level 1:colcon.colcon_core.package_identification:_identify(src) by extension 'colcon_meta'
[0.267s] Level 1:colcon.colcon_core.package_identification:_identify(src) by extensions ['ros']
[0.267s] Level 1:colcon.colcon_core.package_identification:_identify(src) by extension 'ros'
[0.267s] Level 1:colcon.colcon_core.package_identification:_identify(src) by extensions ['cmake', 'python']
[0.267s] Level 1:colcon.colcon_core.package_identification:_identify(src) by extension 'cmake'
[0.267s] Level 1:colcon.colcon_core.package_identification:_identify(src) by extension 'python'
[0.267s] Level 1:colcon.colcon_core.package_identification:_identify(src) by extensions ['python_setup_py']
[0.267s] Level 1:colcon.colcon_core.package_identification:_identify(src) by extension 'python_setup_py'
[0.267s] Level 1:colcon.colcon_core.package_identification:_identify(src/self_interfaces) by extensions ['ignore', 'ignore_ament_install']
[0.267s] Level 1:colcon.colcon_core.package_identification:_identify(src/self_interfaces) by extension 'ignore'
[0.267s] Level 1:colcon.colcon_core.package_identification:_identify(src/self_interfaces) by extension 'ignore_ament_install'
[0.267s] Level 1:colcon.colcon_core.package_identification:_identify(src/self_interfaces) by extensions ['colcon_pkg']
[0.267s] Level 1:colcon.colcon_core.package_identification:_identify(src/self_interfaces) by extension 'colcon_pkg'
[0.267s] Level 1:colcon.colcon_core.package_identification:_identify(src/self_interfaces) by extensions ['colcon_meta']
[0.268s] Level 1:colcon.colcon_core.package_identification:_identify(src/self_interfaces) by extension 'colcon_meta'
[0.268s] Level 1:colcon.colcon_core.package_identification:_identify(src/self_interfaces) by extensions ['ros']
[0.268s] Level 1:colcon.colcon_core.package_identification:_identify(src/self_interfaces) by extension 'ros'
[0.269s] DEBUG:colcon.colcon_core.package_identification:Package 'src/self_interfaces' with type 'ros.ament_cmake' and name 'self_interfaces'
[0.269s] Level 1:colcon.colcon_core.package_identification:_identify(src/speed_control) by extensions ['ignore', 'ignore_ament_install']
[0.270s] Level 1:colcon.colcon_core.package_identification:_identify(src/speed_control) by extension 'ignore'
[0.270s] Level 1:colcon.colcon_core.package_identification:_identify(src/speed_control) by extension 'ignore_ament_install'
[0.270s] Level 1:colcon.colcon_core.package_identification:_identify(src/speed_control) by extensions ['colcon_pkg']
[0.270s] Level 1:colcon.colcon_core.package_identification:_identify(src/speed_control) by extension 'colcon_pkg'
[0.270s] Level 1:colcon.colcon_core.package_identification:_identify(src/speed_control) by extensions ['colcon_meta']
[0.270s] Level 1:colcon.colcon_core.package_identification:_identify(src/speed_control) by extension 'colcon_meta'
[0.270s] Level 1:colcon.colcon_core.package_identification:_identify(src/speed_control) by extensions ['ros']
[0.270s] Level 1:colcon.colcon_core.package_identification:_identify(src/speed_control) by extension 'ros'
[0.270s] DEBUG:colcon.colcon_core.package_identification:Package 'src/speed_control' with type 'ros.ament_cmake' and name 'speed_control'
[0.270s] Level 1:colcon.colcon_core.package_identification:_identify(src/speed_pub) by extensions ['ignore', 'ignore_ament_install']
[0.270s] Level 1:colcon.colcon_core.package_identification:_identify(src/speed_pub) by extension 'ignore'
[0.271s] Level 1:colcon.colcon_core.package_identification:_identify(src/speed_pub) by extension 'ignore_ament_install'
[0.271s] Level 1:colcon.colcon_core.package_identification:_identify(src/speed_pub) by extensions ['colcon_pkg']
[0.271s] Level 1:colcon.colcon_core.package_identification:_identify(src/speed_pub) by extension 'colcon_pkg'
[0.271s] Level 1:colcon.colcon_core.package_identification:_identify(src/speed_pub) by extensions ['colcon_meta']
[0.271s] Level 1:colcon.colcon_core.package_identification:_identify(src/speed_pub) by extension 'colcon_meta'
[0.271s] Level 1:colcon.colcon_core.package_identification:_identify(src/speed_pub) by extensions ['ros']
[0.271s] Level 1:colcon.colcon_core.package_identification:_identify(src/speed_pub) by extension 'ros'
[0.271s] DEBUG:colcon.colcon_core.package_identification:Package 'src/speed_pub' with type 'ros.ament_cmake' and name 'speed_pub'
[0.271s] Level 1:colcon.colcon_core.package_discovery:discover_packages(recursive) using defaults
[0.271s] Level 1:colcon.colcon_core.package_discovery:discover_packages(ignore) discover
[0.271s] Level 1:colcon.colcon_core.package_discovery:discover_packages(ignore) using defaults
[0.271s] Level 1:colcon.colcon_core.package_discovery:discover_packages(path) discover
[0.271s] Level 1:colcon.colcon_core.package_discovery:discover_packages(path) using defaults
[0.289s] Level 1:colcon.colcon_core.package_discovery:discover_packages(prefix_path) check parameters
[0.289s] Level 1:colcon.colcon_core.package_discovery:discover_packages(prefix_path) discover
[0.290s] DEBUG:colcon.colcon_installed_package_information.package_discovery:Found 3 installed packages in /home/tux/ros2_ws/install
[0.293s] DEBUG:colcon.colcon_installed_package_information.package_discovery:Found 270 installed packages in /opt/ros/humble
[0.294s] Level 1:colcon.colcon_core.package_discovery:discover_packages(prefix_path) using defaults
[0.341s] Level 5:colcon.colcon_core.verb:set package 'self_interfaces' build argument 'cmake_args' from command line to 'None'
[0.341s] Level 5:colcon.colcon_core.verb:set package 'self_interfaces' build argument 'cmake_target' from command line to 'None'
[0.341s] Level 5:colcon.colcon_core.verb:set package 'self_interfaces' build argument 'cmake_target_skip_unavailable' from command line to 'False'
[0.341s] Level 5:colcon.colcon_core.verb:set package 'self_interfaces' build argument 'cmake_clean_cache' from command line to 'False'
[0.341s] Level 5:colcon.colcon_core.verb:set package 'self_interfaces' build argument 'cmake_clean_first' from command line to 'False'
[0.341s] Level 5:colcon.colcon_core.verb:set package 'self_interfaces' build argument 'cmake_force_configure' from command line to 'False'
[0.341s] Level 5:colcon.colcon_core.verb:set package 'self_interfaces' build argument 'ament_cmake_args' from command line to 'None'
[0.341s] Level 5:colcon.colcon_core.verb:set package 'self_interfaces' build argument 'catkin_cmake_args' from command line to 'None'
[0.341s] Level 5:colcon.colcon_core.verb:set package 'self_interfaces' build argument 'catkin_skip_building_tests' from command line to 'False'
[0.341s] DEBUG:colcon.colcon_core.verb:Building package 'self_interfaces' with the following arguments: {'ament_cmake_args': None, 'build_base': '/home/tux/ros2_ws/build/self_interfaces', 'catkin_cmake_args': None, 'catkin_skip_building_tests': False, 'cmake_args': None, 'cmake_clean_cache': False, 'cmake_clean_first': False, 'cmake_force_configure': False, 'cmake_target': None, 'cmake_target_skip_unavailable': False, 'install_base': '/home/tux/ros2_ws/install/self_interfaces', 'merge_install': False, 'path': '/home/tux/ros2_ws/src/self_interfaces', 'symlink_install': False, 'test_result_base': None}
[0.342s] Level 5:colcon.colcon_core.verb:set package 'speed_control' build argument 'cmake_args' from command line to 'None'
[0.342s] Level 5:colcon.colcon_core.verb:set package 'speed_control' build argument 'cmake_target' from command line to 'None'
[0.342s] Level 5:colcon.colcon_core.verb:set package 'speed_control' build argument 'cmake_target_skip_unavailable' from command line to 'False'
[0.342s] Level 5:colcon.colcon_core.verb:set package 'speed_control' build argument 'cmake_clean_cache' from command line to 'False'
[0.342s] Level 5:colcon.colcon_core.verb:set package 'speed_control' build argument 'cmake_clean_first' from command line to 'False'
[0.342s] Level 5:colcon.colcon_core.verb:set package 'speed_control' build argument 'cmake_force_configure' from command line to 'False'
[0.342s] Level 5:colcon.colcon_core.verb:set package 'speed_control' build argument 'ament_cmake_args' from command line to 'None'
[0.342s] Level 5:colcon.colcon_core.verb:set package 'speed_control' build argument 'catkin_cmake_args' from command line to 'None'
[0.342s] Level 5:colcon.colcon_core.verb:set package 'speed_control' build argument 'catkin_skip_building_tests' from command line to 'False'
[0.342s] DEBUG:colcon.colcon_core.verb:Building package 'speed_control' with the following arguments: {'ament_cmake_args': None, 'build_base': '/home/tux/ros2_ws/build/speed_control', 'catkin_cmake_args': None, 'catkin_skip_building_tests': False, 'cmake_args': None, 'cmake_clean_cache': False, 'cmake_clean_first': False, 'cmake_force_configure': False, 'cmake_target': None, 'cmake_target_skip_unavailable': False, 'install_base': '/home/tux/ros2_ws/install/speed_control', 'merge_install': False, 'path': '/home/tux/ros2_ws/src/speed_control', 'symlink_install': False, 'test_result_base': None}
[0.342s] Level 5:colcon.colcon_core.verb:set package 'speed_pub' build argument 'cmake_args' from command line to 'None'
[0.342s] Level 5:colcon.colcon_core.verb:set package 'speed_pub' build argument 'cmake_target' from command line to 'None'
[0.342s] Level 5:colcon.colcon_core.verb:set package 'speed_pub' build argument 'cmake_target_skip_unavailable' from command line to 'False'
[0.342s] Level 5:colcon.colcon_core.verb:set package 'speed_pub' build argument 'cmake_clean_cache' from command line to 'False'
[0.342s] Level 5:colcon.colcon_core.verb:set package 'speed_pub' build argument 'cmake_clean_first' from command line to 'False'
[0.342s] Level 5:colcon.colcon_core.verb:set package 'speed_pub' build argument 'cmake_force_configure' from command line to 'False'
[0.342s] Level 5:colcon.colcon_core.verb:set package 'speed_pub' build argument 'ament_cmake_args' from command line to 'None'
[0.342s] Level 5:colcon.colcon_core.verb:set package 'speed_pub' build argument 'catkin_cmake_args' from command line to 'None'
[0.342s] Level 5:colcon.colcon_core.verb:set package 'speed_pub' build argument 'catkin_skip_building_tests' from command line to 'False'
[0.342s] DEBUG:colcon.colcon_core.verb:Building package 'speed_pub' with the following arguments: {'ament_cmake_args': None, 'build_base': '/home/tux/ros2_ws/build/speed_pub', 'catkin_cmake_args': None, 'catkin_skip_building_tests': False, 'cmake_args': None, 'cmake_clean_cache': False, 'cmake_clean_first': False, 'cmake_force_configure': False, 'cmake_target': None, 'cmake_target_skip_unavailable': False, 'install_base': '/home/tux/ros2_ws/install/speed_pub', 'merge_install': False, 'path': '/home/tux/ros2_ws/src/speed_pub', 'symlink_install': False, 'test_result_base': None}
[0.342s] INFO:colcon.colcon_core.executor:Executing jobs using 'parallel' executor
[0.343s] DEBUG:colcon.colcon_parallel_executor.executor.parallel:run_until_complete
[0.344s] INFO:colcon.colcon_ros.task.ament_cmake.build:Building ROS package in '/home/tux/ros2_ws/src/speed_control' with build type 'ament_cmake'
[0.344s] INFO:colcon.colcon_cmake.task.cmake.build:Building CMake package in '/home/tux/ros2_ws/src/speed_control'
[0.346s] INFO:colcon.colcon_core.plugin_system:Skipping extension 'colcon_core.shell.bat': Not used on non-Windows systems
[0.346s] INFO:colcon.colcon_core.shell:Skip shell extension 'powershell' for command environment: Not usable outside of PowerShell
[0.346s] DEBUG:colcon.colcon_core.shell:Skip shell extension 'dsv' for command environment
[0.349s] INFO:colcon.colcon_ros.task.ament_cmake.build:Building ROS package in '/home/tux/ros2_ws/src/self_interfaces' with build type 'ament_cmake'
[0.349s] INFO:colcon.colcon_cmake.task.cmake.build:Building CMake package in '/home/tux/ros2_ws/src/self_interfaces'
[0.350s] INFO:colcon.colcon_core.shell:Skip shell extension 'powershell' for command environment: Not usable outside of PowerShell
[0.350s] DEBUG:colcon.colcon_core.shell:Skip shell extension 'dsv' for command environment
[0.356s] DEBUG:colcon.colcon_core.event_handler.log_command:Invoking command in '/home/tux/ros2_ws/build/speed_control': CMAKE_PREFIX_PATH=${CMAKE_PREFIX_PATH}:/opt/ros/humble /usr/bin/cmake --build /home/tux/ros2_ws/build/speed_control -- -j12 -l12
[0.361s] DEBUG:colcon.colcon_core.event_handler.log_command:Invoking command in '/home/tux/ros2_ws/build/self_interfaces': CMAKE_PREFIX_PATH=${CMAKE_PREFIX_PATH}:/opt/ros/humble /usr/bin/cmake --build /home/tux/ros2_ws/build/self_interfaces -- -j12 -l12
[0.742s] DEBUG:colcon.colcon_core.event_handler.log_command:Invoked command in '/home/tux/ros2_ws/build/self_interfaces' returned '0': CMAKE_PREFIX_PATH=${CMAKE_PREFIX_PATH}:/opt/ros/humble /usr/bin/cmake --build /home/tux/ros2_ws/build/self_interfaces -- -j12 -l12
[0.748s] DEBUG:colcon.colcon_core.event_handler.log_command:Invoked command in '/home/tux/ros2_ws/build/speed_control' returned '0': CMAKE_PREFIX_PATH=${CMAKE_PREFIX_PATH}:/opt/ros/humble /usr/bin/cmake --build /home/tux/ros2_ws/build/speed_control -- -j12 -l12
[0.816s] DEBUG:colcon.colcon_core.event_handler.log_command:Invoking command in '/home/tux/ros2_ws/build/self_interfaces': CMAKE_PREFIX_PATH=${CMAKE_PREFIX_PATH}:/opt/ros/humble /usr/bin/cmake --install /home/tux/ros2_ws/build/self_interfaces
[0.818s] DEBUG:colcon.colcon_core.event_handler.log_command:Invoking command in '/home/tux/ros2_ws/build/speed_control': CMAKE_PREFIX_PATH=${CMAKE_PREFIX_PATH}:/opt/ros/humble /usr/bin/cmake --install /home/tux/ros2_ws/build/speed_control
[0.879s] Level 1:colcon.colcon_core.environment:create_environment_scripts_only(speed_control)
[0.886s] Level 1:colcon.colcon_core.environment:checking '/home/tux/ros2_ws/install/speed_control' for CMake module files
[0.888s] Level 1:colcon.colcon_core.environment:checking '/home/tux/ros2_ws/install/speed_control' for CMake config files
[0.890s] DEBUG:colcon.colcon_core.event_handler.log_command:Invoked command in '/home/tux/ros2_ws/build/speed_control' returned '0': CMAKE_PREFIX_PATH=${CMAKE_PREFIX_PATH}:/opt/ros/humble /usr/bin/cmake --install /home/tux/ros2_ws/build/speed_control
[0.890s] Level 1:colcon.colcon_core.shell:create_environment_hook('speed_control', 'cmake_prefix_path')
[0.890s] INFO:colcon.colcon_core.shell:Creating environment hook '/home/tux/ros2_ws/install/speed_control/share/speed_control/hook/cmake_prefix_path.ps1'
[0.891s] INFO:colcon.colcon_core.shell:Creating environment descriptor '/home/tux/ros2_ws/install/speed_control/share/speed_control/hook/cmake_prefix_path.dsv'
[0.891s] INFO:colcon.colcon_core.shell:Creating environment hook '/home/tux/ros2_ws/install/speed_control/share/speed_control/hook/cmake_prefix_path.sh'
[0.892s] Level 1:colcon.colcon_core.environment:checking '/home/tux/ros2_ws/install/speed_control/lib'
[0.892s] Level 1:colcon.colcon_core.shell:create_environment_hook('speed_control', 'ld_library_path_lib')
[0.892s] INFO:colcon.colcon_core.shell:Creating environment hook '/home/tux/ros2_ws/install/speed_control/share/speed_control/hook/ld_library_path_lib.ps1'
[0.893s] INFO:colcon.colcon_core.shell:Creating environment descriptor '/home/tux/ros2_ws/install/speed_control/share/speed_control/hook/ld_library_path_lib.dsv'
[0.893s] INFO:colcon.colcon_core.shell:Creating environment hook '/home/tux/ros2_ws/install/speed_control/share/speed_control/hook/ld_library_path_lib.sh'
[0.893s] Level 1:colcon.colcon_core.environment:checking '/home/tux/ros2_ws/install/speed_control/bin'
[0.893s] Level 1:colcon.colcon_core.environment:checking '/home/tux/ros2_ws/install/speed_control/lib/pkgconfig/speed_control.pc'
[0.894s] Level 1:colcon.colcon_core.environment:checking '/home/tux/ros2_ws/install/speed_control/lib/python3.10/site-packages'
[0.894s] Level 1:colcon.colcon_core.environment:checking '/home/tux/ros2_ws/install/speed_control/bin'
[0.894s] INFO:colcon.colcon_core.shell:Creating package script '/home/tux/ros2_ws/install/speed_control/share/speed_control/package.ps1'
[0.895s] INFO:colcon.colcon_core.shell:Creating package descriptor '/home/tux/ros2_ws/install/speed_control/share/speed_control/package.dsv'
[0.895s] INFO:colcon.colcon_core.shell:Creating package script '/home/tux/ros2_ws/install/speed_control/share/speed_control/package.sh'
[0.896s] INFO:colcon.colcon_core.shell:Creating package script '/home/tux/ros2_ws/install/speed_control/share/speed_control/package.bash'
[0.897s] INFO:colcon.colcon_core.shell:Creating package script '/home/tux/ros2_ws/install/speed_control/share/speed_control/package.zsh'
[0.897s] Level 1:colcon.colcon_core.environment:create_file_with_runtime_dependencies(/home/tux/ros2_ws/install/speed_control/share/colcon-core/packages/speed_control)
[0.899s] Level 1:colcon.colcon_core.environment:create_environment_scripts_only(self_interfaces)
[0.899s] Level 1:colcon.colcon_core.environment:checking '/home/tux/ros2_ws/install/self_interfaces' for CMake module files
[0.900s] DEBUG:colcon.colcon_core.event_handler.log_command:Invoked command in '/home/tux/ros2_ws/build/self_interfaces' returned '0': CMAKE_PREFIX_PATH=${CMAKE_PREFIX_PATH}:/opt/ros/humble /usr/bin/cmake --install /home/tux/ros2_ws/build/self_interfaces
[0.900s] Level 1:colcon.colcon_core.environment:checking '/home/tux/ros2_ws/install/self_interfaces' for CMake config files
[0.901s] Level 1:colcon.colcon_core.shell:create_environment_hook('self_interfaces', 'cmake_prefix_path')
[0.901s] INFO:colcon.colcon_core.shell:Creating environment hook '/home/tux/ros2_ws/install/self_interfaces/share/self_interfaces/hook/cmake_prefix_path.ps1'
[0.902s] INFO:colcon.colcon_core.shell:Creating environment descriptor '/home/tux/ros2_ws/install/self_interfaces/share/self_interfaces/hook/cmake_prefix_path.dsv'
[0.902s] INFO:colcon.colcon_core.shell:Creating environment hook '/home/tux/ros2_ws/install/self_interfaces/share/self_interfaces/hook/cmake_prefix_path.sh'
[0.902s] Level 1:colcon.colcon_core.environment:checking '/home/tux/ros2_ws/install/self_interfaces/lib'
[0.902s] Level 1:colcon.colcon_core.shell:create_environment_hook('self_interfaces', 'ld_library_path_lib')
[0.903s] INFO:colcon.colcon_core.shell:Creating environment hook '/home/tux/ros2_ws/install/self_interfaces/share/self_interfaces/hook/ld_library_path_lib.ps1'
[0.903s] INFO:colcon.colcon_core.shell:Creating environment descriptor '/home/tux/ros2_ws/install/self_interfaces/share/self_interfaces/hook/ld_library_path_lib.dsv'
[0.903s] INFO:colcon.colcon_core.shell:Creating environment hook '/home/tux/ros2_ws/install/self_interfaces/share/self_interfaces/hook/ld_library_path_lib.sh'
[0.904s] Level 1:colcon.colcon_core.environment:checking '/home/tux/ros2_ws/install/self_interfaces/bin'
[0.904s] Level 1:colcon.colcon_core.environment:checking '/home/tux/ros2_ws/install/self_interfaces/lib/pkgconfig/self_interfaces.pc'
[0.904s] Level 1:colcon.colcon_core.environment:checking '/home/tux/ros2_ws/install/self_interfaces/lib/python3.10/site-packages'
[0.904s] Level 1:colcon.colcon_core.environment:checking '/home/tux/ros2_ws/install/self_interfaces/bin'
[0.904s] INFO:colcon.colcon_core.shell:Creating package script '/home/tux/ros2_ws/install/self_interfaces/share/self_interfaces/package.ps1'
[0.905s] INFO:colcon.colcon_core.shell:Creating package descriptor '/home/tux/ros2_ws/install/self_interfaces/share/self_interfaces/package.dsv'
[0.905s] INFO:colcon.colcon_core.shell:Creating package script '/home/tux/ros2_ws/install/self_interfaces/share/self_interfaces/package.sh'
[0.905s] INFO:colcon.colcon_core.shell:Creating package script '/home/tux/ros2_ws/install/self_interfaces/share/self_interfaces/package.bash'
[0.906s] INFO:colcon.colcon_core.shell:Creating package script '/home/tux/ros2_ws/install/self_interfaces/share/self_interfaces/package.zsh'
[0.906s] Level 1:colcon.colcon_core.environment:create_file_with_runtime_dependencies(/home/tux/ros2_ws/install/self_interfaces/share/colcon-core/packages/self_interfaces)
[0.960s] Level 1:colcon.colcon_core.environment:create_environment_scripts_only(speed_control)
[0.960s] Level 1:colcon.colcon_core.environment:checking '/home/tux/ros2_ws/install/speed_control' for CMake module files
[0.962s] Level 1:colcon.colcon_core.environment:checking '/home/tux/ros2_ws/install/speed_control' for CMake config files
[0.963s] Level 1:colcon.colcon_core.shell:create_environment_hook('speed_control', 'cmake_prefix_path')
[0.963s] INFO:colcon.colcon_core.shell:Creating environment hook '/home/tux/ros2_ws/install/speed_control/share/speed_control/hook/cmake_prefix_path.ps1'
[0.964s] INFO:colcon.colcon_core.shell:Creating environment descriptor '/home/tux/ros2_ws/install/speed_control/share/speed_control/hook/cmake_prefix_path.dsv'
[0.965s] INFO:colcon.colcon_core.shell:Creating environment hook '/home/tux/ros2_ws/install/speed_control/share/speed_control/hook/cmake_prefix_path.sh'
[0.966s] Level 1:colcon.colcon_core.environment:checking '/home/tux/ros2_ws/install/speed_control/lib'
[0.966s] Level 1:colcon.colcon_core.shell:create_environment_hook('speed_control', 'ld_library_path_lib')
[0.967s] INFO:colcon.colcon_core.shell:Creating environment hook '/home/tux/ros2_ws/install/speed_control/share/speed_control/hook/ld_library_path_lib.ps1'
[0.967s] INFO:colcon.colcon_core.shell:Creating environment descriptor '/home/tux/ros2_ws/install/speed_control/share/speed_control/hook/ld_library_path_lib.dsv'
[0.968s] INFO:colcon.colcon_core.shell:Creating environment hook '/home/tux/ros2_ws/install/speed_control/share/speed_control/hook/ld_library_path_lib.sh'
[0.968s] Level 1:colcon.colcon_core.environment:checking '/home/tux/ros2_ws/install/speed_control/bin'
[0.968s] Level 1:colcon.colcon_core.environment:checking '/home/tux/ros2_ws/install/speed_control/lib/pkgconfig/speed_control.pc'
[0.969s] Level 1:colcon.colcon_core.environment:checking '/home/tux/ros2_ws/install/speed_control/lib/python3.10/site-packages'
[0.970s] Level 1:colcon.colcon_core.environment:checking '/home/tux/ros2_ws/install/speed_control/bin'
[0.971s] INFO:colcon.colcon_core.shell:Creating package script '/home/tux/ros2_ws/install/speed_control/share/speed_control/package.ps1'
[0.972s] INFO:colcon.colcon_core.shell:Creating package descriptor '/home/tux/ros2_ws/install/speed_control/share/speed_control/package.dsv'
[0.973s] INFO:colcon.colcon_core.shell:Creating package script '/home/tux/ros2_ws/install/speed_control/share/speed_control/package.sh'
[0.973s] INFO:colcon.colcon_core.shell:Creating package script '/home/tux/ros2_ws/install/speed_control/share/speed_control/package.bash'
[0.973s] INFO:colcon.colcon_core.shell:Creating package script '/home/tux/ros2_ws/install/speed_control/share/speed_control/package.zsh'
[0.974s] Level 1:colcon.colcon_core.environment:create_file_with_runtime_dependencies(/home/tux/ros2_ws/install/speed_control/share/colcon-core/packages/speed_control)
[0.975s] INFO:colcon.colcon_ros.task.ament_cmake.build:Building ROS package in '/home/tux/ros2_ws/src/speed_pub' with build type 'ament_cmake'
[0.975s] INFO:colcon.colcon_cmake.task.cmake.build:Building CMake package in '/home/tux/ros2_ws/src/speed_pub'
[0.975s] INFO:colcon.colcon_core.shell:Skip shell extension 'powershell' for command environment: Not usable outside of PowerShell
[0.975s] DEBUG:colcon.colcon_core.shell:Skip shell extension 'dsv' for command environment
[0.979s] Level 1:colcon.colcon_core.environment:create_environment_scripts_only(self_interfaces)
[0.979s] Level 1:colcon.colcon_core.environment:checking '/home/tux/ros2_ws/install/self_interfaces' for CMake module files
[0.979s] Level 1:colcon.colcon_core.environment:checking '/home/tux/ros2_ws/install/self_interfaces' for CMake config files
[0.980s] Level 1:colcon.colcon_core.shell:create_environment_hook('self_interfaces', 'cmake_prefix_path')
[0.980s] INFO:colcon.colcon_core.shell:Creating environment hook '/home/tux/ros2_ws/install/self_interfaces/share/self_interfaces/hook/cmake_prefix_path.ps1'
[0.980s] INFO:colcon.colcon_core.shell:Creating environment descriptor '/home/tux/ros2_ws/install/self_interfaces/share/self_interfaces/hook/cmake_prefix_path.dsv'
[0.980s] INFO:colcon.colcon_core.shell:Creating environment hook '/home/tux/ros2_ws/install/self_interfaces/share/self_interfaces/hook/cmake_prefix_path.sh'
[0.981s] Level 1:colcon.colcon_core.environment:checking '/home/tux/ros2_ws/install/self_interfaces/lib'
[0.981s] Level 1:colcon.colcon_core.shell:create_environment_hook('self_interfaces', 'ld_library_path_lib')
[0.981s] INFO:colcon.colcon_core.shell:Creating environment hook '/home/tux/ros2_ws/install/self_interfaces/share/self_interfaces/hook/ld_library_path_lib.ps1'
[0.982s] INFO:colcon.colcon_core.shell:Creating environment descriptor '/home/tux/ros2_ws/install/self_interfaces/share/self_interfaces/hook/ld_library_path_lib.dsv'
[0.982s] INFO:colcon.colcon_core.shell:Creating environment hook '/home/tux/ros2_ws/install/self_interfaces/share/self_interfaces/hook/ld_library_path_lib.sh'
[0.982s] Level 1:colcon.colcon_core.environment:checking '/home/tux/ros2_ws/install/self_interfaces/bin'
[0.982s] Level 1:colcon.colcon_core.environment:checking '/home/tux/ros2_ws/install/self_interfaces/lib/pkgconfig/self_interfaces.pc'
[0.982s] Level 1:colcon.colcon_core.environment:checking '/home/tux/ros2_ws/install/self_interfaces/lib/python3.10/site-packages'
[0.983s] Level 1:colcon.colcon_core.environment:checking '/home/tux/ros2_ws/install/self_interfaces/bin'
[0.983s] INFO:colcon.colcon_core.shell:Creating package script '/home/tux/ros2_ws/install/self_interfaces/share/self_interfaces/package.ps1'
[0.983s] INFO:colcon.colcon_core.shell:Creating package descriptor '/home/tux/ros2_ws/install/self_interfaces/share/self_interfaces/package.dsv'
[0.984s] INFO:colcon.colcon_core.shell:Creating package script '/home/tux/ros2_ws/install/self_interfaces/share/self_interfaces/package.sh'
[0.984s] INFO:colcon.colcon_core.shell:Creating package script '/home/tux/ros2_ws/install/self_interfaces/share/self_interfaces/package.bash'
[0.984s] INFO:colcon.colcon_core.shell:Creating package script '/home/tux/ros2_ws/install/self_interfaces/share/self_interfaces/package.zsh'
[0.985s] Level 1:colcon.colcon_core.environment:create_file_with_runtime_dependencies(/home/tux/ros2_ws/install/self_interfaces/share/colcon-core/packages/self_interfaces)
[0.989s] DEBUG:colcon.colcon_core.event_handler.log_command:Invoking command in '/home/tux/ros2_ws/build/speed_pub': CMAKE_PREFIX_PATH=/home/tux/ros2_ws/install/speed_control:/home/tux/ros2_ws/install/speed_pub:/home/tux/ros2_ws/install/self_interfaces:/opt/ros/humble /usr/bin/cmake --build /home/tux/ros2_ws/build/speed_pub -- -j12 -l12
[5.157s] DEBUG:colcon.colcon_core.event_handler.log_command:Invoked command in '/home/tux/ros2_ws/build/speed_pub' returned '0': CMAKE_PREFIX_PATH=/home/tux/ros2_ws/install/speed_control:/home/tux/ros2_ws/install/speed_pub:/home/tux/ros2_ws/install/self_interfaces:/opt/ros/humble /usr/bin/cmake --build /home/tux/ros2_ws/build/speed_pub -- -j12 -l12
[5.186s] DEBUG:colcon.colcon_core.event_handler.log_command:Invoking command in '/home/tux/ros2_ws/build/speed_pub': CMAKE_PREFIX_PATH=/home/tux/ros2_ws/install/speed_control:/home/tux/ros2_ws/install/speed_pub:/home/tux/ros2_ws/install/self_interfaces:/opt/ros/humble /usr/bin/cmake --install /home/tux/ros2_ws/build/speed_pub
[5.198s] Level 1:colcon.colcon_core.environment:create_environment_scripts_only(speed_pub)
[5.199s] Level 1:colcon.colcon_core.environment:checking '/home/tux/ros2_ws/install/speed_pub' for CMake module files
[5.200s] DEBUG:colcon.colcon_core.event_handler.log_command:Invoked command in '/home/tux/ros2_ws/build/speed_pub' returned '0': CMAKE_PREFIX_PATH=/home/tux/ros2_ws/install/speed_control:/home/tux/ros2_ws/install/speed_pub:/home/tux/ros2_ws/install/self_interfaces:/opt/ros/humble /usr/bin/cmake --install /home/tux/ros2_ws/build/speed_pub
[5.200s] Level 1:colcon.colcon_core.environment:checking '/home/tux/ros2_ws/install/speed_pub' for CMake config files
[5.200s] Level 1:colcon.colcon_core.shell:create_environment_hook('speed_pub', 'cmake_prefix_path')
[5.201s] INFO:colcon.colcon_core.shell:Creating environment hook '/home/tux/ros2_ws/install/speed_pub/share/speed_pub/hook/cmake_prefix_path.ps1'
[5.201s] INFO:colcon.colcon_core.shell:Creating environment descriptor '/home/tux/ros2_ws/install/speed_pub/share/speed_pub/hook/cmake_prefix_path.dsv'
[5.201s] INFO:colcon.colcon_core.shell:Creating environment hook '/home/tux/ros2_ws/install/speed_pub/share/speed_pub/hook/cmake_prefix_path.sh'
[5.202s] Level 1:colcon.colcon_core.environment:checking '/home/tux/ros2_ws/install/speed_pub/lib'
[5.202s] Level 1:colcon.colcon_core.environment:checking '/home/tux/ros2_ws/install/speed_pub/bin'
[5.202s] Level 1:colcon.colcon_core.environment:checking '/home/tux/ros2_ws/install/speed_pub/lib/pkgconfig/speed_pub.pc'
[5.202s] Level 1:colcon.colcon_core.environment:checking '/home/tux/ros2_ws/install/speed_pub/lib/python3.10/site-packages'
[5.202s] Level 1:colcon.colcon_core.environment:checking '/home/tux/ros2_ws/install/speed_pub/bin'
[5.202s] INFO:colcon.colcon_core.shell:Creating package script '/home/tux/ros2_ws/install/speed_pub/share/speed_pub/package.ps1'
[5.203s] INFO:colcon.colcon_core.shell:Creating package descriptor '/home/tux/ros2_ws/install/speed_pub/share/speed_pub/package.dsv'
[5.203s] INFO:colcon.colcon_core.shell:Creating package script '/home/tux/ros2_ws/install/speed_pub/share/speed_pub/package.sh'
[5.203s] INFO:colcon.colcon_core.shell:Creating package script '/home/tux/ros2_ws/install/speed_pub/share/speed_pub/package.bash'
[5.204s] INFO:colcon.colcon_core.shell:Creating package script '/home/tux/ros2_ws/install/speed_pub/share/speed_pub/package.zsh'
[5.204s] Level 1:colcon.colcon_core.environment:create_file_with_runtime_dependencies(/home/tux/ros2_ws/install/speed_pub/share/colcon-core/packages/speed_pub)
[5.229s] Level 1:colcon.colcon_core.environment:create_environment_scripts_only(speed_pub)
[5.230s] Level 1:colcon.colcon_core.environment:checking '/home/tux/ros2_ws/install/speed_pub' for CMake module files
[5.230s] Level 1:colcon.colcon_core.environment:checking '/home/tux/ros2_ws/install/speed_pub' for CMake config files
[5.230s] Level 1:colcon.colcon_core.shell:create_environment_hook('speed_pub', 'cmake_prefix_path')
[5.230s] INFO:colcon.colcon_core.shell:Creating environment hook '/home/tux/ros2_ws/install/speed_pub/share/speed_pub/hook/cmake_prefix_path.ps1'
[5.231s] INFO:colcon.colcon_core.shell:Creating environment descriptor '/home/tux/ros2_ws/install/speed_pub/share/speed_pub/hook/cmake_prefix_path.dsv'
[5.231s] INFO:colcon.colcon_core.shell:Creating environment hook '/home/tux/ros2_ws/install/speed_pub/share/speed_pub/hook/cmake_prefix_path.sh'
[5.231s] Level 1:colcon.colcon_core.environment:checking '/home/tux/ros2_ws/install/speed_pub/lib'
[5.232s] Level 1:colcon.colcon_core.environment:checking '/home/tux/ros2_ws/install/speed_pub/bin'
[5.232s] Level 1:colcon.colcon_core.environment:checking '/home/tux/ros2_ws/install/speed_pub/lib/pkgconfig/speed_pub.pc'
[5.232s] Level 1:colcon.colcon_core.environment:checking '/home/tux/ros2_ws/install/speed_pub/lib/python3.10/site-packages'
[5.232s] Level 1:colcon.colcon_core.environment:checking '/home/tux/ros2_ws/install/speed_pub/bin'
[5.232s] INFO:colcon.colcon_core.shell:Creating package script '/home/tux/ros2_ws/install/speed_pub/share/speed_pub/package.ps1'
[5.233s] INFO:colcon.colcon_core.shell:Creating package descriptor '/home/tux/ros2_ws/install/speed_pub/share/speed_pub/package.dsv'
[5.233s] INFO:colcon.colcon_core.shell:Creating package script '/home/tux/ros2_ws/install/speed_pub/share/speed_pub/package.sh'
[5.233s] INFO:colcon.colcon_core.shell:Creating package script '/home/tux/ros2_ws/install/speed_pub/share/speed_pub/package.bash'
[5.234s] INFO:colcon.colcon_core.shell:Creating package script '/home/tux/ros2_ws/install/speed_pub/share/speed_pub/package.zsh'
[5.234s] Level 1:colcon.colcon_core.environment:create_file_with_runtime_dependencies(/home/tux/ros2_ws/install/speed_pub/share/colcon-core/packages/speed_pub)
[5.234s] DEBUG:colcon.colcon_parallel_executor.executor.parallel:closing loop
[5.234s] DEBUG:colcon.colcon_parallel_executor.executor.parallel:loop closed
[5.235s] DEBUG:colcon.colcon_parallel_executor.executor.parallel:run_until_complete finished with '0'
[5.235s] DEBUG:colcon.colcon_core.event_reactor:joining thread
[5.239s] INFO:colcon.colcon_core.plugin_system:Skipping extension 'colcon_notification.desktop_notification.terminal_notifier': Not used on non-Darwin systems
[5.239s] INFO:colcon.colcon_core.plugin_system:Skipping extension 'colcon_notification.desktop_notification.win32': Not used on non-Windows systems
[5.239s] INFO:colcon.colcon_notification.desktop_notification:Sending desktop notification using 'notify2'
[5.250s] DEBUG:colcon.colcon_core.event_reactor:joined thread
[5.251s] INFO:colcon.colcon_core.shell:Creating prefix script '/home/tux/ros2_ws/install/local_setup.ps1'
[5.251s] INFO:colcon.colcon_core.shell:Creating prefix util module '/home/tux/ros2_ws/install/_local_setup_util_ps1.py'
[5.252s] INFO:colcon.colcon_core.shell:Creating prefix chain script '/home/tux/ros2_ws/install/setup.ps1'
[5.253s] INFO:colcon.colcon_core.shell:Creating prefix script '/home/tux/ros2_ws/install/local_setup.sh'
[5.254s] INFO:colcon.colcon_core.shell:Creating prefix util module '/home/tux/ros2_ws/install/_local_setup_util_sh.py'
[5.254s] INFO:colcon.colcon_core.shell:Creating prefix chain script '/home/tux/ros2_ws/install/setup.sh'
[5.255s] INFO:colcon.colcon_core.shell:Creating prefix script '/home/tux/ros2_ws/install/local_setup.bash'
[5.256s] INFO:colcon.colcon_core.shell:Creating prefix chain script '/home/tux/ros2_ws/install/setup.bash'
[5.256s] INFO:colcon.colcon_core.shell:Creating prefix script '/home/tux/ros2_ws/install/local_setup.zsh'
[5.257s] INFO:colcon.colcon_core.shell:Creating prefix chain script '/home/tux/ros2_ws/install/setup.zsh'
