[0.093s] DEBUG:colcon:Command line arguments: ['/usr/bin/colcon', 'build']
[0.093s] DEBUG:colcon:Parsed command line arguments: Namespace(log_base=None, log_level=None, verb_name='build', build_base='build', install_base='install', merge_install=False, symlink_install=False, test_result_base=None, continue_on_error=False, executor='parallel', parallel_workers=12, event_handlers=None, ignore_user_meta=False, metas=['./colcon.meta'], base_paths=['.'], packages_ignore=None, packages_ignore_regex=None, paths=None, packages_up_to=None, packages_up_to_regex=None, packages_above=None, packages_above_and_dependencies=None, packages_above_depth=None, packages_select_by_dep=None, packages_skip_by_dep=None, packages_skip_up_to=None, packages_select_build_failed=False, packages_skip_build_finished=False, packages_select_test_failures=False, packages_skip_test_passed=False, packages_select=None, packages_skip=None, packages_select_regex=None, packages_skip_regex=None, packages_start=None, packages_end=None, allow_overriding=[], cmake_args=None, cmake_target=None, cmake_target_skip_unavailable=False, cmake_clean_cache=False, cmake_clean_first=False, cmake_force_configure=False, ament_cmake_args=None, catkin_cmake_args=None, catkin_skip_building_tests=False, verb_parser=<colcon_defaults.argument_parser.defaults.DefaultArgumentsDecorator object at 0x7c5be7fe3fd0>, verb_extension=<colcon_core.verb.build.BuildVerb object at 0x7c5be814cb20>, main=<bound method BuildVerb.main of <colcon_core.verb.build.BuildVerb object at 0x7c5be814cb20>>)
[0.237s] Level 1:colcon.colcon_core.package_discovery:discover_packages(colcon_meta) check parameters
[0.237s] Level 1:colcon.colcon_core.package_discovery:discover_packages(recursive) check parameters
[0.237s] Level 1:colcon.colcon_core.package_discovery:discover_packages(ignore) check parameters
[0.237s] Level 1:colcon.colcon_core.package_discovery:discover_packages(path) check parameters
[0.237s] Level 1:colcon.colcon_core.package_discovery:discover_packages(colcon_meta) discover
[0.237s] Level 1:colcon.colcon_core.package_discovery:discover_packages(recursive) discover
[0.237s] INFO:colcon.colcon_core.package_discovery:Crawling recursively for packages in '/home/tux/ros2_ws'
[0.237s] Level 1:colcon.colcon_core.package_identification:_identify(.) by extensions ['ignore', 'ignore_ament_install']
[0.237s] Level 1:colcon.colcon_core.package_identification:_identify(.) by extension 'ignore'
[0.237s] Level 1:colcon.colcon_core.package_identification:_identify(.) by extension 'ignore_ament_install'
[0.238s] Level 1:colcon.colcon_core.package_identification:_identify(.) by extensions ['colcon_pkg']
[0.238s] Level 1:colcon.colcon_core.package_identification:_identify(.) by extension 'colcon_pkg'
[0.238s] Level 1:colcon.colcon_core.package_identification:_identify(.) by extensions ['colcon_meta']
[0.238s] Level 1:colcon.colcon_core.package_identification:_identify(.) by extension 'colcon_meta'
[0.238s] Level 1:colcon.colcon_core.package_identification:_identify(.) by extensions ['ros']
[0.238s] Level 1:colcon.colcon_core.package_identification:_identify(.) by extension 'ros'
[0.248s] Level 1:colcon.colcon_core.package_identification:_identify(.) by extensions ['cmake', 'python']
[0.248s] Level 1:colcon.colcon_core.package_identification:_identify(.) by extension 'cmake'
[0.248s] Level 1:colcon.colcon_core.package_identification:_identify(.) by extension 'python'
[0.248s] Level 1:colcon.colcon_core.package_identification:_identify(.) by extensions ['python_setup_py']
[0.249s] Level 1:colcon.colcon_core.package_identification:_identify(.) by extension 'python_setup_py'
[0.249s] Level 1:colcon.colcon_core.package_identification:_identify(build) by extensions ['ignore', 'ignore_ament_install']
[0.249s] Level 1:colcon.colcon_core.package_identification:_identify(build) by extension 'ignore'
[0.249s] Level 1:colcon.colcon_core.package_identification:_identify(build) ignored
[0.249s] Level 1:colcon.colcon_core.package_identification:_identify(install) by extensions ['ignore', 'ignore_ament_install']
[0.249s] Level 1:colcon.colcon_core.package_identification:_identify(install) by extension 'ignore'
[0.249s] Level 1:colcon.colcon_core.package_identification:_identify(install) ignored
[0.249s] Level 1:colcon.colcon_core.package_identification:_identify(log) by extensions ['ignore', 'ignore_ament_install']
[0.249s] Level 1:colcon.colcon_core.package_identification:_identify(log) by extension 'ignore'
[0.249s] Level 1:colcon.colcon_core.package_identification:_identify(log) ignored
[0.249s] Level 1:colcon.colcon_core.package_identification:_identify(src) by extensions ['ignore', 'ignore_ament_install']
[0.249s] Level 1:colcon.colcon_core.package_identification:_identify(src) by extension 'ignore'
[0.249s] Level 1:colcon.colcon_core.package_identification:_identify(src) by extension 'ignore_ament_install'
[0.249s] Level 1:colcon.colcon_core.package_identification:_identify(src) by extensions ['colcon_pkg']
[0.249s] Level 1:colcon.colcon_core.package_identification:_identify(src) by extension 'colcon_pkg'
[0.249s] Level 1:colcon.colcon_core.package_identification:_identify(src) by extensions ['colcon_meta']
[0.250s] Level 1:colcon.colcon_core.package_identification:_identify(src) by extension 'colcon_meta'
[0.250s] Level 1:colcon.colcon_core.package_identification:_identify(src) by extensions ['ros']
[0.250s] Level 1:colcon.colcon_core.package_identification:_identify(src) by extension 'ros'
[0.250s] Level 1:colcon.colcon_core.package_identification:_identify(src) by extensions ['cmake', 'python']
[0.250s] Level 1:colcon.colcon_core.package_identification:_identify(src) by extension 'cmake'
[0.250s] Level 1:colcon.colcon_core.package_identification:_identify(src) by extension 'python'
[0.250s] Level 1:colcon.colcon_core.package_identification:_identify(src) by extensions ['python_setup_py']
[0.250s] Level 1:colcon.colcon_core.package_identification:_identify(src) by extension 'python_setup_py'
[0.250s] Level 1:colcon.colcon_core.package_identification:_identify(src/self_interfaces) by extensions ['ignore', 'ignore_ament_install']
[0.250s] Level 1:colcon.colcon_core.package_identification:_identify(src/self_interfaces) by extension 'ignore'
[0.250s] Level 1:colcon.colcon_core.package_identification:_identify(src/self_interfaces) by extension 'ignore_ament_install'
[0.250s] Level 1:colcon.colcon_core.package_identification:_identify(src/self_interfaces) by extensions ['colcon_pkg']
[0.250s] Level 1:colcon.colcon_core.package_identification:_identify(src/self_interfaces) by extension 'colcon_pkg'
[0.250s] Level 1:colcon.colcon_core.package_identification:_identify(src/self_interfaces) by extensions ['colcon_meta']
[0.250s] Level 1:colcon.colcon_core.package_identification:_identify(src/self_interfaces) by extension 'colcon_meta'
[0.250s] Level 1:colcon.colcon_core.package_identification:_identify(src/self_interfaces) by extensions ['ros']
[0.250s] Level 1:colcon.colcon_core.package_identification:_identify(src/self_interfaces) by extension 'ros'
[0.252s] DEBUG:colcon.colcon_core.package_identification:Package 'src/self_interfaces' with type 'ros.ament_cmake' and name 'self_interfaces'
[0.252s] Level 1:colcon.colcon_core.package_identification:_identify(src/speed_control) by extensions ['ignore', 'ignore_ament_install']
[0.252s] Level 1:colcon.colcon_core.package_identification:_identify(src/speed_control) by extension 'ignore'
[0.252s] Level 1:colcon.colcon_core.package_identification:_identify(src/speed_control) by extension 'ignore_ament_install'
[0.252s] Level 1:colcon.colcon_core.package_identification:_identify(src/speed_control) by extensions ['colcon_pkg']
[0.252s] Level 1:colcon.colcon_core.package_identification:_identify(src/speed_control) by extension 'colcon_pkg'
[0.252s] Level 1:colcon.colcon_core.package_identification:_identify(src/speed_control) by extensions ['colcon_meta']
[0.253s] Level 1:colcon.colcon_core.package_identification:_identify(src/speed_control) by extension 'colcon_meta'
[0.253s] Level 1:colcon.colcon_core.package_identification:_identify(src/speed_control) by extensions ['ros']
[0.253s] Level 1:colcon.colcon_core.package_identification:_identify(src/speed_control) by extension 'ros'
[0.253s] DEBUG:colcon.colcon_core.package_identification:Package 'src/speed_control' with type 'ros.ament_cmake' and name 'speed_control'
[0.253s] Level 1:colcon.colcon_core.package_identification:_identify(src/speed_pub) by extensions ['ignore', 'ignore_ament_install']
[0.253s] Level 1:colcon.colcon_core.package_identification:_identify(src/speed_pub) by extension 'ignore'
[0.253s] Level 1:colcon.colcon_core.package_identification:_identify(src/speed_pub) by extension 'ignore_ament_install'
[0.253s] Level 1:colcon.colcon_core.package_identification:_identify(src/speed_pub) by extensions ['colcon_pkg']
[0.253s] Level 1:colcon.colcon_core.package_identification:_identify(src/speed_pub) by extension 'colcon_pkg'
[0.253s] Level 1:colcon.colcon_core.package_identification:_identify(src/speed_pub) by extensions ['colcon_meta']
[0.253s] Level 1:colcon.colcon_core.package_identification:_identify(src/speed_pub) by extension 'colcon_meta'
[0.253s] Level 1:colcon.colcon_core.package_identification:_identify(src/speed_pub) by extensions ['ros']
[0.254s] Level 1:colcon.colcon_core.package_identification:_identify(src/speed_pub) by extension 'ros'
[0.254s] DEBUG:colcon.colcon_core.package_identification:Package 'src/speed_pub' with type 'ros.ament_cmake' and name 'speed_pub'
[0.254s] Level 1:colcon.colcon_core.package_discovery:discover_packages(recursive) using defaults
[0.254s] Level 1:colcon.colcon_core.package_discovery:discover_packages(ignore) discover
[0.254s] Level 1:colcon.colcon_core.package_discovery:discover_packages(ignore) using defaults
[0.254s] Level 1:colcon.colcon_core.package_discovery:discover_packages(path) discover
[0.254s] Level 1:colcon.colcon_core.package_discovery:discover_packages(path) using defaults
[0.270s] Level 1:colcon.colcon_core.package_discovery:discover_packages(prefix_path) check parameters
[0.270s] Level 1:colcon.colcon_core.package_discovery:discover_packages(prefix_path) discover
[0.272s] DEBUG:colcon.colcon_installed_package_information.package_discovery:Found 3 installed packages in /home/tux/ros2_ws/install
[0.273s] DEBUG:colcon.colcon_installed_package_information.package_discovery:Found 270 installed packages in /opt/ros/humble
[0.274s] Level 1:colcon.colcon_core.package_discovery:discover_packages(prefix_path) using defaults
[0.316s] Level 5:colcon.colcon_core.verb:set package 'self_interfaces' build argument 'cmake_args' from command line to 'None'
[0.317s] Level 5:colcon.colcon_core.verb:set package 'self_interfaces' build argument 'cmake_target' from command line to 'None'
[0.317s] Level 5:colcon.colcon_core.verb:set package 'self_interfaces' build argument 'cmake_target_skip_unavailable' from command line to 'False'
[0.317s] Level 5:colcon.colcon_core.verb:set package 'self_interfaces' build argument 'cmake_clean_cache' from command line to 'False'
[0.317s] Level 5:colcon.colcon_core.verb:set package 'self_interfaces' build argument 'cmake_clean_first' from command line to 'False'
[0.317s] Level 5:colcon.colcon_core.verb:set package 'self_interfaces' build argument 'cmake_force_configure' from command line to 'False'
[0.317s] Level 5:colcon.colcon_core.verb:set package 'self_interfaces' build argument 'ament_cmake_args' from command line to 'None'
[0.317s] Level 5:colcon.colcon_core.verb:set package 'self_interfaces' build argument 'catkin_cmake_args' from command line to 'None'
[0.317s] Level 5:colcon.colcon_core.verb:set package 'self_interfaces' build argument 'catkin_skip_building_tests' from command line to 'False'
[0.317s] DEBUG:colcon.colcon_core.verb:Building package 'self_interfaces' with the following arguments: {'ament_cmake_args': None, 'build_base': '/home/tux/ros2_ws/build/self_interfaces', 'catkin_cmake_args': None, 'catkin_skip_building_tests': False, 'cmake_args': None, 'cmake_clean_cache': False, 'cmake_clean_first': False, 'cmake_force_configure': False, 'cmake_target': None, 'cmake_target_skip_unavailable': False, 'install_base': '/home/tux/ros2_ws/install/self_interfaces', 'merge_install': False, 'path': '/home/tux/ros2_ws/src/self_interfaces', 'symlink_install': False, 'test_result_base': None}
[0.317s] Level 5:colcon.colcon_core.verb:set package 'speed_control' build argument 'cmake_args' from command line to 'None'
[0.317s] Level 5:colcon.colcon_core.verb:set package 'speed_control' build argument 'cmake_target' from command line to 'None'
[0.317s] Level 5:colcon.colcon_core.verb:set package 'speed_control' build argument 'cmake_target_skip_unavailable' from command line to 'False'
[0.317s] Level 5:colcon.colcon_core.verb:set package 'speed_control' build argument 'cmake_clean_cache' from command line to 'False'
[0.317s] Level 5:colcon.colcon_core.verb:set package 'speed_control' build argument 'cmake_clean_first' from command line to 'False'
[0.317s] Level 5:colcon.colcon_core.verb:set package 'speed_control' build argument 'cmake_force_configure' from command line to 'False'
[0.317s] Level 5:colcon.colcon_core.verb:set package 'speed_control' build argument 'ament_cmake_args' from command line to 'None'
[0.317s] Level 5:colcon.colcon_core.verb:set package 'speed_control' build argument 'catkin_cmake_args' from command line to 'None'
[0.317s] Level 5:colcon.colcon_core.verb:set package 'speed_control' build argument 'catkin_skip_building_tests' from command line to 'False'
[0.317s] DEBUG:colcon.colcon_core.verb:Building package 'speed_control' with the following arguments: {'ament_cmake_args': None, 'build_base': '/home/tux/ros2_ws/build/speed_control', 'catkin_cmake_args': None, 'catkin_skip_building_tests': False, 'cmake_args': None, 'cmake_clean_cache': False, 'cmake_clean_first': False, 'cmake_force_configure': False, 'cmake_target': None, 'cmake_target_skip_unavailable': False, 'install_base': '/home/tux/ros2_ws/install/speed_control', 'merge_install': False, 'path': '/home/tux/ros2_ws/src/speed_control', 'symlink_install': False, 'test_result_base': None}
[0.318s] Level 5:colcon.colcon_core.verb:set package 'speed_pub' build argument 'cmake_args' from command line to 'None'
[0.318s] Level 5:colcon.colcon_core.verb:set package 'speed_pub' build argument 'cmake_target' from command line to 'None'
[0.318s] Level 5:colcon.colcon_core.verb:set package 'speed_pub' build argument 'cmake_target_skip_unavailable' from command line to 'False'
[0.318s] Level 5:colcon.colcon_core.verb:set package 'speed_pub' build argument 'cmake_clean_cache' from command line to 'False'
[0.318s] Level 5:colcon.colcon_core.verb:set package 'speed_pub' build argument 'cmake_clean_first' from command line to 'False'
[0.318s] Level 5:colcon.colcon_core.verb:set package 'speed_pub' build argument 'cmake_force_configure' from command line to 'False'
[0.318s] Level 5:colcon.colcon_core.verb:set package 'speed_pub' build argument 'ament_cmake_args' from command line to 'None'
[0.318s] Level 5:colcon.colcon_core.verb:set package 'speed_pub' build argument 'catkin_cmake_args' from command line to 'None'
[0.318s] Level 5:colcon.colcon_core.verb:set package 'speed_pub' build argument 'catkin_skip_building_tests' from command line to 'False'
[0.318s] DEBUG:colcon.colcon_core.verb:Building package 'speed_pub' with the following arguments: {'ament_cmake_args': None, 'build_base': '/home/tux/ros2_ws/build/speed_pub', 'catkin_cmake_args': None, 'catkin_skip_building_tests': False, 'cmake_args': None, 'cmake_clean_cache': False, 'cmake_clean_first': False, 'cmake_force_configure': False, 'cmake_target': None, 'cmake_target_skip_unavailable': False, 'install_base': '/home/tux/ros2_ws/install/speed_pub', 'merge_install': False, 'path': '/home/tux/ros2_ws/src/speed_pub', 'symlink_install': False, 'test_result_base': None}
[0.318s] INFO:colcon.colcon_core.executor:Executing jobs using 'parallel' executor
[0.319s] DEBUG:colcon.colcon_parallel_executor.executor.parallel:run_until_complete
[0.319s] INFO:colcon.colcon_ros.task.ament_cmake.build:Building ROS package in '/home/tux/ros2_ws/src/self_interfaces' with build type 'ament_cmake'
[0.319s] INFO:colcon.colcon_cmake.task.cmake.build:Building CMake package in '/home/tux/ros2_ws/src/self_interfaces'
[0.321s] INFO:colcon.colcon_core.plugin_system:Skipping extension 'colcon_core.shell.bat': Not used on non-Windows systems
[0.321s] INFO:colcon.colcon_core.shell:Skip shell extension 'powershell' for command environment: Not usable outside of PowerShell
[0.321s] DEBUG:colcon.colcon_core.shell:Skip shell extension 'dsv' for command environment
[0.324s] INFO:colcon.colcon_ros.task.ament_cmake.build:Building ROS package in '/home/tux/ros2_ws/src/speed_control' with build type 'ament_cmake'
[0.324s] INFO:colcon.colcon_cmake.task.cmake.build:Building CMake package in '/home/tux/ros2_ws/src/speed_control'
[0.324s] INFO:colcon.colcon_core.shell:Skip shell extension 'powershell' for command environment: Not usable outside of PowerShell
[0.324s] DEBUG:colcon.colcon_core.shell:Skip shell extension 'dsv' for command environment
[0.331s] DEBUG:colcon.colcon_core.event_handler.log_command:Invoking command in '/home/tux/ros2_ws/build/self_interfaces': CMAKE_PREFIX_PATH=${CMAKE_PREFIX_PATH}:/opt/ros/humble /usr/bin/cmake --build /home/tux/ros2_ws/build/self_interfaces -- -j12 -l12
[0.335s] DEBUG:colcon.colcon_core.event_handler.log_command:Invoking command in '/home/tux/ros2_ws/build/speed_control': CMAKE_PREFIX_PATH=${CMAKE_PREFIX_PATH}:/opt/ros/humble /usr/bin/cmake --build /home/tux/ros2_ws/build/speed_control -- -j12 -l12
[0.704s] DEBUG:colcon.colcon_core.event_handler.log_command:Invoked command in '/home/tux/ros2_ws/build/speed_control' returned '0': CMAKE_PREFIX_PATH=${CMAKE_PREFIX_PATH}:/opt/ros/humble /usr/bin/cmake --build /home/tux/ros2_ws/build/speed_control -- -j12 -l12
[0.708s] DEBUG:colcon.colcon_core.event_handler.log_command:Invoked command in '/home/tux/ros2_ws/build/self_interfaces' returned '0': CMAKE_PREFIX_PATH=${CMAKE_PREFIX_PATH}:/opt/ros/humble /usr/bin/cmake --build /home/tux/ros2_ws/build/self_interfaces -- -j12 -l12
[0.774s] DEBUG:colcon.colcon_core.event_handler.log_command:Invoking command in '/home/tux/ros2_ws/build/speed_control': CMAKE_PREFIX_PATH=${CMAKE_PREFIX_PATH}:/opt/ros/humble /usr/bin/cmake --install /home/tux/ros2_ws/build/speed_control
[0.775s] DEBUG:colcon.colcon_core.event_handler.log_command:Invoking command in '/home/tux/ros2_ws/build/self_interfaces': CMAKE_PREFIX_PATH=${CMAKE_PREFIX_PATH}:/opt/ros/humble /usr/bin/cmake --install /home/tux/ros2_ws/build/self_interfaces
[0.830s] Level 1:colcon.colcon_core.environment:create_environment_scripts_only(speed_control)
[0.837s] Level 1:colcon.colcon_core.environment:checking '/home/tux/ros2_ws/install/speed_control' for CMake module files
[0.839s] Level 1:colcon.colcon_core.environment:checking '/home/tux/ros2_ws/install/speed_control' for CMake config files
[0.839s] DEBUG:colcon.colcon_core.event_handler.log_command:Invoked command in '/home/tux/ros2_ws/build/speed_control' returned '0': CMAKE_PREFIX_PATH=${CMAKE_PREFIX_PATH}:/opt/ros/humble /usr/bin/cmake --install /home/tux/ros2_ws/build/speed_control
[0.840s] Level 1:colcon.colcon_core.shell:create_environment_hook('speed_control', 'cmake_prefix_path')
[0.840s] INFO:colcon.colcon_core.shell:Creating environment hook '/home/tux/ros2_ws/install/speed_control/share/speed_control/hook/cmake_prefix_path.ps1'
[0.841s] INFO:colcon.colcon_core.shell:Creating environment descriptor '/home/tux/ros2_ws/install/speed_control/share/speed_control/hook/cmake_prefix_path.dsv'
[0.841s] INFO:colcon.colcon_core.shell:Creating environment hook '/home/tux/ros2_ws/install/speed_control/share/speed_control/hook/cmake_prefix_path.sh'
[0.842s] Level 1:colcon.colcon_core.environment:checking '/home/tux/ros2_ws/install/speed_control/lib'
[0.842s] Level 1:colcon.colcon_core.shell:create_environment_hook('speed_control', 'ld_library_path_lib')
[0.842s] INFO:colcon.colcon_core.shell:Creating environment hook '/home/tux/ros2_ws/install/speed_control/share/speed_control/hook/ld_library_path_lib.ps1'
[0.842s] INFO:colcon.colcon_core.shell:Creating environment descriptor '/home/tux/ros2_ws/install/speed_control/share/speed_control/hook/ld_library_path_lib.dsv'
[0.843s] INFO:colcon.colcon_core.shell:Creating environment hook '/home/tux/ros2_ws/install/speed_control/share/speed_control/hook/ld_library_path_lib.sh'
[0.843s] Level 1:colcon.colcon_core.environment:checking '/home/tux/ros2_ws/install/speed_control/bin'
[0.843s] Level 1:colcon.colcon_core.environment:checking '/home/tux/ros2_ws/install/speed_control/lib/pkgconfig/speed_control.pc'
[0.844s] Level 1:colcon.colcon_core.environment:checking '/home/tux/ros2_ws/install/speed_control/lib/python3.10/site-packages'
[0.844s] Level 1:colcon.colcon_core.environment:checking '/home/tux/ros2_ws/install/speed_control/bin'
[0.845s] INFO:colcon.colcon_core.shell:Creating package script '/home/tux/ros2_ws/install/speed_control/share/speed_control/package.ps1'
[0.846s] INFO:colcon.colcon_core.shell:Creating package descriptor '/home/tux/ros2_ws/install/speed_control/share/speed_control/package.dsv'
[0.847s] INFO:colcon.colcon_core.shell:Creating package script '/home/tux/ros2_ws/install/speed_control/share/speed_control/package.sh'
[0.848s] INFO:colcon.colcon_core.shell:Creating package script '/home/tux/ros2_ws/install/speed_control/share/speed_control/package.bash'
[0.849s] INFO:colcon.colcon_core.shell:Creating package script '/home/tux/ros2_ws/install/speed_control/share/speed_control/package.zsh'
[0.849s] Level 1:colcon.colcon_core.environment:create_file_with_runtime_dependencies(/home/tux/ros2_ws/install/speed_control/share/colcon-core/packages/speed_control)
[0.851s] Level 1:colcon.colcon_core.environment:create_environment_scripts_only(self_interfaces)
[0.852s] Level 1:colcon.colcon_core.environment:checking '/home/tux/ros2_ws/install/self_interfaces' for CMake module files
[0.852s] DEBUG:colcon.colcon_core.event_handler.log_command:Invoked command in '/home/tux/ros2_ws/build/self_interfaces' returned '0': CMAKE_PREFIX_PATH=${CMAKE_PREFIX_PATH}:/opt/ros/humble /usr/bin/cmake --install /home/tux/ros2_ws/build/self_interfaces
[0.853s] Level 1:colcon.colcon_core.environment:checking '/home/tux/ros2_ws/install/self_interfaces' for CMake config files
[0.853s] Level 1:colcon.colcon_core.shell:create_environment_hook('self_interfaces', 'cmake_prefix_path')
[0.853s] INFO:colcon.colcon_core.shell:Creating environment hook '/home/tux/ros2_ws/install/self_interfaces/share/self_interfaces/hook/cmake_prefix_path.ps1'
[0.854s] INFO:colcon.colcon_core.shell:Creating environment descriptor '/home/tux/ros2_ws/install/self_interfaces/share/self_interfaces/hook/cmake_prefix_path.dsv'
[0.854s] INFO:colcon.colcon_core.shell:Creating environment hook '/home/tux/ros2_ws/install/self_interfaces/share/self_interfaces/hook/cmake_prefix_path.sh'
[0.855s] Level 1:colcon.colcon_core.environment:checking '/home/tux/ros2_ws/install/self_interfaces/lib'
[0.855s] Level 1:colcon.colcon_core.shell:create_environment_hook('self_interfaces', 'ld_library_path_lib')
[0.855s] INFO:colcon.colcon_core.shell:Creating environment hook '/home/tux/ros2_ws/install/self_interfaces/share/self_interfaces/hook/ld_library_path_lib.ps1'
[0.855s] INFO:colcon.colcon_core.shell:Creating environment descriptor '/home/tux/ros2_ws/install/self_interfaces/share/self_interfaces/hook/ld_library_path_lib.dsv'
[0.856s] INFO:colcon.colcon_core.shell:Creating environment hook '/home/tux/ros2_ws/install/self_interfaces/share/self_interfaces/hook/ld_library_path_lib.sh'
[0.856s] Level 1:colcon.colcon_core.environment:checking '/home/tux/ros2_ws/install/self_interfaces/bin'
[0.856s] Level 1:colcon.colcon_core.environment:checking '/home/tux/ros2_ws/install/self_interfaces/lib/pkgconfig/self_interfaces.pc'
[0.856s] Level 1:colcon.colcon_core.environment:checking '/home/tux/ros2_ws/install/self_interfaces/lib/python3.10/site-packages'
[0.857s] Level 1:colcon.colcon_core.environment:checking '/home/tux/ros2_ws/install/self_interfaces/bin'
[0.857s] INFO:colcon.colcon_core.shell:Creating package script '/home/tux/ros2_ws/install/self_interfaces/share/self_interfaces/package.ps1'
[0.857s] INFO:colcon.colcon_core.shell:Creating package descriptor '/home/tux/ros2_ws/install/self_interfaces/share/self_interfaces/package.dsv'
[0.858s] INFO:colcon.colcon_core.shell:Creating package script '/home/tux/ros2_ws/install/self_interfaces/share/self_interfaces/package.sh'
[0.858s] INFO:colcon.colcon_core.shell:Creating package script '/home/tux/ros2_ws/install/self_interfaces/share/self_interfaces/package.bash'
[0.858s] INFO:colcon.colcon_core.shell:Creating package script '/home/tux/ros2_ws/install/self_interfaces/share/self_interfaces/package.zsh'
[0.859s] Level 1:colcon.colcon_core.environment:create_file_with_runtime_dependencies(/home/tux/ros2_ws/install/self_interfaces/share/colcon-core/packages/self_interfaces)
[0.909s] Level 1:colcon.colcon_core.environment:create_environment_scripts_only(speed_control)
[0.910s] Level 1:colcon.colcon_core.environment:checking '/home/tux/ros2_ws/install/speed_control' for CMake module files
[0.910s] Level 1:colcon.colcon_core.environment:checking '/home/tux/ros2_ws/install/speed_control' for CMake config files
[0.911s] Level 1:colcon.colcon_core.shell:create_environment_hook('speed_control', 'cmake_prefix_path')
[0.911s] INFO:colcon.colcon_core.shell:Creating environment hook '/home/tux/ros2_ws/install/speed_control/share/speed_control/hook/cmake_prefix_path.ps1'
[0.912s] INFO:colcon.colcon_core.shell:Creating environment descriptor '/home/tux/ros2_ws/install/speed_control/share/speed_control/hook/cmake_prefix_path.dsv'
[0.912s] INFO:colcon.colcon_core.shell:Creating environment hook '/home/tux/ros2_ws/install/speed_control/share/speed_control/hook/cmake_prefix_path.sh'
[0.913s] Level 1:colcon.colcon_core.environment:checking '/home/tux/ros2_ws/install/speed_control/lib'
[0.913s] Level 1:colcon.colcon_core.shell:create_environment_hook('speed_control', 'ld_library_path_lib')
[0.913s] INFO:colcon.colcon_core.shell:Creating environment hook '/home/tux/ros2_ws/install/speed_control/share/speed_control/hook/ld_library_path_lib.ps1'
[0.914s] INFO:colcon.colcon_core.shell:Creating environment descriptor '/home/tux/ros2_ws/install/speed_control/share/speed_control/hook/ld_library_path_lib.dsv'
[0.914s] INFO:colcon.colcon_core.shell:Creating environment hook '/home/tux/ros2_ws/install/speed_control/share/speed_control/hook/ld_library_path_lib.sh'
[0.914s] Level 1:colcon.colcon_core.environment:checking '/home/tux/ros2_ws/install/speed_control/bin'
[0.914s] Level 1:colcon.colcon_core.environment:checking '/home/tux/ros2_ws/install/speed_control/lib/pkgconfig/speed_control.pc'
[0.915s] Level 1:colcon.colcon_core.environment:checking '/home/tux/ros2_ws/install/speed_control/lib/python3.10/site-packages'
[0.915s] Level 1:colcon.colcon_core.environment:checking '/home/tux/ros2_ws/install/speed_control/bin'
[0.915s] INFO:colcon.colcon_core.shell:Creating package script '/home/tux/ros2_ws/install/speed_control/share/speed_control/package.ps1'
[0.916s] INFO:colcon.colcon_core.shell:Creating package descriptor '/home/tux/ros2_ws/install/speed_control/share/speed_control/package.dsv'
[0.917s] INFO:colcon.colcon_core.shell:Creating package script '/home/tux/ros2_ws/install/speed_control/share/speed_control/package.sh'
[0.917s] INFO:colcon.colcon_core.shell:Creating package script '/home/tux/ros2_ws/install/speed_control/share/speed_control/package.bash'
[0.918s] INFO:colcon.colcon_core.shell:Creating package script '/home/tux/ros2_ws/install/speed_control/share/speed_control/package.zsh'
[0.918s] Level 1:colcon.colcon_core.environment:create_file_with_runtime_dependencies(/home/tux/ros2_ws/install/speed_control/share/colcon-core/packages/speed_control)
[0.919s] Level 1:colcon.colcon_core.environment:create_environment_scripts_only(self_interfaces)
[0.919s] Level 1:colcon.colcon_core.environment:checking '/home/tux/ros2_ws/install/self_interfaces' for CMake module files
[0.921s] Level 1:colcon.colcon_core.environment:checking '/home/tux/ros2_ws/install/self_interfaces' for CMake config files
[0.921s] Level 1:colcon.colcon_core.shell:create_environment_hook('self_interfaces', 'cmake_prefix_path')
[0.922s] INFO:colcon.colcon_core.shell:Creating environment hook '/home/tux/ros2_ws/install/self_interfaces/share/self_interfaces/hook/cmake_prefix_path.ps1'
[0.922s] INFO:colcon.colcon_core.shell:Creating environment descriptor '/home/tux/ros2_ws/install/self_interfaces/share/self_interfaces/hook/cmake_prefix_path.dsv'
[0.922s] INFO:colcon.colcon_core.shell:Creating environment hook '/home/tux/ros2_ws/install/self_interfaces/share/self_interfaces/hook/cmake_prefix_path.sh'
[0.923s] Level 1:colcon.colcon_core.environment:checking '/home/tux/ros2_ws/install/self_interfaces/lib'
[0.923s] Level 1:colcon.colcon_core.shell:create_environment_hook('self_interfaces', 'ld_library_path_lib')
[0.923s] INFO:colcon.colcon_core.shell:Creating environment hook '/home/tux/ros2_ws/install/self_interfaces/share/self_interfaces/hook/ld_library_path_lib.ps1'
[0.924s] INFO:colcon.colcon_core.shell:Creating environment descriptor '/home/tux/ros2_ws/install/self_interfaces/share/self_interfaces/hook/ld_library_path_lib.dsv'
[0.924s] INFO:colcon.colcon_core.shell:Creating environment hook '/home/tux/ros2_ws/install/self_interfaces/share/self_interfaces/hook/ld_library_path_lib.sh'
[0.924s] Level 1:colcon.colcon_core.environment:checking '/home/tux/ros2_ws/install/self_interfaces/bin'
[0.924s] Level 1:colcon.colcon_core.environment:checking '/home/tux/ros2_ws/install/self_interfaces/lib/pkgconfig/self_interfaces.pc'
[0.925s] Level 1:colcon.colcon_core.environment:checking '/home/tux/ros2_ws/install/self_interfaces/lib/python3.10/site-packages'
[0.925s] Level 1:colcon.colcon_core.environment:checking '/home/tux/ros2_ws/install/self_interfaces/bin'
[0.926s] INFO:colcon.colcon_core.shell:Creating package script '/home/tux/ros2_ws/install/self_interfaces/share/self_interfaces/package.ps1'
[0.926s] INFO:colcon.colcon_core.shell:Creating package descriptor '/home/tux/ros2_ws/install/self_interfaces/share/self_interfaces/package.dsv'
[0.927s] INFO:colcon.colcon_core.shell:Creating package script '/home/tux/ros2_ws/install/self_interfaces/share/self_interfaces/package.sh'
[0.927s] INFO:colcon.colcon_core.shell:Creating package script '/home/tux/ros2_ws/install/self_interfaces/share/self_interfaces/package.bash'
[0.928s] INFO:colcon.colcon_core.shell:Creating package script '/home/tux/ros2_ws/install/self_interfaces/share/self_interfaces/package.zsh'
[0.928s] Level 1:colcon.colcon_core.environment:create_file_with_runtime_dependencies(/home/tux/ros2_ws/install/self_interfaces/share/colcon-core/packages/self_interfaces)
[0.929s] INFO:colcon.colcon_ros.task.ament_cmake.build:Building ROS package in '/home/tux/ros2_ws/src/speed_pub' with build type 'ament_cmake'
[0.929s] INFO:colcon.colcon_cmake.task.cmake.build:Building CMake package in '/home/tux/ros2_ws/src/speed_pub'
[0.929s] INFO:colcon.colcon_core.shell:Skip shell extension 'powershell' for command environment: Not usable outside of PowerShell
[0.929s] DEBUG:colcon.colcon_core.shell:Skip shell extension 'dsv' for command environment
[0.943s] DEBUG:colcon.colcon_core.event_handler.log_command:Invoking command in '/home/tux/ros2_ws/build/speed_pub': CMAKE_PREFIX_PATH=/home/tux/ros2_ws/install/self_interfaces:/home/tux/ros2_ws/install/speed_pub:/opt/ros/humble /usr/bin/cmake --build /home/tux/ros2_ws/build/speed_pub -- -j12 -l12
[1.141s] DEBUG:colcon.colcon_core.event_handler.log_command:Invoked command in '/home/tux/ros2_ws/build/speed_pub' returned '2': CMAKE_PREFIX_PATH=/home/tux/ros2_ws/install/self_interfaces:/home/tux/ros2_ws/install/speed_pub:/opt/ros/humble /usr/bin/cmake --build /home/tux/ros2_ws/build/speed_pub -- -j12 -l12
[1.165s] Level 1:colcon.colcon_core.environment:create_environment_scripts_only(speed_pub)
[1.165s] Level 1:colcon.colcon_core.environment:checking '/home/tux/ros2_ws/install/speed_pub' for CMake module files
[1.166s] Level 1:colcon.colcon_core.environment:checking '/home/tux/ros2_ws/install/speed_pub' for CMake config files
[1.166s] Level 1:colcon.colcon_core.shell:create_environment_hook('speed_pub', 'cmake_prefix_path')
[1.166s] INFO:colcon.colcon_core.shell:Creating environment hook '/home/tux/ros2_ws/install/speed_pub/share/speed_pub/hook/cmake_prefix_path.ps1'
[1.166s] INFO:colcon.colcon_core.shell:Creating environment descriptor '/home/tux/ros2_ws/install/speed_pub/share/speed_pub/hook/cmake_prefix_path.dsv'
[1.167s] INFO:colcon.colcon_core.shell:Creating environment hook '/home/tux/ros2_ws/install/speed_pub/share/speed_pub/hook/cmake_prefix_path.sh'
[1.167s] Level 1:colcon.colcon_core.environment:checking '/home/tux/ros2_ws/install/speed_pub/lib'
[1.167s] Level 1:colcon.colcon_core.environment:checking '/home/tux/ros2_ws/install/speed_pub/bin'
[1.167s] Level 1:colcon.colcon_core.environment:checking '/home/tux/ros2_ws/install/speed_pub/lib/pkgconfig/speed_pub.pc'
[1.167s] Level 1:colcon.colcon_core.environment:checking '/home/tux/ros2_ws/install/speed_pub/lib/python3.10/site-packages'
[1.168s] Level 1:colcon.colcon_core.environment:checking '/home/tux/ros2_ws/install/speed_pub/bin'
[1.168s] INFO:colcon.colcon_core.shell:Creating package script '/home/tux/ros2_ws/install/speed_pub/share/speed_pub/package.ps1'
[1.168s] INFO:colcon.colcon_core.shell:Creating package descriptor '/home/tux/ros2_ws/install/speed_pub/share/speed_pub/package.dsv'
[1.169s] INFO:colcon.colcon_core.shell:Creating package script '/home/tux/ros2_ws/install/speed_pub/share/speed_pub/package.sh'
[1.169s] INFO:colcon.colcon_core.shell:Creating package script '/home/tux/ros2_ws/install/speed_pub/share/speed_pub/package.bash'
[1.169s] INFO:colcon.colcon_core.shell:Creating package script '/home/tux/ros2_ws/install/speed_pub/share/speed_pub/package.zsh'
[1.169s] Level 1:colcon.colcon_core.environment:create_file_with_runtime_dependencies(/home/tux/ros2_ws/install/speed_pub/share/colcon-core/packages/speed_pub)
[1.180s] DEBUG:colcon.colcon_parallel_executor.executor.parallel:closing loop
[1.180s] DEBUG:colcon.colcon_parallel_executor.executor.parallel:loop closed
[1.180s] DEBUG:colcon.colcon_parallel_executor.executor.parallel:run_until_complete finished with '2'
[1.180s] DEBUG:colcon.colcon_core.event_reactor:joining thread
[1.184s] INFO:colcon.colcon_core.plugin_system:Skipping extension 'colcon_notification.desktop_notification.terminal_notifier': Not used on non-Darwin systems
[1.184s] INFO:colcon.colcon_core.plugin_system:Skipping extension 'colcon_notification.desktop_notification.win32': Not used on non-Windows systems
[1.185s] INFO:colcon.colcon_notification.desktop_notification:Sending desktop notification using 'notify2'
[1.195s] DEBUG:colcon.colcon_core.event_reactor:joined thread
[1.195s] INFO:colcon.colcon_core.shell:Creating prefix script '/home/tux/ros2_ws/install/local_setup.ps1'
[1.196s] INFO:colcon.colcon_core.shell:Creating prefix util module '/home/tux/ros2_ws/install/_local_setup_util_ps1.py'
[1.197s] INFO:colcon.colcon_core.shell:Creating prefix chain script '/home/tux/ros2_ws/install/setup.ps1'
[1.198s] INFO:colcon.colcon_core.shell:Creating prefix script '/home/tux/ros2_ws/install/local_setup.sh'
[1.198s] INFO:colcon.colcon_core.shell:Creating prefix util module '/home/tux/ros2_ws/install/_local_setup_util_sh.py'
[1.199s] INFO:colcon.colcon_core.shell:Creating prefix chain script '/home/tux/ros2_ws/install/setup.sh'
[1.199s] INFO:colcon.colcon_core.shell:Creating prefix script '/home/tux/ros2_ws/install/local_setup.bash'
[1.200s] INFO:colcon.colcon_core.shell:Creating prefix chain script '/home/tux/ros2_ws/install/setup.bash'
[1.201s] INFO:colcon.colcon_core.shell:Creating prefix script '/home/tux/ros2_ws/install/local_setup.zsh'
[1.201s] INFO:colcon.colcon_core.shell:Creating prefix chain script '/home/tux/ros2_ws/install/setup.zsh'
