[0.117s] DEBUG:colcon:Command line arguments: ['/usr/bin/colcon', 'build']
[0.117s] DEBUG:colcon:Parsed command line arguments: Namespace(log_base=None, log_level=None, verb_name='build', build_base='build', install_base='install', merge_install=False, symlink_install=False, test_result_base=None, continue_on_error=False, executor='parallel', parallel_workers=12, event_handlers=None, ignore_user_meta=False, metas=['./colcon.meta'], base_paths=['.'], packages_ignore=None, packages_ignore_regex=None, paths=None, packages_up_to=None, packages_up_to_regex=None, packages_above=None, packages_above_and_dependencies=None, packages_above_depth=None, packages_select_by_dep=None, packages_skip_by_dep=None, packages_skip_up_to=None, packages_select_build_failed=False, packages_skip_build_finished=False, packages_select_test_failures=False, packages_skip_test_passed=False, packages_select=None, packages_skip=None, packages_select_regex=None, packages_skip_regex=None, packages_start=None, packages_end=None, allow_overriding=[], cmake_args=None, cmake_target=None, cmake_target_skip_unavailable=False, cmake_clean_cache=False, cmake_clean_first=False, cmake_force_configure=False, ament_cmake_args=None, catkin_cmake_args=None, catkin_skip_building_tests=False, verb_parser=<colcon_defaults.argument_parser.defaults.DefaultArgumentsDecorator object at 0x73303f72c0d0>, verb_extension=<colcon_core.verb.build.BuildVerb object at 0x73303f854c70>, main=<bound method BuildVerb.main of <colcon_core.verb.build.BuildVerb object at 0x73303f854c70>>)
[0.296s] Level 1:colcon.colcon_core.package_discovery:discover_packages(colcon_meta) check parameters
[0.297s] Level 1:colcon.colcon_core.package_discovery:discover_packages(recursive) check parameters
[0.297s] Level 1:colcon.colcon_core.package_discovery:discover_packages(ignore) check parameters
[0.297s] Level 1:colcon.colcon_core.package_discovery:discover_packages(path) check parameters
[0.297s] Level 1:colcon.colcon_core.package_discovery:discover_packages(colcon_meta) discover
[0.297s] Level 1:colcon.colcon_core.package_discovery:discover_packages(recursive) discover
[0.297s] INFO:colcon.colcon_core.package_discovery:Crawling recursively for packages in '/home/tux/ros2_ws'
[0.297s] Level 1:colcon.colcon_core.package_identification:_identify(.) by extensions ['ignore', 'ignore_ament_install']
[0.297s] Level 1:colcon.colcon_core.package_identification:_identify(.) by extension 'ignore'
[0.297s] Level 1:colcon.colcon_core.package_identification:_identify(.) by extension 'ignore_ament_install'
[0.297s] Level 1:colcon.colcon_core.package_identification:_identify(.) by extensions ['colcon_pkg']
[0.297s] Level 1:colcon.colcon_core.package_identification:_identify(.) by extension 'colcon_pkg'
[0.297s] Level 1:colcon.colcon_core.package_identification:_identify(.) by extensions ['colcon_meta']
[0.297s] Level 1:colcon.colcon_core.package_identification:_identify(.) by extension 'colcon_meta'
[0.297s] Level 1:colcon.colcon_core.package_identification:_identify(.) by extensions ['ros']
[0.297s] Level 1:colcon.colcon_core.package_identification:_identify(.) by extension 'ros'
[0.312s] Level 1:colcon.colcon_core.package_identification:_identify(.) by extensions ['cmake', 'python']
[0.312s] Level 1:colcon.colcon_core.package_identification:_identify(.) by extension 'cmake'
[0.312s] Level 1:colcon.colcon_core.package_identification:_identify(.) by extension 'python'
[0.312s] Level 1:colcon.colcon_core.package_identification:_identify(.) by extensions ['python_setup_py']
[0.312s] Level 1:colcon.colcon_core.package_identification:_identify(.) by extension 'python_setup_py'
[0.312s] Level 1:colcon.colcon_core.package_identification:_identify(build) by extensions ['ignore', 'ignore_ament_install']
[0.312s] Level 1:colcon.colcon_core.package_identification:_identify(build) by extension 'ignore'
[0.312s] Level 1:colcon.colcon_core.package_identification:_identify(build) ignored
[0.313s] Level 1:colcon.colcon_core.package_identification:_identify(install) by extensions ['ignore', 'ignore_ament_install']
[0.313s] Level 1:colcon.colcon_core.package_identification:_identify(install) by extension 'ignore'
[0.313s] Level 1:colcon.colcon_core.package_identification:_identify(install) ignored
[0.313s] Level 1:colcon.colcon_core.package_identification:_identify(log) by extensions ['ignore', 'ignore_ament_install']
[0.313s] Level 1:colcon.colcon_core.package_identification:_identify(log) by extension 'ignore'
[0.313s] Level 1:colcon.colcon_core.package_identification:_identify(log) ignored
[0.313s] Level 1:colcon.colcon_core.package_identification:_identify(src) by extensions ['ignore', 'ignore_ament_install']
[0.313s] Level 1:colcon.colcon_core.package_identification:_identify(src) by extension 'ignore'
[0.313s] Level 1:colcon.colcon_core.package_identification:_identify(src) by extension 'ignore_ament_install'
[0.313s] Level 1:colcon.colcon_core.package_identification:_identify(src) by extensions ['colcon_pkg']
[0.313s] Level 1:colcon.colcon_core.package_identification:_identify(src) by extension 'colcon_pkg'
[0.313s] Level 1:colcon.colcon_core.package_identification:_identify(src) by extensions ['colcon_meta']
[0.313s] Level 1:colcon.colcon_core.package_identification:_identify(src) by extension 'colcon_meta'
[0.313s] Level 1:colcon.colcon_core.package_identification:_identify(src) by extensions ['ros']
[0.313s] Level 1:colcon.colcon_core.package_identification:_identify(src) by extension 'ros'
[0.314s] Level 1:colcon.colcon_core.package_identification:_identify(src) by extensions ['cmake', 'python']
[0.314s] Level 1:colcon.colcon_core.package_identification:_identify(src) by extension 'cmake'
[0.314s] Level 1:colcon.colcon_core.package_identification:_identify(src) by extension 'python'
[0.314s] Level 1:colcon.colcon_core.package_identification:_identify(src) by extensions ['python_setup_py']
[0.314s] Level 1:colcon.colcon_core.package_identification:_identify(src) by extension 'python_setup_py'
[0.314s] Level 1:colcon.colcon_core.package_identification:_identify(src/self_interfaces) by extensions ['ignore', 'ignore_ament_install']
[0.314s] Level 1:colcon.colcon_core.package_identification:_identify(src/self_interfaces) by extension 'ignore'
[0.314s] Level 1:colcon.colcon_core.package_identification:_identify(src/self_interfaces) by extension 'ignore_ament_install'
[0.314s] Level 1:colcon.colcon_core.package_identification:_identify(src/self_interfaces) by extensions ['colcon_pkg']
[0.314s] Level 1:colcon.colcon_core.package_identification:_identify(src/self_interfaces) by extension 'colcon_pkg'
[0.314s] Level 1:colcon.colcon_core.package_identification:_identify(src/self_interfaces) by extensions ['colcon_meta']
[0.314s] Level 1:colcon.colcon_core.package_identification:_identify(src/self_interfaces) by extension 'colcon_meta'
[0.314s] Level 1:colcon.colcon_core.package_identification:_identify(src/self_interfaces) by extensions ['ros']
[0.314s] Level 1:colcon.colcon_core.package_identification:_identify(src/self_interfaces) by extension 'ros'
[0.317s] DEBUG:colcon.colcon_core.package_identification:Package 'src/self_interfaces' with type 'ros.ament_cmake' and name 'self_interfaces'
[0.318s] Level 1:colcon.colcon_core.package_identification:_identify(src/speed_control) by extensions ['ignore', 'ignore_ament_install']
[0.318s] Level 1:colcon.colcon_core.package_identification:_identify(src/speed_control) by extension 'ignore'
[0.318s] Level 1:colcon.colcon_core.package_identification:_identify(src/speed_control) by extension 'ignore_ament_install'
[0.318s] Level 1:colcon.colcon_core.package_identification:_identify(src/speed_control) by extensions ['colcon_pkg']
[0.318s] Level 1:colcon.colcon_core.package_identification:_identify(src/speed_control) by extension 'colcon_pkg'
[0.318s] Level 1:colcon.colcon_core.package_identification:_identify(src/speed_control) by extensions ['colcon_meta']
[0.318s] Level 1:colcon.colcon_core.package_identification:_identify(src/speed_control) by extension 'colcon_meta'
[0.319s] Level 1:colcon.colcon_core.package_identification:_identify(src/speed_control) by extensions ['ros']
[0.319s] Level 1:colcon.colcon_core.package_identification:_identify(src/speed_control) by extension 'ros'
[0.319s] DEBUG:colcon.colcon_core.package_identification:Package 'src/speed_control' with type 'ros.ament_cmake' and name 'speed_control'
[0.319s] Level 1:colcon.colcon_core.package_identification:_identify(src/speed_pub) by extensions ['ignore', 'ignore_ament_install']
[0.320s] Level 1:colcon.colcon_core.package_identification:_identify(src/speed_pub) by extension 'ignore'
[0.320s] Level 1:colcon.colcon_core.package_identification:_identify(src/speed_pub) by extension 'ignore_ament_install'
[0.320s] Level 1:colcon.colcon_core.package_identification:_identify(src/speed_pub) by extensions ['colcon_pkg']
[0.320s] Level 1:colcon.colcon_core.package_identification:_identify(src/speed_pub) by extension 'colcon_pkg'
[0.320s] Level 1:colcon.colcon_core.package_identification:_identify(src/speed_pub) by extensions ['colcon_meta']
[0.320s] Level 1:colcon.colcon_core.package_identification:_identify(src/speed_pub) by extension 'colcon_meta'
[0.320s] Level 1:colcon.colcon_core.package_identification:_identify(src/speed_pub) by extensions ['ros']
[0.320s] Level 1:colcon.colcon_core.package_identification:_identify(src/speed_pub) by extension 'ros'
[0.320s] DEBUG:colcon.colcon_core.package_identification:Package 'src/speed_pub' with type 'ros.ament_cmake' and name 'speed_pub'
[0.320s] Level 1:colcon.colcon_core.package_discovery:discover_packages(recursive) using defaults
[0.320s] Level 1:colcon.colcon_core.package_discovery:discover_packages(ignore) discover
[0.320s] Level 1:colcon.colcon_core.package_discovery:discover_packages(ignore) using defaults
[0.321s] Level 1:colcon.colcon_core.package_discovery:discover_packages(path) discover
[0.321s] Level 1:colcon.colcon_core.package_discovery:discover_packages(path) using defaults
[0.340s] Level 1:colcon.colcon_core.package_discovery:discover_packages(prefix_path) check parameters
[0.340s] Level 1:colcon.colcon_core.package_discovery:discover_packages(prefix_path) discover
[0.342s] DEBUG:colcon.colcon_installed_package_information.package_discovery:Found 3 installed packages in /home/tux/ros2_ws/install
[0.343s] DEBUG:colcon.colcon_installed_package_information.package_discovery:Found 270 installed packages in /opt/ros/humble
[0.344s] Level 1:colcon.colcon_core.package_discovery:discover_packages(prefix_path) using defaults
[0.399s] Level 5:colcon.colcon_core.verb:set package 'self_interfaces' build argument 'cmake_args' from command line to 'None'
[0.399s] Level 5:colcon.colcon_core.verb:set package 'self_interfaces' build argument 'cmake_target' from command line to 'None'
[0.399s] Level 5:colcon.colcon_core.verb:set package 'self_interfaces' build argument 'cmake_target_skip_unavailable' from command line to 'False'
[0.399s] Level 5:colcon.colcon_core.verb:set package 'self_interfaces' build argument 'cmake_clean_cache' from command line to 'False'
[0.399s] Level 5:colcon.colcon_core.verb:set package 'self_interfaces' build argument 'cmake_clean_first' from command line to 'False'
[0.399s] Level 5:colcon.colcon_core.verb:set package 'self_interfaces' build argument 'cmake_force_configure' from command line to 'False'
[0.399s] Level 5:colcon.colcon_core.verb:set package 'self_interfaces' build argument 'ament_cmake_args' from command line to 'None'
[0.399s] Level 5:colcon.colcon_core.verb:set package 'self_interfaces' build argument 'catkin_cmake_args' from command line to 'None'
[0.399s] Level 5:colcon.colcon_core.verb:set package 'self_interfaces' build argument 'catkin_skip_building_tests' from command line to 'False'
[0.399s] DEBUG:colcon.colcon_core.verb:Building package 'self_interfaces' with the following arguments: {'ament_cmake_args': None, 'build_base': '/home/tux/ros2_ws/build/self_interfaces', 'catkin_cmake_args': None, 'catkin_skip_building_tests': False, 'cmake_args': None, 'cmake_clean_cache': False, 'cmake_clean_first': False, 'cmake_force_configure': False, 'cmake_target': None, 'cmake_target_skip_unavailable': False, 'install_base': '/home/tux/ros2_ws/install/self_interfaces', 'merge_install': False, 'path': '/home/tux/ros2_ws/src/self_interfaces', 'symlink_install': False, 'test_result_base': None}
[0.400s] Level 5:colcon.colcon_core.verb:set package 'speed_control' build argument 'cmake_args' from command line to 'None'
[0.400s] Level 5:colcon.colcon_core.verb:set package 'speed_control' build argument 'cmake_target' from command line to 'None'
[0.400s] Level 5:colcon.colcon_core.verb:set package 'speed_control' build argument 'cmake_target_skip_unavailable' from command line to 'False'
[0.400s] Level 5:colcon.colcon_core.verb:set package 'speed_control' build argument 'cmake_clean_cache' from command line to 'False'
[0.400s] Level 5:colcon.colcon_core.verb:set package 'speed_control' build argument 'cmake_clean_first' from command line to 'False'
[0.400s] Level 5:colcon.colcon_core.verb:set package 'speed_control' build argument 'cmake_force_configure' from command line to 'False'
[0.400s] Level 5:colcon.colcon_core.verb:set package 'speed_control' build argument 'ament_cmake_args' from command line to 'None'
[0.400s] Level 5:colcon.colcon_core.verb:set package 'speed_control' build argument 'catkin_cmake_args' from command line to 'None'
[0.400s] Level 5:colcon.colcon_core.verb:set package 'speed_control' build argument 'catkin_skip_building_tests' from command line to 'False'
[0.400s] DEBUG:colcon.colcon_core.verb:Building package 'speed_control' with the following arguments: {'ament_cmake_args': None, 'build_base': '/home/tux/ros2_ws/build/speed_control', 'catkin_cmake_args': None, 'catkin_skip_building_tests': False, 'cmake_args': None, 'cmake_clean_cache': False, 'cmake_clean_first': False, 'cmake_force_configure': False, 'cmake_target': None, 'cmake_target_skip_unavailable': False, 'install_base': '/home/tux/ros2_ws/install/speed_control', 'merge_install': False, 'path': '/home/tux/ros2_ws/src/speed_control', 'symlink_install': False, 'test_result_base': None}
[0.400s] Level 5:colcon.colcon_core.verb:set package 'speed_pub' build argument 'cmake_args' from command line to 'None'
[0.400s] Level 5:colcon.colcon_core.verb:set package 'speed_pub' build argument 'cmake_target' from command line to 'None'
[0.400s] Level 5:colcon.colcon_core.verb:set package 'speed_pub' build argument 'cmake_target_skip_unavailable' from command line to 'False'
[0.400s] Level 5:colcon.colcon_core.verb:set package 'speed_pub' build argument 'cmake_clean_cache' from command line to 'False'
[0.401s] Level 5:colcon.colcon_core.verb:set package 'speed_pub' build argument 'cmake_clean_first' from command line to 'False'
[0.401s] Level 5:colcon.colcon_core.verb:set package 'speed_pub' build argument 'cmake_force_configure' from command line to 'False'
[0.401s] Level 5:colcon.colcon_core.verb:set package 'speed_pub' build argument 'ament_cmake_args' from command line to 'None'
[0.401s] Level 5:colcon.colcon_core.verb:set package 'speed_pub' build argument 'catkin_cmake_args' from command line to 'None'
[0.401s] Level 5:colcon.colcon_core.verb:set package 'speed_pub' build argument 'catkin_skip_building_tests' from command line to 'False'
[0.401s] DEBUG:colcon.colcon_core.verb:Building package 'speed_pub' with the following arguments: {'ament_cmake_args': None, 'build_base': '/home/tux/ros2_ws/build/speed_pub', 'catkin_cmake_args': None, 'catkin_skip_building_tests': False, 'cmake_args': None, 'cmake_clean_cache': False, 'cmake_clean_first': False, 'cmake_force_configure': False, 'cmake_target': None, 'cmake_target_skip_unavailable': False, 'install_base': '/home/tux/ros2_ws/install/speed_pub', 'merge_install': False, 'path': '/home/tux/ros2_ws/src/speed_pub', 'symlink_install': False, 'test_result_base': None}
[0.401s] INFO:colcon.colcon_core.executor:Executing jobs using 'parallel' executor
[0.403s] DEBUG:colcon.colcon_parallel_executor.executor.parallel:run_until_complete
[0.403s] INFO:colcon.colcon_ros.task.ament_cmake.build:Building ROS package in '/home/tux/ros2_ws/src/speed_control' with build type 'ament_cmake'
[0.403s] INFO:colcon.colcon_cmake.task.cmake.build:Building CMake package in '/home/tux/ros2_ws/src/speed_control'
[0.405s] INFO:colcon.colcon_core.plugin_system:Skipping extension 'colcon_core.shell.bat': Not used on non-Windows systems
[0.405s] INFO:colcon.colcon_core.shell:Skip shell extension 'powershell' for command environment: Not usable outside of PowerShell
[0.406s] DEBUG:colcon.colcon_core.shell:Skip shell extension 'dsv' for command environment
[0.409s] INFO:colcon.colcon_ros.task.ament_cmake.build:Building ROS package in '/home/tux/ros2_ws/src/self_interfaces' with build type 'ament_cmake'
[0.409s] INFO:colcon.colcon_cmake.task.cmake.build:Building CMake package in '/home/tux/ros2_ws/src/self_interfaces'
[0.409s] INFO:colcon.colcon_core.shell:Skip shell extension 'powershell' for command environment: Not usable outside of PowerShell
[0.409s] DEBUG:colcon.colcon_core.shell:Skip shell extension 'dsv' for command environment
[0.418s] DEBUG:colcon.colcon_core.event_handler.log_command:Invoking command in '/home/tux/ros2_ws/build/speed_control': CMAKE_PREFIX_PATH=${CMAKE_PREFIX_PATH}:/opt/ros/humble /usr/bin/cmake --build /home/tux/ros2_ws/build/speed_control -- -j12 -l12
[0.423s] DEBUG:colcon.colcon_core.event_handler.log_command:Invoking command in '/home/tux/ros2_ws/build/self_interfaces': CMAKE_PREFIX_PATH=${CMAKE_PREFIX_PATH}:/opt/ros/humble /usr/bin/cmake --build /home/tux/ros2_ws/build/self_interfaces -- -j12 -l12
[0.973s] DEBUG:colcon.colcon_core.event_handler.log_command:Invoked command in '/home/tux/ros2_ws/build/self_interfaces' returned '0': CMAKE_PREFIX_PATH=${CMAKE_PREFIX_PATH}:/opt/ros/humble /usr/bin/cmake --build /home/tux/ros2_ws/build/self_interfaces -- -j12 -l12
[0.983s] DEBUG:colcon.colcon_core.event_handler.log_command:Invoked command in '/home/tux/ros2_ws/build/speed_control' returned '0': CMAKE_PREFIX_PATH=${CMAKE_PREFIX_PATH}:/opt/ros/humble /usr/bin/cmake --build /home/tux/ros2_ws/build/speed_control -- -j12 -l12
[1.066s] DEBUG:colcon.colcon_core.event_handler.log_command:Invoking command in '/home/tux/ros2_ws/build/self_interfaces': CMAKE_PREFIX_PATH=${CMAKE_PREFIX_PATH}:/opt/ros/humble /usr/bin/cmake --install /home/tux/ros2_ws/build/self_interfaces
[1.070s] DEBUG:colcon.colcon_core.event_handler.log_command:Invoking command in '/home/tux/ros2_ws/build/speed_control': CMAKE_PREFIX_PATH=${CMAKE_PREFIX_PATH}:/opt/ros/humble /usr/bin/cmake --install /home/tux/ros2_ws/build/speed_control
[1.156s] Level 1:colcon.colcon_core.environment:create_environment_scripts_only(speed_control)
[1.162s] DEBUG:colcon.colcon_core.event_handler.log_command:Invoked command in '/home/tux/ros2_ws/build/speed_control' returned '0': CMAKE_PREFIX_PATH=${CMAKE_PREFIX_PATH}:/opt/ros/humble /usr/bin/cmake --install /home/tux/ros2_ws/build/speed_control
[1.169s] Level 1:colcon.colcon_core.environment:checking '/home/tux/ros2_ws/install/speed_control' for CMake module files
[1.170s] Level 1:colcon.colcon_core.environment:checking '/home/tux/ros2_ws/install/speed_control' for CMake config files
[1.171s] Level 1:colcon.colcon_core.shell:create_environment_hook('speed_control', 'cmake_prefix_path')
[1.172s] INFO:colcon.colcon_core.shell:Creating environment hook '/home/tux/ros2_ws/install/speed_control/share/speed_control/hook/cmake_prefix_path.ps1'
[1.173s] INFO:colcon.colcon_core.shell:Creating environment descriptor '/home/tux/ros2_ws/install/speed_control/share/speed_control/hook/cmake_prefix_path.dsv'
[1.174s] INFO:colcon.colcon_core.shell:Creating environment hook '/home/tux/ros2_ws/install/speed_control/share/speed_control/hook/cmake_prefix_path.sh'
[1.176s] Level 1:colcon.colcon_core.environment:checking '/home/tux/ros2_ws/install/speed_control/lib'
[1.177s] Level 1:colcon.colcon_core.shell:create_environment_hook('speed_control', 'ld_library_path_lib')
[1.178s] INFO:colcon.colcon_core.shell:Creating environment hook '/home/tux/ros2_ws/install/speed_control/share/speed_control/hook/ld_library_path_lib.ps1'
[1.180s] INFO:colcon.colcon_core.shell:Creating environment descriptor '/home/tux/ros2_ws/install/speed_control/share/speed_control/hook/ld_library_path_lib.dsv'
[1.181s] INFO:colcon.colcon_core.shell:Creating environment hook '/home/tux/ros2_ws/install/speed_control/share/speed_control/hook/ld_library_path_lib.sh'
[1.181s] Level 1:colcon.colcon_core.environment:checking '/home/tux/ros2_ws/install/speed_control/bin'
[1.182s] Level 1:colcon.colcon_core.environment:checking '/home/tux/ros2_ws/install/speed_control/lib/pkgconfig/speed_control.pc'
[1.182s] Level 1:colcon.colcon_core.environment:checking '/home/tux/ros2_ws/install/speed_control/lib/python3.10/site-packages'
[1.183s] Level 1:colcon.colcon_core.environment:checking '/home/tux/ros2_ws/install/speed_control/bin'
[1.183s] INFO:colcon.colcon_core.shell:Creating package script '/home/tux/ros2_ws/install/speed_control/share/speed_control/package.ps1'
[1.185s] INFO:colcon.colcon_core.shell:Creating package descriptor '/home/tux/ros2_ws/install/speed_control/share/speed_control/package.dsv'
[1.187s] INFO:colcon.colcon_core.shell:Creating package script '/home/tux/ros2_ws/install/speed_control/share/speed_control/package.sh'
[1.188s] INFO:colcon.colcon_core.shell:Creating package script '/home/tux/ros2_ws/install/speed_control/share/speed_control/package.bash'
[1.190s] INFO:colcon.colcon_core.shell:Creating package script '/home/tux/ros2_ws/install/speed_control/share/speed_control/package.zsh'
[1.191s] Level 1:colcon.colcon_core.environment:create_file_with_runtime_dependencies(/home/tux/ros2_ws/install/speed_control/share/colcon-core/packages/speed_control)
[1.203s] Level 1:colcon.colcon_core.environment:create_environment_scripts_only(self_interfaces)
[1.203s] Level 1:colcon.colcon_core.environment:checking '/home/tux/ros2_ws/install/self_interfaces' for CMake module files
[1.204s] DEBUG:colcon.colcon_core.event_handler.log_command:Invoked command in '/home/tux/ros2_ws/build/self_interfaces' returned '0': CMAKE_PREFIX_PATH=${CMAKE_PREFIX_PATH}:/opt/ros/humble /usr/bin/cmake --install /home/tux/ros2_ws/build/self_interfaces
[1.205s] Level 1:colcon.colcon_core.environment:checking '/home/tux/ros2_ws/install/self_interfaces' for CMake config files
[1.206s] Level 1:colcon.colcon_core.shell:create_environment_hook('self_interfaces', 'cmake_prefix_path')
[1.207s] INFO:colcon.colcon_core.shell:Creating environment hook '/home/tux/ros2_ws/install/self_interfaces/share/self_interfaces/hook/cmake_prefix_path.ps1'
[1.208s] INFO:colcon.colcon_core.shell:Creating environment descriptor '/home/tux/ros2_ws/install/self_interfaces/share/self_interfaces/hook/cmake_prefix_path.dsv'
[1.208s] INFO:colcon.colcon_core.shell:Creating environment hook '/home/tux/ros2_ws/install/self_interfaces/share/self_interfaces/hook/cmake_prefix_path.sh'
[1.209s] Level 1:colcon.colcon_core.environment:checking '/home/tux/ros2_ws/install/self_interfaces/lib'
[1.209s] Level 1:colcon.colcon_core.shell:create_environment_hook('self_interfaces', 'ld_library_path_lib')
[1.209s] INFO:colcon.colcon_core.shell:Creating environment hook '/home/tux/ros2_ws/install/self_interfaces/share/self_interfaces/hook/ld_library_path_lib.ps1'
[1.210s] INFO:colcon.colcon_core.shell:Creating environment descriptor '/home/tux/ros2_ws/install/self_interfaces/share/self_interfaces/hook/ld_library_path_lib.dsv'
[1.210s] INFO:colcon.colcon_core.shell:Creating environment hook '/home/tux/ros2_ws/install/self_interfaces/share/self_interfaces/hook/ld_library_path_lib.sh'
[1.211s] Level 1:colcon.colcon_core.environment:checking '/home/tux/ros2_ws/install/self_interfaces/bin'
[1.211s] Level 1:colcon.colcon_core.environment:checking '/home/tux/ros2_ws/install/self_interfaces/lib/pkgconfig/self_interfaces.pc'
[1.211s] Level 1:colcon.colcon_core.environment:checking '/home/tux/ros2_ws/install/self_interfaces/lib/python3.10/site-packages'
[1.212s] Level 1:colcon.colcon_core.environment:checking '/home/tux/ros2_ws/install/self_interfaces/bin'
[1.212s] INFO:colcon.colcon_core.shell:Creating package script '/home/tux/ros2_ws/install/self_interfaces/share/self_interfaces/package.ps1'
[1.214s] INFO:colcon.colcon_core.shell:Creating package descriptor '/home/tux/ros2_ws/install/self_interfaces/share/self_interfaces/package.dsv'
[1.215s] INFO:colcon.colcon_core.shell:Creating package script '/home/tux/ros2_ws/install/self_interfaces/share/self_interfaces/package.sh'
[1.216s] INFO:colcon.colcon_core.shell:Creating package script '/home/tux/ros2_ws/install/self_interfaces/share/self_interfaces/package.bash'
[1.217s] INFO:colcon.colcon_core.shell:Creating package script '/home/tux/ros2_ws/install/self_interfaces/share/self_interfaces/package.zsh'
[1.217s] Level 1:colcon.colcon_core.environment:create_file_with_runtime_dependencies(/home/tux/ros2_ws/install/self_interfaces/share/colcon-core/packages/self_interfaces)
[1.282s] Level 1:colcon.colcon_core.environment:create_environment_scripts_only(speed_control)
[1.283s] Level 1:colcon.colcon_core.environment:checking '/home/tux/ros2_ws/install/speed_control' for CMake module files
[1.285s] Level 1:colcon.colcon_core.environment:checking '/home/tux/ros2_ws/install/speed_control' for CMake config files
[1.286s] Level 1:colcon.colcon_core.shell:create_environment_hook('speed_control', 'cmake_prefix_path')
[1.287s] INFO:colcon.colcon_core.shell:Creating environment hook '/home/tux/ros2_ws/install/speed_control/share/speed_control/hook/cmake_prefix_path.ps1'
[1.287s] INFO:colcon.colcon_core.shell:Creating environment descriptor '/home/tux/ros2_ws/install/speed_control/share/speed_control/hook/cmake_prefix_path.dsv'
[1.288s] INFO:colcon.colcon_core.shell:Creating environment hook '/home/tux/ros2_ws/install/speed_control/share/speed_control/hook/cmake_prefix_path.sh'
[1.289s] Level 1:colcon.colcon_core.environment:checking '/home/tux/ros2_ws/install/speed_control/lib'
[1.289s] Level 1:colcon.colcon_core.shell:create_environment_hook('speed_control', 'ld_library_path_lib')
[1.289s] INFO:colcon.colcon_core.shell:Creating environment hook '/home/tux/ros2_ws/install/speed_control/share/speed_control/hook/ld_library_path_lib.ps1'
[1.290s] INFO:colcon.colcon_core.shell:Creating environment descriptor '/home/tux/ros2_ws/install/speed_control/share/speed_control/hook/ld_library_path_lib.dsv'
[1.290s] INFO:colcon.colcon_core.shell:Creating environment hook '/home/tux/ros2_ws/install/speed_control/share/speed_control/hook/ld_library_path_lib.sh'
[1.291s] Level 1:colcon.colcon_core.environment:checking '/home/tux/ros2_ws/install/speed_control/bin'
[1.291s] Level 1:colcon.colcon_core.environment:checking '/home/tux/ros2_ws/install/speed_control/lib/pkgconfig/speed_control.pc'
[1.292s] Level 1:colcon.colcon_core.environment:checking '/home/tux/ros2_ws/install/speed_control/lib/python3.10/site-packages'
[1.292s] Level 1:colcon.colcon_core.environment:checking '/home/tux/ros2_ws/install/speed_control/bin'
[1.293s] INFO:colcon.colcon_core.shell:Creating package script '/home/tux/ros2_ws/install/speed_control/share/speed_control/package.ps1'
[1.294s] INFO:colcon.colcon_core.shell:Creating package descriptor '/home/tux/ros2_ws/install/speed_control/share/speed_control/package.dsv'
[1.294s] INFO:colcon.colcon_core.shell:Creating package script '/home/tux/ros2_ws/install/speed_control/share/speed_control/package.sh'
[1.295s] INFO:colcon.colcon_core.shell:Creating package script '/home/tux/ros2_ws/install/speed_control/share/speed_control/package.bash'
[1.296s] INFO:colcon.colcon_core.shell:Creating package script '/home/tux/ros2_ws/install/speed_control/share/speed_control/package.zsh'
[1.296s] Level 1:colcon.colcon_core.environment:create_file_with_runtime_dependencies(/home/tux/ros2_ws/install/speed_control/share/colcon-core/packages/speed_control)
[1.297s] INFO:colcon.colcon_ros.task.ament_cmake.build:Building ROS package in '/home/tux/ros2_ws/src/speed_pub' with build type 'ament_cmake'
[1.297s] INFO:colcon.colcon_cmake.task.cmake.build:Building CMake package in '/home/tux/ros2_ws/src/speed_pub'
[1.298s] INFO:colcon.colcon_core.shell:Skip shell extension 'powershell' for command environment: Not usable outside of PowerShell
[1.298s] DEBUG:colcon.colcon_core.shell:Skip shell extension 'dsv' for command environment
[1.307s] Level 1:colcon.colcon_core.environment:create_environment_scripts_only(self_interfaces)
[1.308s] Level 1:colcon.colcon_core.environment:checking '/home/tux/ros2_ws/install/self_interfaces' for CMake module files
[1.309s] Level 1:colcon.colcon_core.environment:checking '/home/tux/ros2_ws/install/self_interfaces' for CMake config files
[1.309s] Level 1:colcon.colcon_core.shell:create_environment_hook('self_interfaces', 'cmake_prefix_path')
[1.310s] INFO:colcon.colcon_core.shell:Creating environment hook '/home/tux/ros2_ws/install/self_interfaces/share/self_interfaces/hook/cmake_prefix_path.ps1'
[1.311s] INFO:colcon.colcon_core.shell:Creating environment descriptor '/home/tux/ros2_ws/install/self_interfaces/share/self_interfaces/hook/cmake_prefix_path.dsv'
[1.312s] INFO:colcon.colcon_core.shell:Creating environment hook '/home/tux/ros2_ws/install/self_interfaces/share/self_interfaces/hook/cmake_prefix_path.sh'
[1.313s] Level 1:colcon.colcon_core.environment:checking '/home/tux/ros2_ws/install/self_interfaces/lib'
[1.313s] Level 1:colcon.colcon_core.shell:create_environment_hook('self_interfaces', 'ld_library_path_lib')
[1.314s] INFO:colcon.colcon_core.shell:Creating environment hook '/home/tux/ros2_ws/install/self_interfaces/share/self_interfaces/hook/ld_library_path_lib.ps1'
[1.314s] INFO:colcon.colcon_core.shell:Creating environment descriptor '/home/tux/ros2_ws/install/self_interfaces/share/self_interfaces/hook/ld_library_path_lib.dsv'
[1.315s] INFO:colcon.colcon_core.shell:Creating environment hook '/home/tux/ros2_ws/install/self_interfaces/share/self_interfaces/hook/ld_library_path_lib.sh'
[1.315s] Level 1:colcon.colcon_core.environment:checking '/home/tux/ros2_ws/install/self_interfaces/bin'
[1.315s] Level 1:colcon.colcon_core.environment:checking '/home/tux/ros2_ws/install/self_interfaces/lib/pkgconfig/self_interfaces.pc'
[1.315s] Level 1:colcon.colcon_core.environment:checking '/home/tux/ros2_ws/install/self_interfaces/lib/python3.10/site-packages'
[1.316s] Level 1:colcon.colcon_core.environment:checking '/home/tux/ros2_ws/install/self_interfaces/bin'
[1.316s] INFO:colcon.colcon_core.shell:Creating package script '/home/tux/ros2_ws/install/self_interfaces/share/self_interfaces/package.ps1'
[1.318s] INFO:colcon.colcon_core.shell:Creating package descriptor '/home/tux/ros2_ws/install/self_interfaces/share/self_interfaces/package.dsv'
[1.320s] INFO:colcon.colcon_core.shell:Creating package script '/home/tux/ros2_ws/install/self_interfaces/share/self_interfaces/package.sh'
[1.320s] INFO:colcon.colcon_core.shell:Creating package script '/home/tux/ros2_ws/install/self_interfaces/share/self_interfaces/package.bash'
[1.321s] INFO:colcon.colcon_core.shell:Creating package script '/home/tux/ros2_ws/install/self_interfaces/share/self_interfaces/package.zsh'
[1.321s] Level 1:colcon.colcon_core.environment:create_file_with_runtime_dependencies(/home/tux/ros2_ws/install/self_interfaces/share/colcon-core/packages/self_interfaces)
[1.329s] DEBUG:colcon.colcon_core.event_handler.log_command:Invoking command in '/home/tux/ros2_ws/build/speed_pub': CMAKE_PREFIX_PATH=/home/tux/ros2_ws/install/speed_control:/home/tux/ros2_ws/install/speed_pub:/home/tux/ros2_ws/install/self_interfaces:/opt/ros/humble /usr/bin/cmake --build /home/tux/ros2_ws/build/speed_pub -- -j12 -l12
[6.994s] DEBUG:colcon.colcon_core.event_handler.log_command:Invoked command in '/home/tux/ros2_ws/build/speed_pub' returned '0': CMAKE_PREFIX_PATH=/home/tux/ros2_ws/install/speed_control:/home/tux/ros2_ws/install/speed_pub:/home/tux/ros2_ws/install/self_interfaces:/opt/ros/humble /usr/bin/cmake --build /home/tux/ros2_ws/build/speed_pub -- -j12 -l12
[7.023s] DEBUG:colcon.colcon_core.event_handler.log_command:Invoking command in '/home/tux/ros2_ws/build/speed_pub': CMAKE_PREFIX_PATH=/home/tux/ros2_ws/install/speed_control:/home/tux/ros2_ws/install/speed_pub:/home/tux/ros2_ws/install/self_interfaces:/opt/ros/humble /usr/bin/cmake --install /home/tux/ros2_ws/build/speed_pub
[7.040s] Level 1:colcon.colcon_core.environment:create_environment_scripts_only(speed_pub)
[7.041s] Level 1:colcon.colcon_core.environment:checking '/home/tux/ros2_ws/install/speed_pub' for CMake module files
[7.042s] DEBUG:colcon.colcon_core.event_handler.log_command:Invoked command in '/home/tux/ros2_ws/build/speed_pub' returned '0': CMAKE_PREFIX_PATH=/home/tux/ros2_ws/install/speed_control:/home/tux/ros2_ws/install/speed_pub:/home/tux/ros2_ws/install/self_interfaces:/opt/ros/humble /usr/bin/cmake --install /home/tux/ros2_ws/build/speed_pub
[7.043s] Level 1:colcon.colcon_core.environment:checking '/home/tux/ros2_ws/install/speed_pub' for CMake config files
[7.043s] Level 1:colcon.colcon_core.shell:create_environment_hook('speed_pub', 'cmake_prefix_path')
[7.043s] INFO:colcon.colcon_core.shell:Creating environment hook '/home/tux/ros2_ws/install/speed_pub/share/speed_pub/hook/cmake_prefix_path.ps1'
[7.044s] INFO:colcon.colcon_core.shell:Creating environment descriptor '/home/tux/ros2_ws/install/speed_pub/share/speed_pub/hook/cmake_prefix_path.dsv'
[7.044s] INFO:colcon.colcon_core.shell:Creating environment hook '/home/tux/ros2_ws/install/speed_pub/share/speed_pub/hook/cmake_prefix_path.sh'
[7.045s] Level 1:colcon.colcon_core.environment:checking '/home/tux/ros2_ws/install/speed_pub/lib'
[7.045s] Level 1:colcon.colcon_core.environment:checking '/home/tux/ros2_ws/install/speed_pub/bin'
[7.045s] Level 1:colcon.colcon_core.environment:checking '/home/tux/ros2_ws/install/speed_pub/lib/pkgconfig/speed_pub.pc'
[7.045s] Level 1:colcon.colcon_core.environment:checking '/home/tux/ros2_ws/install/speed_pub/lib/python3.10/site-packages'
[7.046s] Level 1:colcon.colcon_core.environment:checking '/home/tux/ros2_ws/install/speed_pub/bin'
[7.046s] INFO:colcon.colcon_core.shell:Creating package script '/home/tux/ros2_ws/install/speed_pub/share/speed_pub/package.ps1'
[7.047s] INFO:colcon.colcon_core.shell:Creating package descriptor '/home/tux/ros2_ws/install/speed_pub/share/speed_pub/package.dsv'
[7.047s] INFO:colcon.colcon_core.shell:Creating package script '/home/tux/ros2_ws/install/speed_pub/share/speed_pub/package.sh'
[7.047s] INFO:colcon.colcon_core.shell:Creating package script '/home/tux/ros2_ws/install/speed_pub/share/speed_pub/package.bash'
[7.048s] INFO:colcon.colcon_core.shell:Creating package script '/home/tux/ros2_ws/install/speed_pub/share/speed_pub/package.zsh'
[7.048s] Level 1:colcon.colcon_core.environment:create_file_with_runtime_dependencies(/home/tux/ros2_ws/install/speed_pub/share/colcon-core/packages/speed_pub)
[7.080s] Level 1:colcon.colcon_core.environment:create_environment_scripts_only(speed_pub)
[7.080s] Level 1:colcon.colcon_core.environment:checking '/home/tux/ros2_ws/install/speed_pub' for CMake module files
[7.080s] Level 1:colcon.colcon_core.environment:checking '/home/tux/ros2_ws/install/speed_pub' for CMake config files
[7.081s] Level 1:colcon.colcon_core.shell:create_environment_hook('speed_pub', 'cmake_prefix_path')
[7.081s] INFO:colcon.colcon_core.shell:Creating environment hook '/home/tux/ros2_ws/install/speed_pub/share/speed_pub/hook/cmake_prefix_path.ps1'
[7.081s] INFO:colcon.colcon_core.shell:Creating environment descriptor '/home/tux/ros2_ws/install/speed_pub/share/speed_pub/hook/cmake_prefix_path.dsv'
[7.081s] INFO:colcon.colcon_core.shell:Creating environment hook '/home/tux/ros2_ws/install/speed_pub/share/speed_pub/hook/cmake_prefix_path.sh'
[7.082s] Level 1:colcon.colcon_core.environment:checking '/home/tux/ros2_ws/install/speed_pub/lib'
[7.082s] Level 1:colcon.colcon_core.environment:checking '/home/tux/ros2_ws/install/speed_pub/bin'
[7.082s] Level 1:colcon.colcon_core.environment:checking '/home/tux/ros2_ws/install/speed_pub/lib/pkgconfig/speed_pub.pc'
[7.082s] Level 1:colcon.colcon_core.environment:checking '/home/tux/ros2_ws/install/speed_pub/lib/python3.10/site-packages'
[7.082s] Level 1:colcon.colcon_core.environment:checking '/home/tux/ros2_ws/install/speed_pub/bin'
[7.083s] INFO:colcon.colcon_core.shell:Creating package script '/home/tux/ros2_ws/install/speed_pub/share/speed_pub/package.ps1'
[7.083s] INFO:colcon.colcon_core.shell:Creating package descriptor '/home/tux/ros2_ws/install/speed_pub/share/speed_pub/package.dsv'
[7.084s] INFO:colcon.colcon_core.shell:Creating package script '/home/tux/ros2_ws/install/speed_pub/share/speed_pub/package.sh'
[7.084s] INFO:colcon.colcon_core.shell:Creating package script '/home/tux/ros2_ws/install/speed_pub/share/speed_pub/package.bash'
[7.085s] INFO:colcon.colcon_core.shell:Creating package script '/home/tux/ros2_ws/install/speed_pub/share/speed_pub/package.zsh'
[7.085s] Level 1:colcon.colcon_core.environment:create_file_with_runtime_dependencies(/home/tux/ros2_ws/install/speed_pub/share/colcon-core/packages/speed_pub)
[7.085s] DEBUG:colcon.colcon_parallel_executor.executor.parallel:closing loop
[7.086s] DEBUG:colcon.colcon_parallel_executor.executor.parallel:loop closed
[7.086s] DEBUG:colcon.colcon_parallel_executor.executor.parallel:run_until_complete finished with '0'
[7.086s] DEBUG:colcon.colcon_core.event_reactor:joining thread
[7.094s] INFO:colcon.colcon_core.plugin_system:Skipping extension 'colcon_notification.desktop_notification.terminal_notifier': Not used on non-Darwin systems
[7.094s] INFO:colcon.colcon_core.plugin_system:Skipping extension 'colcon_notification.desktop_notification.win32': Not used on non-Windows systems
[7.094s] INFO:colcon.colcon_notification.desktop_notification:Sending desktop notification using 'notify2'
[7.106s] DEBUG:colcon.colcon_core.event_reactor:joined thread
[7.106s] INFO:colcon.colcon_core.shell:Creating prefix script '/home/tux/ros2_ws/install/local_setup.ps1'
[7.108s] INFO:colcon.colcon_core.shell:Creating prefix util module '/home/tux/ros2_ws/install/_local_setup_util_ps1.py'
[7.110s] INFO:colcon.colcon_core.shell:Creating prefix chain script '/home/tux/ros2_ws/install/setup.ps1'
[7.111s] INFO:colcon.colcon_core.shell:Creating prefix script '/home/tux/ros2_ws/install/local_setup.sh'
[7.112s] INFO:colcon.colcon_core.shell:Creating prefix util module '/home/tux/ros2_ws/install/_local_setup_util_sh.py'
[7.113s] INFO:colcon.colcon_core.shell:Creating prefix chain script '/home/tux/ros2_ws/install/setup.sh'
[7.114s] INFO:colcon.colcon_core.shell:Creating prefix script '/home/tux/ros2_ws/install/local_setup.bash'
[7.114s] INFO:colcon.colcon_core.shell:Creating prefix chain script '/home/tux/ros2_ws/install/setup.bash'
[7.115s] INFO:colcon.colcon_core.shell:Creating prefix script '/home/tux/ros2_ws/install/local_setup.zsh'
[7.116s] INFO:colcon.colcon_core.shell:Creating prefix chain script '/home/tux/ros2_ws/install/setup.zsh'
