[0.011s] Invoking command in '/home/tux/ros2_ws/build/speed_pub': CMAKE_PREFIX_PATH=/opt/ros/humble /usr/bin/cmake /home/tux/ros2_ws/src/speed_pub -DCMAKE_INSTALL_PREFIX=/home/tux/ros2_ws/install/speed_pub
[0.058s] -- The C compiler identification is GNU 11.4.0
[0.106s] -- The CXX compiler identification is GNU 11.4.0
[0.113s] -- Detecting C compiler ABI info
[0.173s] -- Detecting C compiler ABI info - done
[0.179s] -- Check for working C compiler: /usr/bin/cc - skipped
[0.180s] -- Detecting C compile features
[0.180s] -- Detecting C compile features - done
[0.182s] -- Detecting CXX compiler ABI info
[0.254s] -- Detecting CXX compiler ABI info - done
[0.263s] -- Check for working CXX compiler: /usr/bin/c++ - skipped
[0.264s] -- Detecting CXX compile features
[0.264s] -- Detecting CXX compile features - done
[0.267s] -- Found ament_cmake: 1.3.9 (/opt/ros/humble/share/ament_cmake/cmake)
[0.400s] -- Found Python3: /usr/bin/python3 (found version "3.10.12") found components: Interpreter 
[0.500s] -- Found ament_lint_auto: 0.12.11 (/opt/ros/humble/share/ament_lint_auto/cmake)
[0.582s] -- Added test 'cppcheck' to perform static code analysis on C / C++ code
[0.582s] -- Configured cppcheck include dirs: 
[0.582s] -- Configured cppcheck exclude dirs and/or files: 
[0.583s] -- Added test 'lint_cmake' to check CMake code style
[0.583s] -- Added test 'uncrustify' to check C / C++ code style
[0.584s] -- Configured uncrustify additional arguments: 
[0.584s] -- Added test 'xmllint' to check XML markup files
[0.585s] -- Configuring done
[0.587s] -- Generating done
[0.588s] -- Build files have been written to: /home/tux/ros2_ws/build/speed_pub
[0.592s] Invoked command in '/home/tux/ros2_ws/build/speed_pub' returned '0': CMAKE_PREFIX_PATH=/opt/ros/humble /usr/bin/cmake /home/tux/ros2_ws/src/speed_pub -DCMAKE_INSTALL_PREFIX=/home/tux/ros2_ws/install/speed_pub
[0.593s] Invoking command in '/home/tux/ros2_ws/build/speed_pub': CMAKE_PREFIX_PATH=/opt/ros/humble /usr/bin/cmake --build /home/tux/ros2_ws/build/speed_pub -- -j12 -l12
[0.630s] Invoked command in '/home/tux/ros2_ws/build/speed_pub' returned '0': CMAKE_PREFIX_PATH=/opt/ros/humble /usr/bin/cmake --build /home/tux/ros2_ws/build/speed_pub -- -j12 -l12
[0.660s] Invoking command in '/home/tux/ros2_ws/build/speed_pub': CMAKE_PREFIX_PATH=/opt/ros/humble /usr/bin/cmake --install /home/tux/ros2_ws/build/speed_pub
[0.666s] -- Install configuration: ""
[0.666s] -- Installing: /home/tux/ros2_ws/install/speed_pub/share/ament_index/resource_index/package_run_dependencies/speed_pub
[0.666s] -- Installing: /home/tux/ros2_ws/install/speed_pub/share/ament_index/resource_index/parent_prefix_path/speed_pub
[0.666s] -- Installing: /home/tux/ros2_ws/install/speed_pub/share/speed_pub/environment/ament_prefix_path.sh
[0.667s] -- Installing: /home/tux/ros2_ws/install/speed_pub/share/speed_pub/environment/ament_prefix_path.dsv
[0.667s] -- Installing: /home/tux/ros2_ws/install/speed_pub/share/speed_pub/environment/path.sh
[0.667s] -- Installing: /home/tux/ros2_ws/install/speed_pub/share/speed_pub/environment/path.dsv
[0.667s] -- Installing: /home/tux/ros2_ws/install/speed_pub/share/speed_pub/local_setup.bash
[0.667s] -- Installing: /home/tux/ros2_ws/install/speed_pub/share/speed_pub/local_setup.sh
[0.667s] -- Installing: /home/tux/ros2_ws/install/speed_pub/share/speed_pub/local_setup.zsh
[0.667s] -- Installing: /home/tux/ros2_ws/install/speed_pub/share/speed_pub/local_setup.dsv
[0.667s] -- Installing: /home/tux/ros2_ws/install/speed_pub/share/speed_pub/package.dsv
[0.667s] -- Installing: /home/tux/ros2_ws/install/speed_pub/share/ament_index/resource_index/packages/speed_pub
[0.668s] -- Installing: /home/tux/ros2_ws/install/speed_pub/share/speed_pub/cmake/speed_pubConfig.cmake
[0.668s] -- Installing: /home/tux/ros2_ws/install/speed_pub/share/speed_pub/cmake/speed_pubConfig-version.cmake
[0.668s] -- Installing: /home/tux/ros2_ws/install/speed_pub/share/speed_pub/package.xml
[0.669s] Invoked command in '/home/tux/ros2_ws/build/speed_pub' returned '0': CMAKE_PREFIX_PATH=/opt/ros/humble /usr/bin/cmake --install /home/tux/ros2_ws/build/speed_pub
