[0.010s] Invoking command in '/home/tux/ros2_ws/build/self_interfaces': CMAKE_PREFIX_PATH=/opt/ros/humble /usr/bin/cmake /home/tux/ros2_ws/src/self_interfaces -DCMAKE_INSTALL_PREFIX=/home/tux/ros2_ws/install/self_interfaces
[0.062s] -- The C compiler identification is GNU 11.4.0
[0.111s] -- The CXX compiler identification is GNU 11.4.0
[0.118s] -- Detecting C compiler ABI info
[0.177s] -- Detecting C compiler ABI info - done
[0.189s] -- Check for working C compiler: /usr/bin/cc - skipped
[0.190s] -- Detecting C compile features
[0.190s] -- Detecting C compile features - done
[0.194s] -- Detecting CXX compiler ABI info
[0.267s] -- Detecting CXX compiler ABI info - done
[0.274s] -- Check for working CXX compiler: /usr/bin/c++ - skipped
[0.274s] -- Detecting CXX compile features
[0.274s] -- Detecting CXX compile features - done
[0.276s] -- Found ament_cmake: 1.3.9 (/opt/ros/humble/share/ament_cmake/cmake)
[0.409s] -- Found Python3: /usr/bin/python3 (found version "3.10.12") found components: Interpreter 
[0.485s] -- Found ament_lint_auto: 0.12.11 (/opt/ros/humble/share/ament_lint_auto/cmake)
[0.551s] -- Found rosidl_default_generators: 1.2.0 (/opt/ros/humble/share/rosidl_default_generators/cmake)
[0.553s] -- Using all available rosidl_typesupport_c: rosidl_typesupport_fastrtps_c;rosidl_typesupport_introspection_c
[0.558s] -- Found rosidl_adapter: 3.1.5 (/opt/ros/humble/share/rosidl_adapter/cmake)
[0.591s] -- Using all available rosidl_typesupport_cpp: rosidl_typesupport_fastrtps_cpp;rosidl_typesupport_introspection_cpp
[0.779s] -- Found ament_cmake_ros: 0.10.0 (/opt/ros/humble/share/ament_cmake_ros/cmake)
[0.933s] -- Using all available rosidl_typesupport_c: rosidl_typesupport_fastrtps_c;rosidl_typesupport_introspection_c
[1.138s] -- Using all available rosidl_typesupport_cpp: rosidl_typesupport_fastrtps_cpp;rosidl_typesupport_introspection_cpp
[1.157s] -- Found PythonInterp: /usr/bin/python3 (found suitable version "3.10.12", minimum required is "3.6") 
[1.158s] -- Found python_cmake_module: 0.10.0 (/opt/ros/humble/share/python_cmake_module/cmake)
[1.178s] -- Found PythonLibs: /usr/lib/x86_64-linux-gnu/libpython3.10.so (found suitable version "3.10.12", minimum required is "3.5") 
[1.179s] -- Using PYTHON_EXECUTABLE: /usr/bin/python3
[1.179s] -- Using PYTHON_INCLUDE_DIRS: /usr/include/python3.10
[1.179s] -- Using PYTHON_LIBRARIES: /usr/lib/x86_64-linux-gnu/libpython3.10.so
[1.195s] -- Found PythonExtra: .so  
[1.228s] -- Added test 'lint_cmake' to check CMake code style
[1.229s] -- Added test 'xmllint' to check XML markup files
[1.234s] -- Configuring done
[1.260s] -- Generating done
[1.262s] -- Build files have been written to: /home/tux/ros2_ws/build/self_interfaces
[1.266s] Invoked command in '/home/tux/ros2_ws/build/self_interfaces' returned '0': CMAKE_PREFIX_PATH=/opt/ros/humble /usr/bin/cmake /home/tux/ros2_ws/src/self_interfaces -DCMAKE_INSTALL_PREFIX=/home/tux/ros2_ws/install/self_interfaces
[1.268s] Invoking command in '/home/tux/ros2_ws/build/self_interfaces': CMAKE_PREFIX_PATH=/opt/ros/humble /usr/bin/cmake --build /home/tux/ros2_ws/build/self_interfaces -- -j12 -l12
[1.299s] [  3%] [34m[1mGenerating C code for ROS interfaces[0m
[1.308s] [  6%] [34m[1mGenerating C++ code for ROS interfaces[0m
[1.317s] [  6%] Built target ament_cmake_python_copy_self_interfaces
[1.541s] running egg_info
[1.542s] creating self_interfaces.egg-info
[1.542s] writing self_interfaces.egg-info/PKG-INFO
[1.542s] writing dependency_links to self_interfaces.egg-info/dependency_links.txt
[1.543s] writing top-level names to self_interfaces.egg-info/top_level.txt
[1.543s] writing manifest file 'self_interfaces.egg-info/SOURCES.txt'
[1.544s] reading manifest file 'self_interfaces.egg-info/SOURCES.txt'
[1.545s] writing manifest file 'self_interfaces.egg-info/SOURCES.txt'
[1.556s] [  6%] Built target self_interfaces__cpp
[1.557s] [  9%] [32mBuilding C object CMakeFiles/self_interfaces__rosidl_generator_c.dir/rosidl_generator_c/self_interfaces/msg/detail/speed_control__functions.c.o[0m
[1.566s] [ 19%] [34m[1mGenerating C++ type support for eProsima Fast-RTPS[0m
[1.566s] [ 19%] [34m[1mGenerating C++ introspection for ROS interfaces[0m
[1.566s] [ 19%] [34m[1mGenerating C++ type support dispatch for ROS interfaces[0m
[1.569s] [ 19%] Built target ament_cmake_python_build_self_interfaces_egg
[1.598s] [ 22%] [32m[1mLinking C shared library libself_interfaces__rosidl_generator_c.so[0m
[1.635s] [ 22%] Built target self_interfaces__rosidl_generator_c
[1.645s] [ 32%] [34m[1mGenerating C introspection for ROS interfaces[0m
[1.645s] [ 32%] [34m[1mGenerating C type support dispatch for ROS interfaces[0m
[1.645s] [ 32%] [34m[1mGenerating C type support for eProsima Fast-RTPS[0m
[1.771s] [ 35%] [32mBuilding CXX object CMakeFiles/self_interfaces__rosidl_typesupport_cpp.dir/rosidl_typesupport_cpp/self_interfaces/msg/speed_control__type_support.cpp.o[0m
[1.784s] [ 38%] [32mBuilding CXX object CMakeFiles/self_interfaces__rosidl_typesupport_introspection_cpp.dir/rosidl_typesupport_introspection_cpp/self_interfaces/msg/detail/speed_control__type_support.cpp.o[0m
[1.821s] [ 41%] [32mBuilding CXX object CMakeFiles/self_interfaces__rosidl_typesupport_fastrtps_cpp.dir/rosidl_typesupport_fastrtps_cpp/self_interfaces/msg/detail/dds_fastrtps/speed_control__type_support.cpp.o[0m
[1.853s] [ 45%] [32mBuilding CXX object CMakeFiles/self_interfaces__rosidl_typesupport_c.dir/rosidl_typesupport_c/self_interfaces/msg/speed_control__type_support.cpp.o[0m
[1.874s] [ 48%] [32mBuilding CXX object CMakeFiles/self_interfaces__rosidl_typesupport_fastrtps_c.dir/rosidl_typesupport_fastrtps_c/self_interfaces/msg/detail/speed_control__type_support_c.cpp.o[0m
[1.880s] [ 51%] [32m[1mLinking CXX shared library libself_interfaces__rosidl_typesupport_c.so[0m
[1.898s] [ 54%] [32mBuilding C object CMakeFiles/self_interfaces__rosidl_typesupport_introspection_c.dir/rosidl_typesupport_introspection_c/self_interfaces/msg/detail/speed_control__type_support.c.o[0m
[1.921s] [ 54%] Built target self_interfaces__rosidl_typesupport_c
[1.933s] [ 58%] [32m[1mLinking C shared library libself_interfaces__rosidl_typesupport_introspection_c.so[0m
[1.961s] [ 58%] Built target self_interfaces__rosidl_typesupport_introspection_c
[2.026s] [ 61%] [32m[1mLinking CXX shared library libself_interfaces__rosidl_typesupport_cpp.so[0m
[2.063s] [ 61%] Built target self_interfaces__rosidl_typesupport_cpp
[2.143s] [ 64%] [32m[1mLinking CXX shared library libself_interfaces__rosidl_typesupport_introspection_cpp.so[0m
[2.174s] [ 67%] [32m[1mLinking CXX shared library libself_interfaces__rosidl_typesupport_fastrtps_cpp.so[0m
[2.178s] [ 67%] Built target self_interfaces__rosidl_typesupport_introspection_cpp
[2.184s] [ 70%] [32m[1mLinking CXX shared library libself_interfaces__rosidl_typesupport_fastrtps_c.so[0m
[2.253s] [ 70%] Built target self_interfaces__rosidl_typesupport_fastrtps_cpp
[2.264s] [ 70%] Built target self_interfaces__rosidl_typesupport_fastrtps_c
[2.280s] [ 70%] Built target self_interfaces
[2.296s] [ 74%] [34m[1mGenerating Python code for ROS interfaces[0m
[2.542s] [ 74%] Built target self_interfaces__py
[2.558s] [ 77%] [32mBuilding C object CMakeFiles/self_interfaces__rosidl_generator_py.dir/rosidl_generator_py/self_interfaces/msg/_speed_control_s.c.o[0m
[2.643s] [ 80%] [32m[1mLinking C shared library rosidl_generator_py/self_interfaces/libself_interfaces__rosidl_generator_py.so[0m
[2.675s] [ 80%] Built target self_interfaces__rosidl_generator_py
[2.693s] [ 90%] [32mBuilding C object CMakeFiles/self_interfaces__rosidl_typesupport_c__pyext.dir/rosidl_generator_py/self_interfaces/_self_interfaces_s.ep.rosidl_typesupport_c.c.o[0m
[2.693s] [ 90%] [32mBuilding C object CMakeFiles/self_interfaces__rosidl_typesupport_fastrtps_c__pyext.dir/rosidl_generator_py/self_interfaces/_self_interfaces_s.ep.rosidl_typesupport_fastrtps_c.c.o[0m
[2.693s] [ 90%] [32mBuilding C object CMakeFiles/self_interfaces__rosidl_typesupport_introspection_c__pyext.dir/rosidl_generator_py/self_interfaces/_self_interfaces_s.ep.rosidl_typesupport_introspection_c.c.o[0m
[2.777s] [ 93%] [32m[1mLinking C shared library rosidl_generator_py/self_interfaces/self_interfaces_s__rosidl_typesupport_introspection_c.cpython-310-x86_64-linux-gnu.so[0m
[2.780s] [ 96%] [32m[1mLinking C shared library rosidl_generator_py/self_interfaces/self_interfaces_s__rosidl_typesupport_fastrtps_c.cpython-310-x86_64-linux-gnu.so[0m
[2.791s] [100%] [32m[1mLinking C shared library rosidl_generator_py/self_interfaces/self_interfaces_s__rosidl_typesupport_c.cpython-310-x86_64-linux-gnu.so[0m
[2.806s] [100%] Built target self_interfaces__rosidl_typesupport_introspection_c__pyext
[2.809s] [100%] Built target self_interfaces__rosidl_typesupport_fastrtps_c__pyext
[2.822s] [100%] Built target self_interfaces__rosidl_typesupport_c__pyext
[2.833s] Invoked command in '/home/tux/ros2_ws/build/self_interfaces' returned '0': CMAKE_PREFIX_PATH=/opt/ros/humble /usr/bin/cmake --build /home/tux/ros2_ws/build/self_interfaces -- -j12 -l12
[2.886s] Invoking command in '/home/tux/ros2_ws/build/self_interfaces': CMAKE_PREFIX_PATH=/opt/ros/humble /usr/bin/cmake --install /home/tux/ros2_ws/build/self_interfaces
[2.893s] -- Install configuration: ""
[2.893s] -- Installing: /home/tux/ros2_ws/install/self_interfaces/share/ament_index/resource_index/rosidl_interfaces/self_interfaces
[2.893s] -- Installing: /home/tux/ros2_ws/install/self_interfaces/include/self_interfaces/self_interfaces
[2.893s] -- Installing: /home/tux/ros2_ws/install/self_interfaces/include/self_interfaces/self_interfaces/msg
[2.893s] -- Installing: /home/tux/ros2_ws/install/self_interfaces/include/self_interfaces/self_interfaces/msg/speed_control.h
[2.894s] -- Installing: /home/tux/ros2_ws/install/self_interfaces/include/self_interfaces/self_interfaces/msg/detail
[2.894s] -- Installing: /home/tux/ros2_ws/install/self_interfaces/include/self_interfaces/self_interfaces/msg/detail/speed_control__type_support.h
[2.894s] -- Installing: /home/tux/ros2_ws/install/self_interfaces/include/self_interfaces/self_interfaces/msg/detail/speed_control__struct.h
[2.894s] -- Installing: /home/tux/ros2_ws/install/self_interfaces/include/self_interfaces/self_interfaces/msg/detail/speed_control__functions.c
[2.894s] -- Installing: /home/tux/ros2_ws/install/self_interfaces/include/self_interfaces/self_interfaces/msg/detail/speed_control__functions.h
[2.894s] -- Installing: /home/tux/ros2_ws/install/self_interfaces/include/self_interfaces/self_interfaces/msg/rosidl_generator_c__visibility_control.h
[2.894s] -- Installing: /home/tux/ros2_ws/install/self_interfaces/share/self_interfaces/environment/library_path.sh
[2.895s] -- Installing: /home/tux/ros2_ws/install/self_interfaces/share/self_interfaces/environment/library_path.dsv
[2.895s] -- Installing: /home/tux/ros2_ws/install/self_interfaces/lib/libself_interfaces__rosidl_generator_c.so
[2.895s] -- Set runtime path of "/home/tux/ros2_ws/install/self_interfaces/lib/libself_interfaces__rosidl_generator_c.so" to ""
[2.895s] -- Up-to-date: /home/tux/ros2_ws/install/self_interfaces/include/self_interfaces/self_interfaces
[2.896s] -- Up-to-date: /home/tux/ros2_ws/install/self_interfaces/include/self_interfaces/self_interfaces/msg
[2.896s] -- Installing: /home/tux/ros2_ws/install/self_interfaces/include/self_interfaces/self_interfaces/msg/rosidl_typesupport_fastrtps_c__visibility_control.h
[2.896s] -- Up-to-date: /home/tux/ros2_ws/install/self_interfaces/include/self_interfaces/self_interfaces/msg/detail
[2.896s] -- Installing: /home/tux/ros2_ws/install/self_interfaces/include/self_interfaces/self_interfaces/msg/detail/speed_control__rosidl_typesupport_fastrtps_c.h
[2.896s] -- Installing: /home/tux/ros2_ws/install/self_interfaces/lib/libself_interfaces__rosidl_typesupport_fastrtps_c.so
[2.896s] -- Set runtime path of "/home/tux/ros2_ws/install/self_interfaces/lib/libself_interfaces__rosidl_typesupport_fastrtps_c.so" to ""
[2.897s] -- Up-to-date: /home/tux/ros2_ws/install/self_interfaces/include/self_interfaces/self_interfaces
[2.897s] -- Up-to-date: /home/tux/ros2_ws/install/self_interfaces/include/self_interfaces/self_interfaces/msg
[2.897s] -- Up-to-date: /home/tux/ros2_ws/install/self_interfaces/include/self_interfaces/self_interfaces/msg/detail
[2.897s] -- Installing: /home/tux/ros2_ws/install/self_interfaces/include/self_interfaces/self_interfaces/msg/detail/speed_control__type_support.c
[2.897s] -- Installing: /home/tux/ros2_ws/install/self_interfaces/include/self_interfaces/self_interfaces/msg/detail/speed_control__rosidl_typesupport_introspection_c.h
[2.897s] -- Installing: /home/tux/ros2_ws/install/self_interfaces/include/self_interfaces/self_interfaces/msg/rosidl_typesupport_introspection_c__visibility_control.h
[2.898s] -- Installing: /home/tux/ros2_ws/install/self_interfaces/lib/libself_interfaces__rosidl_typesupport_introspection_c.so
[2.898s] -- Set runtime path of "/home/tux/ros2_ws/install/self_interfaces/lib/libself_interfaces__rosidl_typesupport_introspection_c.so" to ""
[2.898s] -- Installing: /home/tux/ros2_ws/install/self_interfaces/lib/libself_interfaces__rosidl_typesupport_c.so
[2.898s] -- Set runtime path of "/home/tux/ros2_ws/install/self_interfaces/lib/libself_interfaces__rosidl_typesupport_c.so" to ""
[2.899s] -- Up-to-date: /home/tux/ros2_ws/install/self_interfaces/include/self_interfaces/self_interfaces
[2.899s] -- Up-to-date: /home/tux/ros2_ws/install/self_interfaces/include/self_interfaces/self_interfaces/msg
[2.899s] -- Installing: /home/tux/ros2_ws/install/self_interfaces/include/self_interfaces/self_interfaces/msg/speed_control.hpp
[2.899s] -- Up-to-date: /home/tux/ros2_ws/install/self_interfaces/include/self_interfaces/self_interfaces/msg/detail
[2.899s] -- Installing: /home/tux/ros2_ws/install/self_interfaces/include/self_interfaces/self_interfaces/msg/detail/speed_control__struct.hpp
[2.899s] -- Installing: /home/tux/ros2_ws/install/self_interfaces/include/self_interfaces/self_interfaces/msg/detail/speed_control__traits.hpp
[2.899s] -- Installing: /home/tux/ros2_ws/install/self_interfaces/include/self_interfaces/self_interfaces/msg/detail/speed_control__builder.hpp
[2.900s] -- Up-to-date: /home/tux/ros2_ws/install/self_interfaces/include/self_interfaces/self_interfaces
[2.900s] -- Up-to-date: /home/tux/ros2_ws/install/self_interfaces/include/self_interfaces/self_interfaces/msg
[2.900s] -- Installing: /home/tux/ros2_ws/install/self_interfaces/include/self_interfaces/self_interfaces/msg/rosidl_typesupport_fastrtps_cpp__visibility_control.h
[2.900s] -- Up-to-date: /home/tux/ros2_ws/install/self_interfaces/include/self_interfaces/self_interfaces/msg/detail
[2.900s] -- Installing: /home/tux/ros2_ws/install/self_interfaces/include/self_interfaces/self_interfaces/msg/detail/dds_fastrtps
[2.900s] -- Installing: /home/tux/ros2_ws/install/self_interfaces/include/self_interfaces/self_interfaces/msg/detail/speed_control__rosidl_typesupport_fastrtps_cpp.hpp
[2.901s] -- Installing: /home/tux/ros2_ws/install/self_interfaces/lib/libself_interfaces__rosidl_typesupport_fastrtps_cpp.so
[2.901s] -- Set runtime path of "/home/tux/ros2_ws/install/self_interfaces/lib/libself_interfaces__rosidl_typesupport_fastrtps_cpp.so" to ""
[2.901s] -- Up-to-date: /home/tux/ros2_ws/install/self_interfaces/include/self_interfaces/self_interfaces
[2.901s] -- Up-to-date: /home/tux/ros2_ws/install/self_interfaces/include/self_interfaces/self_interfaces/msg
[2.901s] -- Up-to-date: /home/tux/ros2_ws/install/self_interfaces/include/self_interfaces/self_interfaces/msg/detail
[2.901s] -- Installing: /home/tux/ros2_ws/install/self_interfaces/include/self_interfaces/self_interfaces/msg/detail/speed_control__rosidl_typesupport_introspection_cpp.hpp
[2.901s] -- Installing: /home/tux/ros2_ws/install/self_interfaces/include/self_interfaces/self_interfaces/msg/detail/speed_control__type_support.cpp
[2.902s] -- Installing: /home/tux/ros2_ws/install/self_interfaces/lib/libself_interfaces__rosidl_typesupport_introspection_cpp.so
[2.902s] -- Set runtime path of "/home/tux/ros2_ws/install/self_interfaces/lib/libself_interfaces__rosidl_typesupport_introspection_cpp.so" to ""
[2.902s] -- Installing: /home/tux/ros2_ws/install/self_interfaces/lib/libself_interfaces__rosidl_typesupport_cpp.so
[2.902s] -- Set runtime path of "/home/tux/ros2_ws/install/self_interfaces/lib/libself_interfaces__rosidl_typesupport_cpp.so" to ""
[2.902s] -- Installing: /home/tux/ros2_ws/install/self_interfaces/share/self_interfaces/environment/pythonpath.sh
[2.903s] -- Installing: /home/tux/ros2_ws/install/self_interfaces/share/self_interfaces/environment/pythonpath.dsv
[2.903s] -- Installing: /home/tux/ros2_ws/install/self_interfaces/local/lib/python3.10/dist-packages/self_interfaces-0.0.0-py3.10.egg-info
[2.903s] -- Installing: /home/tux/ros2_ws/install/self_interfaces/local/lib/python3.10/dist-packages/self_interfaces-0.0.0-py3.10.egg-info/SOURCES.txt
[2.903s] -- Installing: /home/tux/ros2_ws/install/self_interfaces/local/lib/python3.10/dist-packages/self_interfaces-0.0.0-py3.10.egg-info/top_level.txt
[2.903s] -- Installing: /home/tux/ros2_ws/install/self_interfaces/local/lib/python3.10/dist-packages/self_interfaces-0.0.0-py3.10.egg-info/PKG-INFO
[2.904s] -- Installing: /home/tux/ros2_ws/install/self_interfaces/local/lib/python3.10/dist-packages/self_interfaces-0.0.0-py3.10.egg-info/dependency_links.txt
[2.904s] -- Installing: /home/tux/ros2_ws/install/self_interfaces/local/lib/python3.10/dist-packages/self_interfaces
[2.904s] -- Installing: /home/tux/ros2_ws/install/self_interfaces/local/lib/python3.10/dist-packages/self_interfaces/_self_interfaces_s.ep.rosidl_typesupport_fastrtps_c.c
[2.904s] -- Installing: /home/tux/ros2_ws/install/self_interfaces/local/lib/python3.10/dist-packages/self_interfaces/__init__.py
[2.904s] -- Installing: /home/tux/ros2_ws/install/self_interfaces/local/lib/python3.10/dist-packages/self_interfaces/_self_interfaces_s.ep.rosidl_typesupport_introspection_c.c
[2.904s] -- Installing: /home/tux/ros2_ws/install/self_interfaces/local/lib/python3.10/dist-packages/self_interfaces/msg
[2.905s] -- Installing: /home/tux/ros2_ws/install/self_interfaces/local/lib/python3.10/dist-packages/self_interfaces/msg/__init__.py
[2.905s] -- Installing: /home/tux/ros2_ws/install/self_interfaces/local/lib/python3.10/dist-packages/self_interfaces/msg/_speed_control.py
[2.905s] -- Installing: /home/tux/ros2_ws/install/self_interfaces/local/lib/python3.10/dist-packages/self_interfaces/msg/_speed_control_s.c
[2.905s] -- Installing: /home/tux/ros2_ws/install/self_interfaces/local/lib/python3.10/dist-packages/self_interfaces/_self_interfaces_s.ep.rosidl_typesupport_c.c
[2.905s] -- Installing: /home/tux/ros2_ws/install/self_interfaces/local/lib/python3.10/dist-packages/self_interfaces/self_interfaces_s__rosidl_typesupport_c.cpython-310-x86_64-linux-gnu.so
[2.905s] -- Installing: /home/tux/ros2_ws/install/self_interfaces/local/lib/python3.10/dist-packages/self_interfaces/self_interfaces_s__rosidl_typesupport_fastrtps_c.cpython-310-x86_64-linux-gnu.so
[2.905s] -- Installing: /home/tux/ros2_ws/install/self_interfaces/local/lib/python3.10/dist-packages/self_interfaces/libself_interfaces__rosidl_generator_py.so
[2.906s] -- Installing: /home/tux/ros2_ws/install/self_interfaces/local/lib/python3.10/dist-packages/self_interfaces/self_interfaces_s__rosidl_typesupport_introspection_c.cpython-310-x86_64-linux-gnu.so
[2.936s] Listing '/home/tux/ros2_ws/install/self_interfaces/local/lib/python3.10/dist-packages/self_interfaces'...
[2.937s] Compiling '/home/tux/ros2_ws/install/self_interfaces/local/lib/python3.10/dist-packages/self_interfaces/__init__.py'...
[2.937s] Listing '/home/tux/ros2_ws/install/self_interfaces/local/lib/python3.10/dist-packages/self_interfaces/msg'...
[2.937s] Compiling '/home/tux/ros2_ws/install/self_interfaces/local/lib/python3.10/dist-packages/self_interfaces/msg/__init__.py'...
[2.937s] Compiling '/home/tux/ros2_ws/install/self_interfaces/local/lib/python3.10/dist-packages/self_interfaces/msg/_speed_control.py'...
[2.940s] -- Installing: /home/tux/ros2_ws/install/self_interfaces/local/lib/python3.10/dist-packages/self_interfaces/self_interfaces_s__rosidl_typesupport_fastrtps_c.cpython-310-x86_64-linux-gnu.so
[2.941s] -- Set runtime path of "/home/tux/ros2_ws/install/self_interfaces/local/lib/python3.10/dist-packages/self_interfaces/self_interfaces_s__rosidl_typesupport_fastrtps_c.cpython-310-x86_64-linux-gnu.so" to ""
[2.941s] -- Installing: /home/tux/ros2_ws/install/self_interfaces/local/lib/python3.10/dist-packages/self_interfaces/self_interfaces_s__rosidl_typesupport_introspection_c.cpython-310-x86_64-linux-gnu.so
[2.941s] -- Set runtime path of "/home/tux/ros2_ws/install/self_interfaces/local/lib/python3.10/dist-packages/self_interfaces/self_interfaces_s__rosidl_typesupport_introspection_c.cpython-310-x86_64-linux-gnu.so" to ""
[2.942s] -- Installing: /home/tux/ros2_ws/install/self_interfaces/local/lib/python3.10/dist-packages/self_interfaces/self_interfaces_s__rosidl_typesupport_c.cpython-310-x86_64-linux-gnu.so
[2.942s] -- Set runtime path of "/home/tux/ros2_ws/install/self_interfaces/local/lib/python3.10/dist-packages/self_interfaces/self_interfaces_s__rosidl_typesupport_c.cpython-310-x86_64-linux-gnu.so" to ""
[2.942s] -- Installing: /home/tux/ros2_ws/install/self_interfaces/lib/libself_interfaces__rosidl_generator_py.so
[2.943s] -- Set runtime path of "/home/tux/ros2_ws/install/self_interfaces/lib/libself_interfaces__rosidl_generator_py.so" to ""
[2.943s] -- Installing: /home/tux/ros2_ws/install/self_interfaces/share/self_interfaces/msg/SpeedControl.idl
[2.943s] -- Installing: /home/tux/ros2_ws/install/self_interfaces/share/self_interfaces/msg/SpeedControl.msg
[2.943s] -- Installing: /home/tux/ros2_ws/install/self_interfaces/share/ament_index/resource_index/package_run_dependencies/self_interfaces
[2.943s] -- Installing: /home/tux/ros2_ws/install/self_interfaces/share/ament_index/resource_index/parent_prefix_path/self_interfaces
[2.943s] -- Installing: /home/tux/ros2_ws/install/self_interfaces/share/self_interfaces/environment/ament_prefix_path.sh
[2.944s] -- Installing: /home/tux/ros2_ws/install/self_interfaces/share/self_interfaces/environment/ament_prefix_path.dsv
[2.944s] -- Installing: /home/tux/ros2_ws/install/self_interfaces/share/self_interfaces/environment/path.sh
[2.944s] -- Installing: /home/tux/ros2_ws/install/self_interfaces/share/self_interfaces/environment/path.dsv
[2.944s] -- Installing: /home/tux/ros2_ws/install/self_interfaces/share/self_interfaces/local_setup.bash
[2.944s] -- Installing: /home/tux/ros2_ws/install/self_interfaces/share/self_interfaces/local_setup.sh
[2.944s] -- Installing: /home/tux/ros2_ws/install/self_interfaces/share/self_interfaces/local_setup.zsh
[2.945s] -- Installing: /home/tux/ros2_ws/install/self_interfaces/share/self_interfaces/local_setup.dsv
[2.945s] -- Installing: /home/tux/ros2_ws/install/self_interfaces/share/self_interfaces/package.dsv
[2.945s] -- Installing: /home/tux/ros2_ws/install/self_interfaces/share/ament_index/resource_index/packages/self_interfaces
[2.945s] -- Installing: /home/tux/ros2_ws/install/self_interfaces/share/self_interfaces/cmake/export_self_interfaces__rosidl_generator_cExport.cmake
[2.945s] -- Installing: /home/tux/ros2_ws/install/self_interfaces/share/self_interfaces/cmake/export_self_interfaces__rosidl_generator_cExport-noconfig.cmake
[2.946s] -- Installing: /home/tux/ros2_ws/install/self_interfaces/share/self_interfaces/cmake/export_self_interfaces__rosidl_typesupport_fastrtps_cExport.cmake
[2.946s] -- Installing: /home/tux/ros2_ws/install/self_interfaces/share/self_interfaces/cmake/export_self_interfaces__rosidl_typesupport_fastrtps_cExport-noconfig.cmake
[2.946s] -- Installing: /home/tux/ros2_ws/install/self_interfaces/share/self_interfaces/cmake/self_interfaces__rosidl_typesupport_introspection_cExport.cmake
[2.946s] -- Installing: /home/tux/ros2_ws/install/self_interfaces/share/self_interfaces/cmake/self_interfaces__rosidl_typesupport_introspection_cExport-noconfig.cmake
[2.946s] -- Installing: /home/tux/ros2_ws/install/self_interfaces/share/self_interfaces/cmake/self_interfaces__rosidl_typesupport_cExport.cmake
[2.946s] -- Installing: /home/tux/ros2_ws/install/self_interfaces/share/self_interfaces/cmake/self_interfaces__rosidl_typesupport_cExport-noconfig.cmake
[2.947s] -- Installing: /home/tux/ros2_ws/install/self_interfaces/share/self_interfaces/cmake/export_self_interfaces__rosidl_generator_cppExport.cmake
[2.947s] -- Installing: /home/tux/ros2_ws/install/self_interfaces/share/self_interfaces/cmake/export_self_interfaces__rosidl_typesupport_fastrtps_cppExport.cmake
[2.947s] -- Installing: /home/tux/ros2_ws/install/self_interfaces/share/self_interfaces/cmake/export_self_interfaces__rosidl_typesupport_fastrtps_cppExport-noconfig.cmake
[2.947s] -- Installing: /home/tux/ros2_ws/install/self_interfaces/share/self_interfaces/cmake/self_interfaces__rosidl_typesupport_introspection_cppExport.cmake
[2.947s] -- Installing: /home/tux/ros2_ws/install/self_interfaces/share/self_interfaces/cmake/self_interfaces__rosidl_typesupport_introspection_cppExport-noconfig.cmake
[2.948s] -- Installing: /home/tux/ros2_ws/install/self_interfaces/share/self_interfaces/cmake/self_interfaces__rosidl_typesupport_cppExport.cmake
[2.948s] -- Installing: /home/tux/ros2_ws/install/self_interfaces/share/self_interfaces/cmake/self_interfaces__rosidl_typesupport_cppExport-noconfig.cmake
[2.948s] -- Installing: /home/tux/ros2_ws/install/self_interfaces/share/self_interfaces/cmake/export_self_interfaces__rosidl_generator_pyExport.cmake
[2.948s] -- Installing: /home/tux/ros2_ws/install/self_interfaces/share/self_interfaces/cmake/export_self_interfaces__rosidl_generator_pyExport-noconfig.cmake
[2.948s] -- Installing: /home/tux/ros2_ws/install/self_interfaces/share/self_interfaces/cmake/rosidl_cmake-extras.cmake
[2.948s] -- Installing: /home/tux/ros2_ws/install/self_interfaces/share/self_interfaces/cmake/ament_cmake_export_include_directories-extras.cmake
[2.949s] -- Installing: /home/tux/ros2_ws/install/self_interfaces/share/self_interfaces/cmake/ament_cmake_export_libraries-extras.cmake
[2.949s] -- Installing: /home/tux/ros2_ws/install/self_interfaces/share/self_interfaces/cmake/ament_cmake_export_targets-extras.cmake
[2.949s] -- Installing: /home/tux/ros2_ws/install/self_interfaces/share/self_interfaces/cmake/rosidl_cmake_export_typesupport_targets-extras.cmake
[2.949s] -- Installing: /home/tux/ros2_ws/install/self_interfaces/share/self_interfaces/cmake/ament_cmake_export_dependencies-extras.cmake
[2.949s] -- Installing: /home/tux/ros2_ws/install/self_interfaces/share/self_interfaces/cmake/rosidl_cmake_export_typesupport_libraries-extras.cmake
[2.949s] -- Installing: /home/tux/ros2_ws/install/self_interfaces/share/self_interfaces/cmake/self_interfacesConfig.cmake
[2.950s] -- Installing: /home/tux/ros2_ws/install/self_interfaces/share/self_interfaces/cmake/self_interfacesConfig-version.cmake
[2.950s] -- Installing: /home/tux/ros2_ws/install/self_interfaces/share/self_interfaces/package.xml
[2.952s] Invoked command in '/home/tux/ros2_ws/build/self_interfaces' returned '0': CMAKE_PREFIX_PATH=/opt/ros/humble /usr/bin/cmake --install /home/tux/ros2_ws/build/self_interfaces
