[0.012s] Invoking command in '/home/tux/ros2_ws/build/speed_pub': CMAKE_PREFIX_PATH=/home/tux/ros2_ws/install/speed_control:/home/tux/ros2_ws/install/speed_pub:/home/tux/ros2_ws/install/self_interfaces:/opt/ros/humble /usr/bin/cmake --build /home/tux/ros2_ws/build/speed_pub -- -j12 -l12
[0.065s] [35m[1mConsolidate compiler generated dependencies of target speed_publisher[0m
[0.084s] [ 50%] [32mBuilding CXX object CMakeFiles/speed_publisher.dir/src/speed_publisher.cpp.o[0m
[4.270s] [100%] [32m[1mLinking CXX executable speed_publisher[0m
[4.516s] [100%] Built target speed_publisher
[4.528s] Invoked command in '/home/tux/ros2_ws/build/speed_pub' returned '0': CMAKE_PREFIX_PATH=/home/tux/ros2_ws/install/speed_control:/home/tux/ros2_ws/install/speed_pub:/home/tux/ros2_ws/install/self_interfaces:/opt/ros/humble /usr/bin/cmake --build /home/tux/ros2_ws/build/speed_pub -- -j12 -l12
[4.557s] Invoking command in '/home/tux/ros2_ws/build/speed_pub': CMAKE_PREFIX_PATH=/home/tux/ros2_ws/install/speed_control:/home/tux/ros2_ws/install/speed_pub:/home/tux/ros2_ws/install/self_interfaces:/opt/ros/humble /usr/bin/cmake --install /home/tux/ros2_ws/build/speed_pub
[4.565s] -- Install configuration: ""
[4.565s] -- Installing: /home/tux/ros2_ws/install/speed_pub/lib/speed_pub/speed_publisher
[4.567s] -- Set runtime path of "/home/tux/ros2_ws/install/speed_pub/lib/speed_pub/speed_publisher" to ""
[4.567s] -- Up-to-date: /home/tux/ros2_ws/install/speed_pub/share/ament_index/resource_index/package_run_dependencies/speed_pub
[4.567s] -- Up-to-date: /home/tux/ros2_ws/install/speed_pub/share/ament_index/resource_index/parent_prefix_path/speed_pub
[4.568s] -- Up-to-date: /home/tux/ros2_ws/install/speed_pub/share/speed_pub/environment/ament_prefix_path.sh
[4.568s] -- Up-to-date: /home/tux/ros2_ws/install/speed_pub/share/speed_pub/environment/ament_prefix_path.dsv
[4.568s] -- Up-to-date: /home/tux/ros2_ws/install/speed_pub/share/speed_pub/environment/path.sh
[4.568s] -- Up-to-date: /home/tux/ros2_ws/install/speed_pub/share/speed_pub/environment/path.dsv
[4.568s] -- Up-to-date: /home/tux/ros2_ws/install/speed_pub/share/speed_pub/local_setup.bash
[4.568s] -- Up-to-date: /home/tux/ros2_ws/install/speed_pub/share/speed_pub/local_setup.sh
[4.569s] -- Up-to-date: /home/tux/ros2_ws/install/speed_pub/share/speed_pub/local_setup.zsh
[4.569s] -- Up-to-date: /home/tux/ros2_ws/install/speed_pub/share/speed_pub/local_setup.dsv
[4.569s] -- Installing: /home/tux/ros2_ws/install/speed_pub/share/speed_pub/package.dsv
[4.569s] -- Up-to-date: /home/tux/ros2_ws/install/speed_pub/share/ament_index/resource_index/packages/speed_pub
[4.569s] -- Up-to-date: /home/tux/ros2_ws/install/speed_pub/share/speed_pub/cmake/speed_pubConfig.cmake
[4.569s] -- Up-to-date: /home/tux/ros2_ws/install/speed_pub/share/speed_pub/cmake/speed_pubConfig-version.cmake
[4.570s] -- Up-to-date: /home/tux/ros2_ws/install/speed_pub/share/speed_pub/package.xml
[4.571s] Invoked command in '/home/tux/ros2_ws/build/speed_pub' returned '0': CMAKE_PREFIX_PATH=/home/tux/ros2_ws/install/speed_control:/home/tux/ros2_ws/install/speed_pub:/home/tux/ros2_ws/install/self_interfaces:/opt/ros/humble /usr/bin/cmake --install /home/tux/ros2_ws/build/speed_pub
