-- Found ament_cmake: 1.3.9 (/opt/ros/humble/share/ament_cmake/cmake)
-- Found speed_control: 0.0.0 (/home/tux/ros2_ws/install/speed_control/share/speed_control/cmake)
-- Found rosidl_generator_c: 3.1.5 (/opt/ros/humble/share/rosidl_generator_c/cmake)
-- Found rosidl_adapter: 3.1.5 (/opt/ros/humble/share/rosidl_adapter/cmake)
-- Found rosidl_generator_cpp: 3.1.5 (/opt/ros/humble/share/rosidl_generator_cpp/cmake)
-- Using all available rosidl_typesupport_c: rosidl_typesupport_fastrtps_c;rosidl_typesupport_introspection_c
-- Using all available rosidl_typesupport_cpp: rosidl_typesupport_fastrtps_cpp;rosidl_typesupport_introspection_cpp
-- Found rclcpp: 16.0.9 (/opt/ros/humble/share/rclcpp/cmake)
-- Found rmw_implementation_cmake: 6.1.2 (/opt/ros/humble/share/rmw_implementation_cmake/cmake)
-- Found rmw_fastrtps_cpp: 6.2.6 (/opt/ros/humble/share/rmw_fastrtps_cpp/cmake)
-- Found OpenSSL: /usr/lib/x86_64-linux-gnu/libcrypto.so (found version "3.0.2")  
-- Found FastRTPS: /opt/ros/humble/include  
-- Using RMW implementation 'rmw_fastrtps_cpp' as default
-- Looking for pthread.h
-- Looking for pthread.h - found
-- Performing Test CMAKE_HAVE_LIBC_PTHREAD
-- Performing Test CMAKE_HAVE_LIBC_PTHREAD - Success
-- Found Threads: TRUE  
-- Found ament_lint_auto: 0.12.11 (/opt/ros/humble/share/ament_lint_auto/cmake)
-- Added test 'cppcheck' to perform static code analysis on C / C++ code
-- Configured cppcheck include dirs: 
-- Configured cppcheck exclude dirs and/or files: 
-- Added test 'lint_cmake' to check CMake code style
-- Added test 'uncrustify' to check C / C++ code style
-- Configured uncrustify additional arguments: 
-- Added test 'xmllint' to check XML markup files
-- Configuring done
-- Generating done
-- Build files have been written to: /home/tux/ros2_ws/build/speed_pub
[ 50%] [32mBuilding CXX object CMakeFiles/speed_publisher.dir/src/speed_publisher.cpp.o[0m
[100%] [32m[1mLinking CXX executable speed_publisher[0m
[100%] Built target speed_publisher
-- Install configuration: ""
-- Installing: /home/tux/ros2_ws/install/speed_pub/lib/speed_pub/speed_publisher
-- Set runtime path of "/home/tux/ros2_ws/install/speed_pub/lib/speed_pub/speed_publisher" to ""
-- Installing: /home/tux/ros2_ws/install/speed_pub/share/ament_index/resource_index/package_run_dependencies/speed_pub
-- Installing: /home/tux/ros2_ws/install/speed_pub/share/ament_index/resource_index/parent_prefix_path/speed_pub
-- Installing: /home/tux/ros2_ws/install/speed_pub/share/speed_pub/environment/ament_prefix_path.sh
-- Installing: /home/tux/ros2_ws/install/speed_pub/share/speed_pub/environment/ament_prefix_path.dsv
-- Installing: /home/tux/ros2_ws/install/speed_pub/share/speed_pub/environment/path.sh
-- Installing: /home/tux/ros2_ws/install/speed_pub/share/speed_pub/environment/path.dsv
-- Installing: /home/tux/ros2_ws/install/speed_pub/share/speed_pub/local_setup.bash
-- Installing: /home/tux/ros2_ws/install/speed_pub/share/speed_pub/local_setup.sh
-- Installing: /home/tux/ros2_ws/install/speed_pub/share/speed_pub/local_setup.zsh
-- Installing: /home/tux/ros2_ws/install/speed_pub/share/speed_pub/local_setup.dsv
-- Installing: /home/tux/ros2_ws/install/speed_pub/share/speed_pub/package.dsv
-- Installing: /home/tux/ros2_ws/install/speed_pub/share/ament_index/resource_index/packages/speed_pub
-- Installing: /home/tux/ros2_ws/install/speed_pub/share/speed_pub/cmake/speed_pubConfig.cmake
-- Installing: /home/tux/ros2_ws/install/speed_pub/share/speed_pub/cmake/speed_pubConfig-version.cmake
-- Installing: /home/tux/ros2_ws/install/speed_pub/share/speed_pub/package.xml
