[0.014s] Invoking command in '/home/tux/ros2_ws/build/self_interfaces': CMAKE_PREFIX_PATH=${CMAKE_PREFIX_PATH}:/opt/ros/humble /usr/bin/cmake --build /home/tux/ros2_ws/build/self_interfaces -- -j12 -l12
[0.062s] [  6%] Built target self_interfaces__cpp
[0.062s] [ 12%] Built target self_interfaces__rosidl_generator_c
[0.074s] [ 12%] Built target ament_cmake_python_copy_self_interfaces
[0.088s] [ 22%] Built target self_interfaces__rosidl_typesupport_cpp
[0.091s] [ 32%] Built target self_interfaces__rosidl_typesupport_introspection_cpp
[0.092s] [ 41%] Built target self_interfaces__rosidl_typesupport_fastrtps_cpp
[0.103s] [ 51%] Built target self_interfaces__rosidl_typesupport_introspection_c
[0.105s] [ 61%] Built target self_interfaces__rosidl_typesupport_c
[0.105s] [ 70%] Built target self_interfaces__rosidl_typesupport_fastrtps_c
[0.129s] [ 70%] Built target self_interfaces
[0.148s] [ 74%] Built target self_interfaces__py
[0.169s] [ 80%] Built target self_interfaces__rosidl_generator_py
[0.197s] [ 87%] Built target self_interfaces__rosidl_typesupport_fastrtps_c__pyext
[0.198s] [ 93%] Built target self_interfaces__rosidl_typesupport_introspection_c__pyext
[0.198s] [100%] Built target self_interfaces__rosidl_typesupport_c__pyext
[0.330s] running egg_info
[0.331s] writing self_interfaces.egg-info/PKG-INFO
[0.331s] writing dependency_links to self_interfaces.egg-info/dependency_links.txt
[0.332s] writing top-level names to self_interfaces.egg-info/top_level.txt
[0.333s] reading manifest file 'self_interfaces.egg-info/SOURCES.txt'
[0.334s] writing manifest file 'self_interfaces.egg-info/SOURCES.txt'
[0.357s] [100%] Built target ament_cmake_python_build_self_interfaces_egg
[0.369s] Invoked command in '/home/tux/ros2_ws/build/self_interfaces' returned '0': CMAKE_PREFIX_PATH=${CMAKE_PREFIX_PATH}:/opt/ros/humble /usr/bin/cmake --build /home/tux/ros2_ws/build/self_interfaces -- -j12 -l12
[0.444s] Invoking command in '/home/tux/ros2_ws/build/self_interfaces': CMAKE_PREFIX_PATH=${CMAKE_PREFIX_PATH}:/opt/ros/humble /usr/bin/cmake --install /home/tux/ros2_ws/build/self_interfaces
[0.451s] -- Install configuration: ""
[0.451s] -- Up-to-date: /home/tux/ros2_ws/install/self_interfaces/share/ament_index/resource_index/rosidl_interfaces/self_interfaces
[0.451s] -- Up-to-date: /home/tux/ros2_ws/install/self_interfaces/include/self_interfaces/self_interfaces
[0.452s] -- Up-to-date: /home/tux/ros2_ws/install/self_interfaces/include/self_interfaces/self_interfaces/msg
[0.452s] -- Up-to-date: /home/tux/ros2_ws/install/self_interfaces/include/self_interfaces/self_interfaces/msg/speed_control.h
[0.453s] -- Up-to-date: /home/tux/ros2_ws/install/self_interfaces/include/self_interfaces/self_interfaces/msg/detail
[0.454s] -- Up-to-date: /home/tux/ros2_ws/install/self_interfaces/include/self_interfaces/self_interfaces/msg/detail/speed_control__type_support.h
[0.454s] -- Up-to-date: /home/tux/ros2_ws/install/self_interfaces/include/self_interfaces/self_interfaces/msg/detail/speed_control__struct.h
[0.454s] -- Up-to-date: /home/tux/ros2_ws/install/self_interfaces/include/self_interfaces/self_interfaces/msg/detail/speed_control__functions.c
[0.454s] -- Up-to-date: /home/tux/ros2_ws/install/self_interfaces/include/self_interfaces/self_interfaces/msg/detail/speed_control__functions.h
[0.454s] -- Up-to-date: /home/tux/ros2_ws/install/self_interfaces/include/self_interfaces/self_interfaces/msg/rosidl_generator_c__visibility_control.h
[0.455s] -- Up-to-date: /home/tux/ros2_ws/install/self_interfaces/share/self_interfaces/environment/library_path.sh
[0.455s] -- Up-to-date: /home/tux/ros2_ws/install/self_interfaces/share/self_interfaces/environment/library_path.dsv
[0.455s] -- Up-to-date: /home/tux/ros2_ws/install/self_interfaces/lib/libself_interfaces__rosidl_generator_c.so
[0.455s] -- Up-to-date: /home/tux/ros2_ws/install/self_interfaces/include/self_interfaces/self_interfaces
[0.456s] -- Up-to-date: /home/tux/ros2_ws/install/self_interfaces/include/self_interfaces/self_interfaces/msg
[0.456s] -- Up-to-date: /home/tux/ros2_ws/install/self_interfaces/include/self_interfaces/self_interfaces/msg/rosidl_typesupport_fastrtps_c__visibility_control.h
[0.456s] -- Up-to-date: /home/tux/ros2_ws/install/self_interfaces/include/self_interfaces/self_interfaces/msg/detail
[0.456s] -- Up-to-date: /home/tux/ros2_ws/install/self_interfaces/include/self_interfaces/self_interfaces/msg/detail/speed_control__rosidl_typesupport_fastrtps_c.h
[0.456s] -- Up-to-date: /home/tux/ros2_ws/install/self_interfaces/lib/libself_interfaces__rosidl_typesupport_fastrtps_c.so
[0.456s] -- Up-to-date: /home/tux/ros2_ws/install/self_interfaces/include/self_interfaces/self_interfaces
[0.456s] -- Up-to-date: /home/tux/ros2_ws/install/self_interfaces/include/self_interfaces/self_interfaces/msg
[0.456s] -- Up-to-date: /home/tux/ros2_ws/install/self_interfaces/include/self_interfaces/self_interfaces/msg/detail
[0.456s] -- Up-to-date: /home/tux/ros2_ws/install/self_interfaces/include/self_interfaces/self_interfaces/msg/detail/speed_control__type_support.c
[0.457s] -- Up-to-date: /home/tux/ros2_ws/install/self_interfaces/include/self_interfaces/self_interfaces/msg/detail/speed_control__rosidl_typesupport_introspection_c.h
[0.457s] -- Up-to-date: /home/tux/ros2_ws/install/self_interfaces/include/self_interfaces/self_interfaces/msg/rosidl_typesupport_introspection_c__visibility_control.h
[0.457s] -- Up-to-date: /home/tux/ros2_ws/install/self_interfaces/lib/libself_interfaces__rosidl_typesupport_introspection_c.so
[0.457s] -- Up-to-date: /home/tux/ros2_ws/install/self_interfaces/lib/libself_interfaces__rosidl_typesupport_c.so
[0.457s] -- Up-to-date: /home/tux/ros2_ws/install/self_interfaces/include/self_interfaces/self_interfaces
[0.457s] -- Up-to-date: /home/tux/ros2_ws/install/self_interfaces/include/self_interfaces/self_interfaces/msg
[0.457s] -- Up-to-date: /home/tux/ros2_ws/install/self_interfaces/include/self_interfaces/self_interfaces/msg/speed_control.hpp
[0.457s] -- Up-to-date: /home/tux/ros2_ws/install/self_interfaces/include/self_interfaces/self_interfaces/msg/detail
[0.457s] -- Up-to-date: /home/tux/ros2_ws/install/self_interfaces/include/self_interfaces/self_interfaces/msg/detail/speed_control__struct.hpp
[0.457s] -- Up-to-date: /home/tux/ros2_ws/install/self_interfaces/include/self_interfaces/self_interfaces/msg/detail/speed_control__traits.hpp
[0.458s] -- Up-to-date: /home/tux/ros2_ws/install/self_interfaces/include/self_interfaces/self_interfaces/msg/detail/speed_control__builder.hpp
[0.458s] -- Up-to-date: /home/tux/ros2_ws/install/self_interfaces/include/self_interfaces/self_interfaces
[0.458s] -- Up-to-date: /home/tux/ros2_ws/install/self_interfaces/include/self_interfaces/self_interfaces/msg
[0.458s] -- Up-to-date: /home/tux/ros2_ws/install/self_interfaces/include/self_interfaces/self_interfaces/msg/rosidl_typesupport_fastrtps_cpp__visibility_control.h
[0.458s] -- Up-to-date: /home/tux/ros2_ws/install/self_interfaces/include/self_interfaces/self_interfaces/msg/detail
[0.458s] -- Up-to-date: /home/tux/ros2_ws/install/self_interfaces/include/self_interfaces/self_interfaces/msg/detail/dds_fastrtps
[0.458s] -- Up-to-date: /home/tux/ros2_ws/install/self_interfaces/include/self_interfaces/self_interfaces/msg/detail/speed_control__rosidl_typesupport_fastrtps_cpp.hpp
[0.458s] -- Up-to-date: /home/tux/ros2_ws/install/self_interfaces/lib/libself_interfaces__rosidl_typesupport_fastrtps_cpp.so
[0.458s] -- Up-to-date: /home/tux/ros2_ws/install/self_interfaces/include/self_interfaces/self_interfaces
[0.458s] -- Up-to-date: /home/tux/ros2_ws/install/self_interfaces/include/self_interfaces/self_interfaces/msg
[0.459s] -- Up-to-date: /home/tux/ros2_ws/install/self_interfaces/include/self_interfaces/self_interfaces/msg/detail
[0.459s] -- Up-to-date: /home/tux/ros2_ws/install/self_interfaces/include/self_interfaces/self_interfaces/msg/detail/speed_control__rosidl_typesupport_introspection_cpp.hpp
[0.459s] -- Up-to-date: /home/tux/ros2_ws/install/self_interfaces/include/self_interfaces/self_interfaces/msg/detail/speed_control__type_support.cpp
[0.459s] -- Up-to-date: /home/tux/ros2_ws/install/self_interfaces/lib/libself_interfaces__rosidl_typesupport_introspection_cpp.so
[0.459s] -- Up-to-date: /home/tux/ros2_ws/install/self_interfaces/lib/libself_interfaces__rosidl_typesupport_cpp.so
[0.459s] -- Up-to-date: /home/tux/ros2_ws/install/self_interfaces/share/self_interfaces/environment/pythonpath.sh
[0.459s] -- Up-to-date: /home/tux/ros2_ws/install/self_interfaces/share/self_interfaces/environment/pythonpath.dsv
[0.459s] -- Up-to-date: /home/tux/ros2_ws/install/self_interfaces/local/lib/python3.10/dist-packages/self_interfaces-0.0.0-py3.10.egg-info
[0.459s] -- Installing: /home/tux/ros2_ws/install/self_interfaces/local/lib/python3.10/dist-packages/self_interfaces-0.0.0-py3.10.egg-info/SOURCES.txt
[0.460s] -- Installing: /home/tux/ros2_ws/install/self_interfaces/local/lib/python3.10/dist-packages/self_interfaces-0.0.0-py3.10.egg-info/top_level.txt
[0.460s] -- Installing: /home/tux/ros2_ws/install/self_interfaces/local/lib/python3.10/dist-packages/self_interfaces-0.0.0-py3.10.egg-info/PKG-INFO
[0.460s] -- Installing: /home/tux/ros2_ws/install/self_interfaces/local/lib/python3.10/dist-packages/self_interfaces-0.0.0-py3.10.egg-info/dependency_links.txt
[0.460s] -- Up-to-date: /home/tux/ros2_ws/install/self_interfaces/local/lib/python3.10/dist-packages/self_interfaces
[0.460s] -- Up-to-date: /home/tux/ros2_ws/install/self_interfaces/local/lib/python3.10/dist-packages/self_interfaces/_self_interfaces_s.ep.rosidl_typesupport_fastrtps_c.c
[0.460s] -- Up-to-date: /home/tux/ros2_ws/install/self_interfaces/local/lib/python3.10/dist-packages/self_interfaces/__init__.py
[0.460s] -- Up-to-date: /home/tux/ros2_ws/install/self_interfaces/local/lib/python3.10/dist-packages/self_interfaces/_self_interfaces_s.ep.rosidl_typesupport_introspection_c.c
[0.460s] -- Up-to-date: /home/tux/ros2_ws/install/self_interfaces/local/lib/python3.10/dist-packages/self_interfaces/msg
[0.460s] -- Up-to-date: /home/tux/ros2_ws/install/self_interfaces/local/lib/python3.10/dist-packages/self_interfaces/msg/__init__.py
[0.461s] -- Up-to-date: /home/tux/ros2_ws/install/self_interfaces/local/lib/python3.10/dist-packages/self_interfaces/msg/_speed_control.py
[0.461s] -- Up-to-date: /home/tux/ros2_ws/install/self_interfaces/local/lib/python3.10/dist-packages/self_interfaces/msg/_speed_control_s.c
[0.461s] -- Up-to-date: /home/tux/ros2_ws/install/self_interfaces/local/lib/python3.10/dist-packages/self_interfaces/_self_interfaces_s.ep.rosidl_typesupport_c.c
[0.461s] -- Up-to-date: /home/tux/ros2_ws/install/self_interfaces/local/lib/python3.10/dist-packages/self_interfaces/self_interfaces_s__rosidl_typesupport_c.cpython-310-x86_64-linux-gnu.so
[0.461s] -- Up-to-date: /home/tux/ros2_ws/install/self_interfaces/local/lib/python3.10/dist-packages/self_interfaces/self_interfaces_s__rosidl_typesupport_fastrtps_c.cpython-310-x86_64-linux-gnu.so
[0.461s] -- Up-to-date: /home/tux/ros2_ws/install/self_interfaces/local/lib/python3.10/dist-packages/self_interfaces/libself_interfaces__rosidl_generator_py.so
[0.461s] -- Up-to-date: /home/tux/ros2_ws/install/self_interfaces/local/lib/python3.10/dist-packages/self_interfaces/self_interfaces_s__rosidl_typesupport_introspection_c.cpython-310-x86_64-linux-gnu.so
[0.492s] Listing '/home/tux/ros2_ws/install/self_interfaces/local/lib/python3.10/dist-packages/self_interfaces'...
[0.492s] Listing '/home/tux/ros2_ws/install/self_interfaces/local/lib/python3.10/dist-packages/self_interfaces/msg'...
[0.496s] -- Up-to-date: /home/tux/ros2_ws/install/self_interfaces/local/lib/python3.10/dist-packages/self_interfaces/self_interfaces_s__rosidl_typesupport_fastrtps_c.cpython-310-x86_64-linux-gnu.so
[0.497s] -- Up-to-date: /home/tux/ros2_ws/install/self_interfaces/local/lib/python3.10/dist-packages/self_interfaces/self_interfaces_s__rosidl_typesupport_introspection_c.cpython-310-x86_64-linux-gnu.so
[0.498s] -- Up-to-date: /home/tux/ros2_ws/install/self_interfaces/local/lib/python3.10/dist-packages/self_interfaces/self_interfaces_s__rosidl_typesupport_c.cpython-310-x86_64-linux-gnu.so
[0.499s] -- Up-to-date: /home/tux/ros2_ws/install/self_interfaces/lib/libself_interfaces__rosidl_generator_py.so
[0.499s] -- Up-to-date: /home/tux/ros2_ws/install/self_interfaces/share/self_interfaces/msg/SpeedControl.idl
[0.499s] -- Up-to-date: /home/tux/ros2_ws/install/self_interfaces/share/self_interfaces/msg/SpeedControl.msg
[0.499s] -- Up-to-date: /home/tux/ros2_ws/install/self_interfaces/share/ament_index/resource_index/package_run_dependencies/self_interfaces
[0.500s] -- Up-to-date: /home/tux/ros2_ws/install/self_interfaces/share/ament_index/resource_index/parent_prefix_path/self_interfaces
[0.500s] -- Up-to-date: /home/tux/ros2_ws/install/self_interfaces/share/self_interfaces/environment/ament_prefix_path.sh
[0.500s] -- Up-to-date: /home/tux/ros2_ws/install/self_interfaces/share/self_interfaces/environment/ament_prefix_path.dsv
[0.500s] -- Up-to-date: /home/tux/ros2_ws/install/self_interfaces/share/self_interfaces/environment/path.sh
[0.500s] -- Up-to-date: /home/tux/ros2_ws/install/self_interfaces/share/self_interfaces/environment/path.dsv
[0.500s] -- Up-to-date: /home/tux/ros2_ws/install/self_interfaces/share/self_interfaces/local_setup.bash
[0.500s] -- Up-to-date: /home/tux/ros2_ws/install/self_interfaces/share/self_interfaces/local_setup.sh
[0.500s] -- Up-to-date: /home/tux/ros2_ws/install/self_interfaces/share/self_interfaces/local_setup.zsh
[0.501s] -- Up-to-date: /home/tux/ros2_ws/install/self_interfaces/share/self_interfaces/local_setup.dsv
[0.501s] -- Installing: /home/tux/ros2_ws/install/self_interfaces/share/self_interfaces/package.dsv
[0.501s] -- Up-to-date: /home/tux/ros2_ws/install/self_interfaces/share/ament_index/resource_index/packages/self_interfaces
[0.501s] -- Up-to-date: /home/tux/ros2_ws/install/self_interfaces/share/self_interfaces/cmake/export_self_interfaces__rosidl_generator_cExport.cmake
[0.501s] -- Up-to-date: /home/tux/ros2_ws/install/self_interfaces/share/self_interfaces/cmake/export_self_interfaces__rosidl_generator_cExport-noconfig.cmake
[0.501s] -- Up-to-date: /home/tux/ros2_ws/install/self_interfaces/share/self_interfaces/cmake/export_self_interfaces__rosidl_typesupport_fastrtps_cExport.cmake
[0.501s] -- Up-to-date: /home/tux/ros2_ws/install/self_interfaces/share/self_interfaces/cmake/export_self_interfaces__rosidl_typesupport_fastrtps_cExport-noconfig.cmake
[0.502s] -- Up-to-date: /home/tux/ros2_ws/install/self_interfaces/share/self_interfaces/cmake/self_interfaces__rosidl_typesupport_introspection_cExport.cmake
[0.502s] -- Up-to-date: /home/tux/ros2_ws/install/self_interfaces/share/self_interfaces/cmake/self_interfaces__rosidl_typesupport_introspection_cExport-noconfig.cmake
[0.502s] -- Up-to-date: /home/tux/ros2_ws/install/self_interfaces/share/self_interfaces/cmake/self_interfaces__rosidl_typesupport_cExport.cmake
[0.502s] -- Up-to-date: /home/tux/ros2_ws/install/self_interfaces/share/self_interfaces/cmake/self_interfaces__rosidl_typesupport_cExport-noconfig.cmake
[0.502s] -- Up-to-date: /home/tux/ros2_ws/install/self_interfaces/share/self_interfaces/cmake/export_self_interfaces__rosidl_generator_cppExport.cmake
[0.503s] -- Up-to-date: /home/tux/ros2_ws/install/self_interfaces/share/self_interfaces/cmake/export_self_interfaces__rosidl_typesupport_fastrtps_cppExport.cmake
[0.503s] -- Up-to-date: /home/tux/ros2_ws/install/self_interfaces/share/self_interfaces/cmake/export_self_interfaces__rosidl_typesupport_fastrtps_cppExport-noconfig.cmake
[0.503s] -- Up-to-date: /home/tux/ros2_ws/install/self_interfaces/share/self_interfaces/cmake/self_interfaces__rosidl_typesupport_introspection_cppExport.cmake
[0.503s] -- Up-to-date: /home/tux/ros2_ws/install/self_interfaces/share/self_interfaces/cmake/self_interfaces__rosidl_typesupport_introspection_cppExport-noconfig.cmake
[0.504s] -- Up-to-date: /home/tux/ros2_ws/install/self_interfaces/share/self_interfaces/cmake/self_interfaces__rosidl_typesupport_cppExport.cmake
[0.504s] -- Up-to-date: /home/tux/ros2_ws/install/self_interfaces/share/self_interfaces/cmake/self_interfaces__rosidl_typesupport_cppExport-noconfig.cmake
[0.504s] -- Up-to-date: /home/tux/ros2_ws/install/self_interfaces/share/self_interfaces/cmake/export_self_interfaces__rosidl_generator_pyExport.cmake
[0.504s] -- Up-to-date: /home/tux/ros2_ws/install/self_interfaces/share/self_interfaces/cmake/export_self_interfaces__rosidl_generator_pyExport-noconfig.cmake
[0.505s] -- Up-to-date: /home/tux/ros2_ws/install/self_interfaces/share/self_interfaces/cmake/rosidl_cmake-extras.cmake
[0.505s] -- Up-to-date: /home/tux/ros2_ws/install/self_interfaces/share/self_interfaces/cmake/ament_cmake_export_include_directories-extras.cmake
[0.505s] -- Up-to-date: /home/tux/ros2_ws/install/self_interfaces/share/self_interfaces/cmake/ament_cmake_export_libraries-extras.cmake
[0.505s] -- Up-to-date: /home/tux/ros2_ws/install/self_interfaces/share/self_interfaces/cmake/ament_cmake_export_targets-extras.cmake
[0.505s] -- Up-to-date: /home/tux/ros2_ws/install/self_interfaces/share/self_interfaces/cmake/rosidl_cmake_export_typesupport_targets-extras.cmake
[0.505s] -- Up-to-date: /home/tux/ros2_ws/install/self_interfaces/share/self_interfaces/cmake/ament_cmake_export_dependencies-extras.cmake
[0.505s] -- Up-to-date: /home/tux/ros2_ws/install/self_interfaces/share/self_interfaces/cmake/rosidl_cmake_export_typesupport_libraries-extras.cmake
[0.506s] -- Up-to-date: /home/tux/ros2_ws/install/self_interfaces/share/self_interfaces/cmake/self_interfacesConfig.cmake
[0.506s] -- Up-to-date: /home/tux/ros2_ws/install/self_interfaces/share/self_interfaces/cmake/self_interfacesConfig-version.cmake
[0.506s] -- Up-to-date: /home/tux/ros2_ws/install/self_interfaces/share/self_interfaces/package.xml
[0.510s] Invoked command in '/home/tux/ros2_ws/build/self_interfaces' returned '0': CMAKE_PREFIX_PATH=${CMAKE_PREFIX_PATH}:/opt/ros/humble /usr/bin/cmake --install /home/tux/ros2_ws/build/self_interfaces
