[  6%] Built target speed_control__cpp
[ 12%] Built target speed_control__rosidl_generator_c
[ 12%] Built target ament_cmake_python_copy_speed_control
[ 22%] Built target speed_control__rosidl_typesupport_fastrtps_cpp
[ 32%] Built target speed_control__rosidl_typesupport_cpp
[ 41%] Built target speed_control__rosidl_typesupport_introspection_cpp
[ 51%] Built target speed_control__rosidl_typesupport_c
[ 64%] Built target speed_control__rosidl_typesupport_fastrtps_c
[ 70%] Built target speed_control__rosidl_typesupport_introspection_c
[ 70%] Built target speed_control
[ 74%] Built target speed_control__py
[ 80%] Built target speed_control__rosidl_generator_py
[ 87%] Built target speed_control__rosidl_typesupport_fastrtps_c__pyext
[100%] Built target speed_control__rosidl_typesupport_introspection_c__pyext
[100%] Built target speed_control__rosidl_typesupport_c__pyext
running egg_info
writing speed_control.egg-info/PKG-INFO
writing dependency_links to speed_control.egg-info/dependency_links.txt
writing top-level names to speed_control.egg-info/top_level.txt
reading manifest file 'speed_control.egg-info/SOURCES.txt'
writing manifest file 'speed_control.egg-info/SOURCES.txt'
[100%] Built target ament_cmake_python_build_speed_control_egg
