[0.017s] Invoking command in '/home/tux/ros2_ws/build/speed_control': CMAKE_PREFIX_PATH=/opt/ros/humble /usr/bin/cmake --build /home/tux/ros2_ws/build/speed_control -- -j12 -l12
[0.071s] [  6%] Built target speed_control__cpp
[0.071s] [ 12%] Built target speed_control__rosidl_generator_c
[0.083s] [ 12%] Built target ament_cmake_python_copy_speed_control
[0.106s] [ 22%] Built target speed_control__rosidl_typesupport_fastrtps_cpp
[0.107s] [ 32%] Built target speed_control__rosidl_typesupport_cpp
[0.108s] [ 41%] Built target speed_control__rosidl_typesupport_introspection_cpp
[0.110s] [ 51%] Built target speed_control__rosidl_typesupport_c
[0.112s] [ 64%] Built target speed_control__rosidl_typesupport_fastrtps_c
[0.112s] [ 70%] Built target speed_control__rosidl_typesupport_introspection_c
[0.140s] [ 70%] Built target speed_control
[0.159s] [ 74%] Built target speed_control__py
[0.179s] [ 80%] Built target speed_control__rosidl_generator_py
[0.207s] [ 87%] Built target speed_control__rosidl_typesupport_fastrtps_c__pyext
[0.208s] [100%] Built target speed_control__rosidl_typesupport_introspection_c__pyext
[0.208s] [100%] Built target speed_control__rosidl_typesupport_c__pyext
[0.349s] running egg_info
[0.350s] writing speed_control.egg-info/PKG-INFO
[0.350s] writing dependency_links to speed_control.egg-info/dependency_links.txt
[0.351s] writing top-level names to speed_control.egg-info/top_level.txt
[0.352s] reading manifest file 'speed_control.egg-info/SOURCES.txt'
[0.353s] writing manifest file 'speed_control.egg-info/SOURCES.txt'
[0.377s] [100%] Built target ament_cmake_python_build_speed_control_egg
