[0.014s] Invoking command in '/home/tux/ros2_ws/build/speed_control': CMAKE_PREFIX_PATH=${CMAKE_PREFIX_PATH}:/opt/ros/humble /usr/bin/cmake /home/tux/ros2_ws/src/speed_control -DCMAKE_INSTALL_PREFIX=/home/tux/ros2_ws/install/speed_control
[0.077s] -- The C compiler identification is GNU 11.4.0
[0.140s] -- The CXX compiler identification is GNU 11.4.0
[0.149s] -- Detecting C compiler ABI info
[0.210s] -- Detecting C compiler ABI info - done
[0.220s] -- Check for working C compiler: /usr/bin/cc - skipped
[0.220s] -- Detecting C compile features
[0.221s] -- Detecting C compile features - done
[0.224s] -- Detecting CXX compiler ABI info
[0.292s] -- Detecting CXX compiler ABI info - done
[0.299s] -- Check for working CXX compiler: /usr/bin/c++ - skipped
[0.299s] -- Detecting CXX compile features
[0.300s] -- Detecting CXX compile features - done
[0.304s] -- Found ament_cmake: 1.3.9 (/opt/ros/humble/share/ament_cmake/cmake)
[0.464s] -- Found Python3: /usr/bin/python3 (found version "3.10.12") found components: Interpreter 
[0.591s] -- Found ament_lint_auto: 0.12.11 (/opt/ros/humble/share/ament_lint_auto/cmake)
[0.666s] -- Found rosidl_default_generators: 1.2.0 (/opt/ros/humble/share/rosidl_default_generators/cmake)
[0.670s] -- Using all available rosidl_typesupport_c: rosidl_typesupport_fastrtps_c;rosidl_typesupport_introspection_c
[0.676s] -- Found rosidl_adapter: 3.1.5 (/opt/ros/humble/share/rosidl_adapter/cmake)
[0.723s] -- Using all available rosidl_typesupport_cpp: rosidl_typesupport_fastrtps_cpp;rosidl_typesupport_introspection_cpp
[0.923s] -- Found ament_cmake_ros: 0.10.0 (/opt/ros/humble/share/ament_cmake_ros/cmake)
[1.096s] -- Using all available rosidl_typesupport_c: rosidl_typesupport_fastrtps_c;rosidl_typesupport_introspection_c
[1.299s] -- Using all available rosidl_typesupport_cpp: rosidl_typesupport_fastrtps_cpp;rosidl_typesupport_introspection_cpp
[1.323s] -- Found PythonInterp: /usr/bin/python3 (found suitable version "3.10.12", minimum required is "3.6") 
[1.325s] -- Found python_cmake_module: 0.10.0 (/opt/ros/humble/share/python_cmake_module/cmake)
[1.353s] -- Found PythonLibs: /usr/lib/x86_64-linux-gnu/libpython3.10.so (found suitable version "3.10.12", minimum required is "3.5") 
[1.353s] -- Using PYTHON_EXECUTABLE: /usr/bin/python3
[1.353s] -- Using PYTHON_INCLUDE_DIRS: /usr/include/python3.10
[1.353s] -- Using PYTHON_LIBRARIES: /usr/lib/x86_64-linux-gnu/libpython3.10.so
[1.371s] -- Found PythonExtra: .so  
[1.401s] -- Added test 'lint_cmake' to check CMake code style
[1.403s] -- Added test 'xmllint' to check XML markup files
[1.409s] -- Configuring done
[1.441s] -- Generating done
[1.444s] -- Build files have been written to: /home/tux/ros2_ws/build/speed_control
[1.450s] Invoked command in '/home/tux/ros2_ws/build/speed_control' returned '0': CMAKE_PREFIX_PATH=${CMAKE_PREFIX_PATH}:/opt/ros/humble /usr/bin/cmake /home/tux/ros2_ws/src/speed_control -DCMAKE_INSTALL_PREFIX=/home/tux/ros2_ws/install/speed_control
[1.451s] Invoking command in '/home/tux/ros2_ws/build/speed_control': CMAKE_PREFIX_PATH=${CMAKE_PREFIX_PATH}:/opt/ros/humble /usr/bin/cmake --build /home/tux/ros2_ws/build/speed_control -- -j12 -l12
[1.482s] [  3%] [34m[1mGenerating C code for ROS interfaces[0m
[1.491s] [  6%] [34m[1mGenerating C++ code for ROS interfaces[0m
[1.498s] [  6%] Built target ament_cmake_python_copy_speed_control
[1.723s] [  6%] Built target speed_control__cpp
[1.728s] running egg_info
[1.728s] creating speed_control.egg-info
[1.729s] writing speed_control.egg-info/PKG-INFO
[1.729s] writing dependency_links to speed_control.egg-info/dependency_links.txt
[1.729s] writing top-level names to speed_control.egg-info/top_level.txt
[1.729s] writing manifest file 'speed_control.egg-info/SOURCES.txt'
[1.731s] reading manifest file 'speed_control.egg-info/SOURCES.txt'
[1.732s] writing manifest file 'speed_control.egg-info/SOURCES.txt'
[1.734s] [  9%] [34m[1mGenerating C++ introspection for ROS interfaces[0m
[1.734s] [ 12%] [34m[1mGenerating C++ type support dispatch for ROS interfaces[0m
[1.735s] [ 16%] [34m[1mGenerating C++ type support for eProsima Fast-RTPS[0m
[1.744s] [ 19%] [32mBuilding C object CMakeFiles/speed_control__rosidl_generator_c.dir/rosidl_generator_c/speed_control/msg/detail/speed_control__functions.c.o[0m
[1.761s] [ 19%] Built target ament_cmake_python_build_speed_control_egg
[1.785s] [ 22%] [32m[1mLinking C shared library libspeed_control__rosidl_generator_c.so[0m
[1.822s] [ 22%] Built target speed_control__rosidl_generator_c
[1.833s] [ 25%] [34m[1mGenerating C type support dispatch for ROS interfaces[0m
[1.835s] [ 29%] [34m[1mGenerating C introspection for ROS interfaces[0m
[1.835s] [ 32%] [34m[1mGenerating C type support for eProsima Fast-RTPS[0m
[1.947s] [ 35%] [32mBuilding CXX object CMakeFiles/speed_control__rosidl_typesupport_cpp.dir/rosidl_typesupport_cpp/speed_control/msg/speed_control__type_support.cpp.o[0m
[1.958s] [ 38%] [32mBuilding CXX object CMakeFiles/speed_control__rosidl_typesupport_introspection_cpp.dir/rosidl_typesupport_introspection_cpp/speed_control/msg/detail/speed_control__type_support.cpp.o[0m
[1.967s] [ 41%] [32mBuilding CXX object CMakeFiles/speed_control__rosidl_typesupport_fastrtps_cpp.dir/rosidl_typesupport_fastrtps_cpp/speed_control/msg/detail/dds_fastrtps/speed_control__type_support.cpp.o[0m
[2.048s] [ 45%] [32mBuilding CXX object CMakeFiles/speed_control__rosidl_typesupport_c.dir/rosidl_typesupport_c/speed_control/msg/speed_control__type_support.cpp.o[0m
[2.075s] [ 48%] [32mBuilding C object CMakeFiles/speed_control__rosidl_typesupport_introspection_c.dir/rosidl_typesupport_introspection_c/speed_control/msg/detail/speed_control__type_support.c.o[0m
[2.078s] [ 51%] [32mBuilding CXX object CMakeFiles/speed_control__rosidl_typesupport_fastrtps_c.dir/rosidl_typesupport_fastrtps_c/speed_control/msg/detail/speed_control__type_support_c.cpp.o[0m
[2.079s] [ 54%] [32m[1mLinking CXX shared library libspeed_control__rosidl_typesupport_c.so[0m
[2.106s] [ 58%] [32m[1mLinking C shared library libspeed_control__rosidl_typesupport_introspection_c.so[0m
[2.124s] [ 58%] Built target speed_control__rosidl_typesupport_c
[2.147s] [ 58%] Built target speed_control__rosidl_typesupport_introspection_c
[2.214s] [ 61%] [32m[1mLinking CXX shared library libspeed_control__rosidl_typesupport_cpp.so[0m
[2.255s] [ 61%] Built target speed_control__rosidl_typesupport_cpp
[2.326s] [ 64%] [32m[1mLinking CXX shared library libspeed_control__rosidl_typesupport_introspection_cpp.so[0m
[2.334s] [ 67%] [32m[1mLinking CXX shared library libspeed_control__rosidl_typesupport_fastrtps_cpp.so[0m
[2.364s] [ 67%] Built target speed_control__rosidl_typesupport_introspection_cpp
[2.383s] [ 70%] [32m[1mLinking CXX shared library libspeed_control__rosidl_typesupport_fastrtps_c.so[0m
[2.400s] [ 70%] Built target speed_control__rosidl_typesupport_fastrtps_cpp
[2.454s] [ 70%] Built target speed_control__rosidl_typesupport_fastrtps_c
[2.472s] [ 70%] Built target speed_control
[2.490s] [ 74%] [34m[1mGenerating Python code for ROS interfaces[0m
[2.736s] [ 74%] Built target speed_control__py
[2.752s] [ 77%] [32mBuilding C object CMakeFiles/speed_control__rosidl_generator_py.dir/rosidl_generator_py/speed_control/msg/_speed_control_s.c.o[0m
[2.852s] [ 80%] [32m[1mLinking C shared library rosidl_generator_py/speed_control/libspeed_control__rosidl_generator_py.so[0m
[2.884s] [ 80%] Built target speed_control__rosidl_generator_py
[2.901s] [ 90%] [32mBuilding C object CMakeFiles/speed_control__rosidl_typesupport_introspection_c__pyext.dir/rosidl_generator_py/speed_control/_speed_control_s.ep.rosidl_typesupport_introspection_c.c.o[0m
[2.901s] [ 90%] [32mBuilding C object CMakeFiles/speed_control__rosidl_typesupport_c__pyext.dir/rosidl_generator_py/speed_control/_speed_control_s.ep.rosidl_typesupport_c.c.o[0m
[2.901s] [ 90%] [32mBuilding C object CMakeFiles/speed_control__rosidl_typesupport_fastrtps_c__pyext.dir/rosidl_generator_py/speed_control/_speed_control_s.ep.rosidl_typesupport_fastrtps_c.c.o[0m
[2.986s] [ 93%] [32m[1mLinking C shared library rosidl_generator_py/speed_control/speed_control_s__rosidl_typesupport_c.cpython-310-x86_64-linux-gnu.so[0m
[2.986s] [ 96%] [32m[1mLinking C shared library rosidl_generator_py/speed_control/speed_control_s__rosidl_typesupport_introspection_c.cpython-310-x86_64-linux-gnu.so[0m
[2.993s] [100%] [32m[1mLinking C shared library rosidl_generator_py/speed_control/speed_control_s__rosidl_typesupport_fastrtps_c.cpython-310-x86_64-linux-gnu.so[0m
[3.017s] [100%] Built target speed_control__rosidl_typesupport_introspection_c__pyext
[3.017s] [100%] Built target speed_control__rosidl_typesupport_c__pyext
[3.026s] [100%] Built target speed_control__rosidl_typesupport_fastrtps_c__pyext
[3.040s] Invoked command in '/home/tux/ros2_ws/build/speed_control' returned '0': CMAKE_PREFIX_PATH=${CMAKE_PREFIX_PATH}:/opt/ros/humble /usr/bin/cmake --build /home/tux/ros2_ws/build/speed_control -- -j12 -l12
[3.094s] Invoking command in '/home/tux/ros2_ws/build/speed_control': CMAKE_PREFIX_PATH=${CMAKE_PREFIX_PATH}:/opt/ros/humble /usr/bin/cmake --install /home/tux/ros2_ws/build/speed_control
[3.100s] -- Install configuration: ""
[3.101s] -- Installing: /home/tux/ros2_ws/install/speed_control/share/ament_index/resource_index/rosidl_interfaces/speed_control
[3.101s] -- Installing: /home/tux/ros2_ws/install/speed_control/include/speed_control/speed_control
[3.102s] -- Installing: /home/tux/ros2_ws/install/speed_control/include/speed_control/speed_control/msg
[3.102s] -- Installing: /home/tux/ros2_ws/install/speed_control/include/speed_control/speed_control/msg/speed_control.h
[3.102s] -- Installing: /home/tux/ros2_ws/install/speed_control/include/speed_control/speed_control/msg/detail
[3.102s] -- Installing: /home/tux/ros2_ws/install/speed_control/include/speed_control/speed_control/msg/detail/speed_control__type_support.h
[3.102s] -- Installing: /home/tux/ros2_ws/install/speed_control/include/speed_control/speed_control/msg/detail/speed_control__struct.h
[3.102s] -- Installing: /home/tux/ros2_ws/install/speed_control/include/speed_control/speed_control/msg/detail/speed_control__functions.c
[3.102s] -- Installing: /home/tux/ros2_ws/install/speed_control/include/speed_control/speed_control/msg/detail/speed_control__functions.h
[3.102s] -- Installing: /home/tux/ros2_ws/install/speed_control/include/speed_control/speed_control/msg/rosidl_generator_c__visibility_control.h
[3.102s] -- Installing: /home/tux/ros2_ws/install/speed_control/share/speed_control/environment/library_path.sh
[3.102s] -- Installing: /home/tux/ros2_ws/install/speed_control/share/speed_control/environment/library_path.dsv
[3.103s] -- Installing: /home/tux/ros2_ws/install/speed_control/lib/libspeed_control__rosidl_generator_c.so
[3.103s] -- Set runtime path of "/home/tux/ros2_ws/install/speed_control/lib/libspeed_control__rosidl_generator_c.so" to ""
[3.103s] -- Up-to-date: /home/tux/ros2_ws/install/speed_control/include/speed_control/speed_control
[3.103s] -- Up-to-date: /home/tux/ros2_ws/install/speed_control/include/speed_control/speed_control/msg
[3.103s] -- Installing: /home/tux/ros2_ws/install/speed_control/include/speed_control/speed_control/msg/rosidl_typesupport_fastrtps_c__visibility_control.h
[3.104s] -- Up-to-date: /home/tux/ros2_ws/install/speed_control/include/speed_control/speed_control/msg/detail
[3.104s] -- Installing: /home/tux/ros2_ws/install/speed_control/include/speed_control/speed_control/msg/detail/speed_control__rosidl_typesupport_fastrtps_c.h
[3.104s] -- Installing: /home/tux/ros2_ws/install/speed_control/lib/libspeed_control__rosidl_typesupport_fastrtps_c.so
[3.104s] -- Set runtime path of "/home/tux/ros2_ws/install/speed_control/lib/libspeed_control__rosidl_typesupport_fastrtps_c.so" to ""
[3.104s] -- Up-to-date: /home/tux/ros2_ws/install/speed_control/include/speed_control/speed_control
[3.104s] -- Up-to-date: /home/tux/ros2_ws/install/speed_control/include/speed_control/speed_control/msg
[3.105s] -- Up-to-date: /home/tux/ros2_ws/install/speed_control/include/speed_control/speed_control/msg/detail
[3.105s] -- Installing: /home/tux/ros2_ws/install/speed_control/include/speed_control/speed_control/msg/detail/speed_control__type_support.c
[3.105s] -- Installing: /home/tux/ros2_ws/install/speed_control/include/speed_control/speed_control/msg/detail/speed_control__rosidl_typesupport_introspection_c.h
[3.105s] -- Installing: /home/tux/ros2_ws/install/speed_control/include/speed_control/speed_control/msg/rosidl_typesupport_introspection_c__visibility_control.h
[3.105s] -- Installing: /home/tux/ros2_ws/install/speed_control/lib/libspeed_control__rosidl_typesupport_introspection_c.so
[3.106s] -- Set runtime path of "/home/tux/ros2_ws/install/speed_control/lib/libspeed_control__rosidl_typesupport_introspection_c.so" to ""
[3.106s] -- Installing: /home/tux/ros2_ws/install/speed_control/lib/libspeed_control__rosidl_typesupport_c.so
[3.106s] -- Set runtime path of "/home/tux/ros2_ws/install/speed_control/lib/libspeed_control__rosidl_typesupport_c.so" to ""
[3.107s] -- Up-to-date: /home/tux/ros2_ws/install/speed_control/include/speed_control/speed_control
[3.107s] -- Up-to-date: /home/tux/ros2_ws/install/speed_control/include/speed_control/speed_control/msg
[3.107s] -- Installing: /home/tux/ros2_ws/install/speed_control/include/speed_control/speed_control/msg/speed_control.hpp
[3.107s] -- Up-to-date: /home/tux/ros2_ws/install/speed_control/include/speed_control/speed_control/msg/detail
[3.107s] -- Installing: /home/tux/ros2_ws/install/speed_control/include/speed_control/speed_control/msg/detail/speed_control__struct.hpp
[3.107s] -- Installing: /home/tux/ros2_ws/install/speed_control/include/speed_control/speed_control/msg/detail/speed_control__traits.hpp
[3.107s] -- Installing: /home/tux/ros2_ws/install/speed_control/include/speed_control/speed_control/msg/detail/speed_control__builder.hpp
[3.107s] -- Up-to-date: /home/tux/ros2_ws/install/speed_control/include/speed_control/speed_control
[3.107s] -- Up-to-date: /home/tux/ros2_ws/install/speed_control/include/speed_control/speed_control/msg
[3.108s] -- Installing: /home/tux/ros2_ws/install/speed_control/include/speed_control/speed_control/msg/rosidl_typesupport_fastrtps_cpp__visibility_control.h
[3.108s] -- Up-to-date: /home/tux/ros2_ws/install/speed_control/include/speed_control/speed_control/msg/detail
[3.108s] -- Installing: /home/tux/ros2_ws/install/speed_control/include/speed_control/speed_control/msg/detail/dds_fastrtps
[3.108s] -- Installing: /home/tux/ros2_ws/install/speed_control/include/speed_control/speed_control/msg/detail/speed_control__rosidl_typesupport_fastrtps_cpp.hpp
[3.108s] -- Installing: /home/tux/ros2_ws/install/speed_control/lib/libspeed_control__rosidl_typesupport_fastrtps_cpp.so
[3.108s] -- Set runtime path of "/home/tux/ros2_ws/install/speed_control/lib/libspeed_control__rosidl_typesupport_fastrtps_cpp.so" to ""
[3.108s] -- Up-to-date: /home/tux/ros2_ws/install/speed_control/include/speed_control/speed_control
[3.108s] -- Up-to-date: /home/tux/ros2_ws/install/speed_control/include/speed_control/speed_control/msg
[3.108s] -- Up-to-date: /home/tux/ros2_ws/install/speed_control/include/speed_control/speed_control/msg/detail
[3.108s] -- Installing: /home/tux/ros2_ws/install/speed_control/include/speed_control/speed_control/msg/detail/speed_control__rosidl_typesupport_introspection_cpp.hpp
[3.108s] -- Installing: /home/tux/ros2_ws/install/speed_control/include/speed_control/speed_control/msg/detail/speed_control__type_support.cpp
[3.109s] -- Installing: /home/tux/ros2_ws/install/speed_control/lib/libspeed_control__rosidl_typesupport_introspection_cpp.so
[3.109s] -- Set runtime path of "/home/tux/ros2_ws/install/speed_control/lib/libspeed_control__rosidl_typesupport_introspection_cpp.so" to ""
[3.109s] -- Installing: /home/tux/ros2_ws/install/speed_control/lib/libspeed_control__rosidl_typesupport_cpp.so
[3.109s] -- Set runtime path of "/home/tux/ros2_ws/install/speed_control/lib/libspeed_control__rosidl_typesupport_cpp.so" to ""
[3.109s] -- Installing: /home/tux/ros2_ws/install/speed_control/share/speed_control/environment/pythonpath.sh
[3.109s] -- Installing: /home/tux/ros2_ws/install/speed_control/share/speed_control/environment/pythonpath.dsv
[3.109s] -- Installing: /home/tux/ros2_ws/install/speed_control/local/lib/python3.10/dist-packages/speed_control-0.0.0-py3.10.egg-info
[3.110s] -- Installing: /home/tux/ros2_ws/install/speed_control/local/lib/python3.10/dist-packages/speed_control-0.0.0-py3.10.egg-info/SOURCES.txt
[3.110s] -- Installing: /home/tux/ros2_ws/install/speed_control/local/lib/python3.10/dist-packages/speed_control-0.0.0-py3.10.egg-info/top_level.txt
[3.110s] -- Installing: /home/tux/ros2_ws/install/speed_control/local/lib/python3.10/dist-packages/speed_control-0.0.0-py3.10.egg-info/PKG-INFO
[3.110s] -- Installing: /home/tux/ros2_ws/install/speed_control/local/lib/python3.10/dist-packages/speed_control-0.0.0-py3.10.egg-info/dependency_links.txt
[3.110s] -- Installing: /home/tux/ros2_ws/install/speed_control/local/lib/python3.10/dist-packages/speed_control
[3.110s] -- Installing: /home/tux/ros2_ws/install/speed_control/local/lib/python3.10/dist-packages/speed_control/speed_control_s__rosidl_typesupport_fastrtps_c.cpython-310-x86_64-linux-gnu.so
[3.110s] -- Installing: /home/tux/ros2_ws/install/speed_control/local/lib/python3.10/dist-packages/speed_control/__init__.py
[3.111s] -- Installing: /home/tux/ros2_ws/install/speed_control/local/lib/python3.10/dist-packages/speed_control/msg
[3.111s] -- Installing: /home/tux/ros2_ws/install/speed_control/local/lib/python3.10/dist-packages/speed_control/msg/__init__.py
[3.111s] -- Installing: /home/tux/ros2_ws/install/speed_control/local/lib/python3.10/dist-packages/speed_control/msg/_speed_control.py
[3.111s] -- Installing: /home/tux/ros2_ws/install/speed_control/local/lib/python3.10/dist-packages/speed_control/msg/_speed_control_s.c
[3.111s] -- Installing: /home/tux/ros2_ws/install/speed_control/local/lib/python3.10/dist-packages/speed_control/_speed_control_s.ep.rosidl_typesupport_introspection_c.c
[3.111s] -- Installing: /home/tux/ros2_ws/install/speed_control/local/lib/python3.10/dist-packages/speed_control/speed_control_s__rosidl_typesupport_introspection_c.cpython-310-x86_64-linux-gnu.so
[3.111s] -- Installing: /home/tux/ros2_ws/install/speed_control/local/lib/python3.10/dist-packages/speed_control/_speed_control_s.ep.rosidl_typesupport_c.c
[3.111s] -- Installing: /home/tux/ros2_ws/install/speed_control/local/lib/python3.10/dist-packages/speed_control/libspeed_control__rosidl_generator_py.so
[3.111s] -- Installing: /home/tux/ros2_ws/install/speed_control/local/lib/python3.10/dist-packages/speed_control/_speed_control_s.ep.rosidl_typesupport_fastrtps_c.c
[3.112s] -- Installing: /home/tux/ros2_ws/install/speed_control/local/lib/python3.10/dist-packages/speed_control/speed_control_s__rosidl_typesupport_c.cpython-310-x86_64-linux-gnu.so
[3.141s] Listing '/home/tux/ros2_ws/install/speed_control/local/lib/python3.10/dist-packages/speed_control'...
[3.141s] Compiling '/home/tux/ros2_ws/install/speed_control/local/lib/python3.10/dist-packages/speed_control/__init__.py'...
[3.141s] Listing '/home/tux/ros2_ws/install/speed_control/local/lib/python3.10/dist-packages/speed_control/msg'...
[3.141s] Compiling '/home/tux/ros2_ws/install/speed_control/local/lib/python3.10/dist-packages/speed_control/msg/__init__.py'...
[3.141s] Compiling '/home/tux/ros2_ws/install/speed_control/local/lib/python3.10/dist-packages/speed_control/msg/_speed_control.py'...
[3.145s] -- Installing: /home/tux/ros2_ws/install/speed_control/local/lib/python3.10/dist-packages/speed_control/speed_control_s__rosidl_typesupport_fastrtps_c.cpython-310-x86_64-linux-gnu.so
[3.145s] -- Set runtime path of "/home/tux/ros2_ws/install/speed_control/local/lib/python3.10/dist-packages/speed_control/speed_control_s__rosidl_typesupport_fastrtps_c.cpython-310-x86_64-linux-gnu.so" to ""
[3.145s] -- Installing: /home/tux/ros2_ws/install/speed_control/local/lib/python3.10/dist-packages/speed_control/speed_control_s__rosidl_typesupport_introspection_c.cpython-310-x86_64-linux-gnu.so
[3.146s] -- Set runtime path of "/home/tux/ros2_ws/install/speed_control/local/lib/python3.10/dist-packages/speed_control/speed_control_s__rosidl_typesupport_introspection_c.cpython-310-x86_64-linux-gnu.so" to ""
[3.146s] -- Installing: /home/tux/ros2_ws/install/speed_control/local/lib/python3.10/dist-packages/speed_control/speed_control_s__rosidl_typesupport_c.cpython-310-x86_64-linux-gnu.so
[3.146s] -- Set runtime path of "/home/tux/ros2_ws/install/speed_control/local/lib/python3.10/dist-packages/speed_control/speed_control_s__rosidl_typesupport_c.cpython-310-x86_64-linux-gnu.so" to ""
[3.146s] -- Installing: /home/tux/ros2_ws/install/speed_control/lib/libspeed_control__rosidl_generator_py.so
[3.147s] -- Set runtime path of "/home/tux/ros2_ws/install/speed_control/lib/libspeed_control__rosidl_generator_py.so" to ""
[3.147s] -- Installing: /home/tux/ros2_ws/install/speed_control/share/speed_control/msg/SpeedControl.idl
[3.147s] -- Installing: /home/tux/ros2_ws/install/speed_control/share/speed_control/msg/SpeedControl.msg
[3.147s] -- Installing: /home/tux/ros2_ws/install/speed_control/share/ament_index/resource_index/package_run_dependencies/speed_control
[3.147s] -- Installing: /home/tux/ros2_ws/install/speed_control/share/ament_index/resource_index/parent_prefix_path/speed_control
[3.147s] -- Installing: /home/tux/ros2_ws/install/speed_control/share/speed_control/environment/ament_prefix_path.sh
[3.147s] -- Installing: /home/tux/ros2_ws/install/speed_control/share/speed_control/environment/ament_prefix_path.dsv
[3.147s] -- Installing: /home/tux/ros2_ws/install/speed_control/share/speed_control/environment/path.sh
[3.147s] -- Installing: /home/tux/ros2_ws/install/speed_control/share/speed_control/environment/path.dsv
[3.148s] -- Installing: /home/tux/ros2_ws/install/speed_control/share/speed_control/local_setup.bash
[3.148s] -- Installing: /home/tux/ros2_ws/install/speed_control/share/speed_control/local_setup.sh
[3.148s] -- Installing: /home/tux/ros2_ws/install/speed_control/share/speed_control/local_setup.zsh
[3.148s] -- Installing: /home/tux/ros2_ws/install/speed_control/share/speed_control/local_setup.dsv
[3.148s] -- Installing: /home/tux/ros2_ws/install/speed_control/share/speed_control/package.dsv
[3.148s] -- Installing: /home/tux/ros2_ws/install/speed_control/share/ament_index/resource_index/packages/speed_control
[3.148s] -- Installing: /home/tux/ros2_ws/install/speed_control/share/speed_control/cmake/export_speed_control__rosidl_generator_cExport.cmake
[3.149s] -- Installing: /home/tux/ros2_ws/install/speed_control/share/speed_control/cmake/export_speed_control__rosidl_generator_cExport-noconfig.cmake
[3.149s] -- Installing: /home/tux/ros2_ws/install/speed_control/share/speed_control/cmake/export_speed_control__rosidl_typesupport_fastrtps_cExport.cmake
[3.149s] -- Installing: /home/tux/ros2_ws/install/speed_control/share/speed_control/cmake/export_speed_control__rosidl_typesupport_fastrtps_cExport-noconfig.cmake
[3.149s] -- Installing: /home/tux/ros2_ws/install/speed_control/share/speed_control/cmake/speed_control__rosidl_typesupport_introspection_cExport.cmake
[3.149s] -- Installing: /home/tux/ros2_ws/install/speed_control/share/speed_control/cmake/speed_control__rosidl_typesupport_introspection_cExport-noconfig.cmake
[3.150s] -- Installing: /home/tux/ros2_ws/install/speed_control/share/speed_control/cmake/speed_control__rosidl_typesupport_cExport.cmake
[3.150s] -- Installing: /home/tux/ros2_ws/install/speed_control/share/speed_control/cmake/speed_control__rosidl_typesupport_cExport-noconfig.cmake
[3.150s] -- Installing: /home/tux/ros2_ws/install/speed_control/share/speed_control/cmake/export_speed_control__rosidl_generator_cppExport.cmake
[3.150s] -- Installing: /home/tux/ros2_ws/install/speed_control/share/speed_control/cmake/export_speed_control__rosidl_typesupport_fastrtps_cppExport.cmake
[3.150s] -- Installing: /home/tux/ros2_ws/install/speed_control/share/speed_control/cmake/export_speed_control__rosidl_typesupport_fastrtps_cppExport-noconfig.cmake
[3.150s] -- Installing: /home/tux/ros2_ws/install/speed_control/share/speed_control/cmake/speed_control__rosidl_typesupport_introspection_cppExport.cmake
[3.150s] -- Installing: /home/tux/ros2_ws/install/speed_control/share/speed_control/cmake/speed_control__rosidl_typesupport_introspection_cppExport-noconfig.cmake
[3.150s] -- Installing: /home/tux/ros2_ws/install/speed_control/share/speed_control/cmake/speed_control__rosidl_typesupport_cppExport.cmake
[3.151s] -- Installing: /home/tux/ros2_ws/install/speed_control/share/speed_control/cmake/speed_control__rosidl_typesupport_cppExport-noconfig.cmake
[3.151s] -- Installing: /home/tux/ros2_ws/install/speed_control/share/speed_control/cmake/export_speed_control__rosidl_generator_pyExport.cmake
[3.151s] -- Installing: /home/tux/ros2_ws/install/speed_control/share/speed_control/cmake/export_speed_control__rosidl_generator_pyExport-noconfig.cmake
[3.151s] -- Installing: /home/tux/ros2_ws/install/speed_control/share/speed_control/cmake/rosidl_cmake-extras.cmake
[3.151s] -- Installing: /home/tux/ros2_ws/install/speed_control/share/speed_control/cmake/ament_cmake_export_include_directories-extras.cmake
[3.151s] -- Installing: /home/tux/ros2_ws/install/speed_control/share/speed_control/cmake/ament_cmake_export_libraries-extras.cmake
[3.151s] -- Installing: /home/tux/ros2_ws/install/speed_control/share/speed_control/cmake/ament_cmake_export_targets-extras.cmake
[3.151s] -- Installing: /home/tux/ros2_ws/install/speed_control/share/speed_control/cmake/rosidl_cmake_export_typesupport_targets-extras.cmake
[3.152s] -- Installing: /home/tux/ros2_ws/install/speed_control/share/speed_control/cmake/ament_cmake_export_dependencies-extras.cmake
[3.152s] -- Installing: /home/tux/ros2_ws/install/speed_control/share/speed_control/cmake/rosidl_cmake_export_typesupport_libraries-extras.cmake
[3.152s] -- Installing: /home/tux/ros2_ws/install/speed_control/share/speed_control/cmake/speed_controlConfig.cmake
[3.152s] -- Installing: /home/tux/ros2_ws/install/speed_control/share/speed_control/cmake/speed_controlConfig-version.cmake
[3.152s] -- Installing: /home/tux/ros2_ws/install/speed_control/share/speed_control/package.xml
[3.154s] Invoked command in '/home/tux/ros2_ws/build/speed_control' returned '0': CMAKE_PREFIX_PATH=${CMAKE_PREFIX_PATH}:/opt/ros/humble /usr/bin/cmake --install /home/tux/ros2_ws/build/speed_control
