[0.017s] Invoking command in '/home/tux/ros2_ws/build/speed_pub': CMAKE_PREFIX_PATH=/home/tux/ros2_ws/install/speed_control:/home/tux/ros2_ws/install/speed_pub:/home/tux/ros2_ws/install/self_interfaces:/opt/ros/humble /usr/bin/cmake --build /home/tux/ros2_ws/build/speed_pub -- -j12 -l12
[0.130s] [35m[1mConsolidate compiler generated dependencies of target speed_publisher[0m
[0.157s] [ 50%] [32mBuilding CXX object CMakeFiles/speed_publisher.dir/src/speed_publisher.cpp.o[0m
[6.454s] [100%] [32m[1mLinking CXX executable speed_publisher[0m
[6.763s] [100%] Built target speed_publisher
[6.791s] Invoked command in '/home/tux/ros2_ws/build/speed_pub' returned '0': CMAKE_PREFIX_PATH=/home/tux/ros2_ws/install/speed_control:/home/tux/ros2_ws/install/speed_pub:/home/tux/ros2_ws/install/self_interfaces:/opt/ros/humble /usr/bin/cmake --build /home/tux/ros2_ws/build/speed_pub -- -j12 -l12
[6.860s] Invoking command in '/home/tux/ros2_ws/build/speed_pub': CMAKE_PREFIX_PATH=/home/tux/ros2_ws/install/speed_control:/home/tux/ros2_ws/install/speed_pub:/home/tux/ros2_ws/install/self_interfaces:/opt/ros/humble /usr/bin/cmake --install /home/tux/ros2_ws/build/speed_pub
[6.873s] -- Install configuration: ""
[6.874s] -- Installing: /home/tux/ros2_ws/install/speed_pub/lib/speed_pub/speed_publisher
[6.876s] -- Set runtime path of "/home/tux/ros2_ws/install/speed_pub/lib/speed_pub/speed_publisher" to ""
[6.876s] -- Up-to-date: /home/tux/ros2_ws/install/speed_pub/share/ament_index/resource_index/package_run_dependencies/speed_pub
[6.877s] -- Up-to-date: /home/tux/ros2_ws/install/speed_pub/share/ament_index/resource_index/parent_prefix_path/speed_pub
[6.877s] -- Up-to-date: /home/tux/ros2_ws/install/speed_pub/share/speed_pub/environment/ament_prefix_path.sh
[6.877s] -- Up-to-date: /home/tux/ros2_ws/install/speed_pub/share/speed_pub/environment/ament_prefix_path.dsv
[6.877s] -- Up-to-date: /home/tux/ros2_ws/install/speed_pub/share/speed_pub/environment/path.sh
[6.877s] -- Up-to-date: /home/tux/ros2_ws/install/speed_pub/share/speed_pub/environment/path.dsv
[6.877s] -- Up-to-date: /home/tux/ros2_ws/install/speed_pub/share/speed_pub/local_setup.bash
[6.877s] -- Up-to-date: /home/tux/ros2_ws/install/speed_pub/share/speed_pub/local_setup.sh
[6.878s] -- Up-to-date: /home/tux/ros2_ws/install/speed_pub/share/speed_pub/local_setup.zsh
[6.878s] -- Up-to-date: /home/tux/ros2_ws/install/speed_pub/share/speed_pub/local_setup.dsv
[6.878s] -- Installing: /home/tux/ros2_ws/install/speed_pub/share/speed_pub/package.dsv
[6.878s] -- Up-to-date: /home/tux/ros2_ws/install/speed_pub/share/ament_index/resource_index/packages/speed_pub
[6.878s] -- Up-to-date: /home/tux/ros2_ws/install/speed_pub/share/speed_pub/cmake/speed_pubConfig.cmake
[6.878s] -- Up-to-date: /home/tux/ros2_ws/install/speed_pub/share/speed_pub/cmake/speed_pubConfig-version.cmake
[6.878s] -- Up-to-date: /home/tux/ros2_ws/install/speed_pub/share/speed_pub/package.xml
[6.881s] Invoked command in '/home/tux/ros2_ws/build/speed_pub' returned '0': CMAKE_PREFIX_PATH=/home/tux/ros2_ws/install/speed_control:/home/tux/ros2_ws/install/speed_pub:/home/tux/ros2_ws/install/self_interfaces:/opt/ros/humble /usr/bin/cmake --install /home/tux/ros2_ws/build/speed_pub
