[0.013s] Invoking command in '/home/tux/ros2_ws/build/speed_control': CMAKE_PREFIX_PATH=${CMAKE_PREFIX_PATH}:/opt/ros/humble /usr/bin/cmake /home/tux/ros2_ws/src/speed_control -DCMAKE_INSTALL_PREFIX=/home/tux/ros2_ws/install/speed_control
[0.071s] -- The C compiler identification is GNU 11.4.0
[0.121s] -- The CXX compiler identification is GNU 11.4.0
[0.128s] -- Detecting C compiler ABI info
[0.186s] -- Detecting C compiler ABI info - done
[0.192s] -- Check for working C compiler: /usr/bin/cc - skipped
[0.192s] -- Detecting C compile features
[0.193s] -- Detecting C compile features - done
[0.195s] -- Detecting CXX compiler ABI info
[0.270s] -- Detecting CXX compiler ABI info - done
[0.276s] -- Check for working CXX compiler: /usr/bin/c++ - skipped
[0.277s] -- Detecting CXX compile features
[0.277s] -- Detecting CXX compile features - done
[0.279s] -- Found ament_cmake: 1.3.9 (/opt/ros/humble/share/ament_cmake/cmake)
[0.416s] -- Found Python3: /usr/bin/python3 (found version "3.10.12") found components: Interpreter 
[0.504s] -- Found ament_lint_auto: 0.12.11 (/opt/ros/humble/share/ament_lint_auto/cmake)
[0.573s] -- Found rosidl_default_generators: 1.2.0 (/opt/ros/humble/share/rosidl_default_generators/cmake)
[0.575s] -- Using all available rosidl_typesupport_c: rosidl_typesupport_fastrtps_c;rosidl_typesupport_introspection_c
[0.580s] -- Found rosidl_adapter: 3.1.5 (/opt/ros/humble/share/rosidl_adapter/cmake)
[0.620s] -- Using all available rosidl_typesupport_cpp: rosidl_typesupport_fastrtps_cpp;rosidl_typesupport_introspection_cpp
[0.804s] -- Found ament_cmake_ros: 0.10.0 (/opt/ros/humble/share/ament_cmake_ros/cmake)
[0.979s] -- Using all available rosidl_typesupport_c: rosidl_typesupport_fastrtps_c;rosidl_typesupport_introspection_c
[1.188s] -- Using all available rosidl_typesupport_cpp: rosidl_typesupport_fastrtps_cpp;rosidl_typesupport_introspection_cpp
[1.208s] -- Found PythonInterp: /usr/bin/python3 (found suitable version "3.10.12", minimum required is "3.6") 
[1.209s] -- Found python_cmake_module: 0.10.0 (/opt/ros/humble/share/python_cmake_module/cmake)
[1.239s] -- Found PythonLibs: /usr/lib/x86_64-linux-gnu/libpython3.10.so (found suitable version "3.10.12", minimum required is "3.5") 
[1.239s] -- Using PYTHON_EXECUTABLE: /usr/bin/python3
[1.239s] -- Using PYTHON_INCLUDE_DIRS: /usr/include/python3.10
[1.239s] -- Using PYTHON_LIBRARIES: /usr/lib/x86_64-linux-gnu/libpython3.10.so
[1.258s] -- Found PythonExtra: .so  
[1.288s] -- Added test 'lint_cmake' to check CMake code style
[1.289s] -- Added test 'xmllint' to check XML markup files
[1.293s] -- Configuring done
[1.323s] -- Generating done
[1.326s] -- Build files have been written to: /home/tux/ros2_ws/build/speed_control
[1.332s] Invoked command in '/home/tux/ros2_ws/build/speed_control' returned '0': CMAKE_PREFIX_PATH=${CMAKE_PREFIX_PATH}:/opt/ros/humble /usr/bin/cmake /home/tux/ros2_ws/src/speed_control -DCMAKE_INSTALL_PREFIX=/home/tux/ros2_ws/install/speed_control
[1.334s] Invoking command in '/home/tux/ros2_ws/build/speed_control': CMAKE_PREFIX_PATH=${CMAKE_PREFIX_PATH}:/opt/ros/humble /usr/bin/cmake --build /home/tux/ros2_ws/build/speed_control -- -j12 -l12
[1.369s] [  3%] [34m[1mGenerating C code for ROS interfaces[0m
[1.377s] [  6%] [34m[1mGenerating C++ code for ROS interfaces[0m
[1.385s] [  6%] Built target ament_cmake_python_copy_speed_control
[1.676s] [  6%] Built target speed_control__cpp
[1.679s] running egg_info
[1.680s] creating speed_control.egg-info
[1.681s] writing speed_control.egg-info/PKG-INFO
[1.682s] writing dependency_links to speed_control.egg-info/dependency_links.txt
[1.682s] writing top-level names to speed_control.egg-info/top_level.txt
[1.682s] writing manifest file 'speed_control.egg-info/SOURCES.txt'
[1.685s] reading manifest file 'speed_control.egg-info/SOURCES.txt'
[1.686s] writing manifest file 'speed_control.egg-info/SOURCES.txt'
[1.689s] [  9%] [34m[1mGenerating C++ introspection for ROS interfaces[0m
[1.689s] [ 12%] [34m[1mGenerating C++ type support for eProsima Fast-RTPS[0m
[1.690s] [ 16%] [34m[1mGenerating C++ type support dispatch for ROS interfaces[0m
[1.727s] [ 19%] [32mBuilding C object CMakeFiles/speed_control__rosidl_generator_c.dir/rosidl_generator_c/speed_control/msg/detail/speed_control__functions.c.o[0m
[1.741s] [ 19%] Built target ament_cmake_python_build_speed_control_egg
[1.798s] [ 22%] [32m[1mLinking C shared library libspeed_control__rosidl_generator_c.so[0m
[1.859s] [ 22%] Built target speed_control__rosidl_generator_c
[1.873s] [ 25%] [34m[1mGenerating C type support dispatch for ROS interfaces[0m
[1.875s] [ 29%] [34m[1mGenerating C introspection for ROS interfaces[0m
[1.877s] [ 32%] [34m[1mGenerating C type support for eProsima Fast-RTPS[0m
[2.059s] [ 35%] [32mBuilding CXX object CMakeFiles/speed_control__rosidl_typesupport_introspection_cpp.dir/rosidl_typesupport_introspection_cpp/speed_control/msg/detail/speed_control__type_support.cpp.o[0m
[2.079s] [ 38%] [32mBuilding CXX object CMakeFiles/speed_control__rosidl_typesupport_cpp.dir/rosidl_typesupport_cpp/speed_control/msg/speed_control__type_support.cpp.o[0m
[2.196s] [ 41%] [32mBuilding CXX object CMakeFiles/speed_control__rosidl_typesupport_fastrtps_cpp.dir/rosidl_typesupport_fastrtps_cpp/speed_control/msg/detail/dds_fastrtps/speed_control__type_support.cpp.o[0m
[2.297s] [ 45%] [32mBuilding CXX object CMakeFiles/speed_control__rosidl_typesupport_c.dir/rosidl_typesupport_c/speed_control/msg/speed_control__type_support.cpp.o[0m
[2.343s] [ 48%] [32mBuilding C object CMakeFiles/speed_control__rosidl_typesupport_introspection_c.dir/rosidl_typesupport_introspection_c/speed_control/msg/detail/speed_control__type_support.c.o[0m
[2.345s] [ 51%] [32m[1mLinking CXX shared library libspeed_control__rosidl_typesupport_c.so[0m
[2.365s] [ 54%] [32mBuilding CXX object CMakeFiles/speed_control__rosidl_typesupport_fastrtps_c.dir/rosidl_typesupport_fastrtps_c/speed_control/msg/detail/speed_control__type_support_c.cpp.o[0m
[2.393s] [ 58%] [32m[1mLinking C shared library libspeed_control__rosidl_typesupport_introspection_c.so[0m
[2.407s] [ 58%] Built target speed_control__rosidl_typesupport_c
[2.444s] [ 58%] Built target speed_control__rosidl_typesupport_introspection_c
[2.537s] [ 61%] [32m[1mLinking CXX shared library libspeed_control__rosidl_typesupport_cpp.so[0m
[2.587s] [ 61%] Built target speed_control__rosidl_typesupport_cpp
[2.680s] [ 64%] [32m[1mLinking CXX shared library libspeed_control__rosidl_typesupport_introspection_cpp.so[0m
[2.731s] [ 64%] Built target speed_control__rosidl_typesupport_introspection_cpp
[2.765s] [ 67%] [32m[1mLinking CXX shared library libspeed_control__rosidl_typesupport_fastrtps_c.so[0m
[2.816s] [ 70%] [32m[1mLinking CXX shared library libspeed_control__rosidl_typesupport_fastrtps_cpp.so[0m
[2.863s] [ 70%] Built target speed_control__rosidl_typesupport_fastrtps_c
[2.896s] [ 70%] Built target speed_control__rosidl_typesupport_fastrtps_cpp
[2.915s] [ 70%] Built target speed_control
[2.936s] [ 74%] [34m[1mGenerating Python code for ROS interfaces[0m
[3.192s] [ 74%] Built target speed_control__py
[3.212s] [ 77%] [32mBuilding C object CMakeFiles/speed_control__rosidl_generator_py.dir/rosidl_generator_py/speed_control/msg/_speed_control_s.c.o[0m
[3.302s] [ 80%] [32m[1mLinking C shared library rosidl_generator_py/speed_control/libspeed_control__rosidl_generator_py.so[0m
[3.344s] [ 80%] Built target speed_control__rosidl_generator_py
[3.363s] [ 87%] [32mBuilding C object CMakeFiles/speed_control__rosidl_typesupport_fastrtps_c__pyext.dir/rosidl_generator_py/speed_control/_speed_control_s.ep.rosidl_typesupport_fastrtps_c.c.o[0m
[3.363s] [ 87%] [32mBuilding C object CMakeFiles/speed_control__rosidl_typesupport_introspection_c__pyext.dir/rosidl_generator_py/speed_control/_speed_control_s.ep.rosidl_typesupport_introspection_c.c.o[0m
[3.370s] [ 90%] [32mBuilding C object CMakeFiles/speed_control__rosidl_typesupport_c__pyext.dir/rosidl_generator_py/speed_control/_speed_control_s.ep.rosidl_typesupport_c.c.o[0m
[3.459s] [ 93%] [32m[1mLinking C shared library rosidl_generator_py/speed_control/speed_control_s__rosidl_typesupport_introspection_c.cpython-310-x86_64-linux-gnu.so[0m
[3.492s] [ 93%] Built target speed_control__rosidl_typesupport_introspection_c__pyext
[3.511s] [ 96%] [32m[1mLinking C shared library rosidl_generator_py/speed_control/speed_control_s__rosidl_typesupport_fastrtps_c.cpython-310-x86_64-linux-gnu.so[0m
[3.514s] [100%] [32m[1mLinking C shared library rosidl_generator_py/speed_control/speed_control_s__rosidl_typesupport_c.cpython-310-x86_64-linux-gnu.so[0m
[3.550s] [100%] Built target speed_control__rosidl_typesupport_c__pyext
[3.550s] [100%] Built target speed_control__rosidl_typesupport_fastrtps_c__pyext
[3.564s] Invoked command in '/home/tux/ros2_ws/build/speed_control' returned '0': CMAKE_PREFIX_PATH=${CMAKE_PREFIX_PATH}:/opt/ros/humble /usr/bin/cmake --build /home/tux/ros2_ws/build/speed_control -- -j12 -l12
[3.639s] Invoking command in '/home/tux/ros2_ws/build/speed_control': CMAKE_PREFIX_PATH=${CMAKE_PREFIX_PATH}:/opt/ros/humble /usr/bin/cmake --install /home/tux/ros2_ws/build/speed_control
[3.648s] -- Install configuration: ""
[3.648s] -- Installing: /home/tux/ros2_ws/install/speed_control/share/ament_index/resource_index/rosidl_interfaces/speed_control
[3.649s] -- Installing: /home/tux/ros2_ws/install/speed_control/include/speed_control/speed_control
[3.649s] -- Installing: /home/tux/ros2_ws/install/speed_control/include/speed_control/speed_control/msg
[3.649s] -- Installing: /home/tux/ros2_ws/install/speed_control/include/speed_control/speed_control/msg/speed_control.h
[3.649s] -- Installing: /home/tux/ros2_ws/install/speed_control/include/speed_control/speed_control/msg/detail
[3.649s] -- Installing: /home/tux/ros2_ws/install/speed_control/include/speed_control/speed_control/msg/detail/speed_control__type_support.h
[3.650s] -- Installing: /home/tux/ros2_ws/install/speed_control/include/speed_control/speed_control/msg/detail/speed_control__struct.h
[3.650s] -- Installing: /home/tux/ros2_ws/install/speed_control/include/speed_control/speed_control/msg/detail/speed_control__functions.c
[3.650s] -- Installing: /home/tux/ros2_ws/install/speed_control/include/speed_control/speed_control/msg/detail/speed_control__functions.h
[3.650s] -- Installing: /home/tux/ros2_ws/install/speed_control/include/speed_control/speed_control/msg/rosidl_generator_c__visibility_control.h
[3.650s] -- Installing: /home/tux/ros2_ws/install/speed_control/share/speed_control/environment/library_path.sh
[3.651s] -- Installing: /home/tux/ros2_ws/install/speed_control/share/speed_control/environment/library_path.dsv
[3.651s] -- Installing: /home/tux/ros2_ws/install/speed_control/lib/libspeed_control__rosidl_generator_c.so
[3.651s] -- Set runtime path of "/home/tux/ros2_ws/install/speed_control/lib/libspeed_control__rosidl_generator_c.so" to ""
[3.652s] -- Up-to-date: /home/tux/ros2_ws/install/speed_control/include/speed_control/speed_control
[3.652s] -- Up-to-date: /home/tux/ros2_ws/install/speed_control/include/speed_control/speed_control/msg
[3.652s] -- Installing: /home/tux/ros2_ws/install/speed_control/include/speed_control/speed_control/msg/rosidl_typesupport_fastrtps_c__visibility_control.h
[3.652s] -- Up-to-date: /home/tux/ros2_ws/install/speed_control/include/speed_control/speed_control/msg/detail
[3.653s] -- Installing: /home/tux/ros2_ws/install/speed_control/include/speed_control/speed_control/msg/detail/speed_control__rosidl_typesupport_fastrtps_c.h
[3.653s] -- Installing: /home/tux/ros2_ws/install/speed_control/lib/libspeed_control__rosidl_typesupport_fastrtps_c.so
[3.653s] -- Set runtime path of "/home/tux/ros2_ws/install/speed_control/lib/libspeed_control__rosidl_typesupport_fastrtps_c.so" to ""
[3.653s] -- Up-to-date: /home/tux/ros2_ws/install/speed_control/include/speed_control/speed_control
[3.653s] -- Up-to-date: /home/tux/ros2_ws/install/speed_control/include/speed_control/speed_control/msg
[3.653s] -- Up-to-date: /home/tux/ros2_ws/install/speed_control/include/speed_control/speed_control/msg/detail
[3.654s] -- Installing: /home/tux/ros2_ws/install/speed_control/include/speed_control/speed_control/msg/detail/speed_control__type_support.c
[3.654s] -- Installing: /home/tux/ros2_ws/install/speed_control/include/speed_control/speed_control/msg/detail/speed_control__rosidl_typesupport_introspection_c.h
[3.654s] -- Installing: /home/tux/ros2_ws/install/speed_control/include/speed_control/speed_control/msg/rosidl_typesupport_introspection_c__visibility_control.h
[3.654s] -- Installing: /home/tux/ros2_ws/install/speed_control/lib/libspeed_control__rosidl_typesupport_introspection_c.so
[3.654s] -- Set runtime path of "/home/tux/ros2_ws/install/speed_control/lib/libspeed_control__rosidl_typesupport_introspection_c.so" to ""
[3.654s] -- Installing: /home/tux/ros2_ws/install/speed_control/lib/libspeed_control__rosidl_typesupport_c.so
[3.655s] -- Set runtime path of "/home/tux/ros2_ws/install/speed_control/lib/libspeed_control__rosidl_typesupport_c.so" to ""
[3.655s] -- Up-to-date: /home/tux/ros2_ws/install/speed_control/include/speed_control/speed_control
[3.655s] -- Up-to-date: /home/tux/ros2_ws/install/speed_control/include/speed_control/speed_control/msg
[3.655s] -- Installing: /home/tux/ros2_ws/install/speed_control/include/speed_control/speed_control/msg/speed_control.hpp
[3.655s] -- Up-to-date: /home/tux/ros2_ws/install/speed_control/include/speed_control/speed_control/msg/detail
[3.655s] -- Installing: /home/tux/ros2_ws/install/speed_control/include/speed_control/speed_control/msg/detail/speed_control__struct.hpp
[3.655s] -- Installing: /home/tux/ros2_ws/install/speed_control/include/speed_control/speed_control/msg/detail/speed_control__traits.hpp
[3.656s] -- Installing: /home/tux/ros2_ws/install/speed_control/include/speed_control/speed_control/msg/detail/speed_control__builder.hpp
[3.656s] -- Up-to-date: /home/tux/ros2_ws/install/speed_control/include/speed_control/speed_control
[3.656s] -- Up-to-date: /home/tux/ros2_ws/install/speed_control/include/speed_control/speed_control/msg
[3.656s] -- Installing: /home/tux/ros2_ws/install/speed_control/include/speed_control/speed_control/msg/rosidl_typesupport_fastrtps_cpp__visibility_control.h
[3.656s] -- Up-to-date: /home/tux/ros2_ws/install/speed_control/include/speed_control/speed_control/msg/detail
[3.656s] -- Installing: /home/tux/ros2_ws/install/speed_control/include/speed_control/speed_control/msg/detail/dds_fastrtps
[3.656s] -- Installing: /home/tux/ros2_ws/install/speed_control/include/speed_control/speed_control/msg/detail/speed_control__rosidl_typesupport_fastrtps_cpp.hpp
[3.657s] -- Installing: /home/tux/ros2_ws/install/speed_control/lib/libspeed_control__rosidl_typesupport_fastrtps_cpp.so
[3.657s] -- Set runtime path of "/home/tux/ros2_ws/install/speed_control/lib/libspeed_control__rosidl_typesupport_fastrtps_cpp.so" to ""
[3.657s] -- Up-to-date: /home/tux/ros2_ws/install/speed_control/include/speed_control/speed_control
[3.657s] -- Up-to-date: /home/tux/ros2_ws/install/speed_control/include/speed_control/speed_control/msg
[3.657s] -- Up-to-date: /home/tux/ros2_ws/install/speed_control/include/speed_control/speed_control/msg/detail
[3.657s] -- Installing: /home/tux/ros2_ws/install/speed_control/include/speed_control/speed_control/msg/detail/speed_control__rosidl_typesupport_introspection_cpp.hpp
[3.657s] -- Installing: /home/tux/ros2_ws/install/speed_control/include/speed_control/speed_control/msg/detail/speed_control__type_support.cpp
[3.657s] -- Installing: /home/tux/ros2_ws/install/speed_control/lib/libspeed_control__rosidl_typesupport_introspection_cpp.so
[3.657s] -- Set runtime path of "/home/tux/ros2_ws/install/speed_control/lib/libspeed_control__rosidl_typesupport_introspection_cpp.so" to ""
[3.657s] -- Installing: /home/tux/ros2_ws/install/speed_control/lib/libspeed_control__rosidl_typesupport_cpp.so
[3.657s] -- Set runtime path of "/home/tux/ros2_ws/install/speed_control/lib/libspeed_control__rosidl_typesupport_cpp.so" to ""
[3.658s] -- Installing: /home/tux/ros2_ws/install/speed_control/share/speed_control/environment/pythonpath.sh
[3.658s] -- Installing: /home/tux/ros2_ws/install/speed_control/share/speed_control/environment/pythonpath.dsv
[3.658s] -- Installing: /home/tux/ros2_ws/install/speed_control/local/lib/python3.10/dist-packages/speed_control-0.0.0-py3.10.egg-info
[3.658s] -- Installing: /home/tux/ros2_ws/install/speed_control/local/lib/python3.10/dist-packages/speed_control-0.0.0-py3.10.egg-info/SOURCES.txt
[3.658s] -- Installing: /home/tux/ros2_ws/install/speed_control/local/lib/python3.10/dist-packages/speed_control-0.0.0-py3.10.egg-info/top_level.txt
[3.658s] -- Installing: /home/tux/ros2_ws/install/speed_control/local/lib/python3.10/dist-packages/speed_control-0.0.0-py3.10.egg-info/PKG-INFO
[3.658s] -- Installing: /home/tux/ros2_ws/install/speed_control/local/lib/python3.10/dist-packages/speed_control-0.0.0-py3.10.egg-info/dependency_links.txt
[3.658s] -- Installing: /home/tux/ros2_ws/install/speed_control/local/lib/python3.10/dist-packages/speed_control
[3.658s] -- Installing: /home/tux/ros2_ws/install/speed_control/local/lib/python3.10/dist-packages/speed_control/speed_control_s__rosidl_typesupport_fastrtps_c.cpython-310-x86_64-linux-gnu.so
[3.659s] -- Installing: /home/tux/ros2_ws/install/speed_control/local/lib/python3.10/dist-packages/speed_control/__init__.py
[3.659s] -- Installing: /home/tux/ros2_ws/install/speed_control/local/lib/python3.10/dist-packages/speed_control/msg
[3.659s] -- Installing: /home/tux/ros2_ws/install/speed_control/local/lib/python3.10/dist-packages/speed_control/msg/__init__.py
[3.659s] -- Installing: /home/tux/ros2_ws/install/speed_control/local/lib/python3.10/dist-packages/speed_control/msg/_speed_control.py
[3.659s] -- Installing: /home/tux/ros2_ws/install/speed_control/local/lib/python3.10/dist-packages/speed_control/msg/_speed_control_s.c
[3.659s] -- Installing: /home/tux/ros2_ws/install/speed_control/local/lib/python3.10/dist-packages/speed_control/_speed_control_s.ep.rosidl_typesupport_introspection_c.c
[3.659s] -- Installing: /home/tux/ros2_ws/install/speed_control/local/lib/python3.10/dist-packages/speed_control/speed_control_s__rosidl_typesupport_introspection_c.cpython-310-x86_64-linux-gnu.so
[3.659s] -- Installing: /home/tux/ros2_ws/install/speed_control/local/lib/python3.10/dist-packages/speed_control/_speed_control_s.ep.rosidl_typesupport_c.c
[3.659s] -- Installing: /home/tux/ros2_ws/install/speed_control/local/lib/python3.10/dist-packages/speed_control/libspeed_control__rosidl_generator_py.so
[3.659s] -- Installing: /home/tux/ros2_ws/install/speed_control/local/lib/python3.10/dist-packages/speed_control/_speed_control_s.ep.rosidl_typesupport_fastrtps_c.c
[3.660s] -- Installing: /home/tux/ros2_ws/install/speed_control/local/lib/python3.10/dist-packages/speed_control/speed_control_s__rosidl_typesupport_c.cpython-310-x86_64-linux-gnu.so
[3.690s] Listing '/home/tux/ros2_ws/install/speed_control/local/lib/python3.10/dist-packages/speed_control'...
[3.690s] Compiling '/home/tux/ros2_ws/install/speed_control/local/lib/python3.10/dist-packages/speed_control/__init__.py'...
[3.690s] Listing '/home/tux/ros2_ws/install/speed_control/local/lib/python3.10/dist-packages/speed_control/msg'...
[3.690s] Compiling '/home/tux/ros2_ws/install/speed_control/local/lib/python3.10/dist-packages/speed_control/msg/__init__.py'...
[3.690s] Compiling '/home/tux/ros2_ws/install/speed_control/local/lib/python3.10/dist-packages/speed_control/msg/_speed_control.py'...
[3.694s] -- Installing: /home/tux/ros2_ws/install/speed_control/local/lib/python3.10/dist-packages/speed_control/speed_control_s__rosidl_typesupport_fastrtps_c.cpython-310-x86_64-linux-gnu.so
[3.694s] -- Set runtime path of "/home/tux/ros2_ws/install/speed_control/local/lib/python3.10/dist-packages/speed_control/speed_control_s__rosidl_typesupport_fastrtps_c.cpython-310-x86_64-linux-gnu.so" to ""
[3.694s] -- Installing: /home/tux/ros2_ws/install/speed_control/local/lib/python3.10/dist-packages/speed_control/speed_control_s__rosidl_typesupport_introspection_c.cpython-310-x86_64-linux-gnu.so
[3.695s] -- Set runtime path of "/home/tux/ros2_ws/install/speed_control/local/lib/python3.10/dist-packages/speed_control/speed_control_s__rosidl_typesupport_introspection_c.cpython-310-x86_64-linux-gnu.so" to ""
[3.695s] -- Installing: /home/tux/ros2_ws/install/speed_control/local/lib/python3.10/dist-packages/speed_control/speed_control_s__rosidl_typesupport_c.cpython-310-x86_64-linux-gnu.so
[3.696s] -- Set runtime path of "/home/tux/ros2_ws/install/speed_control/local/lib/python3.10/dist-packages/speed_control/speed_control_s__rosidl_typesupport_c.cpython-310-x86_64-linux-gnu.so" to ""
[3.696s] -- Installing: /home/tux/ros2_ws/install/speed_control/lib/libspeed_control__rosidl_generator_py.so
[3.696s] -- Set runtime path of "/home/tux/ros2_ws/install/speed_control/lib/libspeed_control__rosidl_generator_py.so" to ""
[3.697s] -- Installing: /home/tux/ros2_ws/install/speed_control/share/speed_control/msg/SpeedControl.idl
[3.698s] -- Installing: /home/tux/ros2_ws/install/speed_control/share/speed_control/msg/SpeedControl.msg
[3.698s] -- Installing: /home/tux/ros2_ws/install/speed_control/share/ament_index/resource_index/package_run_dependencies/speed_control
[3.699s] -- Installing: /home/tux/ros2_ws/install/speed_control/share/ament_index/resource_index/parent_prefix_path/speed_control
[3.699s] -- Installing: /home/tux/ros2_ws/install/speed_control/share/speed_control/environment/ament_prefix_path.sh
[3.699s] -- Installing: /home/tux/ros2_ws/install/speed_control/share/speed_control/environment/ament_prefix_path.dsv
[3.699s] -- Installing: /home/tux/ros2_ws/install/speed_control/share/speed_control/environment/path.sh
[3.699s] -- Installing: /home/tux/ros2_ws/install/speed_control/share/speed_control/environment/path.dsv
[3.699s] -- Installing: /home/tux/ros2_ws/install/speed_control/share/speed_control/local_setup.bash
[3.699s] -- Installing: /home/tux/ros2_ws/install/speed_control/share/speed_control/local_setup.sh
[3.700s] -- Installing: /home/tux/ros2_ws/install/speed_control/share/speed_control/local_setup.zsh
[3.700s] -- Installing: /home/tux/ros2_ws/install/speed_control/share/speed_control/local_setup.dsv
[3.700s] -- Installing: /home/tux/ros2_ws/install/speed_control/share/speed_control/package.dsv
[3.700s] -- Installing: /home/tux/ros2_ws/install/speed_control/share/ament_index/resource_index/packages/speed_control
[3.701s] -- Installing: /home/tux/ros2_ws/install/speed_control/share/speed_control/cmake/export_speed_control__rosidl_generator_cExport.cmake
[3.701s] -- Installing: /home/tux/ros2_ws/install/speed_control/share/speed_control/cmake/export_speed_control__rosidl_generator_cExport-noconfig.cmake
[3.701s] -- Installing: /home/tux/ros2_ws/install/speed_control/share/speed_control/cmake/export_speed_control__rosidl_typesupport_fastrtps_cExport.cmake
[3.701s] -- Installing: /home/tux/ros2_ws/install/speed_control/share/speed_control/cmake/export_speed_control__rosidl_typesupport_fastrtps_cExport-noconfig.cmake
[3.701s] -- Installing: /home/tux/ros2_ws/install/speed_control/share/speed_control/cmake/speed_control__rosidl_typesupport_introspection_cExport.cmake
[3.701s] -- Installing: /home/tux/ros2_ws/install/speed_control/share/speed_control/cmake/speed_control__rosidl_typesupport_introspection_cExport-noconfig.cmake
[3.701s] -- Installing: /home/tux/ros2_ws/install/speed_control/share/speed_control/cmake/speed_control__rosidl_typesupport_cExport.cmake
[3.701s] -- Installing: /home/tux/ros2_ws/install/speed_control/share/speed_control/cmake/speed_control__rosidl_typesupport_cExport-noconfig.cmake
[3.701s] -- Installing: /home/tux/ros2_ws/install/speed_control/share/speed_control/cmake/export_speed_control__rosidl_generator_cppExport.cmake
[3.702s] -- Installing: /home/tux/ros2_ws/install/speed_control/share/speed_control/cmake/export_speed_control__rosidl_typesupport_fastrtps_cppExport.cmake
[3.702s] -- Installing: /home/tux/ros2_ws/install/speed_control/share/speed_control/cmake/export_speed_control__rosidl_typesupport_fastrtps_cppExport-noconfig.cmake
[3.702s] -- Installing: /home/tux/ros2_ws/install/speed_control/share/speed_control/cmake/speed_control__rosidl_typesupport_introspection_cppExport.cmake
[3.702s] -- Installing: /home/tux/ros2_ws/install/speed_control/share/speed_control/cmake/speed_control__rosidl_typesupport_introspection_cppExport-noconfig.cmake
[3.702s] -- Installing: /home/tux/ros2_ws/install/speed_control/share/speed_control/cmake/speed_control__rosidl_typesupport_cppExport.cmake
[3.702s] -- Installing: /home/tux/ros2_ws/install/speed_control/share/speed_control/cmake/speed_control__rosidl_typesupport_cppExport-noconfig.cmake
[3.702s] -- Installing: /home/tux/ros2_ws/install/speed_control/share/speed_control/cmake/export_speed_control__rosidl_generator_pyExport.cmake
[3.702s] -- Installing: /home/tux/ros2_ws/install/speed_control/share/speed_control/cmake/export_speed_control__rosidl_generator_pyExport-noconfig.cmake
[3.702s] -- Installing: /home/tux/ros2_ws/install/speed_control/share/speed_control/cmake/rosidl_cmake-extras.cmake
[3.703s] -- Installing: /home/tux/ros2_ws/install/speed_control/share/speed_control/cmake/ament_cmake_export_include_directories-extras.cmake
[3.703s] -- Installing: /home/tux/ros2_ws/install/speed_control/share/speed_control/cmake/ament_cmake_export_libraries-extras.cmake
[3.703s] -- Installing: /home/tux/ros2_ws/install/speed_control/share/speed_control/cmake/ament_cmake_export_targets-extras.cmake
[3.703s] -- Installing: /home/tux/ros2_ws/install/speed_control/share/speed_control/cmake/rosidl_cmake_export_typesupport_targets-extras.cmake
[3.703s] -- Installing: /home/tux/ros2_ws/install/speed_control/share/speed_control/cmake/ament_cmake_export_dependencies-extras.cmake
[3.703s] -- Installing: /home/tux/ros2_ws/install/speed_control/share/speed_control/cmake/rosidl_cmake_export_typesupport_libraries-extras.cmake
[3.704s] -- Installing: /home/tux/ros2_ws/install/speed_control/share/speed_control/cmake/speed_controlConfig.cmake
[3.704s] -- Installing: /home/tux/ros2_ws/install/speed_control/share/speed_control/cmake/speed_controlConfig-version.cmake
[3.704s] -- Installing: /home/tux/ros2_ws/install/speed_control/share/speed_control/package.xml
[3.717s] Invoked command in '/home/tux/ros2_ws/build/speed_control' returned '0': CMAKE_PREFIX_PATH=${CMAKE_PREFIX_PATH}:/opt/ros/humble /usr/bin/cmake --install /home/tux/ros2_ws/build/speed_control
